{"numTotalTestSuites":108,"numPassedTestSuites":90,"numFailedTestSuites":18,"numPendingTestSuites":0,"numTotalTests":328,"numPassedTests":302,"numFailedTests":26,"numPendingTests":0,"numTodoTests":0,"snapshot":{"added":0,"failure":false,"filesAdded":0,"filesRemoved":0,"filesRemovedList":[],"filesUnmatched":0,"filesUpdated":0,"matched":0,"total":0,"unchecked":0,"uncheckedKeysByFile":[],"unmatched":0,"updated":0,"didUpdate":false},"startTime":1765762243680,"success":false,"testResults":[{"assertionResults":[],"startTime":1765762243680,"endTime":1765762243680,"status":"failed","message":"Cannot find package '@nuxt/test-utils' imported from 'C:/project/jjiban/tests/api/tasks/documents.test.ts'","name":"C:/project/jjiban/tests/api/tasks/documents.test.ts"},{"assertionResults":[],"startTime":1765762243680,"endTime":1765762243680,"status":"failed","message":"Cannot find package '@nuxt/test-utils' imported from 'C:/project/jjiban/tests/api/tasks/transition.test.ts'","name":"C:/project/jjiban/tests/api/tasks/transition.test.ts"},{"assertionResults":[{"ancestorTitles":["ProjectService","getProject"],"fullName":"ProjectService getProject UT-002: should return project with team","status":"passed","title":"UT-002: should return project with team","duration":5.6887000000001535,"failureMessages":[],"meta":{}},{"ancestorTitles":["ProjectService","getProject"],"fullName":"ProjectService getProject UT-010: should throw on non-existent project","status":"passed","title":"UT-010: should throw on non-existent project","duration":6.2228000000000065,"failureMessages":[],"meta":{}},{"ancestorTitles":["ProjectService","getProject"],"fullName":"ProjectService getProject should throw on file read error","status":"passed","title":"should throw on file read error","duration":0.8600999999998749,"failureMessages":[],"meta":{}},{"ancestorTitles":["ProjectService","createProject"],"fullName":"ProjectService createProject UT-003: should create project with valid ID","status":"passed","title":"UT-003: should create project with valid ID","duration":2.138400000000047,"failureMessages":[],"meta":{}},{"ancestorTitles":["ProjectService","createProject"],"fullName":"ProjectService createProject should create project with minimal fields","status":"passed","title":"should create project with minimal fields","duration":1.0393000000001393,"failureMessages":[],"meta":{}},{"ancestorTitles":["ProjectService","createProject"],"fullName":"ProjectService createProject should throw on file system error during creation","status":"passed","title":"should throw on file system error during creation","duration":1.1538000000000466,"failureMessages":[],"meta":{}},{"ancestorTitles":["ProjectService","updateProject"],"fullName":"ProjectService updateProject UT-005: should update project fields","status":"passed","title":"UT-005: should update project fields","duration":4.452399999999898,"failureMessages":[],"meta":{}},{"ancestorTitles":["ProjectService","updateProject"],"fullName":"ProjectService updateProject UT-006: should throw on ID change attempt","status":"passed","title":"UT-006: should throw on ID change attempt","duration":1.2586999999998625,"failureMessages":[],"meta":{}},{"ancestorTitles":["ProjectService","updateProject"],"fullName":"ProjectService updateProject should preserve unchanged fields","status":"passed","title":"should preserve unchanged fields","duration":0.8063000000001921,"failureMessages":[],"meta":{}},{"ancestorTitles":["ProjectService","updateProject"],"fullName":"ProjectService updateProject should throw on non-existent project","status":"passed","title":"should throw on non-existent project","duration":1.137000000000171,"failureMessages":[],"meta":{}}],"startTime":1765762244910,"endTime":1765762244936.137,"status":"passed","message":"","name":"C:/project/jjiban/tests/unit/services/projectService.test.ts"},{"assertionResults":[{"ancestorTitles":["ProjectsListService","getProjectsList"],"fullName":"ProjectsListService getProjectsList UT-001: should return project list with default config","status":"passed","title":"UT-001: should return project list with default config","duration":9.861599999999953,"failureMessages":[],"meta":{}},{"ancestorTitles":["ProjectsListService","getProjectsList"],"fullName":"ProjectsListService getProjectsList UT-001a: should return empty list when no projects.json exists","status":"passed","title":"UT-001a: should return empty list when no projects.json exists","duration":1.8295000000000528,"failureMessages":[],"meta":{}},{"ancestorTitles":["ProjectsListService","getProjectsList"],"fullName":"ProjectsListService getProjectsList UT-001b: should filter by status when statusFilter is provided","status":"passed","title":"UT-001b: should filter by status when statusFilter is provided","duration":0.6626000000001113,"failureMessages":[],"meta":{}},{"ancestorTitles":["ProjectsListService","isProjectIdDuplicate"],"fullName":"ProjectsListService isProjectIdDuplicate should return true for existing project ID","status":"passed","title":"should return true for existing project ID","duration":0.5470000000000255,"failureMessages":[],"meta":{}},{"ancestorTitles":["ProjectsListService","isProjectIdDuplicate"],"fullName":"ProjectsListService isProjectIdDuplicate should return false for non-existing project ID","status":"passed","title":"should return false for non-existing project ID","duration":0.4087000000001808,"failureMessages":[],"meta":{}},{"ancestorTitles":["ProjectsListService","addProjectToList"],"fullName":"ProjectsListService addProjectToList should add project to list successfully","status":"passed","title":"should add project to list successfully","duration":2.7154999999997926,"failureMessages":[],"meta":{}},{"ancestorTitles":["ProjectsListService","addProjectToList"],"fullName":"ProjectsListService addProjectToList should throw error on duplicate project ID","status":"passed","title":"should throw error on duplicate project ID","duration":4.316100000000006,"failureMessages":[],"meta":{}},{"ancestorTitles":["ProjectsListService","setDefaultProject"],"fullName":"ProjectsListService setDefaultProject UT-009: should throw on invalid (non-existent) project ID","status":"passed","title":"UT-009: should throw on invalid (non-existent) project ID","duration":2.5730000000000928,"failureMessages":[],"meta":{}},{"ancestorTitles":["ProjectsListService","setDefaultProject"],"fullName":"ProjectsListService setDefaultProject should set default project successfully for valid ID","status":"passed","title":"should set default project successfully for valid ID","duration":1.2746000000001914,"failureMessages":[],"meta":{}},{"ancestorTitles":["ProjectsListService","setDefaultProject"],"fullName":"ProjectsListService setDefaultProject should allow setting default to null","status":"passed","title":"should allow setting default to null","duration":0.7694000000001324,"failureMessages":[],"meta":{}}],"startTime":1765762244935,"endTime":1765762244960.7693,"status":"passed","message":"","name":"C:/project/jjiban/tests/unit/services/projectsListService.test.ts"},{"assertionResults":[{"ancestorTitles":["TeamService","getTeam"],"fullName":"TeamService getTeam UT-007: should return team members","status":"passed","title":"UT-007: should return team members","duration":15.638699999999972,"failureMessages":[],"meta":{}},{"ancestorTitles":["TeamService","getTeam"],"fullName":"TeamService getTeam should return empty array when team.json does not exist","status":"passed","title":"should return empty array when team.json does not exist","duration":8.174800000000005,"failureMessages":[],"meta":{}},{"ancestorTitles":["TeamService","getTeam"],"fullName":"TeamService getTeam should throw on file read error (non-ENOENT)","status":"passed","title":"should throw on file read error (non-ENOENT)","duration":5.829999999999927,"failureMessages":[],"meta":{}},{"ancestorTitles":["TeamService","updateTeam"],"fullName":"TeamService updateTeam UT-008: should throw on duplicate member ID","status":"passed","title":"UT-008: should throw on duplicate member ID","duration":1.136700000000019,"failureMessages":[],"meta":{}},{"ancestorTitles":["TeamService","updateTeam"],"fullName":"TeamService updateTeam should update team successfully with unique member IDs","status":"passed","title":"should update team successfully with unique member IDs","duration":1.0834999999999582,"failureMessages":[],"meta":{}},{"ancestorTitles":["TeamService","updateTeam"],"fullName":"TeamService updateTeam should handle empty team update","status":"passed","title":"should handle empty team update","duration":0.842200000000048,"failureMessages":[],"meta":{}},{"ancestorTitles":["TeamService","updateTeam"],"fullName":"TeamService updateTeam should throw on file write error","status":"passed","title":"should throw on file write error","duration":0.8489999999999327,"failureMessages":[],"meta":{}},{"ancestorTitles":["TeamService","updateTeam"],"fullName":"TeamService updateTeam should preserve all member fields","status":"passed","title":"should preserve all member fields","duration":0.7006999999998698,"failureMessages":[],"meta":{}}],"startTime":1765762244907,"endTime":1765762244942.7007,"status":"passed","message":"","name":"C:/project/jjiban/tests/unit/services/teamService.test.ts"},{"assertionResults":[{"ancestorTitles":["Project Metadata Service - API Integration Tests","E2E-003: Project Creation Flow"],"fullName":"Project Metadata Service - API Integration Tests E2E-003: Project Creation Flow should create project with folder structure and files","status":"passed","title":"should create project with folder structure and files","duration":84.90739999999983,"failureMessages":[],"meta":{}},{"ancestorTitles":["Project Metadata Service - API Integration Tests","E2E-003: Project Creation Flow"],"fullName":"Project Metadata Service - API Integration Tests E2E-003: Project Creation Flow should reject duplicate project ID (409 Conflict)","status":"passed","title":"should reject duplicate project ID (409 Conflict)","duration":27.46349999999984,"failureMessages":[],"meta":{}},{"ancestorTitles":["Project Metadata Service - API Integration Tests","E2E-003: Project Creation Flow"],"fullName":"Project Metadata Service - API Integration Tests E2E-003: Project Creation Flow should reject invalid project ID format (400 Bad Request)","status":"passed","title":"should reject invalid project ID format (400 Bad Request)","duration":1.3673000000001139,"failureMessages":[],"meta":{}},{"ancestorTitles":["Project Metadata Service - API Integration Tests","E2E-001: Project List Retrieval"],"fullName":"Project Metadata Service - API Integration Tests E2E-001: Project List Retrieval should return project list with correct structure","status":"passed","title":"should return project list with correct structure","duration":6.175199999999904,"failureMessages":[],"meta":{}},{"ancestorTitles":["Project Metadata Service - API Integration Tests","E2E-001: Project List Retrieval"],"fullName":"Project Metadata Service - API Integration Tests E2E-001: Project List Retrieval should support status filtering","status":"passed","title":"should support status filtering","duration":2.1567000000000007,"failureMessages":[],"meta":{}},{"ancestorTitles":["Project Metadata Service - API Integration Tests","E2E-002: Project Detail Retrieval"],"fullName":"Project Metadata Service - API Integration Tests E2E-002: Project Detail Retrieval should return project with team information","status":"failed","title":"should return project with team information","duration":10.531499999999824,"failureMessages":["Error: 요청한 프로젝트를 찾을 수 없습니다\n    at createError (file:///C:/project/jjiban/node_modules/h3/dist/index.mjs:71:15)\n    at createStandardError (C:/project/jjiban/server/utils/errors/standardError.ts:30:10)\n    at createNotFoundError (C:/project/jjiban/server/utils/errors/standardError.ts:44:10)\n    at getProject (C:/project/jjiban/server/utils/projects/projectService.ts:29:13)\n    at C:/project/jjiban/tests/utils/projects/api-integration.test.ts:174:23\n    at file:///C:/project/jjiban/node_modules/@vitest/runner/dist/index.js:915:20"],"meta":{}},{"ancestorTitles":["Project Metadata Service - API Integration Tests","E2E-002: Project Detail Retrieval"],"fullName":"Project Metadata Service - API Integration Tests E2E-002: Project Detail Retrieval should throw 404 for non-existent project","status":"passed","title":"should throw 404 for non-existent project","duration":0.6898999999998523,"failureMessages":[],"meta":{}},{"ancestorTitles":["Project Metadata Service - API Integration Tests","E2E-004: Project Update Flow"],"fullName":"Project Metadata Service - API Integration Tests E2E-004: Project Update Flow should update project fields successfully","status":"failed","title":"should update project fields successfully","duration":5.578500000000076,"failureMessages":["Error: 요청한 프로젝트를 찾을 수 없습니다\n    at createError (file:///C:/project/jjiban/node_modules/h3/dist/index.mjs:71:15)\n    at createStandardError (C:/project/jjiban/server/utils/errors/standardError.ts:30:10)\n    at createNotFoundError (C:/project/jjiban/server/utils/errors/standardError.ts:44:10)\n    at getProject (C:/project/jjiban/server/utils/projects/projectService.ts:29:13)\n    at C:/project/jjiban/tests/utils/projects/api-integration.test.ts:199:28\n    at file:///C:/project/jjiban/node_modules/@vitest/runner/dist/index.js:915:20"],"meta":{}},{"ancestorTitles":["Project Metadata Service - API Integration Tests","E2E-004: Project Update Flow"],"fullName":"Project Metadata Service - API Integration Tests E2E-004: Project Update Flow should reject ID change attempt (BR-002)","status":"passed","title":"should reject ID change attempt (BR-002)","duration":1.4397000000001299,"failureMessages":[],"meta":{}},{"ancestorTitles":["Project Metadata Service - API Integration Tests","E2E-005: Team Management Flow"],"fullName":"Project Metadata Service - API Integration Tests E2E-005: Team Management Flow should add and update team members successfully","status":"failed","title":"should add and update team members successfully","duration":8.038000000000011,"failureMessages":["Error: 팀원 정보를 저장하는 중 오류가 발생했습니다\n    at createError (file:///C:/project/jjiban/node_modules/h3/dist/index.mjs:71:15)\n    at createStandardError (C:/project/jjiban/server/utils/errors/standardError.ts:30:10)\n    at createInternalError (C:/project/jjiban/server/utils/errors/standardError.ts:65:10)\n    at updateTeam (C:/project/jjiban/server/utils/projects/teamService.ts:58:11)\n    at C:/project/jjiban/tests/utils/projects/api-integration.test.ts:259:25\n    at file:///C:/project/jjiban/node_modules/@vitest/runner/dist/index.js:915:20"],"meta":{}},{"ancestorTitles":["Project Metadata Service - API Integration Tests","E2E-005: Team Management Flow"],"fullName":"Project Metadata Service - API Integration Tests E2E-005: Team Management Flow should reject duplicate team member IDs (BR-003)","status":"passed","title":"should reject duplicate team member IDs (BR-003)","duration":1.528300000000172,"failureMessages":[],"meta":{}},{"ancestorTitles":["Project Metadata Service - API Integration Tests","E2E-005: Team Management Flow"],"fullName":"Project Metadata Service - API Integration Tests E2E-005: Team Management Flow should allow removing team members","status":"failed","title":"should allow removing team members","duration":8.10570000000007,"failureMessages":["AssertionError: expected [] to have a length of 2 but got +0\n    at Proxy.<anonymous> (file:///C:/project/jjiban/node_modules/@vitest/expect/dist/index.js:1322:20)\n    at Proxy.<anonymous> (file:///C:/project/jjiban/node_modules/@vitest/expect/dist/index.js:1090:14)\n    at Proxy.methodWrapper (file:///C:/project/jjiban/node_modules/chai/index.js:1700:25)\n    at C:/project/jjiban/tests/utils/projects/api-integration.test.ts:309:20\n    at file:///C:/project/jjiban/node_modules/@vitest/runner/dist/index.js:915:20"],"meta":{}},{"ancestorTitles":["Project Metadata Service - API Integration Tests","E2E-005: Team Management Flow"],"fullName":"Project Metadata Service - API Integration Tests E2E-005: Team Management Flow should allow clearing all team members","status":"failed","title":"should allow clearing all team members","duration":1.2530000000001564,"failureMessages":["Error: 팀원 정보를 저장하는 중 오류가 발생했습니다\n    at createError (file:///C:/project/jjiban/node_modules/h3/dist/index.mjs:71:15)\n    at createStandardError (C:/project/jjiban/server/utils/errors/standardError.ts:30:10)\n    at createInternalError (C:/project/jjiban/server/utils/errors/standardError.ts:65:10)\n    at updateTeam (C:/project/jjiban/server/utils/projects/teamService.ts:58:11)\n    at C:/project/jjiban/tests/utils/projects/api-integration.test.ts:332:7\n    at file:///C:/project/jjiban/node_modules/@vitest/runner/dist/index.js:915:20"],"meta":{}},{"ancestorTitles":["Project Metadata Service - API Integration Tests","Integration: Complete Project Lifecycle"],"fullName":"Project Metadata Service - API Integration Tests Integration: Complete Project Lifecycle should handle complete project lifecycle","status":"passed","title":"should handle complete project lifecycle","duration":42.2485999999999,"failureMessages":[],"meta":{}},{"ancestorTitles":["Project Metadata Service - API Integration Tests","Error Handling and Edge Cases"],"fullName":"Project Metadata Service - API Integration Tests Error Handling and Edge Cases should handle empty project list gracefully","status":"passed","title":"should handle empty project list gracefully","duration":9.724100000000135,"failureMessages":[],"meta":{}},{"ancestorTitles":["Project Metadata Service - API Integration Tests","Error Handling and Edge Cases"],"fullName":"Project Metadata Service - API Integration Tests Error Handling and Edge Cases should validate project ID format strictly","status":"passed","title":"should validate project ID format strictly","duration":2.6272999999998774,"failureMessages":[],"meta":{}},{"ancestorTitles":["Project Metadata Service - API Integration Tests","Error Handling and Edge Cases"],"fullName":"Project Metadata Service - API Integration Tests Error Handling and Edge Cases should accept valid project ID formats","status":"passed","title":"should accept valid project ID formats","duration":68.33569999999986,"failureMessages":[],"meta":{}}],"startTime":1765762244934,"endTime":1765762245217.3357,"status":"failed","message":"","name":"C:/project/jjiban/tests/utils/projects/api-integration.test.ts"},{"assertionResults":[{"ancestorTitles":["Project Services Integration"],"fullName":"Project Services Integration should create project with folder structure","status":"passed","title":"should create project with folder structure","duration":13.98339999999996,"failureMessages":[],"meta":{}},{"ancestorTitles":["Project Services Integration"],"fullName":"Project Services Integration should retrieve created project","status":"passed","title":"should retrieve created project","duration":4.803999999999974,"failureMessages":[],"meta":{}},{"ancestorTitles":["Project Services Integration"],"fullName":"Project Services Integration should manage team members","status":"passed","title":"should manage team members","duration":9.854600000000005,"failureMessages":[],"meta":{}},{"ancestorTitles":["Project Services Integration"],"fullName":"Project Services Integration should list all projects","status":"passed","title":"should list all projects","duration":7.302300000000059,"failureMessages":[],"meta":{}},{"ancestorTitles":["Project Services Integration"],"fullName":"Project Services Integration should reject duplicate team member IDs","status":"passed","title":"should reject duplicate team member IDs","duration":3.2483000000000857,"failureMessages":[],"meta":{}},{"ancestorTitles":["Project Services Integration"],"fullName":"Project Services Integration should reject invalid project ID format","status":"passed","title":"should reject invalid project ID format","duration":0.5485999999999649,"failureMessages":[],"meta":{}}],"startTime":1765762245490,"endTime":1765762245530.5486,"status":"passed","message":"","name":"C:/project/jjiban/tests/utils/projects/integration.test.ts"},{"assertionResults":[{"ancestorTitles":["ProjectPaths","getBasePath"],"fullName":"ProjectPaths getBasePath should return current working directory when JJIBAN_BASE_PATH is not set","status":"passed","title":"should return current working directory when JJIBAN_BASE_PATH is not set","duration":3.420400000000086,"failureMessages":[],"meta":{}},{"ancestorTitles":["ProjectPaths","getBasePath"],"fullName":"ProjectPaths getBasePath should return normalized JJIBAN_BASE_PATH when set","status":"passed","title":"should return normalized JJIBAN_BASE_PATH when set","duration":0.9363999999999351,"failureMessages":[],"meta":{}},{"ancestorTitles":["ProjectPaths","getBasePath"],"fullName":"ProjectPaths getBasePath should reject path traversal attack (..)","status":"passed","title":"should reject path traversal attack (..)","duration":2.037800000000061,"failureMessages":[],"meta":{}},{"ancestorTitles":["ProjectPaths","getProjectsBasePath"],"fullName":"ProjectPaths getProjectsBasePath should return .jjiban/projects path","status":"passed","title":"should return .jjiban/projects path","duration":0.6363999999999805,"failureMessages":[],"meta":{}},{"ancestorTitles":["ProjectPaths","getProjectDir"],"fullName":"ProjectPaths getProjectDir should return project directory path","status":"passed","title":"should return project directory path","duration":0.844600000000014,"failureMessages":[],"meta":{}},{"ancestorTitles":["ProjectPaths","getProjectDir"],"fullName":"ProjectPaths getProjectDir should throw error for invalid project ID (uppercase)","status":"passed","title":"should throw error for invalid project ID (uppercase)","duration":4.145999999999958,"failureMessages":[],"meta":{}},{"ancestorTitles":["ProjectPaths","getProjectDir"],"fullName":"ProjectPaths getProjectDir should throw error for invalid project ID (special characters)","status":"passed","title":"should throw error for invalid project ID (special characters)","duration":0.5213999999999714,"failureMessages":[],"meta":{}},{"ancestorTitles":["ProjectPaths","getProjectFilePath"],"fullName":"ProjectPaths getProjectFilePath should return project.json path","status":"passed","title":"should return project.json path","duration":0.5402000000000271,"failureMessages":[],"meta":{}},{"ancestorTitles":["ProjectPaths","getProjectFilePath"],"fullName":"ProjectPaths getProjectFilePath should return team.json path","status":"passed","title":"should return team.json path","duration":0.4411000000000058,"failureMessages":[],"meta":{}},{"ancestorTitles":["ProjectPaths","getProjectsListFilePath"],"fullName":"ProjectPaths getProjectsListFilePath should return projects.json path","status":"passed","title":"should return projects.json path","duration":0.5688000000000102,"failureMessages":[],"meta":{}},{"ancestorTitles":["ProjectPaths","validateProjectId"],"fullName":"ProjectPaths validateProjectId should accept valid project ID (lowercase, numbers, hyphens)","status":"passed","title":"should accept valid project ID (lowercase, numbers, hyphens)","duration":0.49479999999994106,"failureMessages":[],"meta":{}},{"ancestorTitles":["ProjectPaths","validateProjectId"],"fullName":"ProjectPaths validateProjectId should reject uppercase letters","status":"passed","title":"should reject uppercase letters","duration":0.5345999999999549,"failureMessages":[],"meta":{}},{"ancestorTitles":["ProjectPaths","validateProjectId"],"fullName":"ProjectPaths validateProjectId should reject special characters","status":"passed","title":"should reject special characters","duration":0.48650000000009186,"failureMessages":[],"meta":{}},{"ancestorTitles":["ProjectPaths","validateProjectId"],"fullName":"ProjectPaths validateProjectId should reject path traversal (..)","status":"passed","title":"should reject path traversal (..)","duration":0.42349999999999,"failureMessages":[],"meta":{}},{"ancestorTitles":["ProjectPaths","validateProjectId"],"fullName":"ProjectPaths validateProjectId should reject path with slashes","status":"passed","title":"should reject path with slashes","duration":0.4895999999999958,"failureMessages":[],"meta":{}}],"startTime":1765762245744,"endTime":1765762245761.4895,"status":"passed","message":"","name":"C:/project/jjiban/tests/utils/projects/paths.test.ts"},{"assertionResults":[{"ancestorTitles":["Settings API Handler","type validation"],"fullName":"Settings API Handler type validation AT-001: should accept columns type","status":"passed","title":"AT-001: should accept columns type","duration":2.3215999999999894,"failureMessages":[],"meta":{}},{"ancestorTitles":["Settings API Handler","type validation"],"fullName":"Settings API Handler type validation AT-002: should accept categories type","status":"passed","title":"AT-002: should accept categories type","duration":0.25130000000001473,"failureMessages":[],"meta":{}},{"ancestorTitles":["Settings API Handler","type validation"],"fullName":"Settings API Handler type validation AT-003: should accept workflows type","status":"passed","title":"AT-003: should accept workflows type","duration":0.18780000000003838,"failureMessages":[],"meta":{}},{"ancestorTitles":["Settings API Handler","type validation"],"fullName":"Settings API Handler type validation AT-004: should accept actions type","status":"passed","title":"AT-004: should accept actions type","duration":0.17449999999996635,"failureMessages":[],"meta":{}},{"ancestorTitles":["Settings API Handler","type validation"],"fullName":"Settings API Handler type validation should reject invalid type","status":"passed","title":"should reject invalid type","duration":0.4157999999999902,"failureMessages":[],"meta":{}},{"ancestorTitles":["Settings API Handler","default settings structure"],"fullName":"Settings API Handler default settings structure should have correct columns structure","status":"passed","title":"should have correct columns structure","duration":0.9459000000000515,"failureMessages":[],"meta":{}},{"ancestorTitles":["Settings API Handler","default settings structure"],"fullName":"Settings API Handler default settings structure should have correct categories structure","status":"passed","title":"should have correct categories structure","duration":0.46659999999997126,"failureMessages":[],"meta":{}},{"ancestorTitles":["Settings API Handler","default settings structure"],"fullName":"Settings API Handler default settings structure should have correct workflows structure","status":"passed","title":"should have correct workflows structure","duration":0.4816999999999325,"failureMessages":[],"meta":{}},{"ancestorTitles":["Settings API Handler","default settings structure"],"fullName":"Settings API Handler default settings structure should have correct actions structure","status":"passed","title":"should have correct actions structure","duration":0.7157999999999447,"failureMessages":[],"meta":{}}],"startTime":1765762245974,"endTime":1765762245980.7158,"status":"passed","message":"","name":"C:/project/jjiban/tests/utils/settings/api.test.ts"},{"assertionResults":[{"ancestorTitles":["Settings Cache Module","loadSettings"],"fullName":"Settings Cache Module loadSettings UT-001: should load settings from files when all files exist","status":"passed","title":"UT-001: should load settings from files when all files exist","duration":6.8069000000000415,"failureMessages":[],"meta":{}},{"ancestorTitles":["Settings Cache Module","loadSettings"],"fullName":"Settings Cache Module loadSettings UT-002: should use default settings when files do not exist","status":"passed","title":"UT-002: should use default settings when files do not exist","duration":0.8745999999999867,"failureMessages":[],"meta":{}},{"ancestorTitles":["Settings Cache Module","loadSettings"],"fullName":"Settings Cache Module loadSettings UT-003: should fallback to defaults and log warning on JSON parse error","status":"passed","title":"UT-003: should fallback to defaults and log warning on JSON parse error","duration":1.8762000000000398,"failureMessages":[],"meta":{}},{"ancestorTitles":["Settings Cache Module","caching behavior"],"fullName":"Settings Cache Module caching behavior UT-004: should return cached settings without file read on subsequent calls","status":"passed","title":"UT-004: should return cached settings without file read on subsequent calls","duration":0.78449999999998,"failureMessages":[],"meta":{}},{"ancestorTitles":["Settings Cache Module","caching behavior"],"fullName":"Settings Cache Module caching behavior UT-005: should return true when cache is valid","status":"passed","title":"UT-005: should return true when cache is valid","duration":0.9577000000000453,"failureMessages":[],"meta":{}},{"ancestorTitles":["Settings Cache Module","caching behavior"],"fullName":"Settings Cache Module caching behavior UT-006: should invalidate cache and reload on refreshCache","status":"passed","title":"UT-006: should invalidate cache and reload on refreshCache","duration":0.7149999999999181,"failureMessages":[],"meta":{}}],"startTime":1765762245931,"endTime":1765762245943.715,"status":"passed","message":"","name":"C:/project/jjiban/tests/utils/settings/cache.test.ts"},{"assertionResults":[{"ancestorTitles":["Settings Service","type-specific getters"],"fullName":"Settings Service type-specific getters UT-007: should return columns config","status":"passed","title":"UT-007: should return columns config","duration":4.545000000000073,"failureMessages":[],"meta":{}},{"ancestorTitles":["Settings Service","type-specific getters"],"fullName":"Settings Service type-specific getters UT-008: should return categories config","status":"passed","title":"UT-008: should return categories config","duration":0.66700000000003,"failureMessages":[],"meta":{}},{"ancestorTitles":["Settings Service","type-specific getters"],"fullName":"Settings Service type-specific getters UT-009: should return workflows and actions config","status":"passed","title":"UT-009: should return workflows and actions config","duration":0.8755999999999631,"failureMessages":[],"meta":{}},{"ancestorTitles":["Settings Service","getSettingsByType"],"fullName":"Settings Service getSettingsByType should return columns when type is columns","status":"passed","title":"should return columns when type is columns","duration":1.3673000000000002,"failureMessages":[],"meta":{}},{"ancestorTitles":["Settings Service","getSettingsByType"],"fullName":"Settings Service getSettingsByType should return categories when type is categories","status":"passed","title":"should return categories when type is categories","duration":0.42799999999999727,"failureMessages":[],"meta":{}},{"ancestorTitles":["Settings Service","getSettingsByType"],"fullName":"Settings Service getSettingsByType should return workflows when type is workflows","status":"passed","title":"should return workflows when type is workflows","duration":0.36429999999995744,"failureMessages":[],"meta":{}},{"ancestorTitles":["Settings Service","getSettingsByType"],"fullName":"Settings Service getSettingsByType should return actions when type is actions","status":"passed","title":"should return actions when type is actions","duration":0.4057000000000244,"failureMessages":[],"meta":{}},{"ancestorTitles":["Settings Service","isValidSettingsType"],"fullName":"Settings Service isValidSettingsType should return true for valid types","status":"passed","title":"should return true for valid types","duration":0.5395999999999503,"failureMessages":[],"meta":{}},{"ancestorTitles":["Settings Service","isValidSettingsType"],"fullName":"Settings Service isValidSettingsType UT-010: should return false for invalid types","status":"passed","title":"UT-010: should return false for invalid types","duration":0.4314000000000533,"failureMessages":[],"meta":{}}],"startTime":1765762245959,"endTime":1765762245969.5396,"status":"passed","message":"","name":"C:/project/jjiban/tests/utils/settings/service.test.ts"},{"assertionResults":[],"startTime":1765762243680,"endTime":1765762243680,"status":"failed","message":"Transform failed with 1 error:\nC:/project/jjiban/server/utils/file.ts:163:16: ERROR: The symbol \"getJjibanRoot\" has already been declared","name":"C:/project/jjiban/tests/utils/workflow/documentService.test.ts"},{"assertionResults":[{"ancestorTitles":["StateMapper","statusCodeToName"],"fullName":"StateMapper statusCodeToName converts \"bd\" to \"basic-design\" for development","status":"failed","title":"converts \"bd\" to \"basic-design\" for development","duration":20.816300000000183,"failureMessages":["AssertionError: expected null to be 'basic-design' // Object.is equality\n    at C:/project/jjiban/tests/utils/workflow/stateMapper.test.ts:19:22\n    at file:///C:/project/jjiban/node_modules/@vitest/runner/dist/index.js:915:20"],"meta":{}},{"ancestorTitles":["StateMapper","statusCodeToName"],"fullName":"StateMapper statusCodeToName converts \"dd\" to \"detail-design\" for development","status":"failed","title":"converts \"dd\" to \"detail-design\" for development","duration":1.2815999999997985,"failureMessages":["AssertionError: expected null to be 'detail-design' // Object.is equality\n    at C:/project/jjiban/tests/utils/workflow/stateMapper.test.ts:24:22\n    at file:///C:/project/jjiban/node_modules/@vitest/runner/dist/index.js:915:20"],"meta":{}},{"ancestorTitles":["StateMapper","statusCodeToName"],"fullName":"StateMapper statusCodeToName converts \"im\" to \"implement\" for development","status":"failed","title":"converts \"im\" to \"implement\" for development","duration":0.6132000000000062,"failureMessages":["AssertionError: expected null to be 'implement' // Object.is equality\n    at C:/project/jjiban/tests/utils/workflow/stateMapper.test.ts:29:22\n    at file:///C:/project/jjiban/node_modules/@vitest/runner/dist/index.js:915:20"],"meta":{}},{"ancestorTitles":["StateMapper","statusCodeToName"],"fullName":"StateMapper statusCodeToName converts \"vf\" to \"verify\" for development","status":"failed","title":"converts \"vf\" to \"verify\" for development","duration":0.5785000000000764,"failureMessages":["AssertionError: expected null to be 'verify' // Object.is equality\n    at C:/project/jjiban/tests/utils/workflow/stateMapper.test.ts:34:22\n    at file:///C:/project/jjiban/node_modules/@vitest/runner/dist/index.js:915:20"],"meta":{}},{"ancestorTitles":["StateMapper","statusCodeToName"],"fullName":"StateMapper statusCodeToName converts \"xx\" to \"done\" for development","status":"failed","title":"converts \"xx\" to \"done\" for development","duration":0.5529000000001361,"failureMessages":["AssertionError: expected null to be 'done' // Object.is equality\n    at C:/project/jjiban/tests/utils/workflow/stateMapper.test.ts:39:22\n    at file:///C:/project/jjiban/node_modules/@vitest/runner/dist/index.js:915:20"],"meta":{}},{"ancestorTitles":["StateMapper","statusCodeToName"],"fullName":"StateMapper statusCodeToName converts \"[ ]\" to \"todo\"","status":"passed","title":"converts \"[ ]\" to \"todo\"","duration":0.473700000000008,"failureMessages":[],"meta":{}},{"ancestorTitles":["StateMapper","statusCodeToName"],"fullName":"StateMapper statusCodeToName converts empty string to \"todo\"","status":"passed","title":"converts empty string to \"todo\"","duration":0.25489999999990687,"failureMessages":[],"meta":{}},{"ancestorTitles":["StateMapper","statusCodeToName"],"fullName":"StateMapper statusCodeToName handles brackets in status code \"[bd]\"","status":"failed","title":"handles brackets in status code \"[bd]\"","duration":0.5886999999997897,"failureMessages":["AssertionError: expected null to be 'basic-design' // Object.is equality\n    at C:/project/jjiban/tests/utils/workflow/stateMapper.test.ts:54:22\n    at file:///C:/project/jjiban/node_modules/@vitest/runner/dist/index.js:915:20"],"meta":{}},{"ancestorTitles":["StateMapper","statusCodeToName"],"fullName":"StateMapper statusCodeToName converts \"an\" to \"analyze\" for defect category","status":"failed","title":"converts \"an\" to \"analyze\" for defect category","duration":0.6135999999999058,"failureMessages":["AssertionError: expected null to be 'analyze' // Object.is equality\n    at C:/project/jjiban/tests/utils/workflow/stateMapper.test.ts:59:22\n    at file:///C:/project/jjiban/node_modules/@vitest/runner/dist/index.js:915:20"],"meta":{}},{"ancestorTitles":["StateMapper","statusCodeToName"],"fullName":"StateMapper statusCodeToName converts \"fx\" to \"fix\" for defect category","status":"failed","title":"converts \"fx\" to \"fix\" for defect category","duration":0.7018000000000484,"failureMessages":["AssertionError: expected null to be 'fix' // Object.is equality\n    at C:/project/jjiban/tests/utils/workflow/stateMapper.test.ts:64:22\n    at file:///C:/project/jjiban/node_modules/@vitest/runner/dist/index.js:915:20"],"meta":{}},{"ancestorTitles":["StateMapper","statusCodeToName"],"fullName":"StateMapper statusCodeToName returns null for invalid category","status":"passed","title":"returns null for invalid category","duration":0.4046000000000731,"failureMessages":[],"meta":{}},{"ancestorTitles":["StateMapper","statusCodeToName"],"fullName":"StateMapper statusCodeToName returns null for unknown status code","status":"passed","title":"returns null for unknown status code","duration":0.33780000000001564,"failureMessages":[],"meta":{}},{"ancestorTitles":["StateMapper","nameToStatusCode"],"fullName":"StateMapper nameToStatusCode converts \"basic-design\" to \"[bd]\" for development","status":"failed","title":"converts \"basic-design\" to \"[bd]\" for development","duration":3.529399999999896,"failureMessages":["AssertionError: expected '[ ]' to be '[basic-design]' // Object.is equality\n    at C:/project/jjiban/tests/utils/workflow/stateMapper.test.ts:81:22\n    at file:///C:/project/jjiban/node_modules/@vitest/runner/dist/index.js:915:20"],"meta":{}},{"ancestorTitles":["StateMapper","nameToStatusCode"],"fullName":"StateMapper nameToStatusCode converts \"detail-design\" to \"[dd]\" for development","status":"failed","title":"converts \"detail-design\" to \"[dd]\" for development","duration":1.0559000000000651,"failureMessages":["AssertionError: expected '[ ]' to be '[detail-design]' // Object.is equality\n    at C:/project/jjiban/tests/utils/workflow/stateMapper.test.ts:86:22\n    at file:///C:/project/jjiban/node_modules/@vitest/runner/dist/index.js:915:20"],"meta":{}},{"ancestorTitles":["StateMapper","nameToStatusCode"],"fullName":"StateMapper nameToStatusCode converts \"implement\" to \"[im]\" for development","status":"failed","title":"converts \"implement\" to \"[im]\" for development","duration":0.6426000000001295,"failureMessages":["AssertionError: expected '[ ]' to be '[implement]' // Object.is equality\n    at C:/project/jjiban/tests/utils/workflow/stateMapper.test.ts:91:22\n    at file:///C:/project/jjiban/node_modules/@vitest/runner/dist/index.js:915:20"],"meta":{}},{"ancestorTitles":["StateMapper","nameToStatusCode"],"fullName":"StateMapper nameToStatusCode converts \"verify\" to \"[vf]\" for development","status":"failed","title":"converts \"verify\" to \"[vf]\" for development","duration":0.5903000000000702,"failureMessages":["AssertionError: expected '[ ]' to be '[verify]' // Object.is equality\n    at C:/project/jjiban/tests/utils/workflow/stateMapper.test.ts:96:22\n    at file:///C:/project/jjiban/node_modules/@vitest/runner/dist/index.js:915:20"],"meta":{}},{"ancestorTitles":["StateMapper","nameToStatusCode"],"fullName":"StateMapper nameToStatusCode converts \"done\" to \"[xx]\" for development","status":"failed","title":"converts \"done\" to \"[xx]\" for development","duration":0.5766000000000986,"failureMessages":["AssertionError: expected '[ ]' to be '[done]' // Object.is equality\n    at C:/project/jjiban/tests/utils/workflow/stateMapper.test.ts:101:22\n    at file:///C:/project/jjiban/node_modules/@vitest/runner/dist/index.js:915:20"],"meta":{}},{"ancestorTitles":["StateMapper","nameToStatusCode"],"fullName":"StateMapper nameToStatusCode converts \"todo\" to \"[ ]\"","status":"passed","title":"converts \"todo\" to \"[ ]\"","duration":0.24709999999981846,"failureMessages":[],"meta":{}},{"ancestorTitles":["StateMapper","nameToStatusCode"],"fullName":"StateMapper nameToStatusCode converts \"analyze\" to \"[an]\" for defect","status":"failed","title":"converts \"analyze\" to \"[an]\" for defect","duration":0.542699999999968,"failureMessages":["AssertionError: expected '[ ]' to be '[analyze]' // Object.is equality\n    at C:/project/jjiban/tests/utils/workflow/stateMapper.test.ts:111:22\n    at file:///C:/project/jjiban/node_modules/@vitest/runner/dist/index.js:915:20"],"meta":{}},{"ancestorTitles":["StateMapper","nameToStatusCode"],"fullName":"StateMapper nameToStatusCode converts \"fix\" to \"[fx]\" for defect","status":"failed","title":"converts \"fix\" to \"[fx]\" for defect","duration":0.5472999999999502,"failureMessages":["AssertionError: expected '[ ]' to be '[fix]' // Object.is equality\n    at C:/project/jjiban/tests/utils/workflow/stateMapper.test.ts:116:22\n    at file:///C:/project/jjiban/node_modules/@vitest/runner/dist/index.js:915:20"],"meta":{}},{"ancestorTitles":["StateMapper","nameToStatusCode"],"fullName":"StateMapper nameToStatusCode returns \"[ ]\" for invalid category","status":"passed","title":"returns \"[ ]\" for invalid category","duration":0.29150000000004184,"failureMessages":[],"meta":{}},{"ancestorTitles":["StateMapper","nameToStatusCode"],"fullName":"StateMapper nameToStatusCode returns \"[ ]\" for unknown state name","status":"passed","title":"returns \"[ ]\" for unknown state name","duration":0.2312000000001717,"failureMessages":[],"meta":{}},{"ancestorTitles":["StateMapper","getAllStateMappings"],"fullName":"StateMapper getAllStateMappings returns all state mappings for development","status":"failed","title":"returns all state mappings for development","duration":1.1352999999999156,"failureMessages":["AssertionError: expected undefined to be 'basic-design' // Object.is equality\n    at C:/project/jjiban/tests/utils/workflow/stateMapper.test.ts:136:42\n    at file:///C:/project/jjiban/node_modules/@vitest/runner/dist/index.js:915:20"],"meta":{}},{"ancestorTitles":["StateMapper","getAllStateMappings"],"fullName":"StateMapper getAllStateMappings returns all state mappings for defect","status":"failed","title":"returns all state mappings for defect","duration":0.6721000000000004,"failureMessages":["AssertionError: expected undefined to be 'analyze' // Object.is equality\n    at C:/project/jjiban/tests/utils/workflow/stateMapper.test.ts:148:37\n    at file:///C:/project/jjiban/node_modules/@vitest/runner/dist/index.js:915:20"],"meta":{}},{"ancestorTitles":["StateMapper","getAllStateMappings"],"fullName":"StateMapper getAllStateMappings returns all state mappings for infrastructure","status":"failed","title":"returns all state mappings for infrastructure","duration":0.6161000000001877,"failureMessages":["AssertionError: expected undefined to be 'design' // Object.is equality\n    at C:/project/jjiban/tests/utils/workflow/stateMapper.test.ts:159:36\n    at file:///C:/project/jjiban/node_modules/@vitest/runner/dist/index.js:915:20"],"meta":{}},{"ancestorTitles":["StateMapper","getAllStateMappings"],"fullName":"StateMapper getAllStateMappings returns empty object for invalid category","status":"passed","title":"returns empty object for invalid category","duration":0.509900000000016,"failureMessages":[],"meta":{}},{"ancestorTitles":["StateMapper","getAllStateMappings"],"fullName":"StateMapper getAllStateMappings all mappings include todo state","status":"passed","title":"all mappings include todo state","duration":0.4211999999999989,"failureMessages":[],"meta":{}},{"ancestorTitles":["StateMapper","round-trip conversions"],"fullName":"StateMapper round-trip conversions development: statusCode -> name -> statusCode","status":"failed","title":"development: statusCode -> name -> statusCode","duration":0.705600000000004,"failureMessages":["AssertionError: expected null not to be null\n    at C:/project/jjiban/tests/utils/workflow/stateMapper.test.ts:185:26\n    at file:///C:/project/jjiban/node_modules/@vitest/runner/dist/index.js:915:20"],"meta":{}},{"ancestorTitles":["StateMapper","round-trip conversions"],"fullName":"StateMapper round-trip conversions defect: statusCode -> name -> statusCode","status":"failed","title":"defect: statusCode -> name -> statusCode","duration":0.5235000000000127,"failureMessages":["AssertionError: expected null not to be null\n    at C:/project/jjiban/tests/utils/workflow/stateMapper.test.ts:199:26\n    at file:///C:/project/jjiban/node_modules/@vitest/runner/dist/index.js:915:20"],"meta":{}},{"ancestorTitles":["StateMapper","round-trip conversions"],"fullName":"StateMapper round-trip conversions infrastructure: statusCode -> name -> statusCode","status":"failed","title":"infrastructure: statusCode -> name -> statusCode","duration":0.5199000000000069,"failureMessages":["AssertionError: expected null not to be null\n    at C:/project/jjiban/tests/utils/workflow/stateMapper.test.ts:213:26\n    at file:///C:/project/jjiban/node_modules/@vitest/runner/dist/index.js:915:20"],"meta":{}}],"startTime":1765762244971,"endTime":1765762245013.5234,"status":"failed","message":"","name":"C:/project/jjiban/tests/utils/workflow/stateMapper.test.ts"},{"assertionResults":[{"ancestorTitles":["StatusUtils","extractStatusCode"],"fullName":"StatusUtils extractStatusCode extracts code from \"[bd]\"","status":"passed","title":"extracts code from \"[bd]\"","duration":2.648800000000051,"failureMessages":[],"meta":{}},{"ancestorTitles":["StatusUtils","extractStatusCode"],"fullName":"StatusUtils extractStatusCode extracts code from \"detail-design [dd]\"","status":"passed","title":"extracts code from \"detail-design [dd]\"","duration":0.439200000000028,"failureMessages":[],"meta":{}},{"ancestorTitles":["StatusUtils","extractStatusCode"],"fullName":"StatusUtils extractStatusCode extracts code from \"[im]\"","status":"passed","title":"extracts code from \"[im]\"","duration":0.4051999999999225,"failureMessages":[],"meta":{}},{"ancestorTitles":["StatusUtils","extractStatusCode"],"fullName":"StatusUtils extractStatusCode extracts code from \"[ ]\"","status":"passed","title":"extracts code from \"[ ]\"","duration":0.28320000000007894,"failureMessages":[],"meta":{}},{"ancestorTitles":["StatusUtils","extractStatusCode"],"fullName":"StatusUtils extractStatusCode returns empty string for status without brackets","status":"passed","title":"returns empty string for status without brackets","duration":0.4841999999999871,"failureMessages":[],"meta":{}},{"ancestorTitles":["StatusUtils","extractStatusCode"],"fullName":"StatusUtils extractStatusCode returns empty string for undefined","status":"passed","title":"returns empty string for undefined","duration":0.21320000000002892,"failureMessages":[],"meta":{}},{"ancestorTitles":["StatusUtils","extractStatusCode"],"fullName":"StatusUtils extractStatusCode returns empty string for empty string","status":"passed","title":"returns empty string for empty string","duration":0.18470000000002074,"failureMessages":[],"meta":{}},{"ancestorTitles":["StatusUtils","extractStatusCode"],"fullName":"StatusUtils extractStatusCode handles code with spaces \"[  bd  ]\"","status":"passed","title":"handles code with spaces \"[  bd  ]\"","duration":0.18439999999998236,"failureMessages":[],"meta":{}},{"ancestorTitles":["StatusUtils","extractStatusCode"],"fullName":"StatusUtils extractStatusCode extracts multi-character code \"[vf]\"","status":"passed","title":"extracts multi-character code \"[vf]\"","duration":0.18259999999997945,"failureMessages":[],"meta":{}},{"ancestorTitles":["StatusUtils","extractStatusCode"],"fullName":"StatusUtils extractStatusCode extracts code from complex status string","status":"passed","title":"extracts code from complex status string","duration":0.18059999999991305,"failureMessages":[],"meta":{}},{"ancestorTitles":["StatusUtils","formatStatusCode"],"fullName":"StatusUtils formatStatusCode formats \"bd\" to \"[bd]\"","status":"passed","title":"formats \"bd\" to \"[bd]\"","duration":0.47469999999998436,"failureMessages":[],"meta":{}},{"ancestorTitles":["StatusUtils","formatStatusCode"],"fullName":"StatusUtils formatStatusCode formats \"dd\" to \"[dd]\"","status":"passed","title":"formats \"dd\" to \"[dd]\"","duration":0.20490000000006603,"failureMessages":[],"meta":{}},{"ancestorTitles":["StatusUtils","formatStatusCode"],"fullName":"StatusUtils formatStatusCode formats \"im\" to \"[im]\"","status":"passed","title":"formats \"im\" to \"[im]\"","duration":0.1794999999999618,"failureMessages":[],"meta":{}},{"ancestorTitles":["StatusUtils","formatStatusCode"],"fullName":"StatusUtils formatStatusCode formats empty string to \"[ ]\"","status":"passed","title":"formats empty string to \"[ ]\"","duration":0.18600000000003547,"failureMessages":[],"meta":{}},{"ancestorTitles":["StatusUtils","formatStatusCode"],"fullName":"StatusUtils formatStatusCode formats whitespace to \"[ ]\"","status":"passed","title":"formats whitespace to \"[ ]\"","duration":0.19119999999998072,"failureMessages":[],"meta":{}},{"ancestorTitles":["StatusUtils","formatStatusCode"],"fullName":"StatusUtils formatStatusCode trims whitespace before formatting","status":"passed","title":"trims whitespace before formatting","duration":0.1896000000000413,"failureMessages":[],"meta":{}},{"ancestorTitles":["StatusUtils","formatStatusCode"],"fullName":"StatusUtils formatStatusCode handles multi-character codes","status":"passed","title":"handles multi-character codes","duration":0.19119999999998072,"failureMessages":[],"meta":{}},{"ancestorTitles":["StatusUtils","formatStatusCode"],"fullName":"StatusUtils formatStatusCode handles long codes","status":"passed","title":"handles long codes","duration":0.19780000000002929,"failureMessages":[],"meta":{}},{"ancestorTitles":["StatusUtils","isTodoStatus"],"fullName":"StatusUtils isTodoStatus returns true for \"[ ]\"","status":"passed","title":"returns true for \"[ ]\"","duration":0.25270000000000437,"failureMessages":[],"meta":{}},{"ancestorTitles":["StatusUtils","isTodoStatus"],"fullName":"StatusUtils isTodoStatus returns true for undefined","status":"passed","title":"returns true for undefined","duration":0.1896000000000413,"failureMessages":[],"meta":{}},{"ancestorTitles":["StatusUtils","isTodoStatus"],"fullName":"StatusUtils isTodoStatus returns true for empty string","status":"passed","title":"returns true for empty string","duration":0.18650000000002365,"failureMessages":[],"meta":{}},{"ancestorTitles":["StatusUtils","isTodoStatus"],"fullName":"StatusUtils isTodoStatus returns true for status without brackets","status":"passed","title":"returns true for status without brackets","duration":0.20669999999995525,"failureMessages":[],"meta":{}},{"ancestorTitles":["StatusUtils","isTodoStatus"],"fullName":"StatusUtils isTodoStatus returns false for \"[bd]\"","status":"passed","title":"returns false for \"[bd]\"","duration":0.30560000000002674,"failureMessages":[],"meta":{}},{"ancestorTitles":["StatusUtils","isTodoStatus"],"fullName":"StatusUtils isTodoStatus returns false for \"detail-design [dd]\"","status":"passed","title":"returns false for \"detail-design [dd]\"","duration":0.19790000000000418,"failureMessages":[],"meta":{}},{"ancestorTitles":["StatusUtils","isTodoStatus"],"fullName":"StatusUtils isTodoStatus returns false for \"[im]\"","status":"passed","title":"returns false for \"[im]\"","duration":0.193300000000022,"failureMessages":[],"meta":{}},{"ancestorTitles":["StatusUtils","isTodoStatus"],"fullName":"StatusUtils isTodoStatus returns false for \"[vf]\"","status":"passed","title":"returns false for \"[vf]\"","duration":0.18659999999999854,"failureMessages":[],"meta":{}},{"ancestorTitles":["StatusUtils","isTodoStatus"],"fullName":"StatusUtils isTodoStatus returns false for \"[xx]\"","status":"passed","title":"returns false for \"[xx]\"","duration":0.19100000000003092,"failureMessages":[],"meta":{}},{"ancestorTitles":["StatusUtils","isTodoStatus"],"fullName":"StatusUtils isTodoStatus returns true for whitespace-only brackets \"[   ]\"","status":"passed","title":"returns true for whitespace-only brackets \"[   ]\"","duration":0.19929999999999382,"failureMessages":[],"meta":{}},{"ancestorTitles":["StatusUtils","integration: extract and format"],"fullName":"StatusUtils integration: extract and format extract then format returns original for simple codes","status":"passed","title":"extract then format returns original for simple codes","duration":0.4027999999999565,"failureMessages":[],"meta":{}},{"ancestorTitles":["StatusUtils","integration: extract and format"],"fullName":"StatusUtils integration: extract and format extract from complex string and format","status":"passed","title":"extract from complex string and format","duration":0.21610000000009677,"failureMessages":[],"meta":{}},{"ancestorTitles":["StatusUtils","integration: extract and format"],"fullName":"StatusUtils integration: extract and format handles todo status round-trip","status":"passed","title":"handles todo status round-trip","duration":0.1973000000000411,"failureMessages":[],"meta":{}},{"ancestorTitles":["StatusUtils","edge cases"],"fullName":"StatusUtils edge cases handles multiple brackets (uses first match)","status":"passed","title":"handles multiple brackets (uses first match)","duration":0.19269999999994525,"failureMessages":[],"meta":{}},{"ancestorTitles":["StatusUtils","edge cases"],"fullName":"StatusUtils edge cases handles nested-like patterns","status":"passed","title":"handles nested-like patterns","duration":0.18830000000002656,"failureMessages":[],"meta":{}},{"ancestorTitles":["StatusUtils","edge cases"],"fullName":"StatusUtils edge cases handles special characters in code","status":"passed","title":"handles special characters in code","duration":0.1915000000000191,"failureMessages":[],"meta":{}},{"ancestorTitles":["StatusUtils","edge cases"],"fullName":"StatusUtils edge cases formatStatusCode handles already-bracketed input gracefully","status":"passed","title":"formatStatusCode handles already-bracketed input gracefully","duration":0.18899999999996453,"failureMessages":[],"meta":{}}],"startTime":1765762245926,"endTime":1765762245938.1926,"status":"passed","message":"","name":"C:/project/jjiban/tests/utils/workflow/statusUtils.test.ts"},{"assertionResults":[],"startTime":1765762243680,"endTime":1765762243680,"status":"failed","message":"Transform failed with 1 error:\nC:/project/jjiban/server/utils/file.ts:163:16: ERROR: The symbol \"getJjibanRoot\" has already been declared","name":"C:/project/jjiban/tests/utils/workflow/transitionService.test.ts"},{"assertionResults":[],"startTime":1765762243680,"endTime":1765762243680,"status":"failed","message":"Transform failed with 1 error:\nC:/project/jjiban/server/utils/file.ts:163:16: ERROR: The symbol \"getJjibanRoot\" has already been declared","name":"C:/project/jjiban/tests/utils/workflow/workflowEngine.test.ts"},{"assertionResults":[{"ancestorTitles":["WBS Module Integration","Scenario 1: Parse Real WBS File"],"fullName":"WBS Module Integration Scenario 1: Parse Real WBS File should parse real wbs.md without errors","status":"passed","title":"should parse real wbs.md without errors","duration":7.057699999999954,"failureMessages":[],"meta":{}},{"ancestorTitles":["WBS Module Integration","Scenario 1: Parse Real WBS File"],"fullName":"WBS Module Integration Scenario 1: Parse Real WBS File should parse all Work Packages (WP)","status":"passed","title":"should parse all Work Packages (WP)","duration":1.9049999999999727,"failureMessages":[],"meta":{}},{"ancestorTitles":["WBS Module Integration","Scenario 1: Parse Real WBS File"],"fullName":"WBS Module Integration Scenario 1: Parse Real WBS File should parse nested ACT and TSK nodes","status":"passed","title":"should parse nested ACT and TSK nodes","duration":0.5268999999999551,"failureMessages":[],"meta":{}},{"ancestorTitles":["WBS Module Integration","Scenario 1: Parse Real WBS File"],"fullName":"WBS Module Integration Scenario 1: Parse Real WBS File should parse Task attributes correctly","status":"passed","title":"should parse Task attributes correctly","duration":0.38589999999999236,"failureMessages":[],"meta":{}},{"ancestorTitles":["WBS Module Integration","Scenario 2: Validate Parsed WBS"],"fullName":"WBS Module Integration Scenario 2: Validate Parsed WBS should validate parsed WBS without errors","status":"passed","title":"should validate parsed WBS without errors","duration":6.357399999999984,"failureMessages":[],"meta":{}},{"ancestorTitles":["WBS Module Integration","Scenario 2: Validate Parsed WBS"],"fullName":"WBS Module Integration Scenario 2: Validate Parsed WBS should validate all node IDs","status":"passed","title":"should validate all node IDs","duration":0.7688999999999169,"failureMessages":[],"meta":{}},{"ancestorTitles":["WBS Module Integration","Scenario 2: Validate Parsed WBS"],"fullName":"WBS Module Integration Scenario 2: Validate Parsed WBS should validate hierarchy relationships","status":"passed","title":"should validate hierarchy relationships","duration":0.6637999999999238,"failureMessages":[],"meta":{}},{"ancestorTitles":["WBS Module Integration","Scenario 3: Serialize and Re-parse (Round-trip)"],"fullName":"WBS Module Integration Scenario 3: Serialize and Re-parse (Round-trip) should serialize parsed nodes to markdown","status":"passed","title":"should serialize parsed nodes to markdown","duration":1.9879999999999427,"failureMessages":[],"meta":{}},{"ancestorTitles":["WBS Module Integration","Scenario 3: Serialize and Re-parse (Round-trip)"],"fullName":"WBS Module Integration Scenario 3: Serialize and Re-parse (Round-trip) should re-parse serialized content successfully","status":"passed","title":"should re-parse serialized content successfully","duration":1.8932999999999538,"failureMessages":[],"meta":{}},{"ancestorTitles":["WBS Module Integration","Scenario 3: Serialize and Re-parse (Round-trip)"],"fullName":"WBS Module Integration Scenario 3: Serialize and Re-parse (Round-trip) should preserve WP count after round-trip","status":"passed","title":"should preserve WP count after round-trip","duration":0.31569999999999254,"failureMessages":[],"meta":{}},{"ancestorTitles":["WBS Module Integration","Scenario 3: Serialize and Re-parse (Round-trip)"],"fullName":"WBS Module Integration Scenario 3: Serialize and Re-parse (Round-trip) should preserve Task IDs after round-trip","status":"passed","title":"should preserve Task IDs after round-trip","duration":1.5705000000000382,"failureMessages":[],"meta":{}},{"ancestorTitles":["WBS Module Integration","Scenario 3: Serialize and Re-parse (Round-trip)"],"fullName":"WBS Module Integration Scenario 3: Serialize and Re-parse (Round-trip) should preserve critical Task attributes after round-trip","status":"passed","title":"should preserve critical Task attributes after round-trip","duration":1.3711000000000695,"failureMessages":[],"meta":{}},{"ancestorTitles":["WBS Module Integration","Scenario 4: Cross-module Validation"],"fullName":"WBS Module Integration Scenario 4: Cross-module Validation should validate re-parsed nodes without errors","status":"passed","title":"should validate re-parsed nodes without errors","duration":2.2789000000000215,"failureMessages":[],"meta":{}},{"ancestorTitles":["WBS Module Integration","Scenario 4: Cross-module Validation"],"fullName":"WBS Module Integration Scenario 4: Cross-module Validation should detect validation errors in corrupted data","status":"passed","title":"should detect validation errors in corrupted data","duration":0.5844000000000733,"failureMessages":[],"meta":{}},{"ancestorTitles":["WBS Module Integration","Scenario 5: Performance"],"fullName":"WBS Module Integration Scenario 5: Performance should complete full pipeline within 100ms","status":"passed","title":"should complete full pipeline within 100ms","duration":2.303199999999947,"failureMessages":[],"meta":{}}],"startTime":1765762245664,"endTime":1765762245695.3032,"status":"passed","message":"","name":"C:/project/jjiban/tests/utils/wbs/integration.test.ts"},{"assertionResults":[{"ancestorTitles":["parseNodeHeader"],"fullName":"parseNodeHeader TC-001-001: should parse valid WP header","status":"passed","title":"TC-001-001: should parse valid WP header","duration":3.425100000000043,"failureMessages":[],"meta":{}},{"ancestorTitles":["parseNodeHeader"],"fullName":"parseNodeHeader TC-001-002: should parse valid ACT header (4-level)","status":"passed","title":"TC-001-002: should parse valid ACT header (4-level)","duration":0.7987000000000535,"failureMessages":[],"meta":{}},{"ancestorTitles":["parseNodeHeader"],"fullName":"parseNodeHeader TC-001-003: should parse valid TSK header (4-level)","status":"passed","title":"TC-001-003: should parse valid TSK header (4-level)","duration":0.6594000000000051,"failureMessages":[],"meta":{}},{"ancestorTitles":["parseNodeHeader"],"fullName":"parseNodeHeader TC-001-004: should parse valid TSK header (3-level)","status":"passed","title":"TC-001-004: should parse valid TSK header (3-level)","duration":0.5640999999999394,"failureMessages":[],"meta":{}},{"ancestorTitles":["parseNodeHeader"],"fullName":"parseNodeHeader TC-001-005: should parse title with special characters","status":"passed","title":"TC-001-005: should parse title with special characters","duration":0.5682000000000471,"failureMessages":[],"meta":{}},{"ancestorTitles":["parseNodeHeader"],"fullName":"parseNodeHeader TC-001-006: should parse title with Korean characters","status":"passed","title":"TC-001-006: should parse title with Korean characters","duration":0.3727000000000089,"failureMessages":[],"meta":{}},{"ancestorTitles":["parseNodeHeader"],"fullName":"parseNodeHeader TC-001-007: should return null for invalid header format (missing colon)","status":"passed","title":"TC-001-007: should return null for invalid header format (missing colon)","duration":0.20410000000003947,"failureMessages":[],"meta":{}},{"ancestorTitles":["parseNodeHeader"],"fullName":"parseNodeHeader TC-001-008: should return null for invalid ID format","status":"passed","title":"TC-001-008: should return null for invalid ID format","duration":0.1954999999999245,"failureMessages":[],"meta":{}},{"ancestorTitles":["parseNodeHeader"],"fullName":"parseNodeHeader TC-001-009: should return null for empty title","status":"passed","title":"TC-001-009: should return null for empty title","duration":0.2078999999999951,"failureMessages":[],"meta":{}},{"ancestorTitles":["parseNodeHeader"],"fullName":"parseNodeHeader TC-001-010: should return null for whitespace-only title","status":"passed","title":"TC-001-010: should return null for whitespace-only title","duration":0.19780000000002929,"failureMessages":[],"meta":{}},{"ancestorTitles":["parseNodeAttributes"],"fullName":"parseNodeAttributes TC-002-001: should parse category attribute","status":"passed","title":"TC-002-001: should parse category attribute","duration":0.6055999999999813,"failureMessages":[],"meta":{}},{"ancestorTitles":["parseNodeAttributes"],"fullName":"parseNodeAttributes TC-002-002: should parse status attribute and extract status code","status":"passed","title":"TC-002-002: should parse status attribute and extract status code","duration":0.37970000000007076,"failureMessages":[],"meta":{}},{"ancestorTitles":["parseNodeAttributes"],"fullName":"parseNodeAttributes TC-002-003: should parse priority attribute","status":"passed","title":"TC-002-003: should parse priority attribute","duration":0.29560000000003583,"failureMessages":[],"meta":{}},{"ancestorTitles":["parseNodeAttributes"],"fullName":"parseNodeAttributes TC-002-004: should parse assignee attribute","status":"passed","title":"TC-002-004: should parse assignee attribute","duration":0.21550000000002,"failureMessages":[],"meta":{}},{"ancestorTitles":["parseNodeAttributes"],"fullName":"parseNodeAttributes TC-002-005: should parse schedule attribute","status":"passed","title":"TC-002-005: should parse schedule attribute","duration":1.8344999999999345,"failureMessages":[],"meta":{}},{"ancestorTitles":["parseNodeAttributes"],"fullName":"parseNodeAttributes TC-002-006: should parse tags attribute","status":"passed","title":"TC-002-006: should parse tags attribute","duration":0.49329999999997654,"failureMessages":[],"meta":{}},{"ancestorTitles":["parseNodeAttributes"],"fullName":"parseNodeAttributes TC-002-007: should parse depends attribute","status":"passed","title":"TC-002-007: should parse depends attribute","duration":0.24660000000005766,"failureMessages":[],"meta":{}},{"ancestorTitles":["parseNodeAttributes"],"fullName":"parseNodeAttributes TC-002-008: should parse requirements attribute (multi-line)","status":"passed","title":"TC-002-008: should parse requirements attribute (multi-line)","duration":0.5836000000000467,"failureMessages":[],"meta":{}},{"ancestorTitles":["parseNodeAttributes"],"fullName":"parseNodeAttributes TC-002-009: should parse ref attribute","status":"passed","title":"TC-002-009: should parse ref attribute","duration":0.2255999999999858,"failureMessages":[],"meta":{}},{"ancestorTitles":["parseNodeAttributes"],"fullName":"parseNodeAttributes TC-002-010: should handle invalid category value","status":"passed","title":"TC-002-010: should handle invalid category value","duration":0.27460000000007767,"failureMessages":[],"meta":{}},{"ancestorTitles":["parseNodeAttributes"],"fullName":"parseNodeAttributes TC-002-011: should handle status without code","status":"passed","title":"TC-002-011: should handle status without code","duration":0.27089999999998327,"failureMessages":[],"meta":{}},{"ancestorTitles":["parseNodeAttributes"],"fullName":"parseNodeAttributes TC-002-012: should handle invalid date format","status":"passed","title":"TC-002-012: should handle invalid date format","duration":0.2727999999999611,"failureMessages":[],"meta":{}},{"ancestorTitles":["parseNodeAttributes"],"fullName":"parseNodeAttributes TC-002-013: should handle empty requirements","status":"passed","title":"TC-002-013: should handle empty requirements","duration":0.2375000000000682,"failureMessages":[],"meta":{}},{"ancestorTitles":["parseNodeAttributes"],"fullName":"parseNodeAttributes TC-002-014: should handle multiple depends","status":"passed","title":"TC-002-014: should handle multiple depends","duration":0.2219000000000051,"failureMessages":[],"meta":{}},{"ancestorTitles":["parseNodeAttributes"],"fullName":"parseNodeAttributes TC-002-015: should parse all attributes together","status":"passed","title":"TC-002-015: should parse all attributes together","duration":0.8423999999999978,"failureMessages":[],"meta":{}},{"ancestorTitles":["buildTree"],"fullName":"buildTree TC-003-001: should build 4-level tree (WP -> ACT -> TSK)","status":"passed","title":"TC-003-001: should build 4-level tree (WP -> ACT -> TSK)","duration":2.4898999999999205,"failureMessages":[],"meta":{}},{"ancestorTitles":["buildTree"],"fullName":"buildTree TC-003-002: should build 3-level tree (WP -> TSK)","status":"passed","title":"TC-003-002: should build 3-level tree (WP -> TSK)","duration":0.6526999999999816,"failureMessages":[],"meta":{}},{"ancestorTitles":["buildTree"],"fullName":"buildTree TC-003-003: should build mixed tree (3-level + 4-level)","status":"passed","title":"TC-003-003: should build mixed tree (3-level + 4-level)","duration":0.8999999999999773,"failureMessages":[],"meta":{}},{"ancestorTitles":["buildTree"],"fullName":"buildTree TC-003-004: should handle multiple WP as root nodes","status":"passed","title":"TC-003-004: should handle multiple WP as root nodes","duration":0.6411999999999125,"failureMessages":[],"meta":{}},{"ancestorTitles":["buildTree"],"fullName":"buildTree TC-003-005: should handle multiple children","status":"passed","title":"TC-003-005: should handle multiple children","duration":0.6230000000000473,"failureMessages":[],"meta":{}},{"ancestorTitles":["buildTree"],"fullName":"buildTree TC-003-006: should handle orphan node (missing parent)","status":"passed","title":"TC-003-006: should handle orphan node (missing parent)","duration":2.8585999999999103,"failureMessages":[],"meta":{}},{"ancestorTitles":["calculateProgress"],"fullName":"calculateProgress TC-004-001: should calculate 100% when all tasks are completed","status":"passed","title":"TC-004-001: should calculate 100% when all tasks are completed","duration":0.6236999999999853,"failureMessages":[],"meta":{}},{"ancestorTitles":["calculateProgress"],"fullName":"calculateProgress TC-004-002: should calculate 50% when half tasks are completed","status":"passed","title":"TC-004-002: should calculate 50% when half tasks are completed","duration":0.3162999999999556,"failureMessages":[],"meta":{}},{"ancestorTitles":["calculateProgress"],"fullName":"calculateProgress TC-004-003: should calculate 0% when no tasks are completed","status":"passed","title":"TC-004-003: should calculate 0% when no tasks are completed","duration":0.30959999999993215,"failureMessages":[],"meta":{}},{"ancestorTitles":["calculateProgress"],"fullName":"calculateProgress TC-004-004: should calculate progress for nested structure","status":"passed","title":"TC-004-004: should calculate progress for nested structure","duration":0.4213999999999487,"failureMessages":[],"meta":{}},{"ancestorTitles":["calculateProgress"],"fullName":"calculateProgress TC-004-005: should handle node without tasks","status":"passed","title":"TC-004-005: should handle node without tasks","duration":0.29379999999991924,"failureMessages":[],"meta":{}},{"ancestorTitles":["parseWbsMarkdown"],"fullName":"parseWbsMarkdown TC-005-001: should parse complex wbs.md file","status":"passed","title":"TC-005-001: should parse complex wbs.md file","duration":2.264099999999985,"failureMessages":[],"meta":{}},{"ancestorTitles":["parseWbsMarkdown"],"fullName":"parseWbsMarkdown TC-005-002: should return empty array for empty file","status":"passed","title":"TC-005-002: should return empty array for empty file","duration":0.2536999999999807,"failureMessages":[],"meta":{}},{"ancestorTitles":["parseWbsMarkdown"],"fullName":"parseWbsMarkdown TC-005-003: should parse 3-level structure","status":"passed","title":"TC-005-003: should parse 3-level structure","duration":1.1254999999999882,"failureMessages":[],"meta":{}},{"ancestorTitles":["parseWbsMarkdown"],"fullName":"parseWbsMarkdown TC-005-004: should parse 4-level structure","status":"passed","title":"TC-005-004: should parse 4-level structure","duration":1.1730000000000018,"failureMessages":[],"meta":{}},{"ancestorTitles":["parseWbsMarkdown"],"fullName":"parseWbsMarkdown TC-005-005: should return empty array for metadata only","status":"passed","title":"TC-005-005: should return empty array for metadata only","duration":0.3007999999999811,"failureMessages":[],"meta":{}},{"ancestorTitles":["parseWbsMarkdown"],"fullName":"parseWbsMarkdown TC-005-006: should skip invalid headers and parse valid ones","status":"passed","title":"TC-005-006: should skip invalid headers and parse valid ones","duration":3.4607999999999493,"failureMessages":[],"meta":{}},{"ancestorTitles":["parseWbsMarkdown"],"fullName":"parseWbsMarkdown TC-005-007: should handle orphan nodes","status":"passed","title":"TC-005-007: should handle orphan nodes","duration":0.5597999999999956,"failureMessages":[],"meta":{}},{"ancestorTitles":["parseWbsMarkdown"],"fullName":"parseWbsMarkdown TC-005-008: should parse all 9 attributes correctly","status":"passed","title":"TC-005-008: should parse all 9 attributes correctly","duration":3.9925000000000637,"failureMessages":[],"meta":{}},{"ancestorTitles":["Performance"],"fullName":"Performance TC-006-001: should parse small wbs.md under 50ms","status":"passed","title":"TC-006-001: should parse small wbs.md under 50ms","duration":0.8075000000000045,"failureMessages":[],"meta":{}},{"ancestorTitles":["Error Handling"],"fullName":"Error Handling TC-007-001: should skip invalid header format","status":"passed","title":"TC-007-001: should skip invalid header format","duration":1.436399999999935,"failureMessages":[],"meta":{}},{"ancestorTitles":["Error Handling"],"fullName":"Error Handling TC-007-002: should skip unknown ID pattern","status":"passed","title":"TC-007-002: should skip unknown ID pattern","duration":0.3813999999999851,"failureMessages":[],"meta":{}},{"ancestorTitles":["Error Handling"],"fullName":"Error Handling TC-007-003: should handle missing required attributes","status":"passed","title":"TC-007-003: should handle missing required attributes","duration":0.5105000000000928,"failureMessages":[],"meta":{}},{"ancestorTitles":["Error Handling"],"fullName":"Error Handling TC-007-007: should ignore empty lines","status":"passed","title":"TC-007-007: should ignore empty lines","duration":0.654700000000048,"failureMessages":[],"meta":{}},{"ancestorTitles":["determineParentId"],"fullName":"determineParentId should return null for WP node","status":"passed","title":"should return null for WP node","duration":0.22450000000003456,"failureMessages":[],"meta":{}},{"ancestorTitles":["determineParentId"],"fullName":"determineParentId should return WP id for ACT node","status":"passed","title":"should return WP id for ACT node","duration":0.16880000000003292,"failureMessages":[],"meta":{}},{"ancestorTitles":["determineParentId"],"fullName":"determineParentId should return ACT id for 4-level TSK node","status":"passed","title":"should return ACT id for 4-level TSK node","duration":0.16030000000000655,"failureMessages":[],"meta":{}},{"ancestorTitles":["determineParentId"],"fullName":"determineParentId should return WP id for 3-level TSK node","status":"passed","title":"should return WP id for 3-level TSK node","duration":0.1732000000000653,"failureMessages":[],"meta":{}}],"startTime":1765762245645,"endTime":1765762245689.2246,"status":"passed","message":"","name":"C:/project/jjiban/tests/utils/wbs/parser.test.ts"},{"assertionResults":[{"ancestorTitles":["serializeHeader"],"fullName":"serializeHeader should generate project header","status":"passed","title":"should generate project header","duration":2.6721000000000004,"failureMessages":[],"meta":{}},{"ancestorTitles":["serializeHeader"],"fullName":"serializeHeader should generate WP header with ##","status":"passed","title":"should generate WP header with ##","duration":0.3369999999999891,"failureMessages":[],"meta":{}},{"ancestorTitles":["serializeHeader"],"fullName":"serializeHeader should generate ACT header with ###","status":"passed","title":"should generate ACT header with ###","duration":0.3267999999999347,"failureMessages":[],"meta":{}},{"ancestorTitles":["serializeHeader"],"fullName":"serializeHeader should generate Task header with #### in 4-level structure","status":"passed","title":"should generate Task header with #### in 4-level structure","duration":0.23119999999994434,"failureMessages":[],"meta":{}},{"ancestorTitles":["serializeHeader"],"fullName":"serializeHeader should generate Task header with ### in 3-level structure","status":"passed","title":"should generate Task header with ### in 3-level structure","duration":0.2663000000000011,"failureMessages":[],"meta":{}},{"ancestorTitles":["serializeHeader"],"fullName":"serializeHeader should use default values for missing id and title","status":"passed","title":"should use default values for missing id and title","duration":0.3645999999999958,"failureMessages":[],"meta":{}},{"ancestorTitles":["serializeAttributes"],"fullName":"serializeAttributes should serialize category","status":"passed","title":"should serialize category","duration":1.89650000000006,"failureMessages":[],"meta":{}},{"ancestorTitles":["serializeAttributes"],"fullName":"serializeAttributes should serialize status","status":"passed","title":"should serialize status","duration":0.34759999999994307,"failureMessages":[],"meta":{}},{"ancestorTitles":["serializeAttributes"],"fullName":"serializeAttributes should serialize priority","status":"passed","title":"should serialize priority","duration":0.4633000000000038,"failureMessages":[],"meta":{}},{"ancestorTitles":["serializeAttributes"],"fullName":"serializeAttributes should serialize assignee when present","status":"passed","title":"should serialize assignee when present","duration":0.3063999999999396,"failureMessages":[],"meta":{}},{"ancestorTitles":["serializeAttributes"],"fullName":"serializeAttributes should serialize assignee as \"-\" when explicitly set","status":"passed","title":"should serialize assignee as \"-\" when explicitly set","duration":0.27769999999998163,"failureMessages":[],"meta":{}},{"ancestorTitles":["serializeAttributes"],"fullName":"serializeAttributes should serialize schedule when both start and end exist","status":"passed","title":"should serialize schedule when both start and end exist","duration":0.308400000000006,"failureMessages":[],"meta":{}},{"ancestorTitles":["serializeAttributes"],"fullName":"serializeAttributes should not serialize schedule when only start exists","status":"passed","title":"should not serialize schedule when only start exists","duration":0.35439999999994143,"failureMessages":[],"meta":{}},{"ancestorTitles":["serializeAttributes"],"fullName":"serializeAttributes should serialize tags as comma-separated list","status":"passed","title":"should serialize tags as comma-separated list","duration":0.2883000000000493,"failureMessages":[],"meta":{}},{"ancestorTitles":["serializeAttributes"],"fullName":"serializeAttributes should not serialize empty tags array","status":"passed","title":"should not serialize empty tags array","duration":0.23640000000000327,"failureMessages":[],"meta":{}},{"ancestorTitles":["serializeAttributes"],"fullName":"serializeAttributes should serialize depends","status":"passed","title":"should serialize depends","duration":0.2700999999999567,"failureMessages":[],"meta":{}},{"ancestorTitles":["serializeAttributes"],"fullName":"serializeAttributes should serialize requirements with indentation","status":"passed","title":"should serialize requirements with indentation","duration":0.4737999999999829,"failureMessages":[],"meta":{}},{"ancestorTitles":["serializeAttributes"],"fullName":"serializeAttributes should serialize ref","status":"passed","title":"should serialize ref","duration":0.2684000000000424,"failureMessages":[],"meta":{}},{"ancestorTitles":["serializeAttributes"],"fullName":"serializeAttributes should serialize progress for WP","status":"passed","title":"should serialize progress for WP","duration":0.26700000000005275,"failureMessages":[],"meta":{}},{"ancestorTitles":["serializeAttributes"],"fullName":"serializeAttributes should not serialize progress for task","status":"passed","title":"should not serialize progress for task","duration":0.22320000000001983,"failureMessages":[],"meta":{}},{"ancestorTitles":["buildMetadataBlock"],"fullName":"buildMetadataBlock should generate metadata block with all fields","status":"passed","title":"should generate metadata block with all fields","duration":0.4658000000000584,"failureMessages":[],"meta":{}},{"ancestorTitles":["buildMetadataBlock"],"fullName":"buildMetadataBlock should use default values for missing fields","status":"passed","title":"should use default values for missing fields","duration":2.017900000000054,"failureMessages":[],"meta":{}},{"ancestorTitles":["buildMetadataBlock"],"fullName":"buildMetadataBlock should update date when updateDate option is true","status":"passed","title":"should update date when updateDate option is true","duration":0.2821999999999889,"failureMessages":[],"meta":{}},{"ancestorTitles":["calculateMaxDepth"],"fullName":"calculateMaxDepth should return 4 when ACT nodes exist","status":"passed","title":"should return 4 when ACT nodes exist","duration":0.369199999999978,"fa
[...]
,"4":{"start":{"line":53,"column":20},"end":{"line":53,"column":null}},"5":{"start":{"line":56,"column":27},"end":{"line":58,"column":null}},"6":{"start":{"line":57,"column":12},"end":{"line":57,"column":null}},"7":{"start":{"line":60,"column":2},"end":{"line":62,"column":null}},"8":{"start":{"line":61,"column":4},"end":{"line":61,"column":null}},"9":{"start":{"line":65,"column":21},"end":{"line":67,"column":null}},"10":{"start":{"line":66,"column":11},"end":{"line":66,"column":null}},"11":{"start":{"line":69,"column":2},"end":{"line":69,"column":null}},"12":{"start":{"line":84,"column":8},"end":{"line":84,"column":null}},"13":{"start":{"line":85,"column":2},"end":{"line":85,"column":null}},"14":{"start":{"line":87,"column":8},"end":{"line":87,"column":null}},"15":{"start":{"line":90,"column":2},"end":{"line":92,"column":null}},"16":{"start":{"line":91,"column":4},"end":{"line":91,"column":null}},"17":{"start":{"line":95,"column":25},"end":{"line":98,"column":null}},"18":{"start":{"line":107,"column":2},"end":{"line":107,"column":null}},"19":{"start":{"line":121,"column":21},"end":{"line":121,"column":null}},"20":{"start":{"line":122,"column":2},"end":{"line":124,"column":null}},"21":{"start":{"line":123,"column":4},"end":{"line":123,"column":null}},"22":{"start":{"line":126,"column":19},"end":{"line":126,"column":null}},"23":{"start":{"line":127,"column":24},"end":{"line":127,"column":null}},"24":{"start":{"line":128,"column":19},"end":{"line":128,"column":null}},"25":{"start":{"line":131,"column":21},"end":{"line":131,"column":null}},"26":{"start":{"line":133,"column":2},"end":{"line":138,"column":null}},"27":{"start":{"line":134,"column":4},"end":{"line":137,"column":null}},"28":{"start":{"line":140,"column":2},"end":{"line":140,"column":null}},"29":{"start":{"line":155,"column":8},"end":{"line":155,"column":null}},"30":{"start":{"line":158,"column":21},"end":{"line":158,"column":null}},"31":{"start":{"line":159,"column":2},"end":{"line":164,"column":null}},"32":{"start":{"line":160,"column":4},"end":{"line":163,"column":null}},"33":{"start":{"line":167,"column":21},"end":{"line":167,"column":null}},"34":{"start":{"line":168,"column":2},"end":{"line":170,"column":null}},"35":{"start":{"line":169,"column":4},"end":{"line":169,"column":null}},"36":{"start":{"line":172,"column":30},"end":{"line":172,"column":null}},"37":{"start":{"line":173,"column":24},"end":{"line":173,"column":null}},"38":{"start":{"line":174,"column":19},"end":{"line":174,"column":null}},"39":{"start":{"line":177,"column":21},"end":{"line":177,"column":null}},"40":{"start":{"line":178,"column":2},"end":{"line":183,"column":null}},"41":{"start":{"line":179,"column":4},"end":{"line":182,"column":null}},"42":{"start":{"line":186,"column":29},"end":{"line":186,"column":null}},"43":{"start":{"line":190,"column":4},"end":{"line":201,"column":null}},"44":{"start":{"line":191,"column":6},"end":{"line":195,"column":null}},"45":{"start":{"line":193,"column":8},"end":{"line":193,"column":null}},"46":{"start":{"line":194,"column":8},"end":{"line":194,"column":null}},"47":{"start":{"line":196,"column":6},"end":{"line":200,"column":null}},"48":{"start":{"line":197,"column":8},"end":{"line":199,"column":null}},"49":{"start":{"line":198,"column":10},"end":{"line":198,"column":null}},"50":{"start":{"line":202,"column":4},"end":{"line":202,"column":null}},"51":{"start":{"line":205,"column":18},"end":{"line":205,"column":null}},"52":{"start":{"line":206,"column":2},"end":{"line":208,"column":null}},"53":{"start":{"line":207,"column":4},"end":{"line":207,"column":null}},"54":{"start":{"line":211,"column":2},"end":{"line":218,"column":null}},"55":{"start":{"line":212,"column":4},"end":{"line":212,"column":null}},"56":{"start":{"line":214,"column":4},"end":{"line":217,"column":null}},"57":{"start":{"line":222,"column":2},"end":{"line":227,"column":null}},"58":{"start":{"line":223,"column":20},"end":{"line":223,"column":null}},"59":{"start":{"line":224,"column":4},"end":{"line":226,"column":null}},"60":{"start":{"line":225,"column":6},"end":{"line":225,"column":null}},"61":{"start":{"line":229,"column":2},"end":{"line":237,"column":null}},"62":{"start":{"line":249,"column":21},"end":{"line":249,"column":null}},"63":{"start":{"line":250,"column":2},"end":{"line":252,"column":null}},"64":{"start":{"line":251,"column":4},"end":{"line":251,"column":null}},"65":{"start":{"line":254,"column":19},"end":{"line":254,"column":null}},"66":{"start":{"line":255,"column":24},"end":{"line":255,"column":null}},"67":{"start":{"line":256,"column":19},"end":{"line":256,"column":null}},"68":{"start":{"line":259,"column":20},"end":{"line":259,"column":null}},"69":{"start":{"line":260,"column":27},"end":{"line":262,"column":null}},"70":{"start":{"line":261,"column":12},"end":{"line":261,"column":null}},"71":{"start":{"line":264,"column":2},"end":{"line":266,"column":null}},"72":{"start":{"line":265,"column":4},"end":{"line":265,"column":null}},"73":{"start":{"line":269,"column":19},"end":{"line":271,"column":null}},"74":{"start":{"line":270,"column":19},"end":{"line":270,"column":43}},"75":{"start":{"line":271,"column":16},"end":{"line":271,"column":25}},"76":{"start":{"line":273,"column":2},"end":{"line":273,"column":null}}},"fnMap":{"0":{"name":"extractStatusCode","decl":{"start":{"line":35,"column":9},"end":{"line":35,"column":27}},"loc":{"start":{"line":35,"column":52},"end":{"line":39,"column":null}},"line":35},"1":{"name":"findTransition","decl":{"start":{"line":48,"column":15},"end":{"line":48,"column":null}},"loc":{"start":{"line":52,"column":38},"end":{"line":70,"column":null}},"line":52},"2":{"name":"(anonymous_2)","decl":{"start":{"line":57,"column":4},"end":{"line":57,"column":5}},"loc":{"start":{"line":57,"column":12},"end":{"line":57,"column":null}},"line":57},"3":{"name":"(anonymous_3)","decl":{"start":{"line":66,"column":4},"end":{"line":66,"column":5}},"loc":{"start":{"line":66,"column":11},"end":{"line":66,"column":null}},"line":66},"4":{"name":"createDocument","decl":{"start":{"line":79,"column":15},"end":{"line":79,"column":null}},"loc":{"start":{"line":83,"column":20},"end":{"line":108,"column":null}},"line":83},"5":{"name":"validateTransition","decl":{"start":{"line":116,"column":22},"end":{"line":116,"column":null}},"loc":{"start":{"line":119,"column":49},"end":{"line":141,"column":null}},"line":119},"6":{"name":"executeTransition","decl":{"start":{"line":150,"column":22},"end":{"line":150,"column":null}},"loc":{"start":{"line":154,"column":29},"end":{"line":238,"column":null}},"line":154},"7":{"name":"updateTaskStatus","decl":{"start":{"line":189,"column":11},"end":{"line":189,"column":28}},"loc":{"start":{"line":189,"column":51},"end":{"line":203,"column":null}},"line":189},"8":{"name":"getAvailableCommands","decl":{"start":{"line":245,"column":22},"end":{"line":245,"column":null}},"loc":{"start":{"line":247,"column":21},"end":{"line":274,"column":null}},"line":247},"9":{"name":"(anonymous_9)","decl":{"start":{"line":261,"column":4},"end":{"line":261,"column":5}},"loc":{"start":{"line":261,"column":12},"end":{"line":261,"column":null}},"line":261},"10":{"name":"(anonymous_10)","decl":{"start":{"line":270,"column":12},"end":{"line":270,"column":13}},"loc":{"start":{"line":270,"column":19},"end":{"line":270,"column":43}},"line":270},"11":{"name":"(anonymous_11)","decl":{"start":{"line":271,"column":9},"end":{"line":271,"column":10}},"loc":{"start":{"line":271,"column":16},"end":{"line":271,"column":25}},"line":271}},"branchMap":{"0":{"loc":{"start":{"line":36,"column":2},"end":{"line":36,"column":null}},"type":"if","locations":[{"start":{"line":36,"column":2},"end":{"line":36,"column":null}},{"start":{},"end":{}}],"line":36},"1":{"loc":{"start":{"line":38,"column":9},"end":{"line":38,"column":null}},"type":"cond-expr","locations":[{"start":{"line":38,"column":17},"end":{"line":38,"column":28}},{"start":{"line":38,"column":28},"end":{"line":38,"column":null}}],"line":38},"2":{"loc":{"start":{"line":60,"column":2},"end":{"line":62,"column":null}},"type":"if","locations":[{"start":{"line":60,"column":2},"end":{"line":62,"column":null}},{"start":{},"end":{}}],"line":60},"3":{"loc":{"start":{"line":66,"column":11},"end":{"line":66,"column":null}},"type":"binary-expr","locations":[{"start":{"line":66,"column":11},"end":{"line":66,"column":39}},{"start":{"line":66,"column":39},"end":{"line":66,"column":null}}],"line":66},"4":{"loc":{"start":{"line":69,"column":9},"end":{"line":69,"column":null}},"type":"binary-expr","locations":[{"start":{"line":69,"column":9},"end":{"line":69,"column":23}},{"start":{"line":69,"column":23},"end":{"line":69,"column":null}}],"line":69},"5":{"loc":{"start":{"line":90,"column":2},"end":{"line":92,"column":null}},"type":"if","locations":[{"start":{"line":90,"column":2},"end":{"line":92,"column":null}},{"start":{},"end":{}}],"line":90},"6":{"loc":{"start":{"line":122,"column":2},"end":{"line":124,"column":null}},"type":"if","locations":[{"start":{"line":122,"column":2},"end":{"line":124,"column":null}},{"start":{},"end":{}}],"line":122},"7":{"loc":{"start":{"line":133,"column":2},"end":{"line":138,"column":null}},"type":"if","locations":[{"start":{"line":133,"column":2},"end":{"line":138,"column":null}},{"start":{},"end":{}}],"line":133},"8":{"loc":{"start":{"line":159,"column":2},"end":{"line":164,"column":null}},"type":"if","locations":[{"start":{"line":159,"column":2},"end":{"line":164,"column":null}},{"start":{},"end":{}}],"line":159},"9":{"loc":{"start":{"line":162,"column":6},"end":{"line":162,"column":null}},"type":"binary-expr","locations":[{"start":{"line":162,"column":6},"end":{"line":162,"column":28}},{"start":{"line":162,"column":28},"end":{"line":162,"column":null}}],"line":162},"10":{"loc":{"start":{"line":168,"column":2},"end":{"line":170,"column":null}},"type":"if","locations":[{"start":{"line":168,"column":2},"end":{"line":170,"column":null}},{"start":{},"end":{}}],"line":168},"11":{"loc":{"start":{"line":178,"column":2},"end":{"line":183,"column":null}},"type":"if","locations":[{"start":{"line":178,"column":2},"end":{"line":183,"column":null}},{"start":{},"end":{}}],"line":178},"12":{"loc":{"start":{"line":191,"column":6},"end":{"line":195,"column":null}},"type":"if","locations":[{"start":{"line":191,"column":6},"end":{"line":195,"column":null}},{"start":{},"end":{}}],"line":191},"13":{"loc":{"start":{"line":191,"column":10},"end":{"line":191,"column":54}},"type":"binary-expr","locations":[{"start":{"line":191,"column":10},"end":{"line":191,"column":32}},{"start":{"line":191,"column":32},"end":{"line":191,"column":54}}],"line":191},"14":{"loc":{"start":{"line":196,"column":6},"end":{"line":200,"column":null}},"type":"if","locations":[{"start":{"line":196,"column":6},"end":{"line":200,"column":null}},{"start":{},"end":{}}],"line":196},"15":{"loc":{"start":{"line":196,"column":10},"end":{"line":196,"column":53}},"type":"binary-expr","locations":[{"start":{"line":196,"column":10},"end":{"line":196,"column":27}},{"start":{"line":196,"column":27},"end":{"line":196,"column":53}}],"line":196},"16":{"loc":{"start":{"line":197,"column":8},"end":{"line":199,"column":null}},"type":"if","locations":[{"start":{"line":197,"column":8},"end":{"line":199,"column":null}},{"start":{},"end":{}}],"line":197},"17":{"loc":{"start":{"line":206,"column":2},"end":{"line":208,"column":null}},"type":"if","locations":[{"start":{"line":206,"column":2},"end":{"line":208,"column":null}},{"start":{},"end":{}}],"line":206},"18":{"loc":{"start":{"line":216,"column":25},"end":{"line":216,"column":81}},"type":"cond-expr","locations":[{"start":{"line":216,"column":50},"end":{"line":216,"column":66}},{"start":{"line":216,"column":66},"end":{"line":216,"column":81}}],"line":216},"19":{"loc":{"start":{"line":222,"column":2},"end":{"line":227,"column":null}},"type":"if","locations":[{"start":{"line":222,"column":2},"end":{"line":227,"column":null}},{"start":{},"end":{}}],"line":222},"20":{"loc":{"start":{"line":224,"column":4},"end":{"line":226,"column":null}},"type":"if","locations":[{"start":{"line":224,"column":4},"end":{"line":226,"column":null}},{"start":{},"end":{}}],"line":224},"21":{"loc":{"start":{"line":250,"column":2},"end":{"line":252,"column":null}},"type":"if","locations":[{"start":{"line":250,"column":2},"end":{"line":252,"column":null}},{"start":{},"end":{}}],"line":250},"22":{"loc":{"start":{"line":264,"column":2},"end":{"line":266,"column":null}},"type":"if","locations":[{"start":{"line":264,"column":2},"end":{"line":266,"column":null}},{"start":{},"end":{}}],"line":264}},"s":{"0":0,"1":0,"2":0,"3":0,"4":0,"5":0,"6":0,"7":0,"8":0,"9":0,"10":0,"11":0,"12":0,"13":0,"14":0,"15":0,"16":0,"17":0,"18":0,"19":0,"20":0,"21":0,"22":0,"23":0,"24":0,"25":0,"26":0,"27":0,"28":0,"29":0,"30":0,"31":0,"32":0,"33":0,"34":0,"35":0,"36":0,"37":0,"38":0,"39":0,"40":0,"41":0,"42":0,"43":0,"44":0,"45":0,"46":0,"47":0,"48":0,"49":0,"50":0,"51":0,"52":0,"53":0,"54":0,"55":0,"56":0,"57":0,"58":0,"59":0,"60":0,"61":0,"62":0,"63":0,"64":0,"65":0,"66":0,"67":0,"68":0,"69":0,"70":0,"71":0,"72":0,"73":0,"74":0,"75":0,"76":0},"f":{"0":0,"1":0,"2":0,"3":0,"4":0,"5":0,"6":0,"7":0,"8":0,"9":0,"10":0,"11":0},"b":{"0":[0,0],"1":[0,0],"2":[0,0],"3":[0,0],"4":[0,0],"5":[0,0],"6":[0,0],"7":[0,0],"8":[0,0],"9":[0,0],"10":[0,0],"11":[0,0],"12":[0,0],"13":[0,0],"14":[0,0],"15":[0,0],"16":[0,0],"17":[0,0],"18":[0,0],"19":[0,0],"20":[0,0],"21":[0,0],"22":[0,0]},"meta":{"lastBranch":23,"lastFunction":12,"lastStatement":77,"seen":{"f:35:9:35:27":0,"b:36:2:36:Infinity:undefined:undefined:undefined:undefined":0,"s:36:2:36:Infinity":0,"s:36:15:36:Infinity":1,"s:37:16:37:Infinity":2,"s:38:2:38:Infinity":3,"b:38:17:38:28:38:28:38:Infinity":1,"f:48:15:48:Infinity":1,"s:53:20:53:Infinity":4,"s:56:27:58:Infinity":5,"f:57:4:57:5":2,"s:57:12:57:Infinity":6,"b:60:2:62:Infinity:undefined:undefined:undefined:undefined":2,"s:60:2:62:Infinity":7,"s:61:4:61:Infinity":8,"s:65:21:67:Infinity":9,"f:66:4:66:5":3,"s:66:11:66:Infinity":10,"b:66:11:66:39:66:39:66:Infinity":3,"s:69:2:69:Infinity":11,"b:69:9:69:23:69:23:69:Infinity":4,"f:79:15:79:Infinity":4,"s:84:8:84:Infinity":12,"s:85:2:85:Infinity":13,"s:87:8:87:Infinity":14,"b:90:2:92:Infinity:undefined:undefined:undefined:undefined":5,"s:90:2:92:Infinity":15,"s:91:4:91:Infinity":16,"s:95:25:98:Infinity":17,"s:107:2:107:Infinity":18,"f:116:22:116:Infinity":5,"s:121:21:121:Infinity":19,"b:122:2:124:Infinity:undefined:undefined:undefined:undefined":6,"s:122:2:124:Infinity":20,"s:123:4:123:Infinity":21,"s:126:19:126:Infinity":22,"s:127:24:127:Infinity":23,"s:128:19:128:Infinity":24,"s:131:21:131:Infinity":25,"b:133:2:138:Infinity:undefined:undefined:undefined:undefined":7,"s:133:2:138:Infinity":26,"s:134:4:137:Infinity":27,"s:140:2:140:Infinity":28,"f:150:22:150:Infinity":6,"s:155:8:155:Infinity":29,"s:158:21:158:Infinity":30,"b:159:2:164:Infinity:undefined:undefined:undefined:undefined":8,"s:159:2:164:Infinity":31,"s:160:4:163:Infinity":32,"b:162:6:162:28:162:28:162:Infinity":9,"s:167:21:167:Infinity":33,"b:168:2:170:Infinity:undefined:undefined:undefined:undefined":10,"s:168:2:170:Infinity":34,"s:169:4:169:Infinity":35,"s:172:30:172:Infinity":36,"s:173:24:173:Infinity":37,"s:174:19:174:Infinity":38,"s:177:21:177:Infinity":39,"b:178:2:183:Infinity:undefined:undefined:undefined:undefined":11,"s:178:2:183:Infinity":40,"s:179:4:182:Infinity":41,"s:186:29:186:Infinity":42,"f:189:11:189:28":7,"s:190:4:201:Infinity":43,"b:191:6:195:Infinity:undefined:undefined:undefined:undefined":12,"s:191:6:195:Infinity":44,"b:191:10:191:32:191:32:191:54":13,"s:193:8:193:Infinity":45,"s:194:8:194:Infinity":46,"b:196:6:200:Infinity:undefined:undefined:undefined:undefined":14,"s:196:6:200:Infinity":47,"b:196:10:196:27:196:27:196:53":15,"b:197:8:199:Infinity:undefined:undefined:undefined:undefined":16,"s:197:8:199:Infinity":48,"s:198:10:198:Infinity":49,"s:202:4:202:Infinity":50,"s:205:18:205:Infinity":51,"b:206:2:208:Infinity:undefined:undefined:undefined:undefined":17,"s:206:2:208:Infinity":52,"s:207:4:207:Infinity":53,"s:211:2:218:Infinity":54,"s:212:4:212:Infinity":55,"s:214:4:217:Infinity":56,"b:216:50:216:66:216:66:216:81":18,"b:222:2:227:Infinity:undefined:undefined:undefined:undefined":19,"s:222:2:227:Infinity":57,"s:223:20:223:Infinity":58,"b:224:4:226:Infinity:undefined:undefined:undefined:undefined":20,"s:224:4:226:Infinity":59,"s:225:6:225:Infinity":60,"s:229:2:237:Infinity":61,"f:245:22:245:Infinity":8,"s:249:21:249:Infinity":62,"b:250:2:252:Infinity:undefined:undefined:undefined:undefined":21,"s:250:2:252:Infinity":63,"s:251:4:251:Infinity":64,"s:254:19:254:Infinity":65,"s:255:24:255:Infinity":66,"s:256:19:256:Infinity":67,"s:259:20:259:Infinity":68,"s:260:27:262:Infinity":69,"f:261:4:261:5":9,"s:261:12:261:Infinity":70,"b:264:2:266:Infinity:undefined:undefined:undefined:undefined":22,"s:264:2:266:Infinity":71,"s:265:4:265:Infinity":72,"s:269:19:271:Infinity":73,"f:270:12:270:13":10,"s:270:19:270:43":74,"f:271:9:271:10":11,"s:271:16:271:25":75,"s:273:2:273:Infinity":76}}},"C:\\project\\jjiban\\server\\utils\\index.ts":{"path":"C:\\project\\jjiban\\server\\utils\\index.ts","statementMap":{},"fnMap":{},"branchMap":{},"s":{},"f":{},"b":{},"meta":{"lastBranch":0,"lastFunction":0,"lastStatement":0,"seen":{}}},"C:\\project\\jjiban\\server\\utils\\wbs\\index.ts":{"path":"C:\\project\\jjiban\\server\\utils\\wbs\\index.ts","statementMap":{},"fnMap":{},"branchMap":{},"s":{},"f":{},"b":{},"meta":{"lastBranch":0,"lastFunction":0,"lastStatement":0,"seen":{}}},"C:\\project\\jjiban\\server\\utils\\workflow\\index.ts":{"path":"C:\\project\\jjiban\\server\\utils\\workflow\\index.ts","statementMap":{},"fnMap":{},"branchMap":{},"s":{},"f":{},"b":{},"meta":{"lastBranch":0,"lastFunction":0,"lastStatement":0,"seen":{}}},"C:\\project\\jjiban\\server\\utils\\projects\\types.ts":{"path":"C:\\project\\jjiban\\server\\utils\\projects\\types.ts","statementMap":{},"fnMap":{},"branchMap":{},"s":{},"f":{},"b":{},"meta":{"lastBranch":0,"lastFunction":0,"lastStatement":0,"seen":{}}},"C:\\project\\jjiban\\server\\utils\\wbs\\parser\\types.ts":{"path":"C:\\project\\jjiban\\server\\utils\\wbs\\parser\\types.ts","statementMap":{},"fnMap":{},"branchMap":{},"s":{},"f":{},"b":{},"meta":{"lastBranch":0,"lastFunction":0,"lastStatement":0,"seen":{}}},"C:\\project\\jjiban\\server\\utils\\validators\\projectValidators.ts":{"path":"C:\\project\\jjiban\\server\\utils\\validators\\projectValidators.ts","statementMap":{"0":{"start":{"line":14,"column":24},"end":{"line":18,"column":null}},"1":{"start":{"line":23,"column":35},"end":{"line":32,"column":null}},"2":{"start":{"line":28,"column":21},"end":{"line":28,"column":null}},"3":{"start":{"line":38,"column":35},"end":{"line":50,"column":null}},"4":{"start":{"line":40,"column":21},"end":{"line":40,"column":null}},"5":{"start":{"line":46,"column":21},"end":{"line":46,"column":null}},"6":{"start":{"line":55,"column":25},"end":{"line":62,"column":null}},"7":{"start":{"line":67,"column":32},"end":{"line":69,"column":null}}},"fnMap":{"0":{"name":"(anonymous_0)","decl":{"start":{"line":28,"column":14},"end":{"line":28,"column":21}},"loc":{"start":{"line":28,"column":21},"end":{"line":28,"column":null}},"line":28},"1":{"name":"(anonymous_1)","decl":{"start":{"line":40,"column":14},"end":{"line":40,"column":21}},"loc":{"start":{"line":40,"column":21},"end":{"line":40,"column":null}},"line":40},"2":{"name":"(anonymous_2)","decl":{"start":{"line":46,"column":14},"end":{"line":46,"column":21}},"loc":{"start":{"line":46,"column":21},"end":{"line":46,"column":null}},"line":46}},"branchMap":{},"s":{"0":0,"1":0,"2":0,"3":0,"4":0,"5":0,"6":0,"7":0},"f":{"0":0,"1":0,"2":0},"b":{},"meta":{"lastBranch":0,"lastFunction":3,"lastStatement":8,"seen":{"s:14:24:18:Infinity":0,"s:23:35:32:Infinity":1,"f:28:14:28:21":0,"s:28:21:28:Infinity":2,"s:38:35:50:Infinity":3,"f:40:14:40:21":1,"s:40:21:40:Infinity":4,"f:46:14:46:21":2,"s:46:21:46:Infinity":5,"s:55:25:62:Infinity":6,"s:67:32:69:Infinity":7}}}}}