
[1m[46m RUN [49m[22m [36mv4.0.15 [39m[90mC:/project/jjiban[39m

 [31mÃ—[39m tests/unit/services/projectsListService.test.ts[2m > [22mProjectsListService[2m > [22mgetProjectsList[2m > [22mUT-001: should return project list with default config[32m 6[2mms[22m[39m
[31m   â†’ __vite_ssr_import_0__.vi.mocked(...).mockResolvedValue is not a function[39m
 [31mÃ—[39m tests/unit/services/projectsListService.test.ts[2m > [22mProjectsListService[2m > [22mgetProjectsList[2m > [22mUT-001a: should return empty list when no projects.json exists[32m 1[2mms[22m[39m
[31m   â†’ __vite_ssr_import_0__.vi.mocked(...).mockRejectedValue is not a function[39m
 [31mÃ—[39m tests/unit/services/projectsListService.test.ts[2m > [22mProjectsListService[2m > [22mgetProjectsList[2m > [22mUT-001b: should filter by status when statusFilter is provided[32m 1[2mms[22m[39m
[31m   â†’ __vite_ssr_import_0__.vi.mocked(...).mockResolvedValue is not a function[39m
 [31mÃ—[39m tests/unit/services/projectsListService.test.ts[2m > [22mProjectsListService[2m > [22misProjectIdDuplicate[2m > [22mshould return true for existing project ID[32m 1[2mms[22m[39m
[31m   â†’ __vite_ssr_import_0__.vi.mocked(...).mockResolvedValue is not a function[39m
 [31mÃ—[39m tests/unit/services/projectsListService.test.ts[2m > [22mProjectsListService[2m > [22misProjectIdDuplicate[2m > [22mshould return false for non-existing project ID[32m 0[2mms[22m[39m
[31m   â†’ __vite_ssr_import_0__.vi.mocked(...).mockResolvedValue is not a function[39m
 [31mÃ—[39m tests/unit/services/projectsListService.test.ts[2m > [22mProjectsListService[2m > [22maddProjectToList[2m > [22mshould add project to list successfully[32m 1[2mms[22m[39m
[31m   â†’ __vite_ssr_import_0__.vi.mocked(...).mockResolvedValue is not a function[39m
 [31mÃ—[39m tests/unit/services/projectsListService.test.ts[2m > [22mProjectsListService[2m > [22maddProjectToList[2m > [22mshould throw error on duplicate project ID[32m 1[2mms[22m[39m
[31m   â†’ __vite_ssr_import_0__.vi.mocked(...).mockResolvedValue is not a function[39m
 [31mÃ—[39m tests/unit/services/projectsListService.test.ts[2m > [22mProjectsListService[2m > [22msetDefaultProject[2m > [22mUT-009: should throw on invalid (non-existent) project ID[32m 0[2mms[22m[39m
[31m   â†’ __vite_ssr_import_0__.vi.mocked(...).mockResolvedValue is not a function[39m
 [31mÃ—[39m tests/unit/services/projectsListService.test.ts[2m > [22mProjectsListService[2m > [22msetDefaultProject[2m > [22mshould set default project successfully for valid ID[32m 1[2mms[22m[39m
[31m   â†’ __vite_ssr_import_0__.vi.mocked(...).mockResolvedValue is not a function[39m
 [31mÃ—[39m tests/unit/services/projectsListService.test.ts[2m > [22mProjectsListService[2m > [22msetDefaultProject[2m > [22mshould allow setting default to null[32m 1[2mms[22m[39m
[31m   â†’ __vite_ssr_import_0__.vi.mocked(...).mockResolvedValue is not a function[39m
 [31mÃ—[39m tests/unit/services/teamService.test.ts[2m > [22mTeamService[2m > [22mgetTeam[2m > [22mUT-007: should return team members[32m 5[2mms[22m[39m
[31m   â†’ __vite_ssr_import_0__.vi.mocked(...).mockResolvedValue is not a function[39m
 [31mÃ—[39m tests/unit/services/teamService.test.ts[2m > [22mTeamService[2m > [22mgetTeam[2m > [22mshould return empty array when team.json does not exist[32m 1[2mms[22m[39m
[31m   â†’ __vite_ssr_import_0__.vi.mocked(...).mockRejectedValue is not a function[39m
 [31mÃ—[39m tests/unit/services/teamService.test.ts[2m > [22mTeamService[2m > [22mgetTeam[2m > [22mshould throw on file read error (non-ENOENT)[32m 1[2mms[22m[39m
[31m   â†’ __vite_ssr_import_0__.vi.mocked(...).mockRejectedValue is not a function[39m
 [32mâœ“[39m tests/unit/services/teamService.test.ts[2m > [22mTeamService[2m > [22mupdateTeam[2m > [22mUT-008: should throw on duplicate member ID[32m 4[2mms[22m[39m
 [31mÃ—[39m tests/unit/services/teamService.test.ts[2m > [22mTeamService[2m > [22mupdateTeam[2m > [22mshould update team successfully with unique member IDs[32m 1[2mms[22m[39m
[31m   â†’ __vite_ssr_import_0__.vi.mocked(...).mockResolvedValue is not a function[39m
 [31mÃ—[39m tests/unit/services/teamService.test.ts[2m > [22mTeamService[2m > [22mupdateTeam[2m > [22mshould handle empty team update[32m 0[2mms[22m[39m
[31m   â†’ __vite_ssr_import_0__.vi.mocked(...).mockResolvedValue is not a function[39m
 [31mÃ—[39m tests/unit/services/teamService.test.ts[2m > [22mTeamService[2m > [22mupdateTeam[2m > [22mshould throw on file write error[32m 1[2mms[22m[39m
[31m   â†’ __vite_ssr_import_0__.vi.mocked(...).mockRejectedValue is not a function[39m
 [31mÃ—[39m tests/unit/services/teamService.test.ts[2m > [22mTeamService[2m > [22mupdateTeam[2m > [22mshould preserve all member fields[32m 0[2mms[22m[39m
[31m   â†’ __vite_ssr_import_0__.vi.mocked(...).mockResolvedValue is not a function[39m
 [31mÃ—[39m tests/unit/services/projectService.test.ts[2m > [22mProjectService[2m > [22mgetProject[2m > [22mUT-002: should return project with team[32m 6[2mms[22m[39m
[31m   â†’ __vite_ssr_import_0__.vi.mocked(...).mockResolvedValue is not a function[39m
 [31mÃ—[39m tests/unit/services/projectService.test.ts[2m > [22mProjectService[2m > [22mgetProject[2m > [22mUT-010: should throw on non-existent project[32m 1[2mms[22m[39m
[31m   â†’ __vite_ssr_import_0__.vi.mocked(...).mockRejectedValue is not a function[39m
 [31mÃ—[39m tests/unit/services/projectService.test.ts[2m > [22mProjectService[2m > [22mgetProject[2m > [22mshould throw on file read error[32m 1[2mms[22m[39m
[31m   â†’ __vite_ssr_import_0__.vi.mocked(...).mockRejectedValue is not a function[39m
 [31mÃ—[39m tests/unit/services/projectService.test.ts[2m > [22mProjectService[2m > [22mcreateProject[2m > [22mUT-003: should create project with valid ID[32m 1[2mms[22m[39m
[31m   â†’ __vite_ssr_import_0__.vi.mocked(...).mockResolvedValue is not a function[39m
 [31mÃ—[39m tests/unit/services/projectService.test.ts[2m > [22mProjectService[2m > [22mcreateProject[2m > [22mshould create project with minimal fields[32m 0[2mms[22m[39m
[31m   â†’ __vite_ssr_import_0__.vi.mocked(...).mockResolvedValue is not a function[39m
 [31mÃ—[39m tests/unit/services/projectService.test.ts[2m > [22mProjectService[2m > [22mcreateProject[2m > [22mshould throw on file system error during creation[32m 0[2mms[22m[39m
[31m   â†’ __vite_ssr_import_0__.vi.mocked(...).mockRejectedValue is not a function[39m
 [31mÃ—[39m tests/unit/services/projectService.test.ts[2m > [22mProjectService[2m > [22mupdateProject[2m > [22mUT-005: should update project fields[32m 1[2mms[22m[39m
[31m   â†’ __vite_ssr_import_0__.vi.mocked(...).mockResolvedValue is not a function[39m
 [32mâœ“[39m tests/unit/services/projectService.test.ts[2m > [22mProjectService[2m > [22mupdateProject[2m > [22mUT-006: should throw on ID change attempt[32m 4[2mms[22m[39m
 [31mÃ—[39m tests/unit/services/projectService.test.ts[2m > [22mProjectService[2m > [22mupdateProject[2m > [22mshould preserve unchanged fields[32m 1[2mms[22m[39m
[31m   â†’ __vite_ssr_import_0__.vi.mocked(...).mockResolvedValue is not a function[39m
 [31mÃ—[39m tests/unit/services/projectService.test.ts[2m > [22mProjectService[2m > [22mupdateProject[2m > [22mshould throw on non-existent project[32m 1[2mms[22m[39m
[31m   â†’ __vite_ssr_import_0__.vi.mocked(...).mockRejectedValue is not a function[39m
[90mstderr[2m | tests/utils/wbs/parser.test.ts[2m > [22m[2mparseWbsMarkdown[2m > [22m[2mTC-005-006: should skip invalid headers and parse valid ones
[22m[39mOrphan node: TSK-01-02-01, missing parent: ACT-01-02

 [32mâœ“[39m tests/utils/wbs/parser.test.ts[2m > [22mparseNodeHeader[2m > [22mTC-001-001: should parse valid WP header[32m 3[2mms[22m[39m
 [32mâœ“[39m tests/utils/wbs/parser.test.ts[2m > [22mparseNodeHeader[2m > [22mTC-001-002: should parse valid ACT header (4-level)[32m 1[2mms[22m[39m
 [32mâœ“[39m tests/utils/wbs/parser.test.ts[2m > [22mparseNodeHeader[2m > [22mTC-001-003: should parse valid TSK header (4-level)[32m 0[2mms[22m[39m
 [32mâœ“[39m tests/utils/wbs/parser.test.ts[2m > [22mparseNodeHeader[2m > [22mTC-001-004: should parse valid TSK header (3-level)[32m 1[2mms[22m[39m
 [32mâœ“[39m tests/utils/wbs/parser.test.ts[2m > [22mparseNodeHeader[2m > [22mTC-001-005: should parse title with special characters[32m 0[2mms[22m[39m
 [32mâœ“[39m tests/utils/wbs/parser.test.ts[2m > [22mparseNodeHeader[2m > [22mTC-001-006: should parse title with Korean characters[32m 0[2mms[22m[39m
 [32mâœ“[39m tests/utils/wbs/parser.test.ts[2m > [22mparseNodeHeader[2m > [22mTC-001-007: should return null for invalid header format (missing colon)[32m 0[2mms[22m[39m
 [32mâœ“[39m tests/utils/wbs/parser.test.ts[2m > [22mparseNodeHeader[2m > [22mTC-001-008: should return null for invalid ID format[32m 0[2mms[22m[39m
 [32mâœ“[39m tests/utils/wbs/parser.test.ts[2m > [22mparseNodeHeader[2m > [22mTC-001-009: should return null for empty title[32m 0[2mms[22m[39m
 [32mâœ“[39m tests/utils/wbs/parser.test.ts[2m > [22mparseNodeHeader[2m > [22mTC-001-010: should return null for whitespace-only title[32m 0[2mms[22m[39m
 [32mâœ“[39m tests/utils/wbs/parser.test.ts[2m > [22mparseNodeAttributes[2m > [22mTC-002-001: should parse category attribute[32m 0[2mms[22m[39m
 [32mâœ“[39m tests/utils/wbs/parser.test.ts[2m > [22mparseNodeAttributes[2m > [22mTC-002-002: should parse status attribute and extract status code[32m 0[2mms[22m[39m
 [32mâœ“[39m tests/utils/wbs/parser.test.ts[2m > [22mparseNodeAttributes[2m > [22mTC-002-003: should parse priority attribute[32m 0[2mms[22m[39m
 [32mâœ“[39m tests/utils/wbs/parser.test.ts[2m > [22mparseNodeAttributes[2m > [22mTC-002-004: should parse assignee attribute[32m 0[2mms[22m[39m
 [32mâœ“[39m tests/utils/wbs/parser.test.ts[2m > [22mparseNodeAttributes[2m > [22mTC-002-005: should parse schedule attribute[32m 1[2mms[22m[39m
 [32mâœ“[39m tests/utils/wbs/parser.test.ts[2m > [22mparseNodeAttributes[2m > [22mTC-002-006: should parse tags attribute[32m 0[2mms[22m[39m
 [32mâœ“[39m tests/utils/wbs/parser.test.ts[2m > [22mparseNodeAttributes[2m > [22mTC-002-007: should parse depends attribute[32m 0[2mms[22m[39m
 [32mâœ“[39m tests/utils/wbs/parser.test.ts[2m > [22mparseNodeAttributes[2m > [22mTC-002-008: should parse requirements attribute (multi-line)[32m 0[2mms[22m[39m
 [32mâœ“[39m tests/utils/wbs/parser.test.ts[2m > [22mparseNodeAttributes[2m > [22mTC-002-009: should parse ref attribute[32m 0[2mms[22m[39m
 [32mâœ“[39m tests/utils/wbs/parser.test.ts[2m > [22mparseNodeAttributes[2m > [22mTC-002-010: should handle invalid category value[32m 0[2mms[22m[39m
 [32mâœ“[39m tests/utils/wbs/parser.test.ts[2m > [22mparseNodeAttributes[2m > [22mTC-002-011: should handle status without code[32m 0[2mms[22m[39m
 [32mâœ“[39m tests/utils/wbs/parser.test.ts[2m > [22mparseNodeAttributes[2m > [22mTC-002-012: should handle invalid date format[32m 0[2mms[22m[39m
 [32mâœ“[39m tests/utils/wbs/parser.test.ts[2m > [22mparseNodeAttributes[2m > [22mTC-002-013: should handle empty requirements[32m 0[2mms[22m[39m
 [32mâœ“[39m tests/utils/wbs/parser.test.ts[2m > [22mparseNodeAttributes[2m > [22mTC-002-014: should handle multiple depends[32m 0[2mms[22m[39m
 [32mâœ“[39m tests/utils/wbs/parser.test.ts[2m > [22mparseNodeAttributes[2m > [22mTC-002-015: should parse all attributes together[32m 1[2mms[22m[39m
 [32mâœ“[39m tests/utils/wbs/parser.test.ts[2m > [22mbuildTree[2m > [22mTC-003-001: should build 4-level tree (WP -> ACT -> TSK)[32m 2[2mms[22m[39m
 [32mâœ“[39m tests/utils/wbs/parser.test.ts[2m > [22mbuildTree[2m > [22mTC-003-002: should build 3-level tree (WP -> TSK)[32m 1[2mms[22m[39m
 [32mâœ“[39m tests/utils/wbs/parser.test.ts[2m > [22mbuildTree[2m > [22mTC-003-003: should build mixed tree (3-level + 4-level)[32m 1[2mms[22m[39m
 [32mâœ“[39m tests/utils/wbs/parser.test.ts[2m > [22mbuildTree[2m > [22mTC-003-004: should handle multiple WP as root nodes[32m 0[2mms[22m[39m
 [32mâœ“[39m tests/utils/wbs/parser.test.ts[2m > [22mbuildTree[2m > [22mTC-003-005: should handle multiple children[32m 0[2mms[22m[39m
 [32mâœ“[39m tests/utils/wbs/parser.test.ts[2m > [22mbuildTree[2m > [22mTC-003-006: should handle orphan node (missing parent)[32m 1[2mms[22m[39m
 [32mâœ“[39m tests/utils/wbs/parser.test.ts[2m > [22mcalculateProgress[2m > [22mTC-004-001: should calculate 100% when all tasks are completed[32m 0[2mms[22m[39m
 [32mâœ“[39m tests/utils/wbs/parser.test.ts[2m > [22mcalculateProgress[2m > [22mTC-004-002: should calculate 50% when half tasks are completed[32m 0[2mms[22m[39m
 [31mÃ—[39m tests/utils/wbs/parser.test.ts[2m > [22mcalculateProgress[2m > [22mTC-004-003: should calculate 0% when no tasks are completed[32m 10[2mms[22m[39m
[31m   â†’ expected 27 to be +0 // Object.is equality[39m
 [32mâœ“[39m tests/utils/wbs/parser.test.ts[2m > [22mcalculateProgress[2m > [22mTC-004-004: should calculate progress for nested structure[32m 0[2mms[22m[39m
 [32mâœ“[39m tests/utils/wbs/parser.test.ts[2m > [22mcalculateProgress[2m > [22mTC-004-005: should handle node without tasks[32m 0[2mms[22m[39m
 [32mâœ“[39m tests/utils/wbs/parser.test.ts[2m > [22mparseWbsMarkdown[2m > [22mTC-005-001: should parse complex wbs.md file[32m 2[2mms[22m[39m
 [32mâœ“[39m tests/utils/wbs/parser.test.ts[2m > [22mparseWbsMarkdown[2m > [22mTC-005-002: should return empty array for empty file[32m 0[2mms[22m[39m
 [32mâœ“[39m tests/utils/wbs/parser.test.ts[2m > [22mparseWbsMarkdown[2m > [22mTC-005-003: should parse 3-level structure[32m 1[2mms[22m[39m
 [32mâœ“[39m tests/utils/wbs/parser.test.ts[2m > [22mparseWbsMarkdown[2m > [22mTC-005-004: should parse 4-level structure[32m 1[2mms[22m[39m
 [32mâœ“[39m tests/utils/wbs/parser.test.ts[2m > [22mparseWbsMarkdown[2m > [22mTC-005-005: should return empty array for metadata only[32m 0[2mms[22m[39m
 [32mâœ“[39m tests/utils/wbs/parser.test.ts[2m > [22mparseWbsMarkdown[2m > [22mTC-005-006: should skip invalid headers and parse valid ones[32m 2[2mms[22m[39m
 [32mâœ“[39m tests/utils/wbs/parser.test.ts[2m > [22mparseWbsMarkdown[2m > [22mTC-005-007: should handle orphan nodes[32m 0[2mms[22m[39m
 [32mâœ“[39m tests/utils/wbs/parser.test.ts[2m > [22mparseWbsMarkdown[2m > [22mTC-005-008: should parse all 9 attributes correctly[32m 1[2mms[22m[39m
 [32mâœ“[39m tests/utils/wbs/parser.test.ts[2m > [22mPerformance[2m > [22mTC-006-001: should parse small wbs.md under 50ms[32m 0[2mms[22m[39m
 [32mâœ“[39m tests/utils/wbs/parser.test.ts[2m > [22mError Handling[2m > [22mTC-007-001: should skip invalid header format[32m 1[2mms[22m[39m
 [32mâœ“[39m tests/utils/wbs/parser.test.ts[2m > [22mError Handling[2m > [22mTC-007-002: should skip unknown ID pattern[32m 0[2mms[22m[39m
 [32mâœ“[39m tests/utils/wbs/parser.test.ts[2m > [22mError Handling[2m > [22mTC-007-003: should handle missing required attributes[32m 0[2mms[22m[39m
 [32mâœ“[39m tests/utils/wbs/parser.test.ts[2m > [22mError Handling[2m > [22mTC-007-007: should ignore empty lines[32m 0[2mms[22m[39m
 [32mâœ“[39m tests/utils/wbs/parser.test.ts[2m > [22mdetermineParentId[2m > [22mshould return null for WP node[32m 0[2mms[22m[39m
 [32mâœ“[39m tests/utils/wbs/parser.test.ts[2m > [22mdetermineParentId[2m > [22mshould return WP id for ACT node[32m 0[2mms[22m[39m
 [32mâœ“[39m tests/utils/wbs/parser.test.ts[2m > [22mdetermineParentId[2m > [22mshould return ACT id for 4-level TSK node[32m 0[2mms[22m[39m
 [32mâœ“[39m tests/utils/wbs/parser.test.ts[2m > [22mdetermineParentId[2m > [22mshould return WP id for 3-level TSK node[32m 0[2mms[22m[39m
 [31mÃ—[39m tests/utils/projects/api-integration.test.ts[2m > [22mProject Metadata Service - API Integration Tests[2m > [22mE2E-003: Project Creation Flow[2m > [22mshould create project with folder structure and files[32m 13[2mms[22m[39m
[31m   â†’ expected 0 to be greater than or equal to 2[39m
 [32mâœ“[39m tests/utils/projects/api-integration.test.ts[2m > [22mProject Metadata Service - API Integration Tests[2m > [22mE2E-003: Project Creation Flow[2m > [22mshould reject duplicate project ID (409 Conflict)[32m 6[2mms[22m[39m
 [32mâœ“[39m tests/utils/projects/api-integration.test.ts[2m > [22mProject Metadata Service - API Integration Tests[2m > [22mE2E-003: Project Creation Flow[2m > [22mshould reject invalid project ID format (400 Bad Request)[32m 2[2mms[22m[39m
 [32mâœ“[39m tests/utils/projects/api-integration.test.ts[2m > [22mProject Metadata Service - API Integration Tests[2m > [22mE2E-001: Project List Retrieval[2m > [22mshould return project list with correct structure[32m 2[2mms[22m[39m
 [32mâœ“[39m tests/utils/projects/api-integration.test.ts[2m > [22mProject Metadata Service - API Integration Tests[2m > [22mE2E-001: Project List Retrieval[2m > [22mshould support status filtering[32m 1[2mms[22m[39m
 [32mâœ“[39m tests/utils/projects/api-integration.test.ts[2m > [22mProject Metadata Service - API Integration Tests[2m > [22mE2E-002: Project Detail Retrieval[2m > [22mshould return project with team information[32m 2[2mms[22m[39m
 [32mâœ“[39m tests/utils/projects/api-integration.test.ts[2m > [22mProject Metadata Service - API Integration Tests[2m > [22mE2E-002: Project Detail Retrieval[2m > [22mshould throw 404 for non-existent project[32m 1[2mms[22m[39m
 [32mâœ“[39m tests/utils/projects/api-integration.test.ts[2m > [22mProject Metadata Service - API Integration Tests[2m > [22mE2E-004: Project Update Flow[2m > [22mshould update project fields successfully[32m 3[2mms[22m[39m
 [32mâœ“[39m tests/utils/projects/api-integration.test.ts[2m > [22mProject Metadata Service - API Integration Tests[2m > [22mE2E-004: Project Update Flow[2m > [22mshould reject ID change attempt (BR-002)[32m 0[2mms[22m[39m
 [32mâœ“[39m tests/utils/projects/api-integration.test.ts[2m > [22mProject Metadata Service - API Integration Tests[2m > [22mE2E-005: Team Management Flow[2m > [22mshould add and update team members successfully[32m 3[2mms[22m[39m
 [32mâœ“[39m tests/utils/projects/api-integration.test.ts[2m > [22mProject Metadata Service - API Integration Tests[2m > [22mE2E-005: Team Management Flow[2m > [22mshould reject duplicate team member IDs (BR-003)[32m 0[2mms[22m[39m
 [32mâœ“[39m tests/utils/projects/api-integration.test.ts[2m > [22mProject Metadata Service - API Integration Tests[2m > [22mE2E-005: Team Management Flow[2m > [22mshould allow removing team members[32m 2[2mms[22m[39m
 [32mâœ“[39m tests/utils/projects/api-integration.test.ts[2m > [22mProject Metadata Service - API Integration Tests[2m > [22mE2E-005: Team Management Flow[2m > [22mshould allow clearing all team members[32m 1[2mms[22m[39m
 [32mâœ“[39m tests/utils/projects/api-integration.test.ts[2m > [22mProject Metadata Service - API Integration Tests[2m > [22mIntegration: Complete Project Lifecycle[2m > [22mshould handle complete project lifecycle[32m 14[2mms[22m[39m
 [32mâœ“[39m tests/unit/components/wbs/detail/TaskHistory.test.ts[2m > [22mTaskHistory[2m > [22msortedHistory computed[2m > [22mshould sort history entries by timestamp descending (newest first)[32m 132[2mms[22m[39m
 [31mÃ—[39m tests/utils/projects/api-integration.test.ts[2m > [22mProject Metadata Service - API Integration Tests[2m > [22mError Handling and Edge Cases[2m > [22mshould handle empty project list gracefully[32m 31[2mms[22m[39m
[31m   â†’ expected [ Array(4) ] to deeply equal [][39m
 [32mâœ“[39m tests/utils/projects/api-integration.test.ts[2m > [22mProject Metadata Service - API Integration Tests[2m > [22mError Handling and Edge Cases[2m > [22mshould validate project ID format strictly[32m 47[2mms[22m[39m
 [32mâœ“[39m tests/utils/wbs/integration.test.ts[2m > [22mWBS Module Integration[2m > [22mScenario 1: Parse Real WBS File[2m > [22mshould parse real wbs.md without errors[32m 6[2mms[22m[39m
 [31mÃ—[39m tests/utils/wbs/integration.test.ts[2m > [22mWBS Module Integration[2m > [22mScenario 1: Parse Real WBS File[2m > [22mshould parse all Work Packages (WP)[32m 10[2mms[22m[39m
[31m   â†’ expected 8 to be 6 // Object.is equality[39m
 [32mâœ“[39m tests/utils/wbs/integration.test.ts[2m > [22mWBS Module Integration[2m > [22mScenario 1: Parse Real WBS File[2m > [22mshould parse nested ACT and TSK nodes[32m 1[2mms[22m[39m
 [32mâœ“[39m tests/utils/wbs/integration.test.ts[2m > [22mWBS Module Integration[2m > [22mScenario 1: Parse Real WBS File[2m > [22mshould parse Task attributes correctly[32m 0[2mms[22m[39m
 [32mâœ“[39m tests/utils/wbs/integration.test.ts[2m > [22mWBS Module Integration[2m > [22mScenario 2: Validate Parsed WBS[2m > [22mshould validate parsed WBS without errors[32m 4[2mms[22m[39m
 [32mâœ“[39m tests/utils/wbs/integration.test.ts[2m > [22mWBS Module Integration[2m > [22mScenario 2: Validate Parsed WBS[2m > [22mshould validate all node IDs[32m 1[2mms[22m[39m
 [32mâœ“[39m tests/utils/wbs/integration.test.ts[2m > [22mWBS Module Integration[2m > [22mScenario 2: Validate Parsed WBS[2m > [22mshould validate hierarchy relationships[32m 1[2mms[22m[39m
 [32mâœ“[39m tests/utils/wbs/integration.test.ts[2m > [22mWBS Module Integration[2m > [22mScenario 3: Serialize and Re-parse (Round-trip)[2m > [22mshould serialize parsed nodes to markdown[32m 2[2mms[22m[39m
 [32mâœ“[39m tests/utils/wbs/integration.test.ts[2m > [22mWBS Module Integration[2m > [22mScenario 3: Serialize and Re-parse (Round-trip)[2m > [22mshould re-parse serialized content successfully[32m 2[2mms[22m[39m
 [32mâœ“[39m tests/utils/wbs/integration.test.ts[2m > [22mWBS Module Integration[2m > [22mScenario 3: Serialize and Re-parse (Round-trip)[2m > [22mshould preserve WP count after round-trip[32m 0[2mms[22m[39m
 [32mâœ“[39m tests/utils/wbs/integration.test.ts[2m > [22mWBS Module Integration[2m > [22mScenario 3: Serialize and Re-parse (Round-trip)[2m > [22mshould preserve Task IDs after round-trip[32m 1[2mms[22m[39m
 [32mâœ“[39m tests/utils/wbs/integration.test.ts[2m > [22mWBS Module Integration[2m > [22mScenario 3: Serialize and Re-parse (Round-trip)[2m > [22mshould preserve critical Task attributes after round-trip[32m 0[2mms[22m[39m
 [32mâœ“[39m tests/utils/wbs/integration.test.ts[2m > [22mWBS Module Integration[2m > [22mScenario 4: Cross-module Validation[2m > [22mshould validate re-parsed nodes without errors[32m 2[2mms[22m[39m
 [32mâœ“[39m tests/utils/wbs/integration.test.ts[2m > [22mWBS Module Integration[2m > [22mScenario 4: Cross-module Validation[2m > [22mshould detect validation errors in corrupted data[32m 0[2mms[22m[39m
 [32mâœ“[39m tests/utils/wbs/integration.test.ts[2m > [22mWBS Module Integration[2m > [22mScenario 5: Performance[2m > [22mshould complete full pipeline within 100ms[32m 2[2mms[22m[39m
[90mstderr[2m | tests/utils/wbs/taskService.test.ts[2m > [22m[2mTaskService[2m > [22m[2mgetTaskDetail[2m > [22m[2mUT-TASK-01-01: ì¡´ìž¬í•˜ëŠ” Task ID - TaskDetail ë°˜í™˜
[22m[39m[ProjectsList] Skipping test-task-service: project.json not found or invalid

[90mstderr[2m | tests/utils/wbs/taskService.test.ts[2m > [22m[2mTaskService[2m > [22m[2mgetTaskDetail[2m > [22m[2mUT-TASK-01-02: documents ë°°ì—´ í¬í•¨
[22m[39m[ProjectsList] Skipping test-task-service: project.json not found or invalid

 [32mâœ“[39m tests/utils/projects/api-integration.test.ts[2m > [22mProject Metadata Service - API Integration Tests[2m > [22mError Handling and Edge Cases[2m > [22mshould accept valid project ID formats[32m 87[2mms[22m[39m
[90mstderr[2m | tests/utils/wbs/taskService.test.ts[2m > [22m[2mTaskService[2m > [22m[2mgetTaskDetail[2m > [22m[2mUT-TASK-01-03: history ë°°ì—´ í¬í•¨
[22m[39m[ProjectsList] Skipping test-task-service: project.json not found or invalid

[90mstderr[2m | tests/utils/wbs/taskService.test.ts[2m > [22m[2mTaskService[2m > [22m[2mgetTaskDetail[2m > [22m[2mUT-TASK-01-04: assignee ì •ë³´ í¬í•¨
[22m[39m[ProjectsList] Skipping test-task-service: project.json not found or invalid

 [32mâœ“[39m tests/unit/components/wbs/detail/TaskHistory.test.ts[2m > [22mTaskHistory[2m > [22msortedHistory computed[2m > [22mshould not mutate original history array[32m 24[2mms[22m[39m
 [32mâœ“[39m tests/unit/components/wbs/detail/TaskHistory.test.ts[2m > [22mTaskHistory[2m > [22msortedHistory computed[2m > [22mshould handle empty history array[32m 24[2mms[22m[39m
 [32mâœ“[39m tests/unit/components/wbs/detail/TaskHistory.test.ts[2m > [22mTaskHistory[2m > [22msortedHistory computed[2m > [22mshould handle single entry[32m 21[2mms[22m[39m
 [32mâœ“[39m tests/unit/components/wbs/detail/TaskHistory.test.ts[2m > [22mTaskHistory[2m > [22mgetEntryIcon method[2m > [22mshould return arrow-right icon for transition action[32m 22[2mms[22m[39m
 [32mâœ“[39m tests/unit/components/wbs/detail/TaskHistory.test.ts[2m > [22mTaskHistory[2m > [22mgetEntryIcon method[2m > [22mshould return pencil icon for update action[32m 25[2mms[22m[39m
 [31mÃ—[39m tests/utils/wbs/taskService.test.ts[2m > [22mTaskService[2m > [22mgetTaskDetail[2m > [22mUT-TASK-01-01: ì¡´ìž¬í•˜ëŠ” Task ID - TaskDetail ë°˜í™˜[32m 34[2mms[22m[39m
[31m   â†’ Taskë¥¼ ì°¾ì„ ìˆ˜ ì—†ìŠµë‹ˆë‹¤: TSK-01-01[39m
 [31mÃ—[39m tests/utils/wbs/taskService.test.ts[2m > [22mTaskService[2m > [22mgetTaskDetail[2m > [22mUT-TASK-01-02: documents ë°°ì—´ í¬í•¨[32m 16[2mms[22m[39m
[31m   â†’ Taskë¥¼ ì°¾ì„ ìˆ˜ ì—†ìŠµë‹ˆë‹¤: TSK-01-01[39m
 [31mÃ—[39m tests/utils/wbs/taskService.test.ts[2m > [22mTaskService[2m > [22mgetTaskDetail[2m > [22mUT-TASK-01-03: history ë°°ì—´ í¬í•¨[32m 19[2mms[22m[39m
[31m   â†’ Taskë¥¼ ì°¾ì„ ìˆ˜ ì—†ìŠµë‹ˆë‹¤: TSK-01-01[39m
 [31mÃ—[39m tests/utils/wbs/taskService.test.ts[2m > [22mTaskService[2m > [22mgetTaskDetail[2m > [22mUT-TASK-01-04: assignee ì •ë³´ í¬í•¨[32m 21[2mms[22m[39m
[31m   â†’ Taskë¥¼ ì°¾ì„ ìˆ˜ ì—†ìŠµë‹ˆë‹¤: TSK-01-01[39m
[90mstderr[2m | tests/utils/wbs/taskService.test.ts[2m > [22m[2mTaskService[2m > [22m[2mgetTaskDetail[2m > [22m[2mUT-TASK-01-05: ì¡´ìž¬í•˜ì§€ ì•ŠëŠ” Task ID - TASK_NOT_FOUND
[22m[39m[ProjectsList] Skipping test-task-service: project.json not found or invalid

[90mstderr[2m | tests/utils/wbs/taskService.test.ts[2m > [22m[2mTaskService[2m > [22m[2mupdateTask[2m > [22m[2mUT-TASK-02-01: title ìˆ˜ì • ì„±ê³µ
[22m[39m[ProjectsList] Skipping test-task-service: project.json not found or invalid

[90mstderr[2m | tests/utils/workflow/transitionService.test.ts[2m > [22m[2mTransitionService[2m > [22m[2mgetAvailableCommands[2m > [22m[2mTC-005-1: defect [ ] â†’ [start]
[22m[39m[ProjectsList] Skipping test-task-service: project.json not found or invalid

[90mstderr[2m | tests/utils/workflow/transitionService.test.ts[2m > [22m[2mTransitionService[2m > [22m[2mgetAvailableCommands[2m > [22m[2mTC-006-1: infrastructure [ ] â†’ [start, skip]
[22m[39m[ProjectsList] Skipping test-task-service: project.json not found or invalid

[90mstderr[2m | tests/utils/workflow/transitionService.test.ts[2m > [22m[2mTransitionService[2m > [22m[2mexecuteTransition[2m > [22m[2mTC-008: success with document creation
[22m[39m[ProjectsList] Skipping test-task-service: project.json not found or invalid

[90mstderr[2m | tests/utils/workflow/transitionService.test.ts[2m > [22m[2mTransitionService[2m > [22m[2mexecuteTransition[2m > [22m[2mTC-009: fails on invalid transition
[22m[39m[ProjectsList] Skipping test-task-service: project.json not found or invalid

 [31mÃ—[39m tests/utils/workflow/transitionService.test.ts[2m > [22mTransitionService[2m > [22mvalidateTransition[2m > [22mTC-001: valid development transition [ ] â†’ [bd][32m 19[2mms[22m[39m
[31m   â†’ expected false to be true // Object.is equality[39m
 [32mâœ“[39m tests/utils/workflow/transitionService.test.ts[2m > [22mTransitionService[2m > [22mvalidateTransition[2m > [22mTC-002: invalid transition [vf] â†’ [dd][32m 0[2mms[22m[39m
 [32mâœ“[39m tests/utils/workflow/transitionService.test.ts[2m > [22mTransitionService[2m > [22mvalidateTransition[2m > [22mTC-003: Task not found[32m 5[2mms[22m[39m
 [31mÃ—[39m tests/utils/workflow/transitionService.test.ts[2m > [22mTransitionService[2m > [22mgetAvailableCommands[2m > [22mTC-004-1: development [ ] â†’ [start][32m 5[2mms[22m[39m
[31m   â†’ expected [] to include 'start'[39m
 [31mÃ—[39m tests/utils/workflow/transitionService.test.ts[2m > [22mTransitionService[2m > [22mgetAvailableCommands[2m > [22mTC-005-1: defect [ ] â†’ [start][32m 5[2mms[22m[39m
[31m   â†’ expected [] to include 'start'[39m
 [31mÃ—[39m tests/utils/workflow/transitionService.test.ts[2m > [22mTransitionService[2m > [22mgetAvailableCommands[2m > [22mTC-006-1: infrastructure [ ] â†’ [start, skip][32m 6[2mms[22m[39m
[31m   â†’ expected 0 to be greater than 0[39m
 [32mâœ“[39m tests/utils/workflow/transitionService.test.ts[2m > [22mTransitionService[2m > [22mexecuteTransition[2m > [22mTC-007: success without document creation[32m 0[2mms[22m[39m
 [32mâœ“[39m tests/utils/workflow/transitionService.test.ts[2m > [22mTransitionService[2m > [22mexecuteTransition[2m > [22mTC-008: success with document creation[32m 5[2mms[22m[39m
 [32mâœ“[39m tests/utils/workflow/transitionService.test.ts[2m > [22mTransitionService[2m > [22mexecuteTransition[2m > [22mTC-009: fails on invalid transition[32m 5[2mms[22m[39m
 [32mâœ“[39m tests/utils/wbs/taskService.test.ts[2m > [22mTaskService[2m > [22mgetTaskDetail[2m > [22mUT-TASK-01-05: ì¡´ìž¬í•˜ì§€ ì•ŠëŠ” Task ID - TASK_NOT_FOUND[32m 25[2mms[22m[39m
 [31mÃ—[39m tests/utils/wbs/taskService.test.ts[2m > [22mTaskService[2m > [22mupdateTask[2m > [22mUT-TASK-02-01: title ìˆ˜ì • ì„±ê³µ[32m 60[2mms[22m[39m
[31m   â†’ Taskë¥¼ ì°¾ì„ ìˆ˜ ì—†ìŠµë‹ˆë‹¤: TSK-01-01[39m
 [32mâœ“[39m tests/unit/components/wbs/detail/TaskHistory.test.ts[2m > [22mTaskHistory[2m > [22mgetEntryIcon method[2m > [22mshould return bolt icon for action type[32m 12[2mms[22m[39m
 [31mÃ—[39m tests/unit/components/wbs/detail/TaskHistory.test.ts[2m > [22mTaskHistory[2m > [22mgetEntryIcon method[2m > [22mshould return info-circle icon for unknown action[32m 27[2mms[22m[39m
[31m   â†’ expected 'pi pi-circle' to be 'pi pi-info-circle' // Object.is equality[39m
 [32mâœ“[39m tests/unit/components/wbs/detail/TaskHistory.test.ts[2m > [22mTaskHistory[2m > [22mgetEntryColor method[2m > [22mshould return blue for transition[32m 19[2mms[22m[39m
 [32mâœ“[39m tests/unit/components/wbs/detail/TaskHistory.test.ts[2m > [22mTaskHistory[2m > [22mgetEntryColor method[2m > [22mshould return green for update[32m 14[2mms[22m[39m
 [31mÃ—[39m tests/unit/components/wbs/detail/TaskHistory.test.ts[2m > [22mTaskHistory[2m > [22mgetEntryColor method[2m > [22mshould return amber for action[32m 17[2mms[22m[39m
[31m   â†’ expected '#8b5cf6' to be '#f59e0b' // Object.is equality[39m
 [32mâœ“[39m tests/unit/components/wbs/detail/TaskHistory.test.ts[2m > [22mTaskHistory[2m > [22mgetEntryColor method[2m > [22mshould return gray for unknown action[32m 31[2mms[22m[39m
[90mstderr[2m | tests/utils/wbs/taskService.test.ts[2m > [22m[2mTaskService[2m > [22m[2mupdateTask[2m > [22m[2mUT-TASK-02-02: priority ìˆ˜ì • ì„±ê³µ
[22m[39m[ProjectsList] Skipping test-task-service: project.json not found or invalid

 [32mâœ“[39m tests/unit/components/wbs/detail/TaskHistory.test.ts[2m > [22mTaskHistory[2m > [22mgetEntryTitle method[2m > [22mshould return "ìƒíƒœ ì „ì´" for transition[32m 25[2mms[22m[39m
 [32mâœ“[39m tests/unit/components/wbs/detail/TaskHistory.test.ts[2m > [22mTaskHistory[2m > [22mgetEntryTitle method[2m > [22mshould return "ì •ë³´ ìˆ˜ì •" for update[32m 12[2mms[22m[39m
 [32mâœ“[39m tests/unit/components/wbs/detail/TaskHistory.test.ts[2m > [22mTaskHistory[2m > [22mgetEntryTitle method[2m > [22mshould return "ì•¡ì…˜ ì‹¤í–‰" for action[32m 14[2mms[22m[39m
 [32mâœ“[39m tests/unit/components/wbs/detail/TaskHistory.test.ts[2m > [22mTaskHistory[2m > [22mgetEntryTitle method[2m > [22mshould return action value for unknown action[32m 18[2mms[22m[39m
 [32mâœ“[39m tests/unit/components/wbs/detail/TaskHistory.test.ts[2m > [22mTaskHistory[2m > [22mformatTimestamp method[2m > [22mshould format timestamp to Korean locale string[32m 16[2mms[22m[39m
 [32mâœ“[39m tests/unit/components/wbs/detail/TaskHistory.test.ts[2m > [22mTaskHistory[2m > [22mformatTimestamp method[2m > [22mshould return consistent format for multiple timestamps[32m 22[2mms[22m[39m
 [31mÃ—[39m tests/utils/wbs/taskService.test.ts[2m > [22mTaskService[2m > [22mupdateTask[2m > [22mUT-TASK-02-02: priority ìˆ˜ì • ì„±ê³µ[32m 153[2mms[22m[39m
[31m   â†’ Taskë¥¼ ì°¾ì„ ìˆ˜ ì—†ìŠµë‹ˆë‹¤: TSK-01-01[39m
 [32mâœ“[39m tests/unit/components/wbs/detail/TaskHistory.test.ts[2m > [22mTaskHistory[2m > [22mRendering[2m > [22mshould render timeline with correct data-testid[32m 21[2mms[22m[39m
 [32mâœ“[39m tests/unit/components/wbs/detail/TaskHistory.test.ts[2m > [22mTaskHistory[2m > [22mRendering[2m > [22mshould render history entries with correct data-testid[32m 24[2mms[22m[39m
 [32mâœ“[39m tests/unit/components/wbs/detail/TaskHistory.test.ts[2m > [22mTaskHistory[2m > [22mRendering[2m > [22mshould display transition information with previousStatus and newStatus[32m 22[2mms[22m[39m
 [32mâœ“[39m tests/unit/components/wbs/detail/TaskHistory.test.ts[2m > [22mTaskHistory[2m > [22mRendering[2m > [22mshould display command information when present[32m 14[2mms[22m[39m
 [32mâœ“[39m tests/unit/components/wbs/detail/TaskHistory.test.ts[2m > [22mTaskHistory[2m > [22mRendering[2m > [22mshould display document created information when present[32m 19[2mms[22m[39m
 [32mâœ“[39m tests/unit/components/wbs/detail/TaskHistory.test.ts[2m > [22mTaskHistory[2m > [22mRendering[2m > [22mshould display comment when present[32m 27[2mms[22m[39m
[90mstderr[2m | tests/utils/wbs/taskService.test.ts[2m > [22m[2mTaskService[2m > [22m[2mupdateTask[2m > [22m[2mUT-TASK-02-03: assignee ìˆ˜ì • ì„±ê³µ
[22m[39m[ProjectsList] Skipping test-task-service: project.json not found or invalid

 [32mâœ“[39m tests/unit/components/wbs/detail/TaskHistory.test.ts[2m > [22mTaskHistory[2m > [22mRendering[2m > [22mshould display user information when present[32m 16[2mms[22m[39m
 [32mâœ“[39m tests/unit/components/wbs/detail/TaskHistory.test.ts[2m > [22mTaskHistory[2m > [22mEmpty State[2m > [22mshould display message when no history exists[32m 18[2mms[22m[39m
 [32mâœ“[39m tests/unit/components/wbs/detail/TaskHistory.test.ts[2m > [22mTaskHistory[2m > [22mBackward Compatibility[2m > [22mshould handle legacy history format with from/to fields[32m 10[2mms[22m[39m
 [32mâœ“[39m tests/unit/components/wbs/detail/TaskHistory.test.ts[2m > [22mTaskHistory[2m > [22mBackward Compatibility[2m > [22mshould handle legacy user field[32m 11[2mms[22m[39m
[90mstderr[2m | tests/utils/wbs/taskService.test.ts[2m > [22m[2mTaskService[2m > [22m[2mupdateTask[2m > [22m[2mUT-TASK-02-04: ì¡´ìž¬í•˜ì§€ ì•ŠëŠ” Task ID - TASK_NOT_FOUND
[22m[39m[ProjectsList] Skipping test-task-service: project.json not found or invalid

 [31mÃ—[39m tests/utils/wbs/taskService.test.ts[2m > [22mTaskService[2m > [22mupdateTask[2m > [22mUT-TASK-02-03: assignee ìˆ˜ì • ì„±ê³µ[32m 211[2mms[22m[39m
[31m   â†’ Taskë¥¼ ì°¾ì„ ìˆ˜ ì—†ìŠµë‹ˆë‹¤: TSK-01-01[39m
[90mstderr[2m | tests/utils/wbs/taskService.test.ts[2m > [22m[2mTaskService[2m > [22m[2mupdateTask[2m > [22m[2mUT-TASK-02-05: ìœ íš¨í•˜ì§€ ì•Šì€ priority - VALIDATION_ERROR
[22m[39m[ProjectsList] Skipping test-task-service: project.json not found or invalid

[90mstderr[2m | tests/utils/wbs/taskService.test.ts[2m > [22m[2mTaskService[2m > [22m[2mHistoryEntry[2m > [22m[2mUT-TASK-03-01: Task ìˆ˜ì • ì‹œ ì´ë ¥ ê¸°ë¡
[22m[39m[ProjectsList] Skipping test-task-service: project.json not found or invalid

 [32mâœ“[39m tests/utils/wbs/taskService.test.ts[2m > [22mTaskService[2m > [22mupdateTask[2m > [22mUT-TASK-02-04: ì¡´ìž¬í•˜ì§€ ì•ŠëŠ” Task ID - TASK_NOT_FOUND[32m 259[2mms[22m[39m
 [31mÃ—[39m tests/utils/wbs/taskService.test.ts[2m > [22mTaskService[2m > [22mupdateTask[2m > [22mUT-TASK-02-05: ìœ íš¨í•˜ì§€ ì•Šì€ priority - VALIDATION_ERROR[32m 68[2mms[22m[39m
[31m   â†’ expected [Function] to throw error including 'ìœ íš¨í•˜ì§€ ì•Šì€ ìš°ì„ ìˆœìœ„' but got 'Taskë¥¼ ì°¾ì„ ìˆ˜ ì—†ìŠµë‹ˆë‹¤: TSK-01-01'[39m
 [31mÃ—[39m tests/utils/wbs/taskService.test.ts[2m > [22mTaskService[2m > [22mHistoryEntry[2m > [22mUT-TASK-03-01: Task ìˆ˜ì • ì‹œ ì´ë ¥ ê¸°ë¡[32m 22[2mms[22m[39m
[31m   â†’ Taskë¥¼ ì°¾ì„ ìˆ˜ ì—†ìŠµë‹ˆë‹¤: TSK-01-01[39m
[90mstderr[2m | tests/utils/wbs/taskService.test.ts[2m > [22m[2mTaskService[2m > [22m[2mHistoryEntry[2m > [22m[2mUT-TASK-03-03: timestamp ISO 8601 í˜•ì‹
[22m[39m[ProjectsList] Skipping test-task-service: project.json not found or invalid

 [31mÃ—[39m tests/utils/wbs/taskService.test.ts[2m > [22mTaskService[2m > [22mHistoryEntry[2m > [22mUT-TASK-03-03: timestamp ISO 8601 í˜•ì‹[32m 27[2mms[22m[39m
[31m   â†’ Taskë¥¼ ì°¾ì„ ìˆ˜ ì—†ìŠµë‹ˆë‹¤: TSK-01-01[39m
 [31mÃ—[39m tests/utils/settings/service.test.ts[2m > [22mSettings Service[2m > [22mtype-specific getters[2m > [22mUT-007: should return columns config[32m 5[2mms[22m[39m
[31m   â†’ __vi_import_1__.refreshCache is not a function[39m
 [31mÃ—[39m tests/utils/settings/service.test.ts[2m > [22mSettings Service[2m > [22mtype-specific getters[2m > [22mUT-008: should return categories config[32m 1[2mms[22m[39m
[31m   â†’ __vi_import_1__.refreshCache is not a function[39m
 [31mÃ—[39m tests/utils/settings/service.test.ts[2m > [22mSettings Service[2m > [22mtype-specific getters[2m > [22mUT-009: should return workflows and actions config[32m 1[2mms[22m[39m
[31m   â†’ __vi_import_1__.refreshCache is not a function[39m
 [31mÃ—[39m tests/utils/settings/service.test.ts[2m > [22mSettings Service[2m > [22mgetSettingsByType[2m > [22mshould return columns when type is columns[32m 1[2mms[22m[39m
[31m   â†’ __vi_import_1__.refreshCache is not a function[39m
 [31mÃ—[39m tests/utils/settings/service.test.ts[2m > [22mSettings Service[2m > [22mgetSettingsByType[2m > [22mshould return categories when type is categories[32m 1[2mms[22m[39m
[31m   â†’ __vi_import_1__.refreshCache is not a function[39m
 [31mÃ—[39m tests/utils/settings/service.test.ts[2m > [22mSettings Service[2m > [22mgetSettingsByType[2m > [22mshould return workflows when type is workflows[32m 0[2mms[22m[39m
[31m   â†’ __vi_import_1__.refreshCache is not a function[39m
 [31mÃ—[39m tests/utils/settings/service.test.ts[2m > [22mSettings Service[2m > [22mgetSettingsByType[2m > [22mshould return actions when type is actions[32m 0[2mms[22m[39m
[31m   â†’ __vi_import_1__.refreshCache is not a function[39m
 [31mÃ—[39m tests/utils/settings/service.test.ts[2m > [22mSettings Service[2m > [22misValidSettingsType[2m > [22mshould return true for valid types[32m 0[2mms[22m[39m
[31m   â†’ __vi_import_1__.refreshCache is not a function[39m
 [31mÃ—[39m tests/utils/settings/service.test.ts[2m > [22mSettings Service[2m > [22misValidSettingsType[2m > [22mUT-010: should return false for invalid types[32m 1[2mms[22m[39m
[31m   â†’ __vi_import_1__.refreshCache is not a function[39m
 [31mÃ—[39m tests/utils/settings/api.test.ts[2m > [22mSettings API Handler[2m > [22mtype validation[2m > [22mAT-001: should accept columns type[32m 5[2mms[22m[39m
[31m   â†’ __vite_ssr_import_0__.vi.mocked(...).mockRejectedValue is not a function[39m
 [31mÃ—[39m tests/utils/settings/api.test.ts[2m > [22mSettings API Handler[2m > [22mtype validation[2m > [22mAT-002: should accept categories type[32m 1[2mms[22m[39m
[31m   â†’ __vite_ssr_import_0__.vi.mocked(...).mockRejectedValue is not a function[39m
 [31mÃ—[39m tests/utils/settings/api.test.ts[2m > [22mSettings API Handler[2m > [22mtype validation[2m > [22mAT-003: should accept workflows type[32m 1[2mms[22m[39m
[31m   â†’ __vite_ssr_import_0__.vi.mocked(...).mockRejectedValue is not a function[39m
 [31mÃ—[39m tests/utils/settings/api.test.ts[2m > [22mSettings API Handler[2m > [22mtype validation[2m > [22mAT-004: should accept actions type[32m 0[2mms[22m[39m
[31m   â†’ __vite_ssr_import_0__.vi.mocked(...).mockRejectedValue is not a function[39m
 [31mÃ—[39m tests/utils/settings/api.test.ts[2m > [22mSettings API Handler[2m > [22mtype validation[2m > [22mshould reject invalid type[32m 1[2mms[22m[39m
[31m   â†’ __vite_ssr_import_0__.vi.mocked(...).mockRejectedValue is not a function[39m
 [31mÃ—[39m tests/utils/settings/api.test.ts[2m > [22mSettings API Handler[2m > [22mdefault settings structure[2m > [22mshould have correct columns structure[32m 0[2mms[22m[39m
[31m   â†’ __vite_ssr_import_0__.vi.mocked(...).mockRejectedValue is not a function[39m
 [31mÃ—[39m tests/utils/settings/api.test.ts[2m > [22mSettings API Handler[2m > [22mdefault settings structure[2m > [22mshould have correct categories structure[32m 0[2mms[22m[39m
[31m   â†’ __vite_ssr_import_0__.vi.mocked(...).mockRejectedValue is not a function[39m
 [31mÃ—[39m tests/utils/settings/api.test.ts[2m > [22mSettings API Handler[2m > [22mdefault settings structure[2m > [22mshould have correct workflows structure[32m 0[2mms[22m[39m
[31m   â†’ __vite_ssr_import_0__.vi.mocked(...).mockRejectedValue is not a function[39m
 [31mÃ—[39m tests/utils/settings/api.test.ts[2m > [22mSettings API Handler[2m > [22mdefault settings structure[2m > [22mshould have correct actions structure[32m 1[2mms[22m[39m
[31m   â†’ __vite_ssr_import_0__.vi.mocked(...).mockRejectedValue is not a function[39m
OPTIONS https://telemetry.nuxt.com/ 405 (Method Not Allowed)
Cross-Origin Request Blocked: The Same Origin Policy disallows reading the remote resource at "https://telemetry.nuxt.com/".
OPTIONS https://telemetry.nuxt.com/ 405 (Method Not Allowed)
Cross-Origin Request Blocked: The Same Origin Policy disallows reading the remote resource at "https://telemetry.nuxt.com/".
 [32mâœ“[39m tests/utils/workflow/workflowEngine.test.ts[2m > [22mWorkflowEngine[2m > [22mgetWorkflowState[2m > [22mreturns workflow state for development task[32m 15[2mms[22m[39m
 [32mâœ“[39m tests/utils/workflow/workflowEngine.test.ts[2m > [22mWorkflowEngine[2m > [22mgetWorkflowState[2m > [22mreturns workflow state for second development task[32m 10[2mms[22m[39m
 [32mâœ“[39m tests/utils/workflow/workflowEngine.test.ts[2m > [22mWorkflowEngine[2m > [22mgetWorkflowState[2m > [22mreturns workflow state for infrastructure task[32m 7[2mms[22m[39m
 [32mâœ“[39m tests/utils/workflow/workflowEngine.test.ts[2m > [22mWorkflowEngine[2m > [22mgetWorkflowState[2m > [22mthrows TASK_NOT_FOUND for invalid task[32m 7[2mms[22m[39m
 [32mâœ“[39m tests/utils/workflow/workflowEngine.test.ts[2m > [22mWorkflowEngine[2m > [22mgetWorkflowState[2m > [22mincludes available commands in workflow state[32m 11[2mms[22m[39m
 [32mâœ“[39m tests/utils/workflow/workflowEngine.test.ts[2m > [22mWorkflowEngine[2m > [22mgetWorkflowState[2m > [22mworkflow states array is not empty[32m 6[2mms[22m[39m
 [32mâœ“[39m tests/utils/workflow/workflowEngine.test.ts[2m > [22mWorkflowEngine[2m > [22mgetWorkflowState[2m > [22mworkflow transitions array is not empty[32m 6[2mms[22m[39m
 [32mâœ“[39m tests/utils/workflow/workflowEngine.test.ts[2m > [22mWorkflowEngine[2m > [22mgetWorkflowState[2m > [22mcurrent state name is defined[32m 7[2mms[22m[39m
 [32mâœ“[39m tests/utils/workflow/workflowEngine.test.ts[2m > [22mWorkflowEngine[2m > [22mgetAvailableCommands[2m > [22mreturns commands for development task[32m 3[2mms[22m[39m
 [32mâœ“[39m tests/utils/workflow/workflowEngine.test.ts[2m > [22mWorkflowEngine[2m > [22mgetAvailableCommands[2m > [22mreturns commands for second development task[32m 10[2mms[22m[39m
 [32mâœ“[39m tests/api/projects/[id]/wbs/tasks/[taskId]/test-result.test.ts[2m > [22mPUT /api/projects/:id/wbs/tasks/:taskId/test-result[2m > [22mUT-001: ì •ìƒ test-result ì—…ë°ì´íŠ¸[2m > [22mshould update test-result successfully[32m 96[2mms[22m[39m
 [32mâœ“[39m tests/utils/workflow/workflowEngine.test.ts[2m > [22mWorkflowEngine[2m > [22mgetAvailableCommands[2m > [22mreturns commands for infrastructure task[32m 28[2mms[22m[39m
 [32mâœ“[39m tests/utils/workflow/workflowEngine.test.ts[2m > [22mWorkflowEngine[2m > [22mgetAvailableCommands[2m > [22mthrows error for invalid task[32m 56[2mms[22m[39m
[90mstdout[2m | tests/unit/composables/useTreePersistence.test.ts[2m > [22m[2museTreePersistence[2m > [22m[2msaveExpandedState[2m > [22m[2mshould save expanded state to localStorage
[22m[39m[useTreePersistence] Saved state: [33m3[39m nodes

[90mstdout[2m | tests/unit/composables/useTreePersistence.test.ts[2m > [22m[2museTreePersistence[2m > [22m[2msaveExpandedState[2m > [22m[2mshould save empty set as empty array
[22m[39m[useTreePersistence] Saved state: [33m0[39m nodes

 [32mâœ“[39m tests/utils/workflow/workflowEngine.test.ts[2m > [22mWorkflowEngine[2m > [22mgetAvailableCommands[2m > [22mcommands are strings[32m 81[2mms[22m[39m
 [32mâœ“[39m tests/utils/workflow/workflowEngine.test.ts[2m > [22mWorkflowEngine[2m > [22mexecuteCommand[2m > [22mreturns transition result with required fields[32m 68[2mms[22m[39m
[90mstdout[2m | tests/unit/composables/useTreePersistence.test.ts[2m > [22m[2museTreePersistence[2m > [22m[2mrestoreExpandedState[2m > [22m[2mshould restore expanded state from localStorage
[22m[39m[useTreePersistence] Restored state: [33m2[39m nodes

 [32mâœ“[39m tests/utils/wbs/wbsService.test.ts[2m > [22mWbsService[2m > [22mgetWbsTree[2m > [22mUT-WBS-01-01: ìœ íš¨í•œ wbs.md (4ë‹¨ê³„) íŒŒì‹± ì„±ê³µ[32m 11[2mms[22m[39m
 [32mâœ“[39m tests/utils/wbs/wbsService.test.ts[2m > [22mWbsService[2m > [22mgetWbsTree[2m > [22mUT-WBS-01-03: ë¹ˆ wbs.md (ë©”íƒ€ë°ì´í„°ë§Œ) íŒŒì‹± ì„±ê³µ[32m 8[2mms[22m[39m
 [32mâœ“[39m tests/utils/wbs/wbsService.test.ts[2m > [22mWbsService[2m > [22mgetWbsTree[2m > [22mUT-WBS-01-04: wbs.md ì—†ìŒ - PROJECT_NOT_FOUND ì—ëŸ¬[32m 10[2mms[22m[39m
 [32mâœ“[39m tests/utils/wbs/wbsService.test.ts[2m > [22mWbsService[2m > [22msaveWbsTree[2m > [22mUT-WBS-02-01: ìœ íš¨í•œ WbsNode[] ì €ìž¥ ì„±ê³µ[32m 9[2mms[22m[39m
 [32mâœ“[39m tests/utils/wbs/wbsService.test.ts[2m > [22mWbsService[2m > [22msaveWbsTree[2m > [22mUT-WBS-02-04: ìœ íš¨ì„± ê²€ì¦ ì‹¤íŒ¨ - VALIDATION_ERROR[32m 2[2mms[22m[39m
 [32mâœ“[39m tests/utils/wbs/wbsService.test.ts[2m > [22mWbsService[2m > [22msaveWbsTree[2m > [22mUT-WBS-03-01: updated í•„ë“œ ìžë™ ê°±ì‹ [32m 5[2mms[22m[39m
[90mstdout[2m | tests/unit/composables/useTreePersistence.test.ts[2m > [22m[2museTreePersistence[2m > [22m[2mrestoreExpandedState[2m > [22m[2mshould handle JSON parse error and clear state
[22m[39m[useTreePersistence] Cleared state

[90mstdout[2m | tests/unit/composables/useTreePersistence.test.ts[2m > [22m[2museTreePersistence[2m > [22m[2mclearExpandedState[2m > [22m[2mshould remove state from localStorage
[22m[39m[useTreePersistence] Saved state: [33m1[39m nodes
[useTreePersistence] Cleared state

[90mstderr[2m | tests/utils/workflow/workflowEngine.test.ts[2m > [22m[2mWorkflowEngine[2m > [22m[2mexecuteCommand[2m > [22m[2mthrows error for invalid command
[22m[39m[ProjectsList] Skipping test-wbs-service: project.json not found or invalid

PUT http://localhost:3000/etc/passwd/wbs/tasks/TSK-01-01/test-result 404 (Page not found: /etc/passwd/wbs/tasks/TSK-01-01/test-result)
PUT http://localhost:3000/api/projects/test-tsk-03-05/wbs/tasks/TSK-01-01/test-result 400 (INVALID_REQUEST_BODY)
 [32mâœ“[39m tests/unit/composables/useTreePersistence.test.ts[2m > [22museTreePersistence[2m > [22msaveExpandedState[2m > [22mshould save expanded state to localStorage[32m 11[2mms[22m[39m
 [32mâœ“[39m tests/unit/composables/useTreePersistence.test.ts[2m > [22museTreePersistence[2m > [22msaveExpandedState[2m > [22mshould save empty set as empty array[32m 1[2mms[22m[39m
 [32mâœ“[39m tests/unit/composables/useTreePersistence.test.ts[2m > [22museTreePersistence[2m > [22msaveExpandedState[2m > [22mshould warn and skip save if size exceeds limit[32m 37[2mms[22m[39m
 [32mâœ“[39m tests/unit/composables/useTreePersistence.test.ts[2m > [22museTreePersistence[2m > [22msaveExpandedState[2m > [22mshould log debug message on successful save[32m 3[2mms[22m[39m
 [32mâœ“[39m tests/unit/composables/useTreePersistence.test.ts[2m > [22museTreePersistence[2m > [22mrestoreExpandedState[2m > [22mshould restore expanded state from localStorage[32m 4[2mms[22m[39m
 [32mâœ“[39m tests/unit/composables/useTreePersistence.test.ts[2m > [22museTreePersistence[2m > [22mrestoreExpandedState[2m > [22mshould filter out invalid nodes during restoration[32m 4[2mms[22m[39m
 [32mâœ“[39m tests/unit/composables/useTreePersistence.test.ts[2m > [22museTreePersistence[2m > [22mrestoreExpandedState[2m > [22mshould log info and return if no saved state found[32m 2[2mms[22m[39m
 [32mâœ“[39m tests/unit/composables/useTreePersistence.test.ts[2m > [22museTreePersistence[2m > [22mrestoreExpandedState[2m > [22mshould clear state if version mismatch[32m 5[2mms[22m[39m
 [32mâœ“[39m tests/unit/composables/useTreePersistence.test.ts[2m > [22museTreePersistence[2m > [22mrestoreExpandedState[2m > [22mshould handle JSON parse error and clear state[32m 3[2mms[22m[39m
 [32mâœ“[39m tests/unit/composables/useTreePersistence.test.ts[2m > [22museTreePersistence[2m > [22mclearExpandedState[2m > [22mshould remove state from localStorage[32m 1[2mms[22m[39m
 [32mâœ“[39m tests/unit/composables/useTreePersistence.test.ts[2m > [22museTreePersistence[2m > [22mclearExpandedState[2m > [22mshould log info on successful clear[32m 1[2mms[22m[39m
 [32mâœ“[39m tests/utils/workflow/workflowEngine.test.ts[2m > [22mWorkflowEngine[2m > [22mexecuteCommand[2m > [22mthrows error for invalid command[32m 86[2mms[22m[39m
PUT http://localhost:3000/api/projects/test-tsk-03-05/wbs/tasks/TSK-01-01/test-result 400 (INVALID_REQUEST_BODY)
 [32mâœ“[39m tests/api/projects/[id]/wbs/tasks/[taskId]/test-result.test.ts[2m > [22mPUT /api/projects/:id/wbs/tasks/:taskId/test-result[2m > [22mUT-002: íŒŒë¼ë¯¸í„° ê²€ì¦ ì‹¤íŒ¨[2m > [22mshould return 400 or 404 for invalid project ID (path traversal)[32m 285[2mms[22m[39m
 [32mâœ“[39m tests/api/projects/[id]/wbs/tasks/[taskId]/test-result.test.ts[2m > [22mPUT /api/projects/:id/wbs/tasks/:taskId/test-result[2m > [22mUT-002: íŒŒë¼ë¯¸í„° ê²€ì¦ ì‹¤íŒ¨[2m > [22mshould return 400 for missing request body[32m 24[2mms[22m[39m
 [32mâœ“[39m tests/api/projects/[id]/wbs/tasks/[taskId]/test-result.test.ts[2m > [22mPUT /api/projects/:id/wbs/tasks/:taskId/test-result[2m > [22mUT-002: íŒŒë¼ë¯¸í„° ê²€ì¦ ì‹¤íŒ¨[2m > [22mshould return 400 for missing testResult field[32m 42[2mms[22m[39m
PUT http://localhost:3000/api/projects/test-tsk-03-05/wbs/tasks/TSK-01-01-01/test-result 404 (TASK_NOT_FOUND)
 [32mâœ“[39m tests/utils/workflow/workflowEngine.test.ts[2m > [22mWorkflowEngine[2m > [22mexecuteCommand[2m > [22mthrows error for invalid task[32m 54[2mms[22m[39m
 [32mâœ“[39m tests/utils/workflow/workflowEngine.test.ts[2m > [22mWorkflowEngine[2m > [22mexecuteCommand[2m > [22maccepts optional comment parameter[32m 77[2mms[22m[39m
[90mstderr[2m | tests/utils/workflow/workflowEngine.test.ts[2m > [22m[2mWorkflowEngine[2m > [22m[2mqueryHistory[2m > [22m[2mreturns history result with items and totalCount
[22m[39mFailed to read JSON file: .jjiban\projects\jjiban\tasks\TSK-01-02-01\workflow-history.json Error: ENOENT: no such file or directory, open 'C:\project\jjiban\.jjiban\projects\jjiban\tasks\TSK-01-02-01\workflow-history.json'
[90m    at open (node:internal/fs/promises:638:25)[39m
[90m    at Object.readFile (node:internal/fs/promises:1242:14)[39m
    at readJsonFile (C:/project/jjiban/server/utils/file.ts:48:21)
    at queryHistory (C:/project/jjiban/server/utils/workflow/workflowEngine.ts:159:20)
    at C:/project/jjiban/tests/utils/workflow/workflowEngine.test.ts:200:22
    at [90mfile:///C:/project/jjiban/[39mnode_modules/[4m@vitest[24m/runner/dist/index.js:915:20 {
  errno: [33m-4058[39m,
  code: [32m'ENOENT'[39m,
  syscall: [32m'open'[39m,
  path: [32m'C:\\project\\jjiban\\.jjiban\\projects\\jjiban\\tasks\\TSK-01-02-01\\workflow-history.json'[39m
}

[90mstderr[2m | tests/utils/workflow/workflowEngine.test.ts[2m > [22m[2mWorkflowEngine[2m > [22m[2mqueryHistory[2m > [22m[2mfilters by action type
[22m[39mFailed to read JSON file: .jjiban\projects\jjiban\tasks\TSK-01-02-01\workflow-history.json Error: ENOENT: no such file or directory, open 'C:\project\jjiban\.jjiban\projects\jjiban\tasks\TSK-01-02-01\workflow-history.json'
[90m    at open (node:internal/fs/promises:638:25)[39m
[90m    at Object.readFile (node:internal/fs/promises:1242:14)[39m
    at readJsonFile (C:/project/jjiban/server/utils/file.ts:48:21)
    at queryHistory (C:/project/jjiban/server/utils/workflow/workflowEngine.ts:159:20)
    at C:/project/jjiban/tests/utils/workflow/workflowEngine.test.ts:211:22
    at [90mfile:///C:/project/jjiban/[39mnode_modules/[4m@vitest[24m/runner/dist/index.js:915:20 {
  errno: [33m-4058[39m,
  code: [32m'ENOENT'[39m,
  syscall: [32m'open'[39m,
  path: [32m'C:\\project\\jjiban\\.jjiban\\projects\\jjiban\\tasks\\TSK-01-02-01\\workflow-history.json'[39m
}

[90mstderr[2m | tests/utils/workflow/workflowEngine.test.ts[2m > [22m[2mWorkflowEngine[2m > [22m[2mqueryHistory[2m > [22m[2mapplies limit correctly
[22m[39mFailed to read JSON file: .jjiban\projects\jjiban\tasks\TSK-01-02-01\workflow-history.json Error: ENOENT: no such file or directory, open 'C:\project\jjiban\.jjiban\projects\jjiban\tasks\TSK-01-02-01\workflow-history.json'
[90m    at open (node:internal/fs/promises:638:25)[39m
[90m    at Object.readFile (node:internal/fs/promises:1242:14)[39m
    at readJsonFile (C:/project/jjiban/server/utils/file.ts:48:21)
    at queryHistory (C:/project/jjiban/server/utils/workflow/workflowEngine.ts:159:20)
    at C:/project/jjiban/tests/utils/workflow/workflowEngine.test.ts:222:22
    at [90mfile:///C:/project/jjiban/[39mnode_modules/[4m@vitest[24m/runner/dist/index.js:915:20 {
  errno: [33m-4058[39m,
  code: [32m'ENOENT'[39m,
  syscall: [32m'open'[39m,
  path: [32m'C:\\project\\jjiban\\.jjiban\\projects\\jjiban\\tasks\\TSK-01-02-01\\workflow-history.json'[39m
}

[90mstderr[2m | tests/utils/workflow/workflowEngine.test.ts[2m > [22m[2mWorkflowEngine[2m > [22m[2mqueryHistory[2m > [22m[2mapplies offset correctly
[22m[39mFailed to read JSON file: .jjiban\projects\jjiban\tasks\TSK-01-02-01\workflow-history.json Error: ENOENT: no such file or directory, open 'C:\project\jjiban\.jjiban\projects\jjiban\tasks\TSK-01-02-01\workflow-history.json'
[90m    at open (node:internal/fs/promises:638:25)[39m
[90m    at Object.readFile (node:internal/fs/promises:1242:14)[39m
    at readJsonFile (C:/project/jjiban/server/utils/file.ts:48:21)
    at queryHistory (C:/project/jjiban/server/utils/workflow/workflowEngine.ts:159:20)
    at C:/project/jjiban/tests/utils/workflow/workflowEngine.test.ts:228:26
    at [90mfile:///C:/project/jjiban/[39mnode_modules/[4m@vitest[24m/runner/dist/index.js:915:20 {
  errno: [33m-4058[39m,
  code: [32m'ENOENT'[39m,
  syscall: [32m'open'[39m,
  path: [32m'C:\\project\\jjiban\\.jjiban\\projects\\jjiban\\tasks\\TSK-01-02-01\\workflow-history.json'[39m
}

PUT http://localhost:3000/api/projects/test-tsk-03-05/wbs/tasks/TSK-1-1/test-result 400 (INVALID_TASK_ID)
[90mstderr[2m | tests/utils/workflow/workflowEngine.test.ts[2m > [22m[2mWorkflowEngine[2m > [22m[2mqueryHistory[2m > [22m[2mapplies offset correctly
[22m[39mFailed to read JSON file: .jjiban\projects\jjiban\tasks\TSK-01-02-01\workflow-history.json Error: ENOENT: no such file or directory, open 'C:\project\jjiban\.jjiban\projects\jjiban\tasks\TSK-01-02-01\workflow-history.json'
[90m    at open (node:internal/fs/promises:638:25)[39m
[90m    at Object.readFile (node:internal/fs/promises:1242:14)[39m
    at readJsonFile (C:/project/jjiban/server/utils/file.ts:48:21)
    at queryHistory (C:/project/jjiban/server/utils/workflow/workflowEngine.ts:159:20)
    at C:/project/jjiban/tests/utils/workflow/workflowEngine.test.ts:229:28
    at [90mfile:///C:/project/jjiban/[39mnode_modules/[4m@vitest[24m/runner/dist/index.js:915:20 {
  errno: [33m-4058[39m,
  code: [32m'ENOENT'[39m,
  syscall: [32m'open'[39m,
  path: [32m'C:\\project\\jjiban\\.jjiban\\projects\\jjiban\\tasks\\TSK-01-02-01\\workflow-history.json'[39m
}

[90mstderr[2m | tests/utils/workflow/workflowEngine.test.ts[2m > [22m[2mWorkflowEngine[2m > [22m[2mqueryHistory[2m > [22m[2mcombines limit and offset
[22m[39m[ProjectsList] Skipping test-tsk-03-05: project.json not found or invalid

[90mstderr[2m | tests/utils/workflow/workflowEngine.test.ts[2m > [22m[2mWorkflowEngine[2m > [22m[2mqueryHistory[2m > [22m[2mcombines limit and offset
[22m[39mFailed to read JSON file: .jjiban\projects\jjiban\tasks\TSK-01-02-01\workflow-history.json Error: ENOENT: no such file or directory, open 'C:\project\jjiban\.jjiban\projects\jjiban\tasks\TSK-01-02-01\workflow-history.json'
[90m    at open (node:internal/fs/promises:638:25)[39m
[90m    at Object.readFile (node:internal/fs/promises:1242:14)[39m
    at readJsonFile (C:/project/jjiban/server/utils/file.ts:48:21)
    at queryHistory (C:/project/jjiban/server/utils/workflow/workflowEngine.ts:159:20)
    at C:/project/jjiban/tests/utils/workflow/workflowEngine.test.ts:237:22
    at [90mfile:///C:/project/jjiban/[39mnode_modules/[4m@vitest[24m/runner/dist/index.js:915:20 {
  errno: [33m-4058[39m,
  code: [32m'ENOENT'[39m,
  syscall: [32m'open'[39m,
  path: [32m'C:\\project\\jjiban\\.jjiban\\projects\\jjiban\\tasks\\TSK-01-02-01\\workflow-history.json'[39m
}

[90mstderr[2m | tests/utils/workflow/workflowEngine.test.ts[2m > [22m[2mWorkflowEngine[2m > [22m[2mqueryHistory[2m > [22m[2mreturns empty array when no history exists
[22m[39mFailed to read JSON file: .jjiban\projects\jjiban\tasks\TSK-01-02-02\workflow-history.json Error: ENOENT: no such file or directory, open 'C:\project\jjiban\.jjiban\projects\jjiban\tasks\TSK-01-02-02\workflow-history.json'
[90m    at open (node:internal/fs/promises:638:25)[39m
[90m    at Object.readFile (node:internal/fs/promises:1242:14)[39m
    at readJsonFile (C:/project/jjiban/server/utils/file.ts:48:21)
    at queryHistory (C:/project/jjiban/server/utils/workflow/workflowEngine.ts:159:20)
    at C:/project/jjiban/tests/utils/workflow/workflowEngine.test.ts:247:22
    at [90mfile:///C:/project/jjiban/[39mnode_modules/[4m@vitest[24m/runner/dist/index.js:915:20 {
  errno: [33m-4058[39m,
  code: [32m'ENOENT'[39m,
  syscall: [32m'open'[39m,
  path: [32m'C:\\project\\jjiban\\.jjiban\\projects\\jjiban\\tasks\\TSK-01-02-02\\workflow-history.json'[39m
}

[90mstderr[2m | tests/utils/workflow/workflowEngine.test.ts[2m > [22m[2mWorkflowEngine[2m > [22m[2mqueryHistory[2m > [22m[2mhistory items have required fields
[22m[39mFailed to read JSON file: .jjiban\projects\jjiban\tasks\TSK-01-02-01\workflow-history.json Error: ENOENT: no such file or directory, open 'C:\project\jjiban\.jjiban\projects\jjiban\tasks\TSK-01-02-01\workflow-history.json'
[90m    at open (node:internal/fs/promises:638:25)[39m
[90m    at Object.readFile (node:internal/fs/promises:1242:14)[39m
    at readJsonFile (C:/project/jjiban/server/utils/file.ts:48:21)
    at queryHistory (C:/project/jjiban/server/utils/workflow/workflowEngine.ts:159:20)
    at C:/project/jjiban/tests/utils/workflow/workflowEngine.test.ts:261:22
    at [90mfile:///C:/project/jjiban/[39mnode_modules/[4m@vitest[24m/runner/dist/index.js:915:20 {
  errno: [33m-4058[39m,
  code: [32m'ENOENT'[39m,
  syscall: [32m'open'[39m,
  path: [32m'C:\\project\\jjiban\\.jjiban\\projects\\jjiban\\tasks\\TSK-01-02-01\\workflow-history.json'[39m
}

[90mstderr[2m | tests/utils/workflow/workflowEngine.test.ts[2m > [22m[2mWorkflowEngine[2m > [22m[2mqueryHistory[2m > [22m[2mhistory items are sorted (newest first)
[22m[39mFailed to read JSON file: .jjiban\projects\jjiban\tasks\TSK-01-02-01\workflow-history.json Error: ENOENT: no such file or directory, open 'C:\project\jjiban\.jjiban\projects\jjiban\tasks\TSK-01-02-01\workflow-history.json'
[90m    at open (node:internal/fs/promises:638:25)[39m
[90m    at Object.readFile (node:internal/fs/promises:1242:14)[39m
    at readJsonFile (C:/project/jjiban/server/utils/file.ts:48:21)
    at queryHistory (C:/project/jjiban/server/utils/workflow/workflowEngine.ts:159:20)
    at C:/project/jjiban/tests/utils/workflow/workflowEngine.test.ts:272:22
    at [90mfile:///C:/project/jjiban/[39mnode_modules/[4m@vitest[24m/runner/dist/index.js:915:20 {
  errno: [33m-4058[39m,
  code: [32m'ENOENT'[39m,
  syscall: [32m'open'[39m,
  path: [32m'C:\\project\\jjiban\\.jjiban\\projects\\jjiban\\tasks\\TSK-01-02-01\\workflow-history.json'[39m
}

 [32mâœ“[39m tests/api/projects/[id]/wbs/tasks/[taskId]/test-result.test.ts[2m > [22mPUT /api/projects/:id/wbs/tasks/:taskId/test-result[2m > [22mUT-003: Task ID í˜•ì‹ ê²€ì¦ (BR-001)[2m > [22mshould accept valid 3-level Task ID[32m 37[2mms[22m[39m
 [32mâœ“[39m tests/api/projects/[id]/wbs/tasks/[taskId]/test-result.test.ts[2m > [22mPUT /api/projects/:id/wbs/tasks/:taskId/test-result[2m > [22mUT-003: Task ID í˜•ì‹ ê²€ì¦ (BR-001)[2m > [22mshould accept valid 4-level Task ID format[32m 27[2mms[22m[39m
 [32mâœ“[39m tests/api/projects/[id]/wbs/tasks/[taskId]/test-result.test.ts[2m > [22mPUT /api/projects/:id/wbs/tasks/:taskId/test-result[2m > [22mUT-003: Task ID í˜•ì‹ ê²€ì¦ (BR-001)[2m > [22mshould reject invalid Task ID format (insufficient digits)[32m 56[2mms[22m[39m
[90mstderr[2m | tests/utils/workflow/workflowEngine.test.ts[2m > [22m[2mWorkflowEngine[2m > [22m[2mqueryHistory[2m > [22m[2mtotalCount reflects unfiltered count
[22m[39mFailed to read JSON file: .jjiban\projects\jjiban\tasks\TSK-01-02-01\workflow-history.json Error: ENOENT: no such file or directory, open 'C:\project\jjiban\.jjiban\projects\jjiban\tasks\TSK-01-02-01\workflow-history.json'
[90m    at open (node:internal/fs/promises:638:25)[39m
[90m    at Object.readFile (node:internal/fs/promises:1242:14)[39m
    at readJsonFile (C:/project/jjiban/server/utils/file.ts:48:21)
    at queryHistory (C:/project/jjiban/server/utils/workflow/workflowEngine.ts:159:20)
    at C:/project/jjiban/tests/utils/workflow/workflowEngine.test.ts:284:32
    at [90mfile:///C:/project/jjiban/[39mnode_modules/[4m@vitest[24m/runner/dist/index.js:915:20 {
  errno: [33m-4058[39m,
  code: [32m'ENOENT'[39m,
  syscall: [32m'open'[39m,
  path: [32m'C:\\project\\jjiban\\.jjiban\\projects\\jjiban\\tasks\\TSK-01-02-01\\workflow-history.json'[39m
}

PUT http://localhost:3000/api/projects/test-tsk-03-05/wbs/tasks/TASK-01-01/test-result 400 (INVALID_TASK_ID)
 [32mâœ“[39m tests/utils/workflow/workflowEngine.test.ts[2m > [22mWorkflowEngine[2m > [22mexecuteCommand[2m > [22mrecords history after execution[32m 3[2mms[22m[39m
 [32mâœ“[39m tests/utils/workflow/workflowEngine.test.ts[2m > [22mWorkflowEngine[2m > [22mqueryHistory[2m > [22mreturns history result with items and totalCount[32m 9[2mms[22m[39m
 [32mâœ“[39m tests/utils/workflow/workflowEngine.test.ts[2m > [22mWorkflowEngine[2m > [22mqueryHistory[2m > [22mfilters by action type[32m 3[2mms[22m[39m
 [32mâœ“[39m tests/utils/workflow/workflowEngine.test.ts[2m > [22mWorkflowEngine[2m > [22mqueryHistory[2m > [22mapplies limit correctly[32m 4[2mms[22m[39m
 [32mâœ“[39m tests/utils/workflow/workflowEngine.test.ts[2m > [22mWorkflowEngine[2m > [22mqueryHistory[2m > [22mapplies offset correctly[32m 12[2mms[22m[39m
 [32mâœ“[39m tests/utils/workflow/workflowEngine.test.ts[2m > [22mWorkflowEngine[2m > [22mqueryHistory[2m > [22mcombines limit and offset[32m 4[2mms[22m[39m
 [32mâœ“[39m tests/utils/workflow/workflowEngine.test.ts[2m > [22mWorkflowEngine[2m > [22mqueryHistory[2m > [22mreturns empty array when no history exists[32m 5[2mms[22m[39m
 [32mâœ“[39m tests/utils/workflow/workflowEngine.test.ts[2m > [22mWorkflowEngine[2m > [22mqueryHistory[2m > [22mthrows error for invalid task[32m 4[2mms[22m[39m
 [32mâœ“[39m tests/utils/workflow/workflowEngine.test.ts[2m > [22mWorkflowEngine[2m > [22mqueryHistory[2m > [22mhistory items have required fields[32m 5[2mms[22m[39m
 [32mâœ“[39m tests/utils/workflow/workflowEngine.test.ts[2m > [22mWorkflowEngine[2m > [22mqueryHistory[2m > [22mhistory items are sorted (newest first)[32m 7[2mms[22m[39m
[90mstdout[2m | tests/unit/composables/useTreePersistence.test.ts[2m > [22m[2museTreePersistence[2m > [22m[2mautoSave[2m > [22m[2mshould auto-save when expandedNodes changes
[22m[39m[useTreePersistence] Saved state: [33m2[39m nodes

[90mstdout[2m | tests/unit/composables/useTreePersistence.test.ts[2m > [22m[2museTreePersistence[2m > [22m[2mautoSave[2m > [22m[2mshould auto-save when expandedNodes changes
[22m[39m[useTreePersistence] Saved state: [33m1[39m nodes

[90mstdout[2m | tests/unit/composables/useTreePersistence.test.ts[2m > [22m[2museTreePersistence[2m > [22m[2mautoSave[2m > [22m[2mshould auto-save when expandedNodes changes
[22m[39m[useTreePersistence] Saved state: [33m1[39m nodes

PUT http://localhost:3000/api/projects/test-tsk-03-05/wbs/tasks/TSK-01/test-result 400 (INVALID_TASK_ID)
PUT http://localhost:3000/api/projects/test-tsk-03-05/wbs/tasks/TSK-AA-BB/test-result 400 (INVALID_TASK_ID)
[90mstderr[2m | tests/utils/workflow/workflowEngine.test.ts[2m > [22m[2mWorkflowEngine[2m > [22m[2mqueryHistory[2m > [22m[2mtotalCount reflects unfiltered count
[22m[39mFailed to read JSON file: .jjiban\projects\jjiban\tasks\TSK-01-02-01\workflow-history.json Error: ENOENT: no such file or directory, open 'C:\project\jjiban\.jjiban\projects\jjiban\tasks\TSK-01-02-01\workflow-history.json'
[90m    at open (node:internal/fs/promises:638:25)[39m
[90m    at Object.readFile (node:internal/fs/promises:1242:14)[39m
    at readJsonFile (C:/project/jjiban/server/utils/file.ts:48:21)
    at queryHistory (C:/project/jjiban/server/utils/workflow/workflowEngine.ts:159:20)
    at C:/project/jjiban/tests/utils/workflow/workflowEngine.test.ts:285:29
    at [90mfile:///C:/project/jjiban/[39mnode_modules/[4m@vitest[24m/runner/dist/index.js:915:20 {
  errno: [33m-4058[39m,
  code: [32m'ENOENT'[39m,
  syscall: [32m'open'[39m,
  path: [32m'C:\\project\\jjiban\\.jjiban\\projects\\jjiban\\tasks\\TSK-01-02-01\\workflow-history.json'[39m
}

 [32mâœ“[39m tests/api/projects/[id]/wbs/tasks/[taskId]/test-result.test.ts[2m > [22mPUT /api/projects/:id/wbs/tasks/:taskId/test-result[2m > [22mUT-003: Task ID í˜•ì‹ ê²€ì¦ (BR-001)[2m > [22mshould reject invalid Task ID format (wrong prefix)[32m 73[2mms[22m[39m
 [32mâœ“[39m tests/api/projects/[id]/wbs/tasks/[taskId]/test-result.test.ts[2m > [22mPUT /api/projects/:id/wbs/tasks/:taskId/test-result[2m > [22mUT-003: Task ID í˜•ì‹ ê²€ì¦ (BR-001)[2m > [22mshould reject invalid Task ID format (insufficient segments)[32m 32[2mms[22m[39m
 [32mâœ“[39m tests/api/projects/[id]/wbs/tasks/[taskId]/test-result.test.ts[2m > [22mPUT /api/projects/:id/wbs/tasks/:taskId/test-result[2m > [22mUT-003: Task ID í˜•ì‹ ê²€ì¦ (BR-001)[2m > [22mshould reject invalid Task ID format (non-numeric)[32m 22[2mms[22m[39m
 [32mâœ“[39m tests/unit/components/wbs/detail/TaskRequirements.test.ts[2m > [22mTaskRequirements[2m > [22mtoggleEdit functionality[2m > [22mshould activate editing mode when edit button clicked[32m 126[2mms[22m[39m
 [32mâœ“[39m tests/utils/workflow/workflowEngine.test.ts[2m > [22mWorkflowEngine[2m > [22mqueryHistory[2m > [22mtotalCount reflects unfiltered count[32m 113[2mms[22m[39m
 [32mâœ“[39m tests/utils/workflow/workflowEngine.test.ts[2m > [22mWorkflowEngine[2m > [22mintegration scenarios[2m > [22mworkflow state and available commands are consistent[32m 27[2mms[22m[39m
 [32mâœ“[39m tests/utils/workflow/workflowEngine.test.ts[2m > [22mWorkflowEngine[2m > [22mintegration scenarios[2m > [22mexecuting command updates workflow state[32m 10[2mms[22m[39m
PUT http://localhost:3000/api/projects/test-tsk-03-05/wbs/tasks/TSK-01-01/test-result 400 (INVALID_TEST_RESULT)
PUT http://localhost:3000/api/projects/test-tsk-03-05/wbs/tasks/TSK-01-01/test-result 400 (INVALID_TEST_RESULT)
 [32mâœ“[39m tests/api/projects/[id]/wbs/tasks/[taskId]/test-result.test.ts[2m > [22mPUT /api/projects/:id/wbs/tasks/:taskId/test-result[2m > [22mUT-004: test-result ê°’ ê²€ì¦ (BR-002)[2m > [22mshould accept valid value: none[32m 17[2mms[22m[39m
 [32mâœ“[39m tests/api/projects/[id]/wbs/tasks/[taskId]/test-result.test.ts[2m > [22mPUT /api/projects/:id/wbs/tasks/:taskId/test-result[2m > [22mUT-004: test-result ê°’ ê²€ì¦ (BR-002)[2m > [22mshould accept valid value: pass[32m 21[2mms[22m[39m
 [32mâœ“[39m tests/api/projects/[id]/wbs/tasks/[taskId]/test-result.test.ts[2m > [22mPUT /api/projects/:id/wbs/tasks/:taskId/test-result[2m > [22mUT-004: test-result ê°’ ê²€ì¦ (BR-002)[2m > [22mshould accept valid value: fail[32m 18[2mms[22m[39m
 [32mâœ“[39m tests/api/projects/[id]/wbs/tasks/[taskId]/test-result.test.ts[2m > [22mPUT /api/projects/:id/wbs/tasks/:taskId/test-result[2m > [22mUT-004: test-result ê°’ ê²€ì¦ (BR-002)[2m > [22mshould reject invalid value: passed (typo)[32m 29[2mms[22m[39m
 [32mâœ“[39m tests/api/projects/[id]/wbs/tasks/[taskId]/test-result.test.ts[2m > [22mPUT /api/projects/:id/wbs/tasks/:taskId/test-result[2m > [22mUT-004: test-result ê°’ ê²€ì¦ (BR-002)[2m > [22mshould reject invalid value: success[32m 26[2mms[22m[39m
 [32mâœ“[39m tests/unit/components/wbs/detail/TaskRequirements.test.ts[2m > [22mTaskRequirements[2m > [22mtoggleEdit functionality[2m > [22mshould copy requirements to localRequirements when editing starts[32m 48[2mms[22m[39m
 [32mâœ“[39m tests/unit/components/wbs/detail/TaskRequirements.test.ts[2m > [22mTaskRequirements[2m > [22mtoggleEdit functionality[2m > [22mshould emit update:requirements event on save[32m 62[2mms[22m[39m
PUT http://localhost:3000/api/projects/test-tsk-03-05/wbs/tasks/TSK-01-01/test-result 400 (INVALID_TEST_RESULT)
 [32mâœ“[39m tests/utils/workflow/workflowEngine.test.ts[2m > [22mWorkflowEngine[2m > [22mintegration scenarios[2m > [22mhistory records include command from executeCommand[32m 6[2mms[22m[39m
 [32mâœ“[39m tests/utils/workflow/workflowEngine.test.ts[2m > [22mWorkflowEngine[2m > [22merror handling[2m > [22mhandles non-existent task gracefully[32m 95[2mms[22m[39m
 [32mâœ“[39m tests/utils/workflow/documentService.test.ts[2m > [22mDocumentService[2m > [22mgetExistingDocuments[2m > [22mTC-011: returns .md files[32m 2[2mms[22m[39m
 [32mâœ“[39m tests/utils/workflow/documentService.test.ts[2m > [22mDocumentService[2m > [22mgetExistingDocuments[2m > [22mTC-012: empty when folder not found[32m 1[2mms[22m[39m
 [32mâœ“[39m tests/utils/workflow/documentService.test.ts[2m > [22mDocumentService[2m > [22mgetExpectedDocuments[2m > [22mTC-013: returns workflow-based docs[32m 11[2mms[22m[39m
 [32mâœ“[39m tests/utils/workflow/documentService.test.ts[2m > [22mDocumentService[2m > [22mgetTaskDocuments[2m > [22mTC-014: merges existing and expected[32m 8[2mms[22m[39m
 [32mâœ“[39m tests/utils/workflow/documentService.test.ts[2m > [22mDocumentService[2m > [22mgetTaskDocuments[2m > [22mTC-015: classifies document types[32m 8[2mms[22m[39m
PUT http://localhost:3000/api/projects/test-tsk-03-05/wbs/tasks/TSK-99-99/test-result 404 (TASK_NOT_FOUND)
 [32mâœ“[39m tests/unit/composables/useTreePersistence.test.ts[2m > [22museTreePersistence[2m > [22mautoSave[2m > [22mshould auto-save when expandedNodes changes[33m 410[2mms[22m[39m
PUT http://localhost:3000/api/projects/test-tsk-03-05/wbs/tasks/TSK-01-01/test-result 404 (TASK_NOT_FOUND)
 [32mâœ“[39m tests/utils/workflow/workflowEngine.test.ts[2m > [22mWorkflowEngine[2m > [22merror handling[2m > [22mhandles invalid command gracefully[32m 27[2mms[22m[39m
 [32mâœ“[39m tests/utils/workflow/workflowEngine.test.ts[2m > [22mWorkflowEngine[2m > [22merror handling[2m > [22mgetWorkflowState error includes task ID[32m 40[2mms[22m[39m
 [32mâœ“[39m tests/api/projects/[id]/wbs/tasks/[taskId]/test-result.test.ts[2m > [22mPUT /api/projects/:id/wbs/tasks/:taskId/test-result[2m > [22mUT-004: test-result ê°’ ê²€ì¦ (BR-002)[2m > [22mshould reject empty string[32m 26[2mms[22m[39m
 [32mâœ“[39m tests/api/projects/[id]/wbs/tasks/[taskId]/test-result.test.ts[2m > [22mPUT /api/projects/:id/wbs/tasks/:taskId/test-result[2m > [22mUT-005: findTaskInTree í•¨ìˆ˜ (BR-003)[2m > [22mshould find Task in 3-level WBS[32m 21[2mms[22m[39m
 [32mâœ“[39m tests/api/projects/[id]/wbs/tasks/[taskId]/test-result.test.ts[2m > [22mPUT /api/projects/:id/wbs/tasks/:taskId/test-result[2m > [22mUT-005: findTaskInTree í•¨ìˆ˜ (BR-003)[2m > [22mshould return 404 for non-existent Task[32m 30[2mms[22m[39m
 [32mâœ“[39m tests/api/projects/[id]/wbs/tasks/[taskId]/test-result.test.ts[2m > [22mPUT /api/projects/:id/wbs/tasks/:taskId/test-result[2m > [22mUT-005: findTaskInTree í•¨ìˆ˜ (BR-003)[2m > [22mshould return 404 for empty WBS tree[32m 27[2mms[22m[39m
 [32mâœ“[39m tests/unit/components/wbs/detail/TaskRequirements.test.ts[2m > [22mTaskRequirements[2m > [22mtoggleEdit functionality[2m > [22mshould exit editing mode on cancel without saving[32m 44[2mms[22m[39m
 [32mâœ“[39m tests/unit/components/wbs/detail/TaskRequirements.test.ts[2m > [22mTaskRequirements[2m > [22maddRequirement and removeRequirement[2m > [22mshould add new requirement[32m 44[2mms[22m[39m
 [32mâœ“[39m tests/unit/components/wbs/detail/TaskRequirements.test.ts[2m > [22mTaskRequirements[2m > [22maddRequirement and removeRequirement[2m > [22mshould remove requirement[32m 57[2mms[22m[39m
 [32mâœ“[39m tests/unit/components/wbs/detail/TaskDocuments.test.ts[2m > [22mTaskDocuments[2m > [22mgetDocumentCardStyle method[2m > [22mshould return blue background for existing documents[32m 141[2mms[22m[39m
 [32mâœ“[39m tests/api/projects/[id]/wbs/tasks/[taskId]/test-result.test.ts[2m > [22mPUT /api/projects/:id/wbs/tasks/:taskId/test-result[2m > [22mUT-006: ë°±ì—… ë° ë¡¤ë°± (BR-004)[2m > [22mshould create backup file before update[32m 19[2mms[22m[39m
 [32mâœ“[39m tests/api/projects/[id]/wbs/tasks/[taskId]/test-result.test.ts[2m > [22mPUT /api/projects/:id/wbs/tasks/:taskId/test-result[2m > [22mUT-006: ë°±ì—… ë° ë¡¤ë°± (BR-004)[2m > [22mshould maintain idempotency when test-result is already the same[32m 40[2mms[22m[39m
 [32mâœ“[39m tests/api/projects/[id]/wbs/tasks/[taskId]/test-result.test.ts[2m > [22mPUT /api/projects/:id/wbs/tasks/:taskId/test-result[2m > [22mUT-007: ëŒ€ìš©ëŸ‰ WBS ì„±ëŠ¥ í…ŒìŠ¤íŠ¸ (H-03)[2m > [22mshould respond within 200ms for large WBS[32m 21[2mms[22m[39m
 [32mâœ“[39m tests/unit/components/wbs/detail/TaskDocuments.test.ts[2m > [22mTaskDocuments[2m > [22mgetDocumentCardStyle method[2m > [22mshould return gray background with dashed border for expected documents[32m 24[2mms[22m[39m
 [32mâœ“[39m tests/unit/components/wbs/detail/TaskDocuments.test.ts[2m > [22mTaskDocuments[2m > [22mhandleOpenDocument method[2m > [22mshould emit open-document event when exists=true[32m 18[2mms[22m[39m
 [32mâœ“[39m tests/unit/components/wbs/detail/TaskDocuments.test.ts[2m > [22mTaskDocuments[2m > [22mhandleOpenDocument method[2m > [22mshould NOT emit open-document event when exists=false[32m 27[2mms[22m[39m
 [32mâœ“[39m tests/unit/components/wbs/detail/TaskDocuments.test.ts[2m > [22mTaskDocuments[2m > [22mDocument Card Classes[2m > [22mshould add cursor-pointer and hover classes for existing documents[32m 24[2mms[22m[39m
 [32mâœ“[39m tests/unit/components/wbs/detail/TaskDocuments.test.ts[2m > [22mTaskDocuments[2m > [22mDocument Card Classes[2m > [22mshould add cursor-not-allowed for expected documents[32m 14[2mms[22m[39m
 [32mâœ“[39m tests/unit/components/wbs/detail/TaskRequirements.test.ts[2m > [22mTaskRequirements[2m > [22mvalidateRequirement - 500 character limit[2m > [22mshould accept requirements under 500 characters[32m 32[2mms[22m[39m
 [32mâœ“[39m tests/unit/components/wbs/detail/TaskRequirements.test.ts[2m > [22mTaskRequirements[2m > [22mvalidateRequirement - 500 character limit[2m > [22mshould reject requirements over 500 characters[32m 34[2mms[22m[39m
 [32mâœ“[39m tests/unit/components/wbs/detail/TaskRequirements.test.ts[2m > [22mTaskRequirements[2m > [22mvalidateRequirement - 500 character limit[2m > [22mshould prevent save when validation error exists[32m 32[2mms[22m[39m
 [32mâœ“[39m tests/unit/components/wbs/detail/TaskRequirements.test.ts[2m > [22mTaskRequirements[2m > [22mvalidateRequirement - 500 character limit[2m > [22mshould display error message when validation fails[32m 38[2mms[22m[39m
 [32mâœ“[39m tests/unit/components/wbs/detail/TaskRequirements.test.ts[2m > [22mTaskRequirements[2m > [22mPRD Reference Display[2m > [22mshould display PRD reference when provided[32m 8[2mms[22m[39m
 [32mâœ“[39m tests/unit/components/wbs/detail/TaskRequirements.test.ts[2m > [22mTaskRequirements[2m > [22mPRD Reference Display[2m > [22mshould not display PRD reference when not provided[32m 21[2mms[22m[39m
 [32mâœ“[39m tests/unit/components/wbs/detail/TaskRequirements.test.ts[2m > [22mTaskRequirements[2m > [22mEmpty State[2m > [22mshould display message when no requirements exist[32m 28[2mms[22m[39m
 [32mâœ“[39m tests/unit/components/wbs/detail/TaskRequirements.test.ts[2m > [22mTaskRequirements[2m > [22mData Integrity[2m > [22mshould filter out empty requirements on save[32m 24[2mms[22m[39m
 [32mâœ“[39m tests/unit/components/wbs/detail/TaskDocuments.test.ts[2m > [22mTaskDocuments[2m > [22mDocument Type Icons and Colors[2m > [22mshould return correct icon for design documents[32m 28[2mms[22m[39m
 [32mâœ“[39m tests/unit/components/wbs/detail/TaskDocuments.test.ts[2m > [22mTaskDocuments[2m > [22mDocument Type Icons and Colors[2m > [22mshould return fallback icon for unknown type[32m 21[2mms[22m[39m
 [32mâœ“[39m tests/unit/components/wbs/detail/TaskDocuments.test.ts[2m > [22mTaskDocuments[2m > [22mFile Size Formatting[2m > [22mshould format bytes correctly[32m 11[2mms[22m[39m
 [32mâœ“[39m tests/unit/components/wbs/detail/TaskDocuments.test.ts[2m > [22mTaskDocuments[2m > [22mDate Formatting[2m > [22mshould format date string to Korean locale[32m 8[2mms[22m[39m
 [32mâœ“[39m tests/unit/components/wbs/detail/TaskDocuments.test.ts[2m > [22mTaskDocuments[2m > [22mDocument Base Name Extraction[2m > [22mshould remove file extension from filename[32m 8[2mms[22m[39m
 [32mâœ“[39m tests/unit/components/wbs/detail/TaskDocuments.test.ts[2m > [22mTaskDocuments[2m > [22mRendering[2m > [22mshould render document cards with correct data-testid[32m 19[2mms[22m[39m
 [32mâœ“[39m tests/unit/components/wbs/detail/TaskDocuments.test.ts[2m > [22mTaskDocuments[2m > [22mRendering[2m > [22mshould display open button only for existing documents[32m 30[2mms[22m[39m
 [32mâœ“[39m tests/unit/components/wbs/detail/TaskDocuments.test.ts[2m > [22mTaskDocuments[2m > [22mRendering[2m > [22mshould display file size and updated date for existing documents[32m 17[2mms[22m[39m
 [32mâœ“[39m tests/unit/components/wbs/detail/TaskDocuments.test.ts[2m > [22mTaskDocuments[2m > [22mRendering[2m > [22mshould display expected condition for expected documents[32m 10[2mms[22m[39m
 [32mâœ“[39m tests/unit/components/wbs/detail/TaskDocuments.test.ts[2m > [22mTaskDocuments[2m > [22mEmpty State[2m > [22mshould display message when no documents exist[32m 28[2mms[22m[39m
 [32mâœ“[39m tests/unit/components/wbs/detail/TaskDocuments.test.ts[2m > [22mTaskDocuments[2m > [22mDocument Type Labels[2m > [22mshould return correct label for each document type[32m 12[2mms[22m[39m
 [32mâœ“[39m tests/unit/composables/useTreePersistence.test.ts[2m > [22museTreePersistence[2m > [22mautoSave[2m > [22mshould not auto-save when autoSave is false[33m 416[2mms[22m[39m
 [32mâœ“[39m tests/unit/composables/useTreeInteraction.test.ts[2m > [22museTreeInteraction[2m > [22mtoggleNode[2m > [22mshould toggle node expansion state[32m 7[2mms[22m[39m
 [32mâœ“[39m tests/unit/composables/useTreeInteraction.test.ts[2m > [22museTreeInteraction[2m > [22mtoggleNode[2m > [22mshould warn and return early if nodeId is invalid[32m 5[2mms[22m[39m
 [32mâœ“[39m tests/unit/composables/useTreeInteraction.test.ts[2m > [22museTreeInteraction[2m > [22mtoggleNode[2m > [22mshould warn and return early if node does not exist[32m 1[2mms[22m[39m
 [32mâœ“[39m tests/unit/composables/useTreeInteraction.test.ts[2m > [22museTreeInteraction[2m > [22mtoggleNode[2m > [22mshould not toggle node without children[32m 1[2mms[22m[39m
 [32mâœ“[39m tests/unit/composables/useTreeInteraction.test.ts[2m > [22museTreeInteraction[2m > [22mtoggleNode[2m > [22mshould call wbsStore.toggleExpand for valid node with children[32m 1[2mms[22m[39m
 [32mâœ“[39m tests/unit/composables/useTreeInteraction.test.ts[2m > [22museTreeInteraction[2m > [22mselectNode[2m > [22mshould select node via selectionStore[32m 1[2mms[22m[39m
 [32mâœ“[39m tests/unit/composables/useTreeInteraction.test.ts[2m > [22museTreeInteraction[2m > [22mselectNode[2m > [22mshould prevent duplicate selection[32m 1[2mms[22m[39m
[90mstderr[2m | tests/unit/composables/useTreeInteraction.test.ts[2m > [22m[2museTreeInteraction[2m > [22m[2mselectNode[2m > [22m[2mshould reset isSelecting flag after error
[22m[39m[useTreeInteraction] Failed to select node: Error: Test error
    at C:/project/jjiban/tests/unit/composables/useTreeInteraction.test.ts:214:21
    at [90mfile:///C:/project/jjiban/[39mnode_modules/[4m@vitest[24m/runner/dist/index.js:145:11
    at [90mfile:///C:/project/jjiban/[39mnode_modules/[4m@vitest[24m/runner/dist/index.js:915:26
    at [90mfile:///C:/project/jjiban/[39mnode_modules/[4m@vitest[24m/runner/dist/index.js:1240:20
    at new Promise (<anonymous>)
    at runWithTimeout [90m(file:///C:/project/jjiban/[39mnode_modules/[4m@vitest[24m/runner/dist/index.js:1206:10[90m)[39m
    at [90mfile:///C:/project/jjiban/[39mnode_modules/[4m@vitest[24m/runner/dist/index.js:1650:37
    at Traces.$ [90m(file:///C:/project/jjiban/[39mnode_modules/[4mvitest[24m/dist/chunks/traces.U4xDYhzZ.js:115:27[90m)[39m
    at trace [90m(file:///C:/project/jjiban/[39mnode_modules/[4mvitest[24m/dist/chunks/test.BT8LKgU9.js:239:21[90m)[39m
    at runTest [90m(file:///C:/project/jjiban/[39mnode_modules/[4m@vitest[24m/runner/dist/index.js:1650:12[90m)[39m

 [32mâœ“[39m tests/unit/composables/useTreeInteraction.test.ts[2m > [22museTreeInteraction[2m > [22mselectNode[2m > [22mshould prevent race condition with isSelecting flag[32m 110[2mms[22m[39m
 [32mâœ“[39m tests/unit/composables/useTreeInteraction.test.ts[2m > [22museTreeInteraction[2m > [22mselectNode[2m > [22mshould warn and return early if nodeId is invalid[32m 1[2mms[22m[39m
 [32mâœ“[39m tests/unit/composables/useTreeInteraction.test.ts[2m > [22museTreeInteraction[2m > [22mselectNode[2m > [22mshould handle selection error and clear selection[32m 3[2mms[22m[39m
 [32mâœ“[39m tests/unit/composables/useTreeInteraction.test.ts[2m > [22museTreeInteraction[2m > [22mselectNode[2m > [22mshould reset isSelecting flag after selection completes[32m 1[2mms[22m[39m
 [32mâœ“[39m tests/unit/composables/useTreeInteraction.test.ts[2m > [22museTreeInteraction[2m > [22mselectNode[2m > [22mshould reset isSelecting flag after error[32m 7[2mms[22m[39m
 [32mâœ“[39m tests/unit/composables/useTreeInteraction.test.ts[2m > [22museTreeInteraction[2m > [22mexpandAll[2m > [22mshould expand all nodes[32m 1[2mms[22m[39m
 [32mâœ“[39m tests/unit/composables/useTreeInteraction.test.ts[2m > [22museTreeInteraction[2m > [22mcollapseAll[2m > [22mshould collapse all nodes[32m 1[2mms[22m[39m
 [32mâœ“[39m tests/unit/composables/useTreeInteraction.test.ts[2m > [22museTreeInteraction[2m > [22misExpanded[2m > [22mshould return true if node is expanded[32m 1[2mms[22m[39m
 [32mâœ“[39m tests/unit/composables/useTreeInteraction.test.ts[2m > [22museTreeInteraction[2m > [22misSelected[2m > [22mshould return true if node is selected[32m 1[2mms[22m[39m
 [32mâœ“[39m tests/unit/composables/useOptimisticUpdate.test.ts[2m > [22museOptimisticUpdate[2m > [22mexecute[2m > [22mshould perform optimistic update on success[32m 4[2mms[22m[39m
 [32mâœ“[39m tests/unit/composables/useOptimisticUpdate.test.ts[2m > [22museOptimisticUpdate[2m > [22mexecute[2m > [22mshould rollback on API failure[32m 3[2mms[22m[39m
 [32mâœ“[39m tests/unit/composables/useOptimisticUpdate.test.ts[2m > [22museOptimisticUpdate[2m > [22mexecute[2m > [22mshould call refreshData on success[32m 1[2mms[22m[39m
 [32mâœ“[39m tests/unit/composables/useOptimisticUpdate.test.ts[2m > [22museOptimisticUpdate[2m > [22mexecute[2m > [22mshould prevent concurrent updates[32m 111[2mms[22m[39m
 [32mâœ“[39m tests/unit/composables/useOptimisticUpdate.test.ts[2m > [22museOptimisticUpdate[2m > [22mexecute[2m > [22mshould set isUpdating during execution[32m 1[2mms[22m[39m
 [32mâœ“[39m tests/unit/composables/useOptimisticUpdate.test.ts[2m > [22museOptimisticUpdate[2m > [22mexecuteRef[2m > [22mshould update ref value[32m 1[2mms[22m[39m
 [32mâœ“[39m tests/unit/composables/useOptimisticUpdate.test.ts[2m > [22museOptimisticUpdate[2m > [22mexecuteRef[2m > [22mshould rollback ref value on failure[32m 0[2mms[22m[39m
 [32mâœ“[39m tests/unit/composables/useOptimisticUpdate.test.ts[2m > [22museOptimisticUpdate[2m > [22mexecuteRef[2m > [22mshould call callbacks[32m 0[2mms[22m[39m
 [32mâœ“[39m tests/unit/composables/useOptimisticUpdate.test.ts[2m > [22museOptimisticUpdate[2m > [22mexecutePartial[2m > [22mshould update object fields[32m 1[2mms[22m[39m
 [32mâœ“[39m tests/unit/composables/useOptimisticUpdate.test.ts[2m > [22museOptimisticUpdate[2m > [22mexecutePartial[2m > [22mshould rollback object fields on failure[32m 0[2mms[22m[39m
 [32mâœ“[39m tests/unit/composables/useOptimisticUpdate.test.ts[2m > [22museOptimisticUpdate[2m > [22mexecutePartial[2m > [22mshould return error when target is null[32m 0[2mms[22m[39m
 [32mâœ“[39m tests/unit/composables/useOptimisticUpdate.test.ts[2m > [22museOptimisticUpdate[2m > [22mexecutePartial[2m > [22mshould call onError callback on failure[32m 0[2mms[22m[39m
 [32mâœ“[39m tests/unit/composables/useOptimisticUpdate.test.ts[2m > [22museOptimisticUpdate[2m > [22misUpdating[2m > [22mshould be readonly[32m 0[2mms[22m[39m
 [32mâœ“[39m tests/unit/composables/useTreePersistence.test.ts[2m > [22museTreePersistence[2m > [22mautoSave[2m > [22mshould debounce multiple rapid changes[33m 418[2mms[22m[39m
 [32mâœ“[39m tests/unit/composables/useMarkdownRenderer.test.ts[2m > [22museMarkdownRenderer[2m > [22mshould render markdown to HTML[32m 29[2mms[22m[39m
 [32mâœ“[39m tests/unit/composables/useMarkdownRenderer.test.ts[2m > [22museMarkdownRenderer[2m > [22mshould return empty HTML for empty markdown[32m 0[2mms[22m[39m
 [32mâœ“[39m tests/unit/composables/useMarkdownRenderer.test.ts[2m > [22museMarkdownRenderer[2m > [22mshould apply syntax highlighting to code blocks[32m 17[2mms[22m[39m
 [32mâœ“[39m tests/unit/composables/useMarkdownRenderer.test.ts[2m > [22museMarkdownRenderer[2m > [22mshould render GFM tables[32m 9[2mms[22m[39m
 [32mâœ“[39m tests/unit/composables/useMarkdownRenderer.test.ts[2m > [22museMarkdownRenderer[2m > [22mshould render GFM checkboxes[32m 11[2mms[22m[39m
 [32mâœ“[39m tests/unit/composables/useMarkdownRenderer.test.ts[2m > [22museMarkdownRenderer[2m > [22mshould sanitize malicious HTML[32m 2[2mms[22m[39m
 [32mâœ“[39m tests/unit/composables/useMarkdownRenderer.test.ts[2m > [22museMarkdownRenderer[2m > [22mshould render strikethrough (GFM)[32m 11[2mms[22m[39m
 [32mâœ“[39m tests/unit/composables/useMarkdownRenderer.test.ts[2m > [22museMarkdownRenderer[2m > [22mshould add id to headings for anchor links[32m 2[2mms[22m[39m
 [32mâœ“[39m tests/unit/composables/useMarkdownRenderer.test.ts[2m > [22museMarkdownRenderer[2m > [22mshould handle external links[32m 7[2mms[22m[39m
 [32mâœ“[39m tests/unit/composables/useMarkdownRenderer.test.ts[2m > [22museMarkdownRenderer[2m > [22mshould render emphasis and strong[32m 16[2mms[22m[39m
 [32mâœ“[39m tests/unit/composables/useMarkdownRenderer.test.ts[2m > [22museMarkdownRenderer[2m > [22mshould render inline code[32m 1[2mms[22m[39m
 [32mâœ“[39m tests/unit/composables/useMarkdownRenderer.test.ts[2m > [22museMarkdownRenderer[2m > [22mshould handle blockquotes[32m 1[2mms[22m[39m
 [32mâœ“[39m tests/unit/composables/useMarkdownRenderer.test.ts[2m > [22museMarkdownRenderer[2m > [22mshould render lists[32m 3[2mms[22m[39m
 [32mâœ“[39m tests/unit/composables/useMarkdownRenderer.test.ts[2m > [22museMarkdownRenderer[2m > [22mshould handle rendering errors gracefully[32m 1[2mms[22m[39m
 [32mâœ“[39m tests/utils/projects/integration.test.ts[2m > [22mProject Services Integration[2m > [22mshould create project with folder structure[32m 10[2mms[22m[39m
 [32mâœ“[39m tests/utils/projects/integration.test.ts[2m > [22mProject Services Integration[2m > [22mshould retrieve created project[32m 1[2mms[22m[39m
 [32mâœ“[39m tests/utils/projects/integration.test.ts[2m > [22mProject Services Integration[2m > [22mshould manage team members[32m 3[2mms[22m[39m
 [32mâœ“[39m tests/utils/projects/integration.test.ts[2m > [22mProject Services Integration[2m > [22mshould list all projects[32m 2[2mms[22m[39m
 [32mâœ“[39m tests/utils/projects/integration.test.ts[2m > [22mProject Services Integration[2m > [22mshould reject duplicate team member IDs[32m 3[2mms[22m[39m
 [32mâœ“[39m tests/utils/projects/integration.test.ts[2m > [22mProject Services Integration[2m > [22mshould reject invalid project ID format[32m 1[2mms[22m[39m
 [32mâœ“[39m tests/unit/components/wbs/CategoryTag.test.ts[2m > [22mCategoryTag[2m > [22mshould display correct tag for development[32m 52[2mms[22m[39m
 [32mâœ“[39m tests/unit/components/wbs/CategoryTag.test.ts[2m > [22mCategoryTag[2m > [22mshould display correct tag for defect[32m 8[2mms[22m[39m
 [32mâœ“[39m tests/unit/components/wbs/CategoryTag.test.ts[2m > [22mCategoryTag[2m > [22mshould display correct tag for infrastructure[32m 7[2mms[22m[39m
 [32mâœ“[39m tests/unit/components/wbs/CategoryTag.test.ts[2m > [22mCategoryTag[2m > [22mshould have rounded attribute[32m 6[2mms[22m[39m
 [32mâœ“[39m tests/unit/components/wbs/CategoryTag.test.ts[2m > [22mCategoryTag[2m > [22mshould render icon and label together[32m 4[2mms[22m[39m
 [32mâœ“[39m tests/unit/components/wbs/ProgressBar.test.ts[2m > [22mProgressBar[2m > [22mshould apply correct color for 15% #ef4444[32m 44[2mms[22m[39m
 [32mâœ“[39m tests/unit/components/wbs/ProgressBar.test.ts[2m > [22mProgressBar[2m > [22mshould apply correct color for 50% #f59e0b[32m 6[2mms[22m[39m
 [32mâœ“[39m tests/unit/components/wbs/ProgressBar.test.ts[2m > [22mProgressBar[2m > [22mshould apply correct color for 85% #22c55e[32m 5[2mms[22m[39m
 [32mâœ“[39m tests/unit/components/wbs/ProgressBar.test.ts[2m > [22mProgressBar[2m > [22mshould handle boundary value 0% #ef4444 correctly[32m 4[2mms[22m[39m
 [32mâœ“[39m tests/unit/components/wbs/ProgressBar.test.ts[2m > [22mProgressBar[2m > [22mshould handle boundary value 30% #f59e0b correctly[32m 4[2mms[22m[39m
 [32mâœ“[39m tests/unit/components/wbs/ProgressBar.test.ts[2m > [22mProgressBar[2m > [22mshould handle boundary value 70% #22c55e correctly[32m 3[2mms[22m[39m
 [32mâœ“[39m tests/unit/components/wbs/ProgressBar.test.ts[2m > [22mProgressBar[2m > [22mshould handle boundary value 100% #22c55e correctly[32m 5[2mms[22m[39m
 [32mâœ“[39m tests/unit/components/wbs/ProgressBar.test.ts[2m > [22mProgressBar[2m > [22mshould show value by default[32m 3[2mms[22m[39m
 [32mâœ“[39m tests/unit/components/wbs/ProgressBar.test.ts[2m > [22mProgressBar[2m > [22mshould allow hiding value[32m 5[2mms[22m[39m
 [32mâœ“[39m tests/unit/components/wbs/WbsTreeNode.test.ts[2m > [22mWbsTreeNode[2m > [22mshould render node recursively with children[32m 42[2mms[22m[39m
 [32mâœ“[39m tests/unit/components/wbs/WbsTreeNode.test.ts[2m > [22mWbsTreeNode[2m > [22mshould calculate indent width correctly for depth 0[32m 4[2mms[22m[39m
 [32mâœ“[39m tests/unit/components/wbs/WbsTreeNode.test.ts[2m > [22mWbsTreeNode[2m > [22mshould calculate indent width correctly for depth 1[32m 3[2mms[22m[39m
 [32mâœ“[39m tests/unit/components/wbs/WbsTreeNode.test.ts[2m > [22mWbsTreeNode[2m > [22mshould calculate indent width correctly for depth 3[32m 4[2mms[22m[39m
 [32mâœ“[39m tests/unit/components/wbs/WbsTreeNode.test.ts[2m > [22mWbsTreeNode[2m > [22mshould show expand button only if has children[32m 13[2mms[22m[39m
 [32mâœ“[39m tests/unit/components/wbs/WbsTreeNode.test.ts[2m > [22mWbsTreeNode[2m > [22mshould apply selected class when node is selected[32m 10[2mms[22m[39m
 [32mâœ“[39m tests/unit/components/wbs/WbsTreeNode.test.ts[2m > [22mWbsTreeNode[2m > [22mshould render node content with title[32m 5[2mms[22m[39m
 [32mâœ“[39m tests/unit/components/wbs/WbsTreeNode.test.ts[2m > [22mWbsTreeNode[2m > [22mshould render optional components conditionally[32m 24[2mms[22m[39m
 [32mâœ“[39m tests/unit/components/wbs/StatusBadge.test.ts[2m > [22mStatusBadge[2m > [22mshould parse status code correctly[32m 42[2mms[22m[39m
 [32mâœ“[39m tests/unit/components/wbs/StatusBadge.test.ts[2m > [22mStatusBadge[2m > [22mshould parse "detail-design [dd]" to label "Detail" with severity "info"[32m 6[2mms[22m[39m
 [32mâœ“[39m tests/unit/components/wbs/StatusBadge.test.ts[2m > [22mStatusBadge[2m > [22mshould parse "implement [im]" to label "Implement" with severity "warning"[32m 4[2mms[22m[39m
 [32mâœ“[39m tests/unit/components/wbs/StatusBadge.test.ts[2m > [22mStatusBadge[2m > [22mshould parse "verify [vf]" to label "Verify" with severity "success"[32m 5[2mms[22m[39m
 [32mâœ“[39m tests/unit/components/wbs/StatusBadge.test.ts[2m > [22mStatusBadge[2m > [22mshould parse "done [xx]" to label "Done" with severity "success"[32m 5[2mms[22m[39m
 [32mâœ“[39m tests/unit/components/wbs/StatusBadge.test.ts[2m > [22mStatusBadge[2m > [22mshould parse "todo [ ]" to label "Todo" with severity "secondary"[32m 3[2mms[22m[39m
 [32mâœ“[39m tests/unit/components/wbs/StatusBadge.test.ts[2m > [22mStatusBadge[2m > [22mshould display original status if parsing fails[32m 3[2mms[22m[39m
 [32mâœ“[39m tests/unit/components/wbs/StatusBadge.test.ts[2m > [22mStatusBadge[2m > [22mshould have rounded and small size attributes[32m 4[2mms[22m[39m
 [32mâœ“[39m tests/unit/composables/useKeyboardNav.test.ts[2m > [22museKeyboardNav[2m > [22mhandleKeyDown[2m > [22mshould call handler for valid key[32m 11[2mms[22m[39m
 [32mâœ“[39m tests/unit/composables/useKeyboardNav.test.ts[2m > [22museKeyboardNav[2m > [22mhandleKeyDown[2m > [22mshould ignore invalid keys[32m 1[2mms[22m[39m
 [32mâœ“[39m tests/unit/composables/useKeyboardNav.test.ts[2m > [22museKeyboardNav[2m > [22mhandleArrowDown[2m > [22mshould move to next node[32m 2[2mms[22m[39m
 [32mâœ“[39m tests/unit/composables/useKeyboardNav.test.ts[2m > [22museKeyboardNav[2m > [22mhandleArrowDown[2m > [22mshould stay at last node when at end[32m 1[2mms[22m[39m
 [32mâœ“[39m tests/unit/composables/useKeyboardNav.test.ts[2m > [22museKeyboardNav[2m > [22mhandleArrowUp[2m > [22mshould move to previous node[32m 1[2mms[22m[39m
 [32mâœ“[39m tests/unit/composables/useKeyboardNav.test.ts[2m > [22museKeyboardNav[2m > [22mhandleArrowUp[2m > [22mshould stay at first node when at beginning[32m 1[2mms[22m[39m
 [32mâœ“[39m tests/unit/composables/useKeyboardNav.test.ts[2m > [22museKeyboardNav[2m > [22mhandleArrowRight[2m > [22mshould expand collapsed node with children[32m 1[2mms[22m[39m
 [32mâœ“[39m tests/unit/composables/useKeyboardNav.test.ts[2m > [22museKeyboardNav[2m > [22mhandleArrowRight[2m > [22mshould move to first child if already expanded[32m 1[2mms[22m[39m
 [32mâœ“[39m tests/unit/composables/useKeyboardNav.test.ts[2m > [22museKeyboardNav[2m > [22mhandleArrowRight[2m > [22mshould do nothing on leaf node[32m 1[2mms[22m[39m
 [32mâœ“[39m tests/unit/composables/useKeyboardNav.test.ts[2m > [22museKeyboardNav[2m > [22mhandleArrowLeft[2m > [22mshould collapse expanded node with children[32m 1[2mms[22m[39m
 [32mâœ“[39m tests/unit/composables/useKeyboardNav.test.ts[2m > [22museKeyboardNav[2m > [22mhandleArrowLeft[2m > [22mshould move to parent if already collapsed[32m 1[2mms[22m[39m
 [32mâœ“[39m tests/unit/composables/useKeyboardNav.test.ts[2m > [22museKeyboardNav[2m > [22mhandleEnter[2m > [22mshould call onNodeSelect callback[32m 2[2mms[22m[39m
 [32mâœ“[39m tests/unit/composables/useKeyboardNav.test.ts[2m > [22museKeyboardNav[2m > [22mhandleEnter[2m > [22mshould not call callback if no node focused[32m 1[2mms[22m[39m
 [32mâœ“[39m tests/unit/composables/useKeyboardNav.test.ts[2m > [22museKeyboardNav[2m > [22mhandleSpace[2m > [22mshould toggle node expansion[32m 1[2mms[22m[39m
 [32mâœ“[39m tests/unit/composables/useKeyboardNav.test.ts[2m > [22museKeyboardNav[2m > [22mhandleSpace[2m > [22mshould not toggle node without children[32m 1[2mms[22m[39m
 [32mâœ“[39m tests/unit/composables/useKeyboardNav.test.ts[2m > [22museKeyboardNav[2m > [22mhandleHome[2m > [22mshould move to first node[32m 1[2mms[22m[39m
 [32mâœ“[39m tests/unit/composables/useKeyboardNav.test.ts[2m > [22museKeyboardNav[2m > [22mhandleEnd[2m > [22mshould move to last node[32m 1[2mms[22m[39m
 [32mâœ“[39m tests/unit/composables/useKeyboardNav.test.ts[2m > [22museKeyboardNav[2m > [22mhandleEscape[2m > [22mshould handle Escape key[32m 1[2mms[22m[39m
 [32mâœ“[39m tests/unit/composables/useKeyboardNav.test.ts[2m > [22museKeyboardNav[2m > [22mflattenedNodes[2m > [22mshould include only expanded nodes[32m 1[2mms[22m[39m
 [32mâœ“[39m tests/unit/composables/useKeyboardNav.test.ts[2m > [22museKeyboardNav[2m > [22mflattenedNodes[2m > [22mshould exclude children of collapsed nodes[32m 1[2mms[22m[39m
 [32mâœ“[39m tests/unit/components/wbs/NodeIcon.test.ts[2m > [22mNodeIcon[2m > [22mshould display correct icon for project[32m 28[2mms[22m[39m
 [32mâœ“[39m tests/unit/components/wbs/NodeIcon.test.ts[2m > [22mNodeIcon[2m > [22mshould display correct icon for wp[32m 4[2mms[22m[39m
 [32mâœ“[39m tests/unit/components/wbs/NodeIcon.test.ts[2m > [22mNodeIcon[2m > [22mshould display correct icon for act[32m 3[2mms[22m[39m
 [32mâœ“[39m tests/unit/components/wbs/NodeIcon.test.ts[2m > [22mNodeIcon[2m > [22mshould display correct icon for task[32m 3[2mms[22m[39m
 [32mâœ“[39m tests/unit/components/wbs/NodeIcon.test.ts[2m > [22mNodeIcon[2m > [22mshould render with correct dimensions[32m 3[2mms[22m[39m
 [32mâœ“[39m tests/unit/components/wbs/NodeIcon.test.ts[2m > [22mNodeIcon[2m > [22mshould have rounded rectangle shape[32m 1[2mms[22m[39m
 [32mâœ“[39m tests/utils/wbs/validator.test.ts[2m > [22mIdValidator[2m > [22mvalidateId[2m > [22mUT-ID-001: should return null for valid WP ID[32m 2[2mms[22m[39m
 [32mâœ“[39m tests/utils/wbs/validator.test.ts[2m > [22mIdValidator[2m > [22mvalidateId[2m > [22mUT-ID-002: should return null for valid ACT ID[32m 0[2mms[22m[39m
 [32mâœ“[39m tests/utils/wbs/validator.test.ts[2m > [22mIdValidator[2m > [22mvalidateId[2m > [22mUT-ID-003: should return null for valid TSK ID (4-level)[32m 0[2mms[22m[39m
 [32mâœ“[39m tests/utils/wbs/validator.test.ts[2m > [22mIdValidator[2m > [22mvalidateId[2m > [22mUT-ID-004: should return null for valid TSK ID (3-level)[32m 0[2mms[22m[39m
 [32mâœ“[39m tests/utils/wbs/validator.test.ts[2m > [22mIdValidator[2m > [22mvalidateId[2m > [22mUT-ID-005: should return error for invalid WP ID (single digit)[32m 1[2mms[22m[39m
 [32mâœ“[39m tests/utils/wbs/validator.test.ts[2m > [22mIdValidator[2m > [22mvalidateId[2m > [22mUT-ID-006: should return error for invalid WP ID (three digits)[32m 0[2mms[22m[39m
 [32mâœ“[39m tests/utils/wbs/validator.test.ts[2m > [22mIdValidator[2m > [22mvalidateId[2m > [22mUT-ID-007: should return error for invalid ACT ID format[32m 0[2mms[22m[39m
 [32mâœ“[39m tests/utils/wbs/validator.test.ts[2m > [22mIdValidator[2m > [22mvalidateId[2m > [22mUT-ID-008: should return error for invalid TSK ID (two digits only)[32m 0[2mms[22m[39m
 [32mâœ“[39m tests/utils/wbs/validator.test.ts[2m > [22mIdValidator[2m > [22mvalidateId[2m > [22mUT-ID-009: should return error for empty ID[32m 0[2mms[22m[39m
 [32mâœ“[39m tests/utils/wbs/validator.test.ts[2m > [22mIdValidator[2m > [22mvalidateId[2m > [22mUT-ID-010: should return error for null-like ID[32m 0[2mms[22m[39m
 [32mâœ“[39m tests/utils/wbs/validator.test.ts[2m > [22mIdValidator[2m > [22mvalidateId[2m > [22mUT-ID-011: should return error for mixed case ID[32m 0[2mms[22m[39m
 [32mâœ“[39m tests/utils/wbs/validator.test.ts[2m > [22mIdValidator[2m > [22mvalidateId[2m > [22mUT-ID-012: should return error for ID with space[32m 0[2mms[22m[39m
 [32mâœ“[39m tests/utils/wbs/validator.test.ts[2m > [22mIdValidator[2m > [22mvalidateId[2m > [22mshould validate Task ID with specific depth 3[32m 0[2mms[22m[39m
 [32mâœ“[39m tests/utils/wbs/validator.test.ts[2m > [22mIdValidator[2m > [22mvalidateId[2m > [22mshould validate Task ID with specific depth 4[32m 0[2mms[22m[39m
 [32mâœ“[39m tests/utils/wbs/validator.test.ts[2m > [22mAttributeValidator[2m > [22mvalidateAttributes[2m > [22mUT-ATTR-001: should return empty array when all required attributes exist[32m 1[2mms[22m[39m
 [32mâœ“[39m tests/utils/wbs/validator.test.ts[2m > [22mAttributeValidator[2m > [22mvalidateAttributes[2m > [22mUT-ATTR-002: should skip validation for WP node[32m 0[2mms[22m[39m
 [32mâœ“[39m tests/utils/wbs/validator.test.ts[2m > [22mAttributeValidator[2m > [22mvalidateAttributes[2m > [22mUT-ATTR-003: should return error when category is missing[32m 0[2mms[22m[39m
 [32mâœ“[39m tests/utils/wbs/validator.test.ts[2m > [22mAttributeValidator[2m > [22mvalidateAttributes[2m > [22mUT-ATTR-004: should return error when status is missing[32m 0[2mms[22m[39m
 [32mâœ“[39m tests/utils/wbs/validator.test.ts[2m > [22mAttributeValidator[2m > [22mvalidateAttributes[2m > [22mUT-ATTR-005: should return error when priority is missing[32m 0[2mms[22m[39m
 [32mâœ“[39m tests/utils/wbs/validator.test.ts[2m > [22mAttributeValidator[2m > [22mvalidateAttributes[2m > [22mUT-ATTR-006: should return 3 errors when all attributes are missing[32m 0[2mms[22m[39m
 [32mâœ“[39m tests/utils/wbs/validator.test.ts[2m > [22mAttributeValidator[2m > [22mvalidateAttributes[2m > [22mUT-ATTR-007: should return error for invalid category value[32m 0[2mms[22m[39m
 [32mâœ“[39m tests/utils/wbs/validator.test.ts[2m > [22mAttributeValidator[2m > [22mvalidateAttributes[2m > [22mUT-ATTR-008: should return error for invalid priority value[32m 0[2mms[22m[39m
 [32mâœ“[39m tests/utils/wbs/validator.test.ts[2m > [22mAttributeValidator[2m > [22mvalidateAttributes[2m > [22mUT-ATTR-009: should treat empty string as missing[32m 0[2mms[22m[39m
 [32mâœ“[39m tests/utils/wbs/validator.test.ts[2m > [22mAttributeValidator[2m > [22mvalidateAttributes[2m > [22mUT-ATTR-010: should skip validation for ACT node[32m 0[2mms[22m[39m
 [32mâœ“[39m tests/utils/wbs/validator.test.ts[2m > [22mStatusValidator[2m > [22mvalidateStatus[2m > [22mUT-STATUS-001: should return null for all valid status codes[32m 0[2mms[22m[39m
 [32mâœ“[39m tests/utils/wbs/validator.test.ts[2m > [22mStatusValidator[2m > [22mvalidateStatus[2m > [22mUT-STATUS-002: should return error for invalid status codes[32m 0[2mms[22m[39m
 [32mâœ“[39m tests/utils/wbs/validator.test.ts[2m > [22mStatusValidator[2m > [22mvalidateStatus[2m > [22mUT-STATUS-003: should return error for status without brackets[32m 0[2mms[22m[39m
 [32mâœ“[39m tests/utils/wbs/validator.test.ts[2m > [22mStatusValidator[2m > [22mvalidateStatus[2m > [22mUT-STATUS-004: should return error for status with extra space[32m 0[2mms[22m[39m
 [32mâœ“[39m tests/utils/wbs/validator.test.ts[2m > [22mStatusValidator[2m > [22mvalidateStatus[2m > [22mUT-STATUS-005: should return error for mixed case status[32m 0[2mms[22m[39m
 [32mâœ“[39m tests/utils/wbs/validator.test.ts[2m > [22mStatusValidator[2m > [22mvalidateStatus[2m > [22mUT-STATUS-006: should return error for empty status[32m 0[2mms[22m[39m
 [32mâœ“[39m tests/utils/wbs/validator.test.ts[2m > [22mStatusValidator[2m > [22mvalidateStatus[2m > [22mUT-STATUS-007: should return error for null/undefined[32m 0[2mms[22m[39m
 [32mâœ“[39m tests/utils/wbs/validator.test.ts[2m > [22mStatusValidator[2m > [22misValidStatus[2m > [22mshould return true for valid status[32m 0[2mms[22m[39m
 [32mâœ“[39m tests/utils/wbs/validator.test.ts[2m > [22mStatusValidator[2m > [22misValidStatus[2m > [22mshould return false for invalid status[32m 0[2mms[22m[39m
 [32mâœ“[39m tests/utils/wbs/validator.test.ts[2m > [22mHierarchyValidator[2m > [22mvalidateHierarchy[2m > [22mUT-HIER-001: should return null for valid WP -> ACT relationship[32m 0[2mms[22m[39m
 [32mâœ“[39m tests/utils/wbs/validator.test.ts[2m > [22mHierarchyValidator[2m > [22mvalidateHierarchy[2m > [22mUT-HIER-002: should return null for valid ACT -> TSK relationship (4-level)[32m 0[2mms[22m[39m
 [32mâœ“[39m tests/utils/wbs/validator.test.ts[2m > [22mHierarchyValidator[2m > [22mvalidateHierarchy[2m > [22mUT-HIER-003: should return null for valid WP -> TSK relationship (3-level)[32m 0[2mms[22m[39m
 [32mâœ“[39m tests/utils/wbs/validator.test.ts[2m > [22mHierarchyValidator[2m > [22mvalidateHierarchy[2m > [22mUT-HIER-004: should return error for hierarchy mismatch (WP-ACT)[32m 0[2mms[22m[39m
 [32mâœ“[39m tests/utils/wbs/validator.test.ts[2m > [22mHierarchyValidator[2m > [22mvalidateHierarchy[2m > [22mUT-HIER-005: should return error for hierarchy mismatch (ACT-TSK)[32m 0[2mms[22m[39m
 [32mâœ“[39m tests/utils/wbs/validator.test.ts[2m > [22mHierarchyValidator[2m > [22mvalidateHierarchy[2m > [22mUT-HIER-006: should return error for hierarchy mismatch (WP-TSK 3-level)[32m 1[2mms[22m[39m
 [32mâœ“[39m tests/utils/wbs/validator.test.ts[2m > [22mHierarchyValidator[2m > [22mvalidateHierarchy[2m > [22mshould return null for WP node without parent[32m 0[2mms[22m[39m
 [32mâœ“[39m tests/utils/wbs/validator.test.ts[2m > [22mHierarchyValidator[2m > [22mvalidateHierarchy[2m > [22mshould return error for Task/ACT without parent[32m 0[2mms[22m[39m
 [32mâœ“[39m tests/utils/wbs/validator.test.ts[2m > [22mHierarchyValidator[2m > [22mextractPrefix[2m > [22mUT-HIER-007: should extract prefix from WP ID[32m 0[2mms[22m[39m
 [32mâœ“[39m tests/utils/wbs/validator.test.ts[2m > [22mHierarchyValidator[2m > [22mextractPrefix[2m > [22mUT-HIER-008: should extract prefix from ACT ID[32m 0[2mms[22m[39m
 [32mâœ“[39m tests/utils/wbs/validator.test.ts[2m > [22mHierarchyValidator[2m > [22mextractPrefix[2m > [22mUT-HIER-009: should extract prefix from TSK ID (4-level)[32m 0[2mms[22m[39m
 [32mâœ“[39m tests/utils/wbs/validator.test.ts[2m > [22mHierarchyValidator[2m > [22mextractPrefix[2m > [22mUT-HIER-010: should extract prefix from TSK ID (3-level)[32m 0[2mms[22m[39m
 [32mâœ“[39m tests/utils/wbs/validator.test.ts[2m > [22mHierarchyValidator[2m > [22mgetExpectedPrefix[2m > [22mshould return correct expected prefix from WP parent[32m 0[2mms[22m[39m
 [32mâœ“[39m tests/utils/wbs/validator.test.ts[2m > [22mHierarchyValidator[2m > [22mgetExpectedPrefix[2m > [22mshould return correct expected prefix from ACT parent[32m 0[2mms[22m[39m
 [32mâœ“[39m tests/utils/wbs/validator.test.ts[2m > [22mDuplicateChecker[2m > [22mcheckDuplicates[2m > [22mUT-DUP-001: should detect duplicate IDs (2 occurrences)[32m 1[2mms[22m[39m
 [32mâœ“[39m tests/utils/wbs/validator.test.ts[2m > [22mDuplicateChecker[2m > [22mcheckDuplicates[2m > [22mUT-DUP-002: should return empty array when no duplicates[32m 0[2mms[22m[39m
 [32mâœ“[39m tests/utils/wbs/validator.test.ts[2m > [22mDuplicateChecker[2m > [22mcheckDuplicates[2m > [22mUT-DUP-003: should detect duplicate IDs (3+ occurrences)[32m 0[2mms[22m[39m
 [32mâœ“[39m tests/utils/wbs/validator.test.ts[2m > [22mDuplicateChecker[2m > [22mcheckDuplicates[2m > [22mUT-DUP-004: should detect multiple duplicate IDs[32m 0[2mms[22m[39m
 [32mâœ“[39m tests/utils/wbs/validator.test.ts[2m > [22mDuplicateChecker[2m > [22mcheckDuplicates[2m > [22mUT-DUP-005: should return empty array for empty tree[32m 0[2mms[22m[39m
 [32mâœ“[39m tests/utils/wbs/validator.test.ts[2m > [22mDuplicateChecker[2m > [22mcheckDuplicates[2m > [22mUT-DUP-006: should detect duplicates in nested tree[32m 0[2mms[22m[39m
 [32mâœ“[39m tests/utils/wbs/validator.test.ts[2m > [22mDuplicateChecker[2m > [22mcollectAllIds[2m > [22mshould collect all IDs from flat tree[32m 1[2mms[22m[39m
 [32mâœ“[39m tests/utils/wbs/validator.test.ts[2m > [22mDuplicateChecker[2m > [22mcollectAllIds[2m > [22mshould collect all IDs from nested tree[32m 0[2mms[22m[39m
 [32mâœ“[39m tests/utils/wbs/validator.test.ts[2m > [22mWbsValidator Integration[2m > [22mvalidateWbs[2m > [22mIT-VAL-001: should validate valid 4-level WBS tree[32m 1[2mms[22m[39m
 [32mâœ“[39m tests/utils/wbs/validator.test.ts[2m > [22mWbsValidator Integration[2m > [22mvalidateWbs[2m > [22mIT-VAL-002: should validate valid 3-level WBS tree[32m 0[2mms[22m[39m
 [32mâœ“[39m tests/utils/wbs/validator.test.ts[2m > [22mWbsValidator Integration[2m > [22mvalidateWbs[2m > [22mIT-VAL-003: should detect multiple error types[32m 0[2mms[22m[39m
 [32mâœ“[39m tests/utils/wbs/validator.test.ts[2m > [22mWbsValidator Integration[2m > [22mvalidateWbs[2m > [22mIT-VAL-004: should detect duplicate and hierarchy errors[32m 0[2mms[22m[39m
 [32mâœ“[39m tests/utils/wbs/validator.test.ts[2m > [22mWbsValidator Integration[2m > [22mvalidateWbs[2m > [22mIT-VAL-005: should validate empty WBS tree as valid[32m 0[2mms[22m[39m
 [32mâœ“[39m tests/utils/wbs/validator.test.ts[2m > [22mWbsValidator Integration[2m > [22mvalidateWbs[2m > [22mIT-VAL-006: should validate single WP as valid[32m 0[2mms[22m[39m
 [32mâœ“[39m tests/utils/wbs/validator.test.ts[2m > [22mWbsValidator Integration[2m > [22mvalidateWbs[2m > [22mIT-VAL-007: should validate mixed structure (3+4 level)[32m 0[2mms[22m[39m
 [32mâœ“[39m tests/utils/wbs/validator.test.ts[2m > [22mWbsValidator Integration[2m > [22mvalidateWbs[2m > [22mshould stop at first error when failFast is true[32m 0[2mms[22m[39m
 [32mâœ“[39m tests/utils/wbs/validator.test.ts[2m > [22mWbsValidator Integration[2m > [22mvalidateWbs[2m > [22mshould include validatedAt timestamp[32m 0[2mms[22m[39m
 [32mâœ“[39m tests/utils/wbs/validator.test.ts[2m > [22mEdge Cases[2m > [22mEDGE-001: should handle empty WBS tree[32m 0[2mms[22m[39m
 [32mâœ“[39m tests/utils/wbs/validator.test.ts[2m > [22mEdge Cases[2m > [22mEDGE-004: should handle single WP only[32m 0[2mms[22m[39m
 [32mâœ“[39m tests/utils/wbs/validator.test.ts[2m > [22mEdge Cases[2m > [22mEDGE-006: should handle maximum ID values[32m 0[2mms[22m[39m
 [32mâœ“[39m tests/utils/wbs/validator.test.ts[2m > [22mEdge Cases[2m > [22mEDGE-008: should handle title with special characters[32m 0[2mms[22m[39m
 [32mâœ“[39m tests/utils/wbs/validator.test.ts[2m > [22mEdge Cases[2m > [22mEDGE-009: should handle Unicode characters in title[32m 0[2mms[22m[39m
 [32mâœ“[39m tests/utils/wbs/validator.test.ts[2m > [22mEdge Cases[2m > [22mEDGE-010: should detect both ID and attribute errors[32m 0[2mms[22m[39m
 [32mâœ“[39m tests/utils/wbs/validator.test.ts[2m > [22mPerformance[2m > [22mPERF-001: should validate 50 nodes under 10ms[32m 1[2mms[22m[39m
[90mstderr[2m | tests/unit/composables/useDocumentLoader.test.ts[2m > [22m[2museDocumentLoader[2m > [22m[2mshould handle API errors with 404
[22m[39mDocument load error: {
  statusCode: [33m404[39m,
  data: { code: [32m'DOCUMENT_NOT_FOUND'[39m },
  statusMessage: [32m'ìš”ì²­í•œ ë¬¸ì„œë¥¼ ì°¾ì„ ìˆ˜ ì—†ìŠµë‹ˆë‹¤'[39m
}

[90mstderr[2m | tests/unit/composables/useDocumentLoader.test.ts[2m > [22m[2museDocumentLoader[2m > [22m[2mshould handle network errors
[22m[39mDocument load error: Error: Network error
    at C:/project/jjiban/tests/unit/composables/useDocumentLoader.test.ts:77:23
    at [90mfile:///C:/project/jjiban/[39mnode_modules/[4m@vitest[24m/runner/dist/index.js:145:11
    at [90mfile:///C:/project/jjiban/[39mnode_modules/[4m@vitest[24m/runner/dist/index.js:915:26
    at [90mfile:///C:/project/jjiban/[39mnode_modules/[4m@vitest[24m/runner/dist/index.js:1240:20
    at new Promise (<anonymous>)
    at runWithTimeout [90m(file:///C:/project/jjiban/[39mnode_modules/[4m@vitest[24m/runner/dist/index.js:1206:10[90m)[39m
    at [90mfile:///C:/project/jjiban/[39mnode_modules/[4m@vitest[24m/runner/dist/index.js:1650:37
    at Traces.$ [90m(file:///C:/project/jjiban/[39mnode_modules/[4mvitest[24m/dist/chunks/traces.U4xDYhzZ.js:115:27[90m)[39m
    at trace [90m(file:///C:/project/jjiban/[39mnode_modules/[4mvitest[24m/dist/chunks/test.BT8LKgU9.js:239:21[90m)[39m
    at runTest [90m(file:///C:/project/jjiban/[39mnode_modules/[4m@vitest[24m/runner/dist/index.js:1650:12[90m)[39m

[90mstderr[2m | tests/unit/composables/useDocumentLoader.test.ts[2m > [22m[2museDocumentLoader[2m > [22m[2mshould handle timeout errors
[22m[39mDocument load error: DOMException [AbortError]: The operation was aborted
    at C:/project/jjiban/tests/unit/composables/useDocumentLoader.test.ts:97:24
    at [90mfile:///C:/project/jjiban/[39mnode_modules/[4m@vitest[24m/runner/dist/index.js:145:11
    at [90mfile:///C:/project/jjiban/[39mnode_modules/[4m@vitest[24m/runner/dist/index.js:915:26
    at [90mfile:///C:/project/jjiban/[39mnode_modules/[4m@vitest[24m/runner/dist/index.js:1240:20
    at new Promise (<anonymous>)
    at runWithTimeout [90m(file:///C:/project/jjiban/[39mnode_modules/[4m@vitest[24m/runner/dist/index.js:1206:10[90m)[39m
    at [90mfile:///C:/project/jjiban/[39mnode_modules/[4m@vitest[24m/runner/dist/index.js:1650:37
    at Traces.$ [90m(file:///C:/project/jjiban/[39mnode_modules/[4mvitest[24m/dist/chunks/traces.U4xDYhzZ.js:115:27[90m)[39m
    at trace [90m(file:///C:/project/jjiban/[39mnode_modules/[4mvitest[24m/dist/chunks/test.BT8LKgU9.js:239:21[90m)[39m
    at runTest [90m(file:///C:/project/jjiban/[39mnode_modules/[4m@vitest[24m/runner/dist/index.js:1650:12[90m)[39m

[90mstderr[2m | tests/unit/composables/useDocumentLoader.test.ts[2m > [22m[2museDocumentLoader[2m > [22m[2mshould handle invalid request errors
[22m[39mDocument load error: {
  statusCode: [33m400[39m,
  data: { code: [32m'INVALID_FILENAME'[39m },
  statusMessage: [32m'ìœ íš¨í•˜ì§€ ì•Šì€ íŒŒì¼ëª…ìž…ë‹ˆë‹¤'[39m
}

 [32mâœ“[39m tests/unit/composables/useDocumentLoader.test.ts[2m > [22museDocumentLoader[2m > [22mshould load document content successfully[32m 8[2mms[22m[39m
 [32mâœ“[39m tests/unit/composables/useDocumentLoader.test.ts[2m > [22museDocumentLoader[2m > [22mshould handle API errors with 404[32m 5[2mms[22m[39m
 [32mâœ“[39m tests/unit/composables/useDocumentLoader.test.ts[2m > [22museDocumentLoader[2m > [22mshould handle network errors[32m 5[2mms[22m[39m
 [32mâœ“[39m tests/unit/composables/useDocumentLoader.test.ts[2m > [22museDocumentLoader[2m > [22mshould handle timeout errors[32m 2[2mms[22m[39m
 [32mâœ“[39m tests/unit/composables/useDocumentLoader.test.ts[2m > [22museDocumentLoader[2m > [22mshould use cache when enabled[32m 2[2mms[22m[39m
 [32mâœ“[39m tests/unit/composables/useDocumentLoader.test.ts[2m > [22museDocumentLoader[2m > [22mshould clear cache on reload[32m 1[2mms[22m[39m
 [32mâœ“[39m tests/unit/composables/useDocumentLoader.test.ts[2m > [22museDocumentLoader[2m > [22mshould handle invalid request errors[32m 1[2mms[22m[39m
 [32mâœ“[39m tests/unit/composables/useDocumentLoader.test.ts[2m > [22museDocumentLoader[2m > [22mshould watch for taskId and filename changes[32m 2[2mms[22m[39m
 [32mâœ“[39m tests/unit/stores/wbs.store.test.ts[2m > [22museWbsStore - UT-006: filteredTree getter ë™ìž‘ í™•ì¸[2m > [22mê²€ìƒ‰ì–´ì™€ ë§¤ì¹­ë˜ëŠ” ë…¸ë“œë§Œ í•„í„°ë§í•˜ì—¬ ë°˜í™˜í•œë‹¤[32m 7[2mms[22m[39m
 [32mâœ“[39m tests/unit/stores/wbs.store.test.ts[2m > [22museWbsStore - UT-006: filteredTree getter ë™ìž‘ í™•ì¸[2m > [22mê²€ìƒ‰ì–´ê°€ ì—†ìœ¼ë©´ ì›ë³¸ íŠ¸ë¦¬ë¥¼ ë°˜í™˜í•œë‹¤[32m 1[2mms[22m[39m
 [32mâœ“[39m tests/unit/stores/wbs.store.test.ts[2m > [22museWbsStore - UT-016: ìœ íš¨í•˜ì§€ ì•Šì€ projectId ì²˜ë¦¬[2m > [22mìœ íš¨í•˜ì§€ ì•Šì€ projectIdë¡œ fetchWbs() í˜¸ì¶œ ì‹œ ì—ëŸ¬ê°€ ì„¤ì •ëœë‹¤[32m 2[2mms[22m[39m
 [32mâœ“[39m tests/unit/stores/wbs.store.test.ts[2m > [22museWbsStore - UT-017: ê²€ìƒ‰ì–´ ê¸¸ì´ ì œí•œ í…ŒìŠ¤íŠ¸[2m > [22m1ê¸€ìž ê²€ìƒ‰ì–´ë„ ì •ìƒì ìœ¼ë¡œ í•„í„°ë§ëœë‹¤[32m 1[2mms[22m[39m
 [32mâœ“[39m tests/unit/stores/wbs.store.test.ts[2m > [22museWbsStore - UT-017: ê²€ìƒ‰ì–´ ê¸¸ì´ ì œí•œ í…ŒìŠ¤íŠ¸[2m > [22më§¤ìš° ê¸´ ê²€ìƒ‰ì–´ë„ ì •ìƒì ìœ¼ë¡œ ì²˜ë¦¬ëœë‹¤[32m 1[2mms[22m[39m
 [32mâœ“[39m tests/unit/stores/wbs.store.test.ts[2m > [22museWbsStore - UT-017: ê²€ìƒ‰ì–´ ê¸¸ì´ ì œí•œ í…ŒìŠ¤íŠ¸[2m > [22míŠ¹ìˆ˜ë¬¸ìž í¬í•¨ ê²€ìƒ‰ì–´ë„ ì •ìƒì ìœ¼ë¡œ ì²˜ë¦¬ëœë‹¤[32m 1[2mms[22m[39m
 [32mâœ“[39m tests/unit/stores/wbs.store.test.ts[2m > [22museWbsStore - UT-018: ë¹ˆ flatNodes ìƒíƒœ í…ŒìŠ¤íŠ¸[2m > [22mflatNodesê°€ ë¹„ì–´ìžˆì„ ë•Œ wpCountëŠ” 0ì„ ë°˜í™˜í•œë‹¤[32m 1[2mms[22m[39m
 [32mâœ“[39m tests/unit/stores/wbs.store.test.ts[2m > [22museWbsStore - UT-018: ë¹ˆ flatNodes ìƒíƒœ í…ŒìŠ¤íŠ¸[2m > [22mflatNodesê°€ ë¹„ì–´ìžˆì„ ë•Œ actCountëŠ” 0ì„ ë°˜í™˜í•œë‹¤[32m 0[2mms[22m[39m
 [32mâœ“[39m tests/unit/stores/wbs.store.test.ts[2m > [22museWbsStore - UT-018: ë¹ˆ flatNodes ìƒíƒœ í…ŒìŠ¤íŠ¸[2m > [22mflatNodesê°€ ë¹„ì–´ìžˆì„ ë•Œ tskCountëŠ” 0ì„ ë°˜í™˜í•œë‹¤[32m 1[2mms[22m[39m
 [32mâœ“[39m tests/unit/stores/wbs.store.test.ts[2m > [22museWbsStore - UT-018: ë¹ˆ flatNodes ìƒíƒœ í…ŒìŠ¤íŠ¸[2m > [22mflatNodesê°€ ë¹„ì–´ìžˆì„ ë•Œ overallProgressëŠ” 0ì„ ë°˜í™˜í•œë‹¤[32m 1[2mms[22m[39m
 [32mâœ“[39m tests/unit/stores/wbs.store.test.ts[2m > [22museWbsStore - UT-018: ë¹ˆ flatNodes ìƒíƒœ í…ŒìŠ¤íŠ¸[2m > [22mTaskê°€ ì—†ì„ ë•Œ overallProgressëŠ” 0ì„ ë°˜í™˜í•œë‹¤ (0ìœ¼ë¡œ ë‚˜ëˆ„ê¸° ë°©ì§€)[32m 1[2mms[22m[39m
 [32mâœ“[39m tests/unit/stores/wbs.store.test.ts[2m > [22museWbsStore - ì¹´ìš´íŠ¸ ê³„ì‚° í™•ì¸ (UT-010, UT-011)[2m > [22mWP, ACT, TSK ì¹´ìš´íŠ¸ë¥¼ ì •í™•ížˆ ê³„ì‚°í•œë‹¤[32m 1[2mms[22m[39m
 [32mâœ“[39m tests/unit/stores/wbs.store.test.ts[2m > [22museWbsStore - ì¹´ìš´íŠ¸ ê³„ì‚° í™•ì¸ (UT-010, UT-011)[2m > [22mì „ì²´ ì§„í–‰ë¥ ì„ ì •í™•ížˆ ê³„ì‚°í•œë‹¤[32m 0[2mms[22m[39m
 [32mâœ“[39m tests/unit/stores/wbs.store.test.ts[2m > [22museWbsStore - expandAll / collapseAll í…ŒìŠ¤íŠ¸[2m > [22mexpandAll() í˜¸ì¶œ ì‹œ ëª¨ë“  ë…¸ë“œê°€ í™•ìž¥ëœë‹¤[32m 1[2mms[22m[39m
 [32mâœ“[39m tests/unit/stores/wbs.store.test.ts[2m > [22museWbsStore - expandAll / collapseAll í…ŒìŠ¤íŠ¸[2m > [22mcollapseAll() í˜¸ì¶œ ì‹œ ëª¨ë“  ë…¸ë“œê°€ ì¶•ì†Œëœë‹¤[32m 0[2mms[22m[39m
 [32mâœ“[39m tests/utils/wbs/serializer.test.ts[2m > [22mserializeHeader[2m > [22mshould generate project header[32m 2[2mms[22m[39m
 [32mâœ“[39m tests/utils/wbs/serializer.test.ts[2m > [22mserializeHeader[2m > [22mshould generate WP header with ##[32m 0[2mms[22m[39m
 [32mâœ“[39m tests/utils/wbs/serializer.test.ts[2m > [22mserializeHeader[2m > [22mshould generate ACT header with ###[32m 0[2mms[22m[39m
 [32mâœ“[39m tests/utils/wbs/serializer.test.ts[2m > [22mserializeHeader[2m > [22mshould generate Task header with #### in 4-level structure[32m 0[2mms[22m[39m
 [32mâœ“[39m tests/utils/wbs/serializer.test.ts[2m > [22mserializeHeader[2m > [22mshould generate Task header with ### in 3-level structure[32m 0[2mms[22m[39m
 [32mâœ“[39m tests/utils/wbs/serializer.test.ts[2m > [22mserializeHeader[2m > [22mshould use default values for missing id and title[32m 0[2mms[22m[39m
 [32mâœ“[39m tests/utils/wbs/serializer.test.ts[2m > [22mserializeAttributes[2m > [22mshould serialize category[32m 1[2mms[22m[39m
 [32mâœ“[39m tests/utils/wbs/serializer.test.ts[2m > [22mserializeAttributes[2m > [22mshould serialize status[32m 0[2mms[22m[39m
 [32mâœ“[39m tests/utils/wbs/serializer.test.ts[2m > [22mserializeAttributes[2m > [22mshould serialize priority[32m 0[2mms[22m[39m
 [32mâœ“[39m tests/utils/wbs/serializer.test.ts[2m > [22mserializeAttributes[2m > [22mshould serialize assignee when present[32m 0[2mms[22m[39m
 [32mâœ“[39m tests/utils/wbs/serializer.test.ts[2m > [22mserializeAttributes[2m > [22mshould serialize assignee as "-" when explicitly set[32m 0[2mms[22m[39m
 [32mâœ“[39m tests/utils/wbs/serializer.test.ts[2m > [22mserializeAttributes[2m > [22mshould serialize schedule when both start and end exist[32m 0[2mms[22m[39m
 [32mâœ“[39m tests/utils/wbs/serializer.test.ts[2m > [22mserializeAttributes[2m > [22mshould not serialize schedule when only start exists[32m 0[2mms[22m[39m
 [32mâœ“[39m tests/utils/wbs/serializer.test.ts[2m > [22mserializeAttributes[2m > [22mshould serialize tags as comma-separated list[32m 0[2mms[22m[39m
 [32mâœ“[39m tests/utils/wbs/serializer.test.ts[2m > [22mserializeAttributes[2m > [22mshould not serialize empty tags array[32m 0[2mms[22m[39m
 [32mâœ“[39m tests/utils/wbs/serializer.test.ts[2m > [22mserializeAttributes[2m > [22mshould serialize depends[32m 0[2mms[22m[39m
 [32mâœ“[39m tests/utils/wbs/serializer.test.ts[2m > [22mserializeAttributes[2m > [22mshould serialize requirements with indentation[32m 0[2mms[22m[39m
 [32mâœ“[39m tests/utils/wbs/serializer.test.ts[2m > [22mserializeAttributes[2m > [22mshould serialize ref[32m 0[2mms[22m[39m
 [32mâœ“[39m tests/utils/wbs/serializer.test.ts[2m > [22mserializeAttributes[2m > [22mshould serialize progress for WP[32m 0[2mms[22m[39m
 [32mâœ“[39m tests/utils/wbs/serializer.test.ts[2m > [22mserializeAttributes[2m > [22mshould not serialize progress for task[32m 0[2mms[22m[39m
 [32mâœ“[39m tests/utils/wbs/serializer.test.ts[2m > [22mbuildMetadataBlock[2m > [22mshould generate metadata block with all fields[32m 0[2mms[22m[39m
 [32mâœ“[39m tests/utils/wbs/serializer.test.ts[2m > [22mbuildMetadataBlock[2m > [22mshould use default values for missing fields[32m 1[2mms[22m[39m
 [32mâœ“[39m tests/utils/wbs/serializer.test.ts[2m > [22mbuildMetadataBlock[2m > [22mshould update date when updateDate option is true[32m 0[2mms[22m[39m
 [32mâœ“[39m tests/utils/wbs/serializer.test.ts[2m > [22mcalculateMaxDepth[2m > [22mshould return 4 when ACT nodes exist[32m 0[2mms[22m[39m
 [32mâœ“[39m tests/utils/wbs/serializer.test.ts[2m > [22mcalculateMaxDepth[2m > [22mshould return 4 when Task ID follows TSK-XX-XX-XX pattern[32m 0[2mms[22m[39m
 [32mâœ“[39m tests/utils/wbs/serializer.test.ts[2m > [22mcalculateMaxDepth[2m > [22mshould return 3 when no ACT nodes and Task IDs are not 4-level[32m 0[2mms[22m[39m
 [32mâœ“[39m tests/utils/wbs/serializer.test.ts[2m > [22mcalculateMaxDepth[2m > [22mshould return 3 for empty array[32m 0[2mms[22m[39m
 [32mâœ“[39m tests/utils/wbs/serializer.test.ts[2m > [22mserializeWbs[2m > [22mshould serialize empty tree with only metadata[32m 0[2mms[22m[39m
 [32mâœ“[39m tests/utils/wbs/serializer.test.ts[2m > [22mserializeWbs[2m > [22mshould serialize project with children[32m 0[2mms[22m[39m
 [32mâœ“[39m tests/utils/wbs/serializer.test.ts[2m > [22mserializeWbs[2m > [22mshould add separator between WPs[32m 0[2mms[22m[39m
 [32mâœ“[39m tests/utils/wbs/serializer.test.ts[2m > [22mserializeWbs[2m > [22mshould serialize nested 4-level structure[32m 0[2mms[22m[39m
 [32mâœ“[39m tests/utils/wbs/serializer.test.ts[2m > [22mserializeWbs[2m > [22mshould throw SerializationError on circular reference[32m 1[2mms[22m[39m
 [32mâœ“[39m tests/utils/wbs/serializer.test.ts[2m > [22mserializeWbs[2m > [22mshould serialize all task attributes correctly[32m 0[2mms[22m[39m
 [32mâœ“[39m tests/utils/wbs/serializer.test.ts[2m > [22mserializeWbs[2m > [22mshould handle nodes without project wrapper[32m 0[2mms[22m[39m
[90mstderr[2m | tests/utils/projects/paths.test.ts[2m > [22m[2mProjectPaths[2m > [22m[2mgetBasePath[2m > [22m[2mshould reject path traversal attack (..)
[22m[39m[Security] Unsafe path detected in JJIBAN_BASE_PATH: ../malicious, using cwd

 [32mâœ“[39m tests/utils/projects/paths.test.ts[2m > [22mProjectPaths[2m > [22mgetBasePath[2m > [22mshould return current working directory when JJIBAN_BASE_PATH is not set[32m 2[2mms[22m[39m
 [32mâœ“[39m tests/utils/projects/paths.test.ts[2m > [22mProjectPaths[2m > [22mgetBasePath[2m > [22mshould return normalized JJIBAN_BASE_PATH when set[32m 1[2mms[22m[39m
 [32mâœ“[39m tests/utils/projects/paths.test.ts[2m > [22mProjectPaths[2m > [22mgetBasePath[2m > [22mshould reject path traversal attack (..)[32m 2[2mms[22m[39m
 [32mâœ“[39m tests/utils/projects/paths.test.ts[2m > [22mProjectPaths[2m > [22mgetProjectsBasePath[2m > [22mshould return .jjiban/projects path[32m 1[2mms[22m[39m
 [32mâœ“[39m tests/utils/projects/paths.test.ts[2m > [22mProjectPaths[2m > [22mgetProjectDir[2m > [22mshould return project directory path[32m 1[2mms[22m[39m
 [32mâœ“[39m tests/utils/projects/paths.test.ts[2m > [22mProjectPaths[2m > [22mgetProjectDir[2m > [22mshould throw error for invalid project ID (uppercase)[32m 9[2mms[22m[39m
 [32mâœ“[39m tests/utils/projects/paths.test.ts[2m > [22mProjectPaths[2m > [22mgetProjectDir[2m > [22mshould throw error for invalid project ID (special characters)[32m 0[2mms[22m[39m
 [32mâœ“[39m tests/utils/projects/paths.test.ts[2m > [22mProjectPaths[2m > [22mgetProjectFilePath[2m > [22mshould return project.json path[32m 0[2mms[22m[39m
 [32mâœ“[39m tests/utils/projects/paths.test.ts[2m > [22mProjectPaths[2m > [22mgetProjectFilePath[2m > [22mshould return team.json path[32m 0[2mms[22m[39m
 [32mâœ“[39m tests/utils/projects/paths.test.ts[2m > [22mProjectPaths[2m > [22mgetProjectsListFilePath[2m > [22mshould return projects.json path[32m 0[2mms[22m[39m
 [32mâœ“[39m tests/utils/projects/paths.test.ts[2m > [22mProjectPaths[2m > [22mvalidateProjectId[2m > [22mshould accept valid project ID (lowercase, numbers, hyphens)[32m 0[2mms[22m[39m
 [32mâœ“[39m tests/utils/projects/paths.test.ts[2m > [22mProjectPaths[2m > [22mvalidateProjectId[2m > [22mshould reject uppercase letters[32m 0[2mms[22m[39m
 [32mâœ“[39m tests/utils/projects/paths.test.ts[2m > [22mProjectPaths[2m > [22mvalidateProjectId[2m > [22mshould reject special characters[32m 0[2mms[22m[39m
 [32mâœ“[39m tests/utils/projects/paths.test.ts[2m > [22mProjectPaths[2m > [22mvalidateProjectId[2m > [22mshould reject path traversal (..)[32m 0[2mms[22m[39m
 [32mâœ“[39m tests/utils/projects/paths.test.ts[2m > [22mProjectPaths[2m > [22mvalidateProjectId[2m > [22mshould reject path with slashes[32m 0[2mms[22m[39m
 [32mâœ“[39m tests/unit/composables/useWbsPage.test.ts[2m > [22museWbsPage[2m > [22mTC-005: ì—ëŸ¬ ë©”ì‹œì§€ í•œê¸€ ë³€í™˜[2m > [22mPROJECT_NOT_FOUND ì—ëŸ¬ ì½”ë“œë¥¼ í•œê¸€ ë©”ì‹œì§€ë¡œ ë³€í™˜[32m 5[2mms[22m[39m
 [32mâœ“[39m tests/unit/composables/useWbsPage.test.ts[2m > [22museWbsPage[2m > [22mTC-005: ì—ëŸ¬ ë©”ì‹œì§€ í•œê¸€ ë³€í™˜[2m > [22mWBS_NOT_FOUND ì—ëŸ¬ ì½”ë“œë¥¼ í•œê¸€ ë©”ì‹œì§€ë¡œ ë³€í™˜[32m 1[2mms[22m[39m
 [32mâœ“[39m tests/unit/composables/useWbsPage.test.ts[2m > [22museWbsPage[2m > [22mTC-005: ì—ëŸ¬ ë©”ì‹œì§€ í•œê¸€ ë³€í™˜[2m > [22mFILE_READ_ERROR ì—ëŸ¬ ì½”ë“œë¥¼ í•œê¸€ ë©”ì‹œì§€ë¡œ ë³€í™˜[32m 0[2mms[22m[39m
 [32mâœ“[39m tests/unit/composables/useWbsPage.test.ts[2m > [22museWbsPage[2m > [22mTC-005: ì—ëŸ¬ ë©”ì‹œì§€ í•œê¸€ ë³€í™˜[2m > [22mNETWORK_ERROR ì—ëŸ¬ ì½”ë“œë¥¼ í•œê¸€ ë©”ì‹œì§€ë¡œ ë³€í™˜[32m 1[2mms[22m[39m
 [32mâœ“[39m tests/unit/composables/useWbsPage.test.ts[2m > [22museWbsPage[2m > [22mTC-005: ì—ëŸ¬ ë©”ì‹œì§€ í•œê¸€ ë³€í™˜[2m > [22mì•Œ ìˆ˜ ì—†ëŠ” ì—ëŸ¬ëŠ” ê¸°ë³¸ ë©”ì‹œì§€ë¡œ ë³€í™˜[32m 0[2mms[22m[39m
 [32mâœ“[39m tests/unit/composables/useWbsPage.test.ts[2m > [22museWbsPage[2m > [22mloadProjectAndWbs[2m > [22mí”„ë¡œì íŠ¸ì™€ WBSë¥¼ ìˆœì°¨ì ìœ¼ë¡œ ë¡œë“œ[32m 1[2mms[22m[39m
 [32mâœ“[39m tests/unit/composables/useWbsPage.test.ts[2m > [22museWbsPage[2m > [22mloadProjectAndWbs[2m > [22mí”„ë¡œì íŠ¸ ë¡œë“œ ì‹¤íŒ¨ ì‹œ WBS ë¡œë”© ì¤‘ë‹¨[32m 1[2mms[22m[39m
 [32mâœ“[39m tests/unit/composables/useWbsPage.test.ts[2m > [22museWbsPage[2m > [22mloadProjectAndWbs[2m > [22mWBS ë¡œë“œ ì‹¤íŒ¨ ì‹œ ì—ëŸ¬ ì²˜ë¦¬[32m 0[2mms[22m[39m
 [32mâœ“[39m tests/unit/composables/useWbsPage.test.ts[2m > [22museWbsPage[2m > [22mshowToast[2m > [22mToast ë©”ì‹œì§€ë¥¼ ì˜¬ë°”ë¥´ê²Œ í‘œì‹œ[32m 1[2mms[22m[39m
 [32mâœ“[39m tests/unit/composables/useWbsPage.test.ts[2m > [22museWbsPage[2m > [22mshowToast[2m > [22mê¸°ë³¸ life ê°’ì€ 3000ms[32m 1[2mms[22m[39m
 [32mâœ“[39m tests/unit/composables/useWbsPage.test.ts[2m > [22museWbsPage[2m > [22misRetryableError[2m > [22mìž¬ì‹œë„ ê°€ëŠ¥í•œ ì—ëŸ¬ ì½”ë“œ í™•ì¸[32m 0[2mms[22m[39m
 [32mâœ“[39m tests/unit/composables/useWbsPage.test.ts[2m > [22museWbsPage[2m > [22misRetryableError[2m > [22mìž¬ì‹œë„ ë¶ˆê°€ëŠ¥í•œ ì—ëŸ¬ ì½”ë“œ í™•ì¸[32m 0[2mms[22m[39m
 [32mâœ“[39m tests/unit/cli/config/workflowSteps.test.ts[2m > [22mworkflowSteps[2m > [22mWORKFLOW_STEPS[2m > [22mdevelopment ì¹´í…Œê³ ë¦¬ì˜ ëª¨ë“  ë‹¨ê³„ë¥¼ í¬í•¨í•œë‹¤[32m 3[2mms[22m[39m
 [32mâœ“[39m tests/unit/cli/config/workflowSteps.test.ts[2m > [22mworkflowSteps[2m > [22mWORKFLOW_STEPS[2m > [22mdefect ì¹´í…Œê³ ë¦¬ì˜ ëª¨ë“  ë‹¨ê³„ë¥¼ í¬í•¨í•œë‹¤[32m 0[2mms[22m[39m
 [32mâœ“[39m tests/unit/cli/config/workflowSteps.test.ts[2m > [22mworkflowSteps[2m > [22mWORKFLOW_STEPS[2m > [22minfrastructure ì¹´í…Œê³ ë¦¬ì˜ ëª¨ë“  ë‹¨ê³„ë¥¼ í¬í•¨í•œë‹¤[32m 1[2mms[22m[39m
 [32mâœ“[39m tests/unit/cli/config/workflowSteps.test.ts[2m > [22mworkflowSteps[2m > [22mTARGET_MAPPING[2m > [22mëª¨ë“  targetì„ ì •ì˜í•œë‹¤[32m 2[2mms[22m[39m
 [32mâœ“[39m tests/unit/cli/config/workflowSteps.test.ts[2m > [22mworkflowSteps[2m > [22mTARGET_MAPPING[2m > [22mdone targetì€ ì „ì²´ ì‹¤í–‰ (null)ì„ ì˜ë¯¸í•œë‹¤[32m 0[2mms[22m[39m
 [32mâœ“[39m tests/unit/cli/config/workflowSteps.test.ts[2m > [22mworkflowSteps[2m > [22mgetStartStepIndex[2m > [22mTodo ìƒíƒœ [ ]ì—ì„œ 0ì„ ë°˜í™˜í•œë‹¤[32m 0[2mms[22m[39m
 [32mâœ“[39m tests/unit/cli/config/workflowSteps.test.ts[2m > [22mworkflowSteps[2m > [22mgetStartStepIndex[2m > [22mì™„ë£Œ ìƒíƒœ [xx]ì—ì„œ -1ì„ ë°˜í™˜í•œë‹¤[32m 0[2mms[22m[39m
 [32mâœ“[39m tests/unit/cli/config/workflowSteps.test.ts[2m > [22mworkflowSteps[2m > [22mgetStartStepIndex[2m > [22mì¤‘ê°„ ìƒíƒœì—ì„œ ì˜¬ë°”ë¥¸ ì¸ë±ìŠ¤ë¥¼ ë°˜í™˜í•œë‹¤[32m 0[2mms[22m[39m
 [32mâœ“[39m tests/unit/cli/config/workflowSteps.test.ts[2m > [22mworkflowSteps[2m > [22mgetStartStepIndex[2m > [22mì¡´ìž¬í•˜ì§€ ì•ŠëŠ” ì¹´í…Œê³ ë¦¬ì—ì„œ -1ì„ ë°˜í™˜í•œë‹¤[32m 0[2mms[22m[39m
 [32mâœ“[39m tests/unit/cli/config/workflowSteps.test.ts[2m > [22mworkflowSteps[2m > [22mgetStepsToTarget[2m > [22mTodoì—ì„œ doneê¹Œì§€ ì „ì²´ ë‹¨ê³„ë¥¼ ë°˜í™˜í•œë‹¤[32m 0[2mms[22m[39m
 [32mâœ“[39m tests/unit/cli/config/workflowSteps.test.ts[2m > [22mworkflowSteps[2m > [22mgetStepsToTarget[2m > [22mTodoì—ì„œ basic-designê¹Œì§€ startë§Œ ë°˜í™˜í•œë‹¤[32m 0[2mms[22m[39m
 [32mâœ“[39m tests/unit/cli/config/workflowSteps.test.ts[2m > [22mworkflowSteps[2m > [22mgetStepsToTarget[2m > [22mTodoì—ì„œ buildê¹Œì§€ ì ì ˆí•œ ë‹¨ê³„ë¥¼ ë°˜í™˜í•œë‹¤[32m 1[2mms[22m[39m
 [32mâœ“[39m tests/unit/cli/config/workflowSteps.test.ts[2m > [22mworkflowSteps[2m > [22mgetStepsToTarget[2m > [22m[bd] ìƒíƒœì—ì„œ doneê¹Œì§€ draftë¶€í„° ì‹œìž‘í•œë‹¤[32m 1[2mms[22m[39m
 [32mâœ“[39m tests/unit/cli/config/workflowSteps.test.ts[2m > [22mworkflowSteps[2m > [22mgetStepsToTarget[2m > [22mì™„ë£Œ ìƒíƒœì—ì„œ ë¹ˆ ë°°ì—´ì„ ë°˜í™˜í•œë‹¤[32m 0[2mms[22m[39m
 [32mâœ“[39m tests/unit/cli/config/workflowSteps.test.ts[2m > [22mworkflowSteps[2m > [22mgetStepsToTarget[2m > [22mëª…ë ¹ì–´ê°€ ì˜¬ë°”ë¥´ê²Œ í¬í•¨ëœë‹¤[32m 0[2mms[22m[39m
 [32mâœ“[39m tests/unit/cli/config/workflowSteps.test.ts[2m > [22mworkflowSteps[2m > [22mgetCommandForStep[2m > [22më‹¨ê³„ì— í•´ë‹¹í•˜ëŠ” ëª…ë ¹ì–´ë¥¼ ë°˜í™˜í•œë‹¤[32m 0[2mms[22m[39m
 [32mâœ“[39m tests/unit/cli/config/workflowSteps.test.ts[2m > [22mworkflowSteps[2m > [22mgetCommandForStep[2m > [22mì¡´ìž¬í•˜ì§€ ì•ŠëŠ” ë‹¨ê³„ì— nullì„ ë°˜í™˜í•œë‹¤[32m 0[2mms[22m[39m
 [32mâœ“[39m tests/unit/cli/config/workflowSteps.test.ts[2m > [22mworkflowSteps[2m > [22mgetCommandForStep[2m > [22mì¡´ìž¬í•˜ì§€ ì•ŠëŠ” ì¹´í…Œê³ ë¦¬ì— nullì„ ë°˜í™˜í•œë‹¤[32m 0[2mms[22m[39m
 [32mâœ“[39m tests/unit/workflow/transition-completed.test.ts[2m > [22mexecuteTransition - ë¡¤ë°± ë¡œì§[2m > [22mUT-007: ë¡¤ë°± ê°ì§€[2m > [22mshould detect rollback when new state index < current state index[32m 6[2mms[22m[39m
 [32mâœ“[39m tests/unit/workflow/transition-completed.test.ts[2m > [22mexecuteTransition - ë¡¤ë°± ë¡œì§[2m > [22mUT-008: ì´í›„ ë‹¨ê³„ completed ì‚­ì œ[2m > [22mshould delete completed keys for subsequent states on rollback[32m 4[2mms[22m[39m
 [32mâœ“[39m tests/unit/workflow/transition-completed.test.ts[2m > [22mexecuteTransition - ë¡¤ë°± ë¡œì§[2m > [22mUT-008: ì´í›„ ë‹¨ê³„ completed ì‚­ì œ[2m > [22mshould handle defect workflow rollback correctly[32m 2[2mms[22m[39m
 [32mâœ“[39m tests/unit/workflow/transition-completed.test.ts[2m > [22mexecuteTransition - ë¡¤ë°± ë¡œì§[2m > [22mUT-009: ë¡¤ë°± ê²½ê³„ ì¡°ê±´[2m > [22mshould handle rollback when no completed keys to delete[32m 2[2mms[22m[39m
 [32mâœ“[39m tests/unit/workflow/transition-completed.test.ts[2m > [22mexecuteTransition - ë¡¤ë°± ë¡œì§[2m > [22mUT-009: ë¡¤ë°± ê²½ê³„ ì¡°ê±´[2m > [22mshould handle rollback when completed field is empty[32m 1[2mms[22m[39m
 [32mâœ“[39m tests/utils/workflow/stateMapper.test.ts[2m > [22mStateMapper[2m > [22mstatusCodeToName[2m > [22mconverts "bd" to "bd" for development[32m 3[2mms[22m[39m
 [32mâœ“[39m tests/utils/workflow/stateMapper.test.ts[2m > [22mStateMapper[2m > [22mstatusCodeToName[2m > [22mconverts "dd" to "dd" for development[32m 0[2mms[22m[39m
 [32mâœ“[39m tests/utils/workflow/stateMapper.test.ts[2m > [22mStateMapper[2m > [22mstatusCodeToName[2m > [22mconverts "im" to "im" for development[32m 0[2mms[22m[39m
 [32mâœ“[39m tests/utils/workflow/stateMapper.test.ts[2m > [22mStateMapper[2m > [22mstatusCodeToName[2m > [22mconverts "vf" to "vf" for development[32m 0[2mms[22m[39m
 [32mâœ“[39m tests/utils/workflow/stateMapper.test.ts[2m > [22mStateMapper[2m > [22mstatusCodeToName[2m > [22mconverts "xx" to "xx" for development[32m 0[2mms[22m[39m
 [32mâœ“[39m tests/utils/workflow/stateMapper.test.ts[2m > [22mStateMapper[2m > [22mstatusCodeToName[2m > [22mconverts "[ ]" to "todo"[32m 0[2mms[22m[39m
 [32mâœ“[39m tests/utils/workflow/stateMapper.test.ts[2m > [22mStateMapper[2m > [22mstatusCodeToName[2m > [22mconverts empty string to "todo"[32m 0[2mms[22m[39m
 [32mâœ“[39m tests/utils/workflow/stateMapper.test.ts[2m > [22mStateMapper[2m > [22mstatusCodeToName[2m > [22mhandles brackets in status code "[bd]"[32m 0[2mms[22m[39m
 [32mâœ“[39m tests/utils/workflow/stateMapper.test.ts[2m > [22mStateMapper[2m > [22mstatusCodeToName[2m > [22mconverts "an" to "an" for defect category[32m 1[2mms[22m[39m
 [32mâœ“[39m tests/utils/workflow/stateMapper.test.ts[2m > [22mStateMapper[2m > [22mstatusCodeToName[2m > [22mconverts "fx" to "fx" for defect category[32m 0[2mms[22m[39m
 [32mâœ“[39m tests/utils/workflow/stateMapper.test.ts[2m > [22mStateMapper[2m > [22mstatusCodeToName[2m > [22mreturns null for invalid category[32m 0[2mms[22m[39m
 [32mâœ“[39m tests/utils/workflow/stateMapper.test.ts[2m > [22mStateMapper[2m > [22mstatusCodeToName[2m > [22mreturns null for unknown status code[32m 0[2mms[22m[39m
 [32mâœ“[39m tests/utils/workflow/stateMapper.test.ts[2m > [22mStateMapper[2m > [22mnameToStatusCode[2m > [22mconverts "bd" to "[bd]" for development[32m 0[2mms[22m[39m
 [32mâœ“[39m tests/utils/workflow/stateMapper.test.ts[2m > [22mStateMapper[2m > [22mnameToStatusCode[2m > [22mconverts "dd" to "[dd]" for development[32m 0[2mms[22m[39m
 [32mâœ“[39m tests/utils/workflow/stateMapper.test.ts[2m > [22mStateMapper[2m > [22mnameToStatusCode[2m > [22mconverts "im" to "[im]" for development[32m 0[2mms[22m[39m
 [32mâœ“[39m tests/utils/workflow/stateMapper.test.ts[2m > [22mStateMapper[2m > [22mnameToStatusCode[2m > [22mconverts "vf" to "[vf]" for development[32m 0[2mms[22m[39m
 [32mâœ“[39m tests/utils/workflow/stateMapper.test.ts[2m > [22mStateMapper[2m > [22mnameToStatusCode[2m > [22mconverts "xx" to "[xx]" for development[32m 0[2mms[22m[39m
 [32mâœ“[39m tests/utils/workflow/stateMapper.test.ts[2m > [22mStateMapper[2m > [22mnameToStatusCode[2m > [22mconverts "todo" to "[ ]"[32m 0[2mms[22m[39m
 [32mâœ“[39m tests/utils/workflow/stateMapper.test.ts[2m > [22mStateMapper[2m > [22mnameToStatusCode[2m > [22mconverts "an" to "[an]" for defect[32m 0[2mms[22m[39m
 [32mâœ“[39m tests/utils/workflow/stateMapper.test.ts[2m > [22mStateMapper[2m > [22mnameToStatusCode[2m > [22mconverts "fx" to "[fx]" for defect[32m 0[2mms[22m[39m
 [32mâœ“[39m tests/utils/workflow/stateMapper.test.ts[2m > [22mStateMapper[2m > [22mnameToStatusCode[2m > [22mreturns "[ ]" for invalid category[32m 0[2mms[22m[39m
 [32mâœ“[39m tests/utils/workflow/stateMapper.test.ts[2m > [22mStateMapper[2m > [22mnameToStatusCode[2m > [22mreturns "[ ]" for unknown state name[32m 0[2mms[22m[39m
 [32mâœ“[39m tests/utils/workflow/stateMapper.test.ts[2m > [22mStateMapper[2m > [22mgetAllStateMappings[2m > [22mreturns all state mappings for development[32m 0[2mms[22m[39m
 [32mâœ“[39m tests/utils/workflow/stateMapper.test.ts[2m > [22mStateMapper[2m > [22mgetAllStateMappings[2m > [22mreturns all state mappings for defect[32m 0[2mms[22m[39m
 [32mâœ“[39m tests/utils/workflow/stateMapper.test.ts[2m > [22mStateMapper[2m > [22mgetAllStateMappings[2m > [22mreturns all state mappings for infrastructure[32m 0[2mms[22m[39m
 [32mâœ“[39m tests/utils/workflow/stateMapper.test.ts[2m > [22mStateMapper[2m > [22mgetAllStateMappings[2m > [22mreturns empty object for invalid category[32m 1[2mms[22m[39m
 [32mâœ“[39m tests/utils/workflow/stateMapper.test.ts[2m > [22mStateMapper[2m > [22mgetAllStateMappings[2m > [22mall mappings include todo state[32m 0[2mms[22m[39m
 [32mâœ“[39m tests/utils/workflow/stateMapper.test.ts[2m > [22mStateMapper[2m > [22mround-trip conversions[2m > [22mdevelopment: statusCode -> name -> statusCode[32m 1[2mms[22m[39m
 [32mâœ“[39m tests/utils/workflow/stateMapper.test.ts[2m > [22mStateMapper[2m > [22mround-trip conversions[2m > [22mdefect: statusCode -> name -> statusCode[32m 1[2mms[22m[39m
 [32mâœ“[39m tests/utils/workflow/stateMapper.test.ts[2m > [22mStateMapper[2m > [22mround-trip conversions[2m > [22minfrastructure: statusCode -> name -> statusCode[32m 0[2mms[22m[39m
 [32mâœ“[39m tests/unit/composables/useErrorHandler.test.ts[2m > [22museErrorHandler[2m > [22mextractErrorCode[2m > [22mshould extract error code from statusMessage[32m 3[2mms[22m[39m
 [32mâœ“[39m tests/unit/composables/useErrorHandler.test.ts[2m > [22museErrorHandler[2m > [22mextractErrorCode[2m > [22mshould extract error code from data.code[32m 0[2mms[22m[39m
 [32mâœ“[39m tests/unit/composables/useErrorHandler.test.ts[2m > [22museErrorHandler[2m > [22mextractErrorCode[2m > [22mshould return null for unknown error format[32m 0[2mms[22m[39m
 [32mâœ“[39m tests/unit/composables/useErrorHandler.test.ts[2m > [22museErrorHandler[2m > [22mextractErrorCode[2m > [22mshould return null for non-object error[32m 1[2mms[22m[39m
 [32mâœ“[39m tests/unit/composables/useErrorHandler.test.ts[2m > [22museErrorHandler[2m > [22mextractErrorCode[2m > [22mshould detect network error from TypeError[32m 0[2mms[22m[39m
 [32mâœ“[39m tests/unit/composables/useErrorHandler.test.ts[2m > [22museErrorHandler[2m > [22mextractErrorMessage[2m > [22mshould return mapped message for known error code[32m 0[2mms[22m[39m
 [32mâœ“[39m tests/unit/composables/useErrorHandler.test.ts[2m > [22museErrorHandler[2m > [22mextractErrorMessage[2m > [22mshould return error message from API response[32m 0[2mms[22m[39m
 [32mâœ“[39m tests/unit/composables/useErrorHandler.test.ts[2m > [22museErrorHandler[2m > [22mextractErrorMessage[2m > [22mshould return data.message when available[32m 0[2mms[22m[39m
 [32mâœ“[39m tests/unit/composables/useErrorHandler.test.ts[2m > [22museErrorHandler[2m > [22mextractErrorMessage[2m > [22mshould return Error.message for Error instances[32m 0[2mms[22m[39m
 [32mâœ“[39m tests/unit/composables/useErrorHandler.test.ts[2m > [22museErrorHandler[2m > [22mextractErrorMessage[2m > [22mshould return default message for unknown errors[32m 0[2mms[22m[39m
 [32mâœ“[39m tests/unit/composables/useErrorHandler.test.ts[2m > [22museErrorHandler[2m > [22mhandle[2m > [22mshould show error notification[32m 2[2mms[22m[39m
 [32mâœ“[39m tests/unit/composables/useErrorHandler.test.ts[2m > [22museErrorHandler[2m > [22mhandle[2m > [22mshould use custom message when provided[32m 0[2mms[22m[39m
 [32mâœ“[39m tests/unit/composables/useErrorHandler.test.ts[2m > [22museErrorHandler[2m > [22mhandle[2m > [22mshould execute recovery action when provided[32m 0[2mms[22m[39m
 [32mâœ“[39m tests/unit/composables/useErrorHandler.test.ts[2m > [22museErrorHandler[2m > [22mhandle[2m > [22mshould handle async recovery action[32m 0[2mms[22m[39m
 [32mâœ“[39m tests/unit/composables/useErrorHandler.test.ts[2m > [22museErrorHandler[2m > [22misErrorCode[2m > [22mshould return true for matching error code[32m 0[2mms[22m[39m
 [32mâœ“[39m tests/unit/composables/useErrorHandler.test.ts[2m > [22museErrorHandler[2m > [22misErrorCode[2m > [22mshould return false for non-matching error code[32m 0[2mms[22m[39m
 [32mâœ“[39m tests/unit/composables/useErrorHandler.test.ts[2m > [22museErrorHandler[2m > [22mhelper methods[2m > [22misValidationError should return true for validation errors[32m 0[2mms[22m[39m
 [32mâœ“[39m tests/unit/composables/useErrorHandler.test.ts[2m > [22museErrorHandler[2m > [22mhelper methods[2m > [22misNetworkError should return true for network errors[32m 0[2mms[22m[39m
 [32mâœ“[39m tests/unit/composables/useErrorHandler.test.ts[2m > [22museErrorHandler[2m > [22mhelper methods[2m > [22misNotFoundError should return true for not found errors[32m 0[2mms[22m[39m
 [32mâœ“[39m tests/unit/composables/useErrorHandler.test.ts[2m > [22museErrorHandler[2m > [22mERROR_CODES constant[2m > [22mshould export all error codes[32m 0[2mms[22m[39m
 [32mâœ“[39m tests/unit/composables/useNotification.test.ts[2m > [22museNotification[2m > [22msuccess[2m > [22mshould show success notification with default options[32m 5[2mms[22m[39m
 [32mâœ“[39m tests/unit/composables/useNotification.test.ts[2m > [22museNotification[2m > [22msuccess[2m > [22mshould show success notification with custom life[32m 1[2mms[22m[39m
 [32mâœ“[39m tests/unit/composables/useNotification.test.ts[2m > [22museNotification[2m > [22msuccess[2m > [22mshould show sticky success notification[32m 1[2mms[22m[39m
 [32mâœ“[39m tests/unit/composables/useNotification.test.ts[2m > [22museNotification[2m > [22merror[2m > [22mshould show error notification with default options[32m 1[2mms[22m[39m
 [32mâœ“[39m tests/unit/composables/useNotification.test.ts[2m > [22museNotification[2m > [22merror[2m > [22mshould show error notification with custom life[32m 1[2mms[22m[39m
 [32mâœ“[39m tests/unit/composables/useNotification.test.ts[2m > [22museNotification[2m > [22mwarning[2m > [22mshould show warning notification[32m 0[2mms[22m[39m
 [32mâœ“[39m tests/unit/composables/useNotification.test.ts[2m > [22museNotification[2m > [22minfo[2m > [22mshould show info notification[32m 0[2mms[22m[39m
 [32mâœ“[39m tests/unit/composables/useNotification.test.ts[2m > [22museNotification[2m > [22mclear[2m > [22mshould remove all notifications[32m 0[2mms[22m[39m
 [32mâœ“[39m tests/unit/composables/useNotification.test.ts[2m > [22museNotification[2m > [22mclosable option[2m > [22mshould set closable to false when specified[32m 1[2mms[22m[39m
 [32mâœ“[39m tests/unit/cli/validation/TaskIdValidator.test.ts[2m > [22mTaskIdValidator[2m > [22mvalidateTaskId[2m > [22m3ë‹¨ê³„ Task ID (TSK-XX-XX) ë¥¼ ìœ íš¨í•˜ê²Œ ê²€ì¦í•œë‹¤[32m 2[2mms[22m[39m
 [32mâœ“[39m tests/unit/cli/validation/TaskIdValidator.test.ts[2m > [22mTaskIdValidator[2m > [22mvalidateTaskId[2m > [22m4ë‹¨ê³„ Task ID (TSK-XX-XX-XX) ë¥¼ ìœ íš¨í•˜ê²Œ ê²€ì¦í•œë‹¤[32m 0[2mms[22m[39m
 [32mâœ“[39m tests/unit/cli/validation/TaskIdValidator.test.ts[2m > [22mTaskIdValidator[2m > [22mvalidateTaskId[2m > [22mì•žë’¤ ê³µë°±ì„ ì œê±°í•œë‹¤[32m 0[2mms[22m[39m
 [32mâœ“[39m tests/unit/cli/validation/TaskIdValidator.test.ts[2m > [22mTaskIdValidator[2m > [22mvalidateTaskId[2m > [22më¹ˆ ë¬¸ìžì—´ì€ ValidationErrorë¥¼ ë˜ì§„ë‹¤[32m 1[2mms[22m[39m
 [32mâœ“[39m tests/unit/cli/validation/TaskIdValidator.test.ts[2m > [22mTaskIdValidator[2m > [22mvalidateTaskId[2m > [22mnull/undefinedëŠ” ValidationErrorë¥¼ ë˜ì§„ë‹¤[32m 0[2mms[22m[39m
 [32mâœ“[39m tests/unit/cli/validation/TaskIdValidator.test.ts[2m > [22mTaskIdValidator[2m > [22mvalidateTaskId[2m > [22mìž˜ëª»ëœ í˜•ì‹ì€ ValidationErrorë¥¼ ë˜ì§„ë‹¤[32m 1[2mms[22m[39m
 [32mâœ“[39m tests/unit/cli/validation/TaskIdValidator.test.ts[2m > [22mTaskIdValidator[2m > [22misValidTaskId[2m > [22mìœ íš¨í•œ Task IDì— trueë¥¼ ë°˜í™˜í•œë‹¤[32m 0[2mms[22m[39m
 [32mâœ“[39m tests/unit/cli/validation/TaskIdValidator.test.ts[2m > [22mTaskIdValidator[2m > [22misValidTaskId[2m > [22mìœ íš¨í•˜ì§€ ì•Šì€ Task IDì— falseë¥¼ ë°˜í™˜í•œë‹¤[32m 0[2mms[22m[39m
 [32mâœ“[39m tests/unit/cli/validation/TaskIdValidator.test.ts[2m > [22mTaskIdValidator[2m > [22mparseTaskId[2m > [22m3ë‹¨ê³„ Task IDë¥¼ íŒŒì‹±í•œë‹¤[32m 1[2mms[22m[39m
 [32mâœ“[39m tests/unit/cli/validation/TaskIdValidator.test.ts[2m > [22mTaskIdValidator[2m > [22mparseTaskId[2m > [22m4ë‹¨ê³„ Task IDë¥¼ íŒŒì‹±í•œë‹¤[32m 0[2mms[22m[39m
 [32mâœ“[39m tests/unit/cli/validation/TaskIdValidator.test.ts[2m > [22mTaskIdValidator[2m > [22mparseTaskId[2m > [22mìœ íš¨í•˜ì§€ ì•Šì€ Task IDì— nullì„ ë°˜í™˜í•œë‹¤[32m 0[2mms[22m[39m
 [32mâœ“[39m tests/unit/cli/core/WorkflowPlanner.test.ts[2m > [22mWorkflowPlanner[2m > [22mcreatePlan[2m > [22mTodo ìƒíƒœì—ì„œ doneê¹Œì§€ ì „ì²´ ê³„íšì„ ìƒì„±í•œë‹¤[32m 3[2mms[22m[39m
 [32mâœ“[39m tests/unit/cli/core/WorkflowPlanner.test.ts[2m > [22mWorkflowPlanner[2m > [22mcreatePlan[2m > [22mê¸°ë³¸ targetì€ doneì´ë‹¤[32m 0[2mms[22m[39m
 [32mâœ“[39m tests/unit/cli/core/WorkflowPlanner.test.ts[2m > [22mWorkflowPlanner[2m > [22mcreatePlan[2m > [22muntil ì˜µì…˜ìœ¼ë¡œ ëª©í‘œ ë‹¨ê³„ë¥¼ ì§€ì •í•œë‹¤[32m 1[2mms[22m[39m
 [32mâœ“[39m tests/unit/cli/core/WorkflowPlanner.test.ts[2m > [22mWorkflowPlanner[2m > [22mcreatePlan[2m > [22mì´ë¯¸ ì™„ë£Œëœ TaskëŠ” ë¹ˆ ê³„íšì„ ë°˜í™˜í•œë‹¤[32m 1[2mms[22m[39m
 [32mâœ“[39m tests/unit/cli/core/WorkflowPlanner.test.ts[2m > [22mWorkflowPlanner[2m > [22mcreatePlan[2m > [22mì¤‘ê°„ ìƒíƒœì—ì„œ ì‹œìž‘í•œë‹¤[32m 0[2mms[22m[39m
 [32mâœ“[39m tests/unit/cli/core/WorkflowPlanner.test.ts[2m > [22mWorkflowPlanner[2m > [22mcreatePlan[2m > [22mìž˜ëª»ëœ until ê°’ì€ ValidationErrorë¥¼ ë˜ì§„ë‹¤[32m 0[2mms[22m[39m
 [32mâœ“[39m tests/unit/cli/core/WorkflowPlanner.test.ts[2m > [22mWorkflowPlanner[2m > [22mcreatePlan[2m > [22mê° ë‹¨ê³„ì— ì˜¬ë°”ë¥¸ ëª…ë ¹ì–´ê°€ í¬í•¨ëœë‹¤[32m 0[2mms[22m[39m
 [32mâœ“[39m tests/unit/cli/core/WorkflowPlanner.test.ts[2m > [22mWorkflowPlanner[2m > [22mcreatePlan[2m > [22mdefect ì¹´í…Œê³ ë¦¬ì— ë§žëŠ” ê³„íšì„ ìƒì„±í•œë‹¤[32m 1[2mms[22m[39m
 [32mâœ“[39m tests/unit/cli/core/WorkflowPlanner.test.ts[2m > [22mWorkflowPlanner[2m > [22mcreatePlan[2m > [22minfrastructure ì¹´í…Œê³ ë¦¬ì— ë§žëŠ” ê³„íšì„ ìƒì„±í•œë‹¤[32m 1[2mms[22m[39m
 [32mâœ“[39m tests/unit/cli/core/WorkflowPlanner.test.ts[2m > [22mWorkflowPlanner[2m > [22mcreateResumePlan[2m > [22mì €ìž¥ëœ ìƒíƒœì—ì„œ ìž¬ê°œ ê³„íšì„ ìƒì„±í•œë‹¤[32m 1[2mms[22m[39m
 [32mâœ“[39m tests/unit/cli/core/WorkflowPlanner.test.ts[2m > [22mWorkflowPlanner[2m > [22mcreateResumePlan[2m > [22mëª¨ë“  ë‹¨ê³„ê°€ ì™„ë£Œëœ ê²½ìš° ë¹ˆ ê³„íšì„ ë°˜í™˜í•œë‹¤[32m 0[2mms[22m[39m
 [32mâœ“[39m tests/utils/workflow/statusUtils.test.ts[2m > [22mStatusUtils[2m > [22mextractStatusCode[2m > [22mextracts code from "[bd]"[32m 1[2mms[22m[39m
 [32mâœ“[39m tests/utils/workflow/statusUtils.test.ts[2m > [22mStatusUtils[2m > [22mextractStatusCode[2m > [22mextracts code from "detail-design [dd]"[32m 0[2mms[22m[39m
 [32mâœ“[39m tests/utils/workflow/statusUtils.test.ts[2m > [22mStatusUtils[2m > [22mextractStatusCode[2m > [22mextracts code from "[im]"[32m 0[2mms[22m[39m
 [32mâœ“[39m tests/utils/workflow/statusUtils.test.ts[2m > [22mStatusUtils[2m > [22mextractStatusCode[2m > [22mextracts code from "[ ]"[32m 0[2mms[22m[39m
 [32mâœ“[39m tests/utils/workflow/statusUtils.test.ts[2m > [22mStatusUtils[2m > [22mextractStatusCode[2m > [22mreturns empty string for status without brackets[32m 0[2mms[22m[39m
 [32mâœ“[39m tests/utils/workflow/statusUtils.test.ts[2m > [22mStatusUtils[2m > [22mextractStatusCode[2m > [22mreturns empty string for undefined[32m 0[2mms[22m[39m
 [32mâœ“[39m tests/utils/workflow/statusUtils.test.ts[2m > [22mStatusUtils[2m > [22mextractStatusCode[2m > [22mreturns empty string for empty string[32m 0[2mms[22m[39m
 [32mâœ“[39m tests/utils/workflow/statusUtils.test.ts[2m > [22mStatusUtils[2m > [22mextractStatusCode[2m > [22mhandles code with spaces "[  bd  ]"[32m 0[2mms[22m[39m
 [32mâœ“[39m tests/utils/workflow/statusUtils.test.ts[2m > [22mStatusUtils[2m > [22mextractStatusCode[2m > [22mextracts multi-character code "[vf]"[32m 0[2mms[22m[39m
 [32mâœ“[39m tests/utils/workflow/statusUtils.test.ts[2m > [22mStatusUtils[2m > [22mextractStatusCode[2m > [22mextracts code from complex status string[32m 0[2mms[22m[39m
 [32mâœ“[39m tests/utils/workflow/statusUtils.test.ts[2m > [22mStatusUtils[2m > [22mformatStatusCode[2m > [22mformats "bd" to "[bd]"[32m 0[2mms[22m[39m
 [32mâœ“[39m tests/utils/workflow/statusUtils.test.ts[2m > [22mStatusUtils[2m > [22mformatStatusCode[2m > [22mformats "dd" to "[dd]"[32m 0[2mms[22m[39m
 [32mâœ“[39m tests/utils/workflow/statusUtils.test.ts[2m > [22mStatusUtils[2m > [22mformatStatusCode[2m > [22mformats "im" to "[im]"[32m 0[2mms[22m[39m
 [32mâœ“[39m tests/utils/workflow/statusUtils.test.ts[2m > [22mStatusUtils[2m > [22mformatStatusCode[2m > [22mformats empty string to "[ ]"[32m 0[2mms[22m[39m
 [32mâœ“[39m tests/utils/workflow/statusUtils.test.ts[2m > [22mStatusUtils[2m > [22mformatStatusCode[2m > [22mformats whitespace to "[ ]"[32m 0[2mms[22m[39m
 [32mâœ“[39m tests/utils/workflow/statusUtils.test.ts[2m > [22mStatusUtils[2m > [22mformatStatusCode[2m > [22mtrims whitespace before formatting[32m 0[2mms[22m[39m
 [32mâœ“[39m tests/utils/workflow/statusUtils.test.ts[2m > [22mStatusUtils[2m > [22mformatStatusCode[2m > [22mhandles multi-character codes[32m 0[2mms[22m[39m
 [32mâœ“[39m tests/utils/workflow/statusUtils.test.ts[2m > [22mStatusUtils[2m > [22mformatStatusCode[2m > [22mhandles long codes[32m 0[2mms[22m[39m
 [32mâœ“[39m tests/utils/workflow/statusUtils.test.ts[2m > [22mStatusUtils[2m > [22misTodoStatus[2m > [22mreturns true for "[ ]"[32m 0[2mms[22m[39m
 [32mâœ“[39m tests/utils/workflow/statusUtils.test.ts[2m > [22mStatusUtils[2m > [22misTodoStatus[2m > [22mreturns true for undefined[32m 0[2mms[22m[39m
 [32mâœ“[39m tests/utils/workflow/statusUtils.test.ts[2m > [22mStatusUtils[2m > [22misTodoStatus[2m > [22mreturns true for empty string[32m 0[2mms[22m[39m
 [32mâœ“[39m tests/utils/workflow/statusUtils.test.ts[2m > [22mStatusUtils[2m > [22misTodoStatus[2m > [22mreturns true for status without brackets[32m 0[2mms[22m[39m
 [32mâœ“[39m tests/utils/workflow/statusUtils.test.ts[2m > [22mStatusUtils[2m > [22misTodoStatus[2m > [22mreturns false for "[bd]"[32m 0[2mms[22m[39m
 [32mâœ“[39m tests/utils/workflow/statusUtils.test.ts[2m > [22mStatusUtils[2m > [22misTodoStatus[2m > [22mreturns false for "detail-design [dd]"[32m 0[2mms[22m[39m
 [32mâœ“[39m tests/utils/workflow/statusUtils.test.ts[2m > [22mStatusUtils[2m > [22misTodoStatus[2m > [22mreturns false for "[im]"[32m 0[2mms[22m[39m
 [32mâœ“[39m tests/utils/workflow/statusUtils.test.ts[2m > [22mStatusUtils[2m > [22misTodoStatus[2m > [22mreturns false for "[vf]"[32m 0[2mms[22m[39m
 [32mâœ“[39m tests/utils/workflow/statusUtils.test.ts[2m > [22mStatusUtils[2m > [22misTodoStatus[2m > [22mreturns false for "[xx]"[32m 0[2mms[22m[39m
 [32mâœ“[39m tests/utils/workflow/statusUtils.test.ts[2m > [22mStatusUtils[2m > [22misTodoStatus[2m > [22mreturns true for whitespace-only brackets "[   ]"[32m 0[2mms[22m[39m
 [32mâœ“[39m tests/utils/workflow/statusUtils.test.ts[2m > [22mStatusUtils[2m > [22mintegration: extract and format[2m > [22mextract then format returns original for simple codes[32m 0[2mms[22m[39m
 [32mâœ“[39m tests/utils/workflow/statusUtils.test.ts[2m > [22mStatusUtils[2m > [22mintegration: extract and format[2m > [22mextract from complex string and format[32m 0[2mms[22m[39m
 [32mâœ“[39m tests/utils/workflow/statusUtils.test.ts[2m > [22mStatusUtils[2m > [22mintegration: extract and format[2m > [22mhandles todo status round-trip[32m 0[2mms[22m[39m
 [32mâœ“[39m tests/utils/workflow/statusUtils.test.ts[2m > [22mStatusUtils[2m > [22medge cases[2m > [22mhandles multiple brackets (uses first match)[32m 0[2mms[22m[39m
 [32mâœ“[39m tests/utils/workflow/statusUtils.test.ts[2m > [22mStatusUtils[2m > [22medge cases[2m > [22mhandles nested-like patterns[32m 0[2mms[22m[39m
 [32mâœ“[39m tests/utils/workflow/statusUtils.test.ts[2m > [22mStatusUtils[2m > [22medge cases[2m > [22mhandles special characters in code[32m 0[2mms[22m[39m
 [32mâœ“[39m tests/utils/workflow/statusUtils.test.ts[2m > [22mStatusUtils[2m > [22medge cases[2m > [22mformatStatusCode handles already-bracketed input gracefully[32m 0[2mms[22m[39m
(node:41392) [DEP0155] DeprecationWarning: Use of deprecated trailing slash pattern mapping "./" in the "exports" field module resolution of the package at C:\project\jjiban\node_modules\@vue\shared\package.json imported from C:\project\jjiban\node_modules\@nuxt\nitro-server\dist\runtime\templates\error-500.js. Mapping specifiers ending in "/" is no longer supported.
(Use `node --trace-deprecation ...` to show where the warning was created)
(node:38812) [DEP0155] DeprecationWarning: Use of deprecated trailing slash pattern mapping "./" in the "exports" field module resolution of the package at C:\project\jjiban\node_modules\@vue\shared\package.json imported from C:\project\jjiban\node_modules\@nuxt\nitro-server\dist\runtime\templates\error-500.js. Mapping specifiers ending in "/" is no longer supported.
(Use `node --trace-deprecation ...` to show where the warning was created)
(node:41392) [DEP0155] DeprecationWarning: Use of deprecated trailing slash pattern mapping "./" in the "exports" field module resolution of the package at C:\project\jjiban\node_modules\@primeuix\utils\package.json imported from C:\project\jjiban\.nuxt\test\vo4foo\dist\server\server.mjs. Mapping specifiers ending in "/" is no longer supported.
(node:38812) [DEP0155] DeprecationWarning: Use of deprecated trailing slash pattern mapping "./" in the "exports" field module resolution of the package at C:\project\jjiban\node_modules\@primeuix\utils\package.json imported from C:\project\jjiban\.nuxt\test\txdahk\dist\server\server.mjs. Mapping specifiers ending in "/" is no longer supported.
(node:38812) [DEP0155] DeprecationWarning: Use of deprecated trailing slash pattern mapping "./" in the "exports" field module resolution of the package at C:\project\jjiban\node_modules\@vueuse\core\package.json imported from C:\project\jjiban\.nuxt\test\txdahk\dist\server\_nuxt\wbs-B-Sv7p9q.js. Mapping specifiers ending in "/" is no longer supported.
(node:41392) [DEP0155] DeprecationWarning: Use of deprecated trailing slash pattern mapping "./" in the "exports" field module resolution of the package at C:\project\jjiban\node_modules\@vueuse\core\package.json imported from C:\project\jjiban\.nuxt\test\vo4foo\dist\server\_nuxt\wbs-B-Sv7p9q.js. Mapping specifiers ending in "/" is no longer supported.
(node:41392) [DEP0155] DeprecationWarning: Use of deprecated trailing slash pattern mapping "./" in the "exports" field module resolution of the package at C:\project\jjiban\node_modules\@vueuse\shared\package.json imported from C:\project\jjiban\node_modules\@vueuse\core\dist\index.js. Mapping specifiers ending in "/" is no longer supported.
(node:38812) [DEP0155] DeprecationWarning: Use of deprecated trailing slash pattern mapping "./" in the "exports" field module resolution of the package at C:\project\jjiban\node_modules\@vueuse\shared\package.json imported from C:\project\jjiban\node_modules\@vueuse\core\dist\index.js. Mapping specifiers ending in "/" is no longer supported.
Listening on http://127.0.0.1:11997
Listening on http://127.0.0.1:11998
 [32mâœ“[39m tests/api/tasks/transition.test.ts[2m > [22mPOST /api/tasks/:id/transition[2m > [22mTC-020: POST /api/tasks/:id/transition - success[33m 310[2mms[22m[39m
 [31mÃ—[39m tests/api/tasks/transition.test.ts[2m > [22mPOST /api/tasks/:id/transition[2m > [22mTC-021: POST /api/tasks/:id/transition - missing command[32m 100[2mms[22m[39m
[31m   â†’ expected undefined to be 400 // Object.is equality[39m
 [31mÃ—[39m tests/api/tasks/transition.test.ts[2m > [22mPOST /api/tasks/:id/transition[2m > [22mTC-022: POST /api/tasks/:id/transition - Task not found[32m 91[2mms[22m[39m
[31m   â†’ expected undefined to be 404 // Object.is equality[39m
 [31mÃ—[39m tests/api/tasks/documents.test.ts[2m > [22mGET /api/tasks/:id/documents[2m > [22mTC-024: GET /api/tasks/:id/documents - success[33m 416[2mms[22m[39m
[31m   â†’ [GET] "http://127.0.0.1:11998/api/tasks/TSK-01-01-01/documents": <no response> Cross-Origin Request Blocked: The Same Origin Policy disallows reading the remote resource at "http://127.0.0.1:11998/api/tasks/TSK-01-01-01/documents".[39m
 [31mÃ—[39m tests/api/tasks/documents.test.ts[2m > [22mGET /api/tasks/:id/documents[2m > [22mTC-025: GET /api/tasks/:id/documents - Task not found[32m 190[2mms[22m[39m
[31m   â†’ expected undefined to be 404 // Object.is equality[39m
 [31mÃ—[39m tests/api/tasks/transition.test.ts[2m > [22mPOST /api/tasks/:id/transition[2m > [22mTC-023: POST /api/tasks/:id/transition - invalid transition[32m 82[2mms[22m[39m
[31m   â†’ actual value must be number or bigint, received "undefined"[39m

[31mâŽ¯âŽ¯âŽ¯âŽ¯âŽ¯âŽ¯[39m[1m[41m Failed Suites 4 [49m[22m[31mâŽ¯âŽ¯âŽ¯âŽ¯âŽ¯âŽ¯âŽ¯[39m

[41m[1m FAIL [22m[49m tests/api/wbs-test-result-update.test.ts[2m [ tests/api/wbs-test-result-update.test.ts ][22m
[31m[1mError[22m: Failed to resolve import "./test-constants" from "tests/api/wbs-test-result-update.test.ts". Does the file exist?[39m
  Plugin: [35mvite:import-analysis[39m
  File: [36mC:/project/jjiban/tests/api/wbs-test-result-update.test.ts[39m:10:30
[33m  2  |  import { promises as fs } from "fs";
  3  |  import { join } from "path";
  4  |  import { E2E_TEST_ROOT } from "./test-constants";
     |                                 ^
  5  |  const TEST_PROJECT_ID = "test-e2e-tsk-03-05";
  6  |  const API_BASE = "http://localhost:3000";[39m
[90m [2mâ¯[22m TransformPluginContext._formatLog node_modules/vite/dist/node/chunks/config.js:[2m28998:43[22m[39m
[90m [2mâ¯[22m TransformPluginContext.error node_modules/vite/dist/node/chunks/config.js:[2m28995:14[22m[39m
[90m [2mâ¯[22m normalizeUrl node_modules/vite/dist/node/chunks/config.js:[2m27118:18[22m[39m
[90m [2mâ¯[22m node_modules/vite/dist/node/chunks/config.js:[2m27176:32[22m[39m
[90m [2mâ¯[22m TransformPluginContext.transform node_modules/vite/dist/node/chunks/config.js:[2m27144:4[22m[39m
[90m [2mâ¯[22m EnvironmentPluginContainer.transform node_modules/vite/dist/node/chunks/config.js:[2m28796:14[22m[39m
[90m [2mâ¯[22m loadAndTransform node_modules/vite/dist/node/chunks/config.js:[2m22669:26[22m[39m

[31m[2mâŽ¯âŽ¯âŽ¯âŽ¯âŽ¯âŽ¯âŽ¯âŽ¯âŽ¯âŽ¯âŽ¯âŽ¯âŽ¯âŽ¯âŽ¯âŽ¯âŽ¯âŽ¯âŽ¯âŽ¯âŽ¯âŽ¯âŽ¯[1/73]âŽ¯[22m[39m

[41m[1m FAIL [22m[49m tests/utils/settings/cache.test.ts[2m [ tests/utils/settings/cache.test.ts ][22m
[31m[1mError[22m: Failed to resolve import "../../../server/utils/settings/cache" from "tests/utils/settings/cache.test.ts". Does the file exist?[39m
  Plugin: [35mvite:import-analysis[39m
  File: [36mC:/project/jjiban/tests/utils/settings/cache.test.ts[39m:9:0
[33m  4  |  }));
  5  |  const __vi_import_0__ = await import("fs/promises");
  6  |  const __vi_import_1__ = await import("../../../server/utils/settings/cache");
     |                                       ^
  7  |  const __vi_import_2__ = await import("../../../server/utils/settings/defaults");
  8  |  import { describe, it, expect, vi, beforeEach, afterEach } from "vitest";[39m
[90m [2mâ¯[22m TransformPluginContext._formatLog node_modules/vite/dist/node/chunks/config.js:[2m28998:43[22m[39m
[90m [2mâ¯[22m TransformPluginContext.error node_modules/vite/dist/node/chunks/config.js:[2m28995:14[22m[39m
[90m [2mâ¯[22m normalizeUrl node_modules/vite/dist/node/chunks/config.js:[2m27118:18[22m[39m
[90m [2mâ¯[22m node_modules/vite/dist/node/chunks/config.js:[2m27176:32[22m[39m
[90m [2mâ¯[22m TransformPluginContext.transform node_modules/vite/dist/node/chunks/config.js:[2m27144:4[22m[39m
[90m [2mâ¯[22m EnvironmentPluginContainer.transform node_modules/vite/dist/node/chunks/config.js:[2m28796:14[22m[39m
[90m [2mâ¯[22m loadAndTransform node_modules/vite/dist/node/chunks/config.js:[2m22669:26[22m[39m

[31m[2mâŽ¯âŽ¯âŽ¯âŽ¯âŽ¯âŽ¯âŽ¯âŽ¯âŽ¯âŽ¯âŽ¯âŽ¯âŽ¯âŽ¯âŽ¯âŽ¯âŽ¯âŽ¯âŽ¯âŽ¯âŽ¯âŽ¯âŽ¯[2/73]âŽ¯[22m[39m

[41m[1m FAIL [22m[49m tests/unit/components/wbs/detail/TaskWorkflow.test.ts[2m [ tests/unit/components/wbs/detail/TaskWorkflow.test.ts ][22m
[31m[1mError[22m: [vitest] There was an error when mocking a module. If you are using "vi.mock" factory, make sure there are no top level variables inside, since this call is hoisted to top of the file. Read more: https://vitest.dev/api/vi.html#vi-mock[39m
[36m [2mâ¯[22m app/components/wbs/detail/TaskWorkflow.vue:[2m53:1[22m[39m
    [90m 51| [39m
    [90m 52| [39mimport type { TaskDetail, WorkflowStep } from '~/types'
    [90m 53| [39mimport { WORKFLOW_STEPS } from '~/types'
    [90m   | [39m[31m^[39m
    [90m 54| [39mimport { WORKFLOW_THEME } from '~/utils/themeConfig'
    [90m 55| [39m
[90m [2mâ¯[22m tests/unit/components/wbs/detail/TaskWorkflow.test.ts:[2m24:1[22m[39m

[31m[1mCaused by: Error[22m: Cannot find module '../../../../types/index.ts' imported from 'C:/project/jjiban/tests/unit/components/wbs/detail/TaskWorkflow.test.ts'[39m
[36m [2mâ¯[22m tests/unit/components/wbs/detail/TaskWorkflow.test.ts:[2m20:18[22m[39m

[31m[2mâŽ¯âŽ¯âŽ¯âŽ¯âŽ¯âŽ¯âŽ¯âŽ¯âŽ¯âŽ¯âŽ¯âŽ¯âŽ¯âŽ¯âŽ¯âŽ¯âŽ¯âŽ¯âŽ¯âŽ¯âŽ¯âŽ¯âŽ¯âŽ¯âŽ¯âŽ¯âŽ¯âŽ¯âŽ¯âŽ¯[22m[39m
[31m[1mSerialized Error:[22m[39m [90m{ code: 'ERR_MODULE_NOT_FOUND' }[39m
[31m[2mâŽ¯âŽ¯âŽ¯âŽ¯âŽ¯âŽ¯âŽ¯âŽ¯âŽ¯âŽ¯âŽ¯âŽ¯âŽ¯âŽ¯âŽ¯âŽ¯âŽ¯âŽ¯âŽ¯âŽ¯âŽ¯âŽ¯âŽ¯[3/73]âŽ¯[22m[39m

[41m[1m FAIL [22m[49m tests/unit/server/api/tasks/[id]/documents/[filename].test.ts[2m [ tests/unit/server/api/tasks/[id]/documents/[filename].test.ts ][22m
[31m[1mError[22m: Failed to resolve import "~/server/utils/validators/documentValidator" from "tests/unit/server/api/tasks/[id]/documents/[filename].test.ts". Does the file exist?[39m
  Plugin: [35mvite:import-analysis[39m
  File: [36mC:/project/jjiban/tests/unit/server/api/tasks/[id]/documents/[filename].test.ts[39m:33:46
[33m  18 |      __vi_import_0__.readFile.mockResolvedValue(mockContent);
  19 |      __vi_import_0__.stat.mockResolvedValue(mockStats);
  20 |      const { validateDocument } = await import("~/server/utils/validators/documentValidator");
     |                                                ^
  21 |      const { readTaskDocument } = await import("~/server/utils/documentService");
  22 |      const validationResult = await validateDocument([39m
[90m [2mâ¯[22m TransformPluginContext._formatLog node_modules/vite/dist/node/chunks/config.js:[2m28998:43[22m[39m
[90m [2mâ¯[22m TransformPluginContext.error node_modules/vite/dist/node/chunks/config.js:[2m28995:14[22m[39m
[90m [2mâ¯[22m normalizeUrl node_modules/vite/dist/node/chunks/config.js:[2m27118:18[22m[39m
[90m [2mâ¯[22m node_modules/vite/dist/node/chunks/config.js:[2m27176:32[22m[39m
[90m [2mâ¯[22m TransformPluginContext.transform node_modules/vite/dist/node/chunks/config.js:[2m27144:4[22m[39m
[90m [2mâ¯[22m EnvironmentPluginContainer.transform node_modules/vite/dist/node/chunks/config.js:[2m28796:14[22m[39m
[90m [2mâ¯[22m loadAndTransform node_modules/vite/dist/node/chunks/config.js:[2m22669:26[22m[39m

[31m[2mâŽ¯âŽ¯âŽ¯âŽ¯âŽ¯âŽ¯âŽ¯âŽ¯âŽ¯âŽ¯âŽ¯âŽ¯âŽ¯âŽ¯âŽ¯âŽ¯âŽ¯âŽ¯âŽ¯âŽ¯âŽ¯âŽ¯âŽ¯[4/73]âŽ¯[22m[39m


[31mâŽ¯âŽ¯âŽ¯âŽ¯âŽ¯âŽ¯[39m[1m[41m Failed Tests 69 [49m[22m[31mâŽ¯âŽ¯âŽ¯âŽ¯âŽ¯âŽ¯âŽ¯[39m

[41m[1m FAIL [22m[49m tests/api/tasks/documents.test.ts[2m > [22mGET /api/tasks/:id/documents[2m > [22mTC-024: GET /api/tasks/:id/documents - success
[31m[1mFetchError[22m: [GET] "http://127.0.0.1:11998/api/tasks/TSK-01-01-01/documents": <no response> Cross-Origin Request Blocked: The Same Origin Policy disallows reading the remote resource at "http://127.0.0.1:11998/api/tasks/TSK-01-01-01/documents".[39m
[90m [2mâ¯[22m $fetchRaw2 node_modules/ofetch/dist/shared/ofetch.CWycOUEr.mjs:[2m286:14[22m[39m
[90m [2mâ¯[22m $fetch2 node_modules/ofetch/dist/shared/ofetch.CWycOUEr.mjs:[2m332:15[22m[39m
[36m [2mâ¯[22m tests/api/tasks/documents.test.ts:[2m17:22[22m[39m
    [90m 15| [39m  [34mtest[39m([32m'TC-024: GET /api/tasks/:id/documents - success'[39m[33m,[39m [35masync[39m () [33m=>[39m {
    [90m 16| [39m    [90m// When: GET with valid taskId[39m
    [90m 17| [39m    const response = await $fetch('/api/tasks/TSK-01-01-01/documents',â€¦
    [90m   | [39m                     [31m^[39m
    [90m 18| [39m      method[33m:[39m [32m'GET'[39m[33m,[39m
    [90m 19| [39m    })[33m;[39m

[31m[2mâŽ¯âŽ¯âŽ¯âŽ¯âŽ¯âŽ¯âŽ¯âŽ¯âŽ¯âŽ¯âŽ¯âŽ¯âŽ¯âŽ¯âŽ¯âŽ¯âŽ¯âŽ¯âŽ¯âŽ¯âŽ¯âŽ¯âŽ¯âŽ¯âŽ¯âŽ¯âŽ¯âŽ¯âŽ¯âŽ¯[22m[39m
[31m[1mSerialized Error:[22m[39m [90m{ request: 'http://127.0.0.1:11998/api/tasks/TSK-01-01-01/documents', options: { method: 'GET', headers: { constructor: 'Function<Headers>', append: 'Function<append>', delete: 'Function<delete>', get: 'Function<get>', set: 'Function<set>', getSetCookie: 'Function<getSetCookie>', has: 'Function<has>', forEach: 'Function<forEach>', keys: 'Function<keys>', values: 'Function<values>', entries: 'Function<entries>' }, retry: +0 }, response: undefined, data: undefined, status: undefined, statusCode: undefined, statusText: undefined, statusMessage: undefined }[39m
[31m[1mCaused by: NetworkError[22m: Cross-Origin Request Blocked: The Same Origin Policy disallows reading the remote resource at "http://127.0.0.1:11998/api/tasks/TSK-01-01-01/documents".[39m
[90m [2mâ¯[22m Fetch.send node_modules/happy-dom/lib/fetch/Fetch.js:[2m185:23[22m[39m
[90m [2mâ¯[22m GlobalWindow.fetch node_modules/happy-dom/lib/window/BrowserWindow.js:[2m1422:16[22m[39m
[90m [2mâ¯[22m $fetchRaw2 node_modules/ofetch/dist/shared/ofetch.CWycOUEr.mjs:[2m274:26[22m[39m
[90m [2mâ¯[22m $fetchRaw2 node_modules/ofetch/dist/shared/ofetch.CWycOUEr.mjs:[2m286:14[22m[39m
[90m [2mâ¯[22m $fetch2 node_modules/ofetch/dist/shared/ofetch.CWycOUEr.mjs:[2m332:15[22m[39m
[36m [2mâ¯[22m tests/api/tasks/documents.test.ts:[2m17:22[22m[39m

[31m[2mâŽ¯âŽ¯âŽ¯âŽ¯âŽ¯âŽ¯âŽ¯âŽ¯âŽ¯âŽ¯âŽ¯âŽ¯âŽ¯âŽ¯âŽ¯âŽ¯âŽ¯âŽ¯âŽ¯âŽ¯âŽ¯âŽ¯âŽ¯[5/73]âŽ¯[22m[39m

[41m[1m FAIL [22m[49m tests/api/tasks/documents.test.ts[2m > [22mGET /api/tasks/:id/documents[2m > [22mTC-025: GET /api/tasks/:id/documents - Task not found
[31m[1mAssertionError[22m: expected undefined to be 404 // Object.is equality[39m

[32m- Expected:[39m 
404

[31m+ Received:[39m 
undefined

[36m [2mâ¯[22m tests/api/tasks/documents.test.ts:[2m37:32[22m[39m
    [90m 35| [39m    } [35mcatch[39m (error[33m:[39m any) {
    [90m 36| [39m      [90m// Then: status = 404[39m
    [90m 37| [39m      [34mexpect[39m(error[33m.[39mstatusCode)[33m.[39m[34mtoBe[39m([34m404[39m)[33m;[39m
    [90m   | [39m                               [31m^[39m
    [90m 38| [39m      [34mexpect[39m(error[33m.[39mstatusMessage)[33m.[39m[34mtoBe[39m([32m'TASK_NOT_FOUND'[39m)[33m;[39m
    [90m 39| [39m    }

[31m[2mâŽ¯âŽ¯âŽ¯âŽ¯âŽ¯âŽ¯âŽ¯âŽ¯âŽ¯âŽ¯âŽ¯âŽ¯âŽ¯âŽ¯âŽ¯âŽ¯âŽ¯âŽ¯âŽ¯âŽ¯âŽ¯âŽ¯âŽ¯[6/73]âŽ¯[22m[39m

[41m[1m FAIL [22m[49m tests/api/tasks/transition.test.ts[2m > [22mPOST /api/tasks/:id/transition[2m > [22mTC-021: POST /api/tasks/:id/transition - missing command
[31m[1mAssertionError[22m: expected undefined to be 400 // Object.is equality[39m

[32m- Expected:[39m 
400

[31m+ Received:[39m 
undefined

[36m [2mâ¯[22m tests/api/tasks/transition.test.ts:[2m42:32[22m[39m
    [90m 40| [39m    } [35mcatch[39m (error[33m:[39m any) {
    [90m 41| [39m      [90m// Then: status = 400, error = 'INVALID_COMMAND'[39m
    [90m 42| [39m      [34mexpect[39m(error[33m.[39mstatusCode)[33m.[39m[34mtoBe[39m([34m400[39m)[33m;[39m
    [90m   | [39m                               [31m^[39m
    [90m 43| [39m      [34mexpect[39m(error[33m.[39mstatusMessage)[33m.[39m[34mtoBe[39m([32m'INVALID_COMMAND'[39m)[33m;[39m
    [90m 44| [39m    }

[31m[2mâŽ¯âŽ¯âŽ¯âŽ¯âŽ¯âŽ¯âŽ¯âŽ¯âŽ¯âŽ¯âŽ¯âŽ¯âŽ¯âŽ¯âŽ¯âŽ¯âŽ¯âŽ¯âŽ¯âŽ¯âŽ¯âŽ¯âŽ¯[7/73]âŽ¯[22m[39m

[41m[1m FAIL [22m[49m tests/api/tasks/transition.test.ts[2m > [22mPOST /api/tasks/:id/transition[2m > [22mTC-022: POST /api/tasks/:id/transition - Task not found
[31m[1mAssertionError[22m: expected undefined to be 404 // Object.is equality[39m

[32m- Expected:[39m 
404

[31m+ Received:[39m 
undefined

[36m [2mâ¯[22m tests/api/tasks/transition.test.ts:[2m58:32[22m[39m
    [90m 56| [39m    } [35mcatch[39m (error[33m:[39m any) {
    [90m 57| [39m      [90m// Then: status = 404[39m
    [90m 58| [39m      [34mexpect[39m(error[33m.[39mstatusCode)[33m.[39m[34mtoBe[39m([34m404[39m)[33m;[39m
    [90m   | [39m                               [31m^[39m
    [90m 59| [39m    }
    [90m 60| [39m  })[33m;[39m

[31m[2mâŽ¯âŽ¯âŽ¯âŽ¯âŽ¯âŽ¯âŽ¯âŽ¯âŽ¯âŽ¯âŽ¯âŽ¯âŽ¯âŽ¯âŽ¯âŽ¯âŽ¯âŽ¯âŽ¯âŽ¯âŽ¯âŽ¯âŽ¯[8/73]âŽ¯[22m[39m

[41m[1m FAIL [22m[49m tests/api/tasks/transition.test.ts[2m > [22mPOST /api/tasks/:id/transition[2m > [22mTC-023: POST /api/tasks/:id/transition - invalid transition
[31m[1mTypeError[22m: actual value must be number or bigint, received "undefined"[39m
[36m [2mâ¯[22m tests/api/tasks/transition.test.ts:[2m73:32[22m[39m
    [90m 71| [39m    } [35mcatch[39m (error[33m:[39m any) {
    [90m 72| [39m      [90m// Then: should get error[39m
    [90m 73| [39m      [34mexpect[39m(error[33m.[39mstatusCode)[33m.[39m[34mtoBeGreaterThan[39m([34m0[39m)[33m;[39m
    [90m   | [39m                               [31m^[39m
    [90m 74| [39m    }
    [90m 75| [39m  })[33m;[39m

[31m[2mâŽ¯âŽ¯âŽ¯âŽ¯âŽ¯âŽ¯âŽ¯âŽ¯âŽ¯âŽ¯âŽ¯âŽ¯âŽ¯âŽ¯âŽ¯âŽ¯âŽ¯âŽ¯âŽ¯âŽ¯âŽ¯âŽ¯âŽ¯[9/73]âŽ¯[22m[39m

[41m[1m FAIL [22m[49m tests/unit/services/projectService.test.ts[2m > [22mProjectService[2m > [22mgetProject[2m > [22mUT-002: should return project with team
[31m[1mTypeError[22m: __vite_ssr_import_0__.vi.mocked(...).mockResolvedValue is not a function[39m
[36m [2mâ¯[22m tests/unit/services/projectService.test.ts:[2m60:30[22m[39m
    [90m 58| [39m      }[33m;[39m
    [90m 59| [39m
    [90m 60| [39m      vi.mocked(fs.readFile).mockResolvedValue(JSON.stringify(mockProjâ€¦
    [90m   | [39m                             [31m^[39m
    [90m 61| [39m
    [90m 62| [39m      [90m// Act[39m

[31m[2mâŽ¯âŽ¯âŽ¯âŽ¯âŽ¯âŽ¯âŽ¯âŽ¯âŽ¯âŽ¯âŽ¯âŽ¯âŽ¯âŽ¯âŽ¯âŽ¯âŽ¯âŽ¯âŽ¯âŽ¯âŽ¯âŽ¯[10/73]âŽ¯[22m[39m

[41m[1m FAIL [22m[49m tests/unit/services/projectService.test.ts[2m > [22mProjectService[2m > [22mgetProject[2m > [22mUT-010: should throw on non-existent project
[31m[1mTypeError[22m: __vite_ssr_import_0__.vi.mocked(...).mockRejectedValue is not a function[39m
[36m [2mâ¯[22m tests/unit/services/projectService.test.ts:[2m81:30[22m[39m
    [90m 79| [39m      [35mconst[39m error [33m=[39m [35mnew[39m [33mError[39m([32m'ENOENT'[39m) [35mas[39m [33mNodeJS[39m[33m.[39m[33mErrnoException[39m[33m;[39m
    [90m 80| [39m      error[33m.[39mcode [33m=[39m [32m'ENOENT'[39m[33m;[39m
    [90m 81| [39m      vi[33m.[39m[34mmocked[39m(fs[33m.[39mreadFile)[33m.[39m[34mmockRejectedValue[39m(error)[33m;[39m
    [90m   | [39m                             [31m^[39m
    [90m 82| [39m
    [90m 83| [39m      [90m// Act & Assert: PROJECT_NOT_FOUND ì—ëŸ¬ ë°œìƒ[39m

[31m[2mâŽ¯âŽ¯âŽ¯âŽ¯âŽ¯âŽ¯âŽ¯âŽ¯âŽ¯âŽ¯âŽ¯âŽ¯âŽ¯âŽ¯âŽ¯âŽ¯âŽ¯âŽ¯âŽ¯âŽ¯âŽ¯âŽ¯[11/73]âŽ¯[22m[39m

[41m[1m FAIL [22m[49m tests/unit/services/projectService.test.ts[2m > [22mProjectService[2m > [22mgetProject[2m > [22mshould throw on file read error
[31m[1mTypeError[22m: __vite_ssr_import_0__.vi.mocked(...).mockRejectedValue is not a function[39m
[36m [2mâ¯[22m tests/unit/services/projectService.test.ts:[2m89:30[22m[39m
    [90m 87| [39m    [34mit[39m([32m'should throw on file read error'[39m[33m,[39m [35masync[39m () [33m=>[39m {
    [90m 88| [39m      [90m// Arrange: ì¼ë°˜ ì½ê¸° ì˜¤ë¥˜[39m
    [90m 89| [39m      vi.mocked(fs.readFile).mockRejectedValue(new Error('Permission dâ€¦
    [90m   | [39m                             [31m^[39m
    [90m 90| [39m
    [90m 91| [39m      [90m// Act & Assert[39m

[31m[2mâŽ¯âŽ¯âŽ¯âŽ¯âŽ¯âŽ¯âŽ¯âŽ¯âŽ¯âŽ¯âŽ¯âŽ¯âŽ¯âŽ¯âŽ¯âŽ¯âŽ¯âŽ¯âŽ¯âŽ¯âŽ¯âŽ¯[12/73]âŽ¯[22m[39m

[41m[1m FAIL [22m[49m tests/unit/services/projectService.test.ts[2m > [22mProjectService[2m > [22mcreateProject[2m > [22mUT-003: should create project with valid ID
[31m[1mTypeError[22m: __vite_ssr_import_0__.vi.mocked(...).mockResolvedValue is not a function[39m
[36m [2mâ¯[22m tests/unit/services/projectService.test.ts:[2m103:27[22m[39m
    [90m101| [39m    [34mit[39m([32m'UT-003: should create project with valid ID'[39m[33m,[39m [35masync[39m () [33m=>[39m {
    [90m102| [39m      [90m// Arrange[39m
    [90m103| [39m      vi[33m.[39m[34mmocked[39m(fs[33m.[39mmkdir)[33m.[39m[34mmockResolvedValue[39m(undefined)[33m;[39m
    [90m   | [39m                          [31m^[39m
    [90m104| [39m      vi[33m.[39m[34mmocked[39m(fs[33m.[39mwriteFile)[33m.[39m[34mmockResolvedValue[39m(undefined)[33m;[39m
    [90m105| [39m

[31m[2mâŽ¯âŽ¯âŽ¯âŽ¯âŽ¯âŽ¯âŽ¯âŽ¯âŽ¯âŽ¯âŽ¯âŽ¯âŽ¯âŽ¯âŽ¯âŽ¯âŽ¯âŽ¯âŽ¯âŽ¯âŽ¯âŽ¯[13/73]âŽ¯[22m[39m

[41m[1m FAIL [22m[49m tests/unit/services/projectService.test.ts[2m > [22mProjectService[2m > [22mcreateProject[2m > [22mshould create project with minimal fields
[31m[1mTypeError[22m: __vite_ssr_import_0__.vi.mocked(...).mockResolvedValue is not a function[39m
[36m [2mâ¯[22m tests/unit/services/projectService.test.ts:[2m133:27[22m[39m
    [90m131| [39m    [34mit[39m([32m'should create project with minimal fields'[39m[33m,[39m [35masync[39m () [33m=>[39m {
    [90m132| [39m      [90m// Arrange[39m
    [90m133| [39m      vi[33m.[39m[34mmocked[39m(fs[33m.[39mmkdir)[33m.[39m[34mmockResolvedValue[39m(undefined)[33m;[39m
    [90m   | [39m                          [31m^[39m
    [90m134| [39m      vi[33m.[39m[34mmocked[39m(fs[33m.[39mwriteFile)[33m.[39m[34mmockResolvedValue[39m(undefined)[33m;[39m
    [90m135| [39m

[31m[2mâŽ¯âŽ¯âŽ¯âŽ¯âŽ¯âŽ¯âŽ¯âŽ¯âŽ¯âŽ¯âŽ¯âŽ¯âŽ¯âŽ¯âŽ¯âŽ¯âŽ¯âŽ¯âŽ¯âŽ¯âŽ¯âŽ¯[14/73]âŽ¯[22m[39m

[41m[1m FAIL [22m[49m tests/unit/services/projectService.test.ts[2m > [22mProjectService[2m > [22mcreateProject[2m > [22mshould throw on file system error during creation
[31m[1mTypeError[22m: __vite_ssr_import_0__.vi.mocked(...).mockRejectedValue is not a function[39m
[36m [2mâ¯[22m tests/unit/services/projectService.test.ts:[2m152:27[22m[39m
    [90m150| [39m    it('should throw on file system error during creation', async () =â€¦
    [90m151| [39m      [90m// Arrange[39m
    [90m152| [39m      vi.mocked(fs.mkdir).mockRejectedValue(new Error('Permission deniâ€¦
    [90m   | [39m                          [31m^[39m
    [90m153| [39m
    [90m154| [39m      [35mconst[39m createDto [33m=[39m {

[31m[2mâŽ¯âŽ¯âŽ¯âŽ¯âŽ¯âŽ¯âŽ¯âŽ¯âŽ¯âŽ¯âŽ¯âŽ¯âŽ¯âŽ¯âŽ¯âŽ¯âŽ¯âŽ¯âŽ¯âŽ¯âŽ¯âŽ¯[15/73]âŽ¯[22m[39m

[41m[1m FAIL [22m[49m tests/unit/services/projectService.test.ts[2m > [22mProjectService[2m > [22mupdateProject[2m > [22mUT-005: should update project fields
[31m[1mTypeError[22m: __vite_ssr_import_0__.vi.mocked(...).mockResolvedValue is not a function[39m
[36m [2mâ¯[22m tests/unit/services/projectService.test.ts:[2m182:30[22m[39m
    [90m180| [39m      }[33m;[39m
    [90m181| [39m
    [90m182| [39m      vi.mocked(fs.readFile).mockResolvedValue(JSON.stringify(existingâ€¦
    [90m   | [39m                             [31m^[39m
    [90m183| [39m      vi[33m.[39m[34mmocked[39m(fs[33m.[39mwriteFile)[33m.[39m[34mmockResolvedValue[39m(undefined)[33m;[39m
    [90m184| [39m

[31m[2mâŽ¯âŽ¯âŽ¯âŽ¯âŽ¯âŽ¯âŽ¯âŽ¯âŽ¯âŽ¯âŽ¯âŽ¯âŽ¯âŽ¯âŽ¯âŽ¯âŽ¯âŽ¯âŽ¯âŽ¯âŽ¯âŽ¯[16/73]âŽ¯[22m[39m

[41m[1m FAIL [22m[49m tests/unit/services/projectService.test.ts[2m > [22mProjectService[2m > [22mupdateProject[2m > [22mshould preserve unchanged fields
[31m[1mTypeError[22m: __vite_ssr_import_0__.vi.mocked(...).mockResolvedValue is not a function[39m
[36m [2mâ¯[22m tests/unit/services/projectService.test.ts:[2m230:30[22m[39m
    [90m228| [39m      }[33m;[39m
    [90m229| [39m
    [90m230| [39m      vi.mocked(fs.readFile).mockResolvedValue(JSON.stringify(existingâ€¦
    [90m   | [39m                             [31m^[39m
    [90m231| [39m      vi[33m.[39m[34mmocked[39m(fs[33m.[39mwriteFile)[33m.[39m[34mmockResolvedValue[39m(undefined)[33m;[39m
    [90m232| [39m

[31m[2mâŽ¯âŽ¯âŽ¯âŽ¯âŽ¯âŽ¯âŽ¯âŽ¯âŽ¯âŽ¯âŽ¯âŽ¯âŽ¯âŽ¯âŽ¯âŽ¯âŽ¯âŽ¯âŽ¯âŽ¯âŽ¯âŽ¯[17/73]âŽ¯[22m[39m

[41m[1m FAIL [22m[49m tests/unit/services/projectService.test.ts[2m > [22mProjectService[2m > [22mupdateProject[2m > [22mshould throw on non-existent project
[31m[1mTypeError[22m: __vite_ssr_import_0__.vi.mocked(...).mockRejectedValue is not a function[39m
[36m [2mâ¯[22m tests/unit/services/projectService.test.ts:[2m246:30[22m[39m
    [90m244| [39m      [35mconst[39m error [33m=[39m [35mnew[39m [33mError[39m([32m'ENOENT'[39m) [35mas[39m [33mNodeJS[39m[33m.[39m[33mErrnoException[39m[33m;[39m
    [90m245| [39m      error[33m.[39mcode [33m=[39m [32m'ENOENT'[39m[33m;[39m
    [90m246| [39m      vi[33m.[39m[34mmocked[39m(fs[33m.[39mreadFile)[33m.[39m[34mmockRejectedValue[39m(error)[33m;[39m
    [90m   | [39m                             [31m^[39m
    [90m247| [39m
    [90m248| [39m      [90m// Act & Assert[39m

[31m[2mâŽ¯âŽ¯âŽ¯âŽ¯âŽ¯âŽ¯âŽ¯âŽ¯âŽ¯âŽ¯âŽ¯âŽ¯âŽ¯âŽ¯âŽ¯âŽ¯âŽ¯âŽ¯âŽ¯âŽ¯âŽ¯âŽ¯[18/73]âŽ¯[22m[39m

[41m[1m FAIL [22m[49m tests/unit/services/projectsListService.test.ts[2m > [22mProjectsListService[2m > [22mgetProjectsList[2m > [22mUT-001: should return project list with default config
[31m[1mTypeError[22m: __vite_ssr_import_0__.vi.mocked(...).mockResolvedValue is not a function[39m
[36m [2mâ¯[22m tests/unit/services/projectsListService.test.ts:[2m65:30[22m[39m
    [90m 63| [39m      }[33m;[39m
    [90m 64| [39m
    [90m 65| [39m      vi.mocked(fs.readFile).mockResolvedValue(JSON.stringify(mockProjâ€¦
    [90m   | [39m                             [31m^[39m
    [90m 66| [39m
    [90m 67| [39m      [90m// Act: í”„ë¡œì íŠ¸ ëª©ë¡ ì¡°íšŒ[39m

[31m[2mâŽ¯âŽ¯âŽ¯âŽ¯âŽ¯âŽ¯âŽ¯âŽ¯âŽ¯âŽ¯âŽ¯âŽ¯âŽ¯âŽ¯âŽ¯âŽ¯âŽ¯âŽ¯âŽ¯âŽ¯âŽ¯âŽ¯[19/73]âŽ¯[22m[39m

[41m[1m FAIL [22m[49m tests/unit/services/projectsListService.test.ts[2m > [22mProjectsListService[2m > [22mgetProjectsList[2m > [22mUT-001a: should return empty list when no projects.json exists
[31m[1mTypeError[22m: __vite_ssr_import_0__.vi.mocked(...).mockRejectedValue is not a function[39m
[36m [2mâ¯[22m tests/unit/services/projectsListService.test.ts:[2m82:30[22m[39m
    [90m 80| [39m      [35mconst[39m error [33m=[39m [35mnew[39m [33mError[39m([32m'ENOENT'[39m) [35mas[39m [33mNodeJS[39m[33m.[39m[33mErrnoException[39m[33m;[39m
    [90m 81| [39m      error[33m.[39mcode [33m=[39m [32m'ENOENT'[39m[33m;[39m
    [90m 82| [39m      vi[33m.[39m[34mmocked[39m(fs[33m.[39mreadFile)[33m.[39m[34mmockRejectedValue[39m(error)[33m;[39m
    [90m   | [39m                             [31m^[39m
    [90m 83| [39m
    [90m 84| [39m      [90m// Act[39m

[31m[2mâŽ¯âŽ¯âŽ¯âŽ¯âŽ¯âŽ¯âŽ¯âŽ¯âŽ¯âŽ¯âŽ¯âŽ¯âŽ¯âŽ¯âŽ¯âŽ¯âŽ¯âŽ¯âŽ¯âŽ¯âŽ¯âŽ¯[20/73]âŽ¯[22m[39m

[41m[1m FAIL [22m[49m tests/unit/services/projectsListService.test.ts[2m > [22mProjectsListService[2m > [22mgetProjectsList[2m > [22mUT-001b: should filter by status when statusFilter is provided
[31m[1mTypeError[22m: __vite_ssr_import_0__.vi.mocked(...).mockResolvedValue is not a function[39m
[36m [2mâ¯[22m tests/unit/services/projectsListService.test.ts:[2m103:30[22m[39m
    [90m101| [39m      }[33m;[39m
    [90m102| [39m
    [90m103| [39m      vi.mocked(fs.readFile).mockResolvedValue(JSON.stringify(mockProjâ€¦
    [90m   | [39m                             [31m^[39m
    [90m104| [39m
    [90m105| [39m      [90m// Act: active í•„í„°[39m

[31m[2mâŽ¯âŽ¯âŽ¯âŽ¯âŽ¯âŽ¯âŽ¯âŽ¯âŽ¯âŽ¯âŽ¯âŽ¯âŽ¯âŽ¯âŽ¯âŽ¯âŽ¯âŽ¯âŽ¯âŽ¯âŽ¯âŽ¯[21/73]âŽ¯[22m[39m

[41m[1m FAIL [22m[49m tests/unit/services/projectsListService.test.ts[2m > [22mProjectsListService[2m > [22misProjectIdDuplicate[2m > [22mshould return true for existing project ID
[31m[1mTypeError[22m: __vite_ssr_import_0__.vi.mocked(...).mockResolvedValue is not a function[39m
[36m [2mâ¯[22m tests/unit/services/projectsListService.test.ts:[2m122:30[22m[39m
    [90m120| [39m        defaultProject[33m:[39m [35mnull[39m[33m,[39m
    [90m121| [39m      }[33m;[39m
    [90m122| [39m      vi.mocked(fs.readFile).mockResolvedValue(JSON.stringify(mockConfâ€¦
    [90m   | [39m                             [31m^[39m
    [90m123| [39m
    [90m124| [39m      [90m// Act[39m

[31m[2mâŽ¯âŽ¯âŽ¯âŽ¯âŽ¯âŽ¯âŽ¯âŽ¯âŽ¯âŽ¯âŽ¯âŽ¯âŽ¯âŽ¯âŽ¯âŽ¯âŽ¯âŽ¯âŽ¯âŽ¯âŽ¯âŽ¯[22/73]âŽ¯[22m[39m

[41m[1m FAIL [22m[49m tests/unit/services/projectsListService.test.ts[2m > [22mProjectsListService[2m > [22misProjectIdDuplicate[2m > [22mshould return false for non-existing project ID
[31m[1mTypeError[22m: __vite_ssr_import_0__.vi.mocked(...).mockResolvedValue is not a function[39m
[36m [2mâ¯[22m tests/unit/services/projectsListService.test.ts:[2m138:30[22m[39m
    [90m136| [39m        defaultProject[33m:[39m [35mnull[39m[33m,[39m
    [90m137| [39m      }[33m;[39m
    [90m138| [39m      vi.mocked(fs.readFile).mockResolvedValue(JSON.stringify(mockConfâ€¦
    [90m   | [39m                             [31m^[39m
    [90m139| [39m
    [90m140| [39m      [90m// Act[39m

[31m[2mâŽ¯âŽ¯âŽ¯âŽ¯âŽ¯âŽ¯âŽ¯âŽ¯âŽ¯âŽ¯âŽ¯âŽ¯âŽ¯âŽ¯âŽ¯âŽ¯âŽ¯âŽ¯âŽ¯âŽ¯âŽ¯âŽ¯[23/73]âŽ¯[22m[39m

[41m[1m FAIL [22m[49m tests/unit/services/projectsListService.test.ts[2m > [22mProjectsListService[2m > [22maddProjectToList[2m > [22mshould add project to list successfully
[31m[1mTypeError[22m: __vite_ssr_import_0__.vi.mocked(...).mockResolvedValue is not a function[39m
[36m [2mâ¯[22m tests/unit/services/projectsListService.test.ts:[2m156:30[22m[39m
    [90m154| [39m        defaultProject[33m:[39m [35mnull[39m[33m,[39m
    [90m155| [39m      }[33m;[39m
    [90m156| [39m      vi.mocked(fs.readFile).mockResolvedValue(JSON.stringify(mockConfâ€¦
    [90m   | [39m                             [31m^[39m
    [90m157| [39m      vi[33m.[39m[34mmocked[39m(fs[33m.[39mwriteFile)[33m.[39m[34mmockResolvedValue[39m(undefined)[33m;[39m
    [90m158| [39m

[31m[2mâŽ¯âŽ¯âŽ¯âŽ¯âŽ¯âŽ¯âŽ¯âŽ¯âŽ¯âŽ¯âŽ¯âŽ¯âŽ¯âŽ¯âŽ¯âŽ¯âŽ¯âŽ¯âŽ¯âŽ¯âŽ¯âŽ¯[24/73]âŽ¯[22m[39m

[41m[1m FAIL [22m[49m tests/unit/services/projectsListService.test.ts[2m > [22mProjectsListService[2m > [22maddProjectToList[2m > [22mshould throw error on duplicate project ID
[31m[1mTypeError[22m: __vite_ssr_import_0__.vi.mocked(...).mockResolvedValue is not a function[39m
[36m [2mâ¯[22m tests/unit/services/projectsListService.test.ts:[2m180:30[22m[39m
    [90m178| [39m        defaultProject[33m:[39m [35mnull[39m[33m,[39m
    [90m179| [39m      }[33m;[39m
    [90m180| [39m      vi.mocked(fs.readFile).mockResolvedValue(JSON.stringify(mockConfâ€¦
    [90m   | [39m                             [31m^[39m
    [90m181| [39m
    [90m182| [39m      [35mconst[39m duplicateProject [33m=[39m {

[31m[2mâŽ¯âŽ¯âŽ¯âŽ¯âŽ¯âŽ¯âŽ¯âŽ¯âŽ¯âŽ¯âŽ¯âŽ¯âŽ¯âŽ¯âŽ¯âŽ¯âŽ¯âŽ¯âŽ¯âŽ¯âŽ¯âŽ¯[25/73]âŽ¯[22m[39m

[41m[1m FAIL [22m[49m tests/unit/services/projectsListService.test.ts[2m > [22mProjectsListService[2m > [22msetDefaultProject[2m > [22mUT-009: should throw on invalid (non-existent) project ID
[31m[1mTypeError[22m: __vite_ssr_import_0__.vi.mocked(...).mockResolvedValue is not a function[39m
[36m [2mâ¯[22m tests/unit/services/projectsListService.test.ts:[2m208:30[22m[39m
    [90m206| [39m        defaultProject[33m:[39m [35mnull[39m[33m,[39m
    [90m207| [39m      }[33m;[39m
    [90m208| [39m      vi.mocked(fs.readFile).mockResolvedValue(JSON.stringify(mockConfâ€¦
    [90m   | [39m                             [31m^[39m
    [90m209| [39m
    [90m210| [39m      [90m// Act & Assert: ì¡´ìž¬í•˜ì§€ ì•ŠëŠ” í”„ë¡œì íŠ¸ IDë¡œ ì„¤ì • ì‹œë„[39m

[31m[2mâŽ¯âŽ¯âŽ¯âŽ¯âŽ¯âŽ¯âŽ¯âŽ¯âŽ¯âŽ¯âŽ¯âŽ¯âŽ¯âŽ¯âŽ¯âŽ¯âŽ¯âŽ¯âŽ¯âŽ¯âŽ¯âŽ¯[26/73]âŽ¯[22m[39m

[41m[1m FAIL [22m[49m tests/unit/services/projectsListService.test.ts[2m > [22mProjectsListService[2m > [22msetDefaultProject[2m > [22mshould set default project successfully for valid ID
[31m[1mTypeError[22m: __vite_ssr_import_0__.vi.mocked(...).mockResolvedValue is not a function[39m
[36m [2mâ¯[22m tests/unit/services/projectsListService.test.ts:[2m221:30[22m[39m
    [90m219| [39m        defaultProject[33m:[39m [35mnull[39m[33m,[39m
    [90m220| [39m      }[33m;[39m
    [90m221| [39m      vi.mocked(fs.readFile).mockResolvedValue(JSON.stringify(mockConfâ€¦
    [90m   | [39m                             [31m^[39m
    [90m222| [39m      vi[33m.[39m[34mmocked[39m(fs[33m.[39mwriteFile)[33m.[39m[34mmockResolvedValue[39m(undefined)[33m;[39m
    [90m223| [39m

[31m[2mâŽ¯âŽ¯âŽ¯âŽ¯âŽ¯âŽ¯âŽ¯âŽ¯âŽ¯âŽ¯âŽ¯âŽ¯âŽ¯âŽ¯âŽ¯âŽ¯âŽ¯âŽ¯âŽ¯âŽ¯âŽ¯âŽ¯[27/73]âŽ¯[22m[39m

[41m[1m FAIL [22m[49m tests/unit/services/projectsListService.test.ts[2m > [22mProjectsListService[2m > [22msetDefaultProject[2m > [22mshould allow setting default to null
[31m[1mTypeError[22m: __vite_ssr_import_0__.vi.mocked(...).mockResolvedValue is not a function[39m
[36m [2mâ¯[22m tests/unit/services/projectsListService.test.ts:[2m236:30[22m[39m
    [90m234| [39m        defaultProject[33m:[39m [32m'some-project'[39m[33m,[39m
    [90m235| [39m      }[33m;[39m
    [90m236| [39m      vi.mocked(fs.readFile).mockResolvedValue(JSON.stringify(mockConfâ€¦
    [90m   | [39m                             [31m^[39m
    [90m237| [39m      vi[33m.[39m[34mmocked[39m(fs[33m.[39mwriteFile)[33m.[39m[34mmockResolvedValue[39m(undefined)[33m;[39m
    [90m238| [39m

[31m[2mâŽ¯âŽ¯âŽ¯âŽ¯âŽ¯âŽ¯âŽ¯âŽ¯âŽ¯âŽ¯âŽ¯âŽ¯âŽ¯âŽ¯âŽ¯âŽ¯âŽ¯âŽ¯âŽ¯âŽ¯âŽ¯âŽ¯[28/73]âŽ¯[22m[39m

[41m[1m FAIL [22m[49m tests/unit/services/teamService.test.ts[2m > [22mTeamService[2m > [22mgetTeam[2m > [22mUT-007: should return team members
[31m[1mTypeError[22m: __vite_ssr_import_0__.vi.mocked(...).mockResolvedValue is not a function[39m
[36m [2mâ¯[22m tests/unit/services/teamService.test.ts:[2m70:30[22m[39m
    [90m 68| [39m      }[33m;[39m
    [90m 69| [39m
    [90m 70| [39m      vi.mocked(fs.readFile).mockResolvedValue(JSON.stringify(mockTeamâ€¦
    [90m   | [39m                             [31m^[39m
    [90m 71| [39m
    [90m 72| [39m      [90m// Act[39m

[31m[2mâŽ¯âŽ¯âŽ¯âŽ¯âŽ¯âŽ¯âŽ¯âŽ¯âŽ¯âŽ¯âŽ¯âŽ¯âŽ¯âŽ¯âŽ¯âŽ¯âŽ¯âŽ¯âŽ¯âŽ¯âŽ¯âŽ¯[29/73]âŽ¯[22m[39m

[41m[1m FAIL [22m[49m tests/unit/services/teamService.test.ts[2m > [22mTeamService[2m > [22mgetTeam[2m > [22mshould return empty array when team.json does not exist
[31m[1mTypeError[22m: __vite_ssr_import_0__.vi.mocked(...).mockRejectedValue is not a function[39m
[36m [2mâ¯[22m tests/unit/services/teamService.test.ts:[2m89:30[22m[39m
    [90m 87| [39m      [35mconst[39m error [33m=[39m [35mnew[39m [33mError[39m([32m'ENOENT'[39m) [35mas[39m [33mNodeJS[39m[33m.[39m[33mErrnoException[39m[33m;[39m
    [90m 88| [39m      error[33m.[39mcode [33m=[39m [32m'ENOENT'[39m[33m;[39m
    [90m 89| [39m      vi[33m.[39m[34mmocked[39m(fs[33m.[39mreadFile)[33m.[39m[34mmockRejectedValue[39m(error)[33m;[39m
    [90m   | [39m                             [31m^[39m
    [90m 90| [39m
    [90m 91| [39m      [90m// Act[39m

[31m[2mâŽ¯âŽ¯âŽ¯âŽ¯âŽ¯âŽ¯âŽ¯âŽ¯âŽ¯âŽ¯âŽ¯âŽ¯âŽ¯âŽ¯âŽ¯âŽ¯âŽ¯âŽ¯âŽ¯âŽ¯âŽ¯âŽ¯[30/73]âŽ¯[22m[39m

[41m[1m FAIL [22m[49m tests/unit/services/teamService.test.ts[2m > [22mTeamService[2m > [22mgetTeam[2m > [22mshould throw on file read error (non-ENOENT)
[31m[1mTypeError[22m: __vite_ssr_import_0__.vi.mocked(...).mockRejectedValue is not a function[39m
[36m [2mâ¯[22m tests/unit/services/teamService.test.ts:[2m100:30[22m[39m
    [90m 98| [39m    [34mit[39m([32m'should throw on file read error (non-ENOENT)'[39m[33m,[39m [35masync[39m () [33m=>[39m {
    [90m 99| [39m      [90m// Arrange: ì¼ë°˜ ì½ê¸° ì˜¤ë¥˜[39m
    [90m100| [39m      vi.mocked(fs.readFile).mockRejectedValue(new Error('Permission dâ€¦
    [90m   | [39m                             [31m^[39m
    [90m101| [39m
    [90m102| [39m      [90m// Act & Assert[39m

[31m[2mâŽ¯âŽ¯âŽ¯âŽ¯âŽ¯âŽ¯âŽ¯âŽ¯âŽ¯âŽ¯âŽ¯âŽ¯âŽ¯âŽ¯âŽ¯âŽ¯âŽ¯âŽ¯âŽ¯âŽ¯âŽ¯âŽ¯[31/73]âŽ¯[22m[39m

[41m[1m FAIL [22m[49m tests/unit/services/teamService.test.ts[2m > [22mTeamService[2m > [22mupdateTeam[2m > [22mshould update team successfully with unique member IDs
[31m[1mTypeError[22m: __vite_ssr_import_0__.vi.mocked(...).mockResolvedValue is not a function[39m
[36m [2mâ¯[22m tests/unit/services/teamService.test.ts:[2m125:31[22m[39m
    [90m123| [39m    it('should update team successfully with unique member IDs', asyncâ€¦
    [90m124| [39m      [90m// Arrange[39m
    [90m125| [39m      vi[33m.[39m[34mmocked[39m(fs[33m.[39mwriteFile)[33m.[39m[34mmockResolvedValue[39m(undefined)[33m;[39m
    [90m   | [39m                              [31m^[39m
    [90m126| [39m
    [90m127| [39m      [35mconst[39m validMembers [33m=[39m [

[31m[2mâŽ¯âŽ¯âŽ¯âŽ¯âŽ¯âŽ¯âŽ¯âŽ¯âŽ¯âŽ¯âŽ¯âŽ¯âŽ¯âŽ¯âŽ¯âŽ¯âŽ¯âŽ¯âŽ¯âŽ¯âŽ¯âŽ¯[32/73]âŽ¯[22m[39m

[41m[1m FAIL [22m[49m tests/unit/services/teamService.test.ts[2m > [22mTeamService[2m > [22mupdateTeam[2m > [22mshould handle empty team update
[31m[1mTypeError[22m: __vite_ssr_import_0__.vi.mocked(...).mockResolvedValue is not a function[39m
[36m [2mâ¯[22m tests/unit/services/teamService.test.ts:[2m142:31[22m[39m
    [90m140| [39m    [34mit[39m([32m'should handle empty team update'[39m[33m,[39m [35masync[39m () [33m=>[39m {
    [90m141| [39m      [90m// Arrange[39m
    [90m142| [39m      vi[33m.[39m[34mmocked[39m(fs[33m.[39mwriteFile)[33m.[39m[34mmockResolvedValue[39m(undefined)[33m;[39m
    [90m   | [39m                              [31m^[39m
    [90m143| [39m
    [90m144| [39m      [90m// Act[39m

[31m[2mâŽ¯âŽ¯âŽ¯âŽ¯âŽ¯âŽ¯âŽ¯âŽ¯âŽ¯âŽ¯âŽ¯âŽ¯âŽ¯âŽ¯âŽ¯âŽ¯âŽ¯âŽ¯âŽ¯âŽ¯âŽ¯âŽ¯[33/73]âŽ¯[22m[39m

[41m[1m FAIL [22m[49m tests/unit/services/teamService.test.ts[2m > [22mTeamService[2m > [22mupdateTeam[2m > [22mshould throw on file write error
[31m[1mTypeError[22m: __vite_ssr_import_0__.vi.mocked(...).mockRejectedValue is not a function[39m
[36m [2mâ¯[22m tests/unit/services/teamService.test.ts:[2m154:31[22m[39m
    [90m152| [39m    [34mit[39m([32m'should throw on file write error'[39m[33m,[39m [35masync[39m () [33m=>[39m {
    [90m153| [39m      [90m// Arrange[39m
    [90m154| [39m      vi.mocked(fs.writeFile).mockRejectedValue(new Error('Permission â€¦
    [90m   | [39m                              [31m^[39m
    [90m155| [39m
    [90m156| [39m      [35mconst[39m members [33m=[39m [

[31m[2mâŽ¯âŽ¯âŽ¯âŽ¯âŽ¯âŽ¯âŽ¯âŽ¯âŽ¯âŽ¯âŽ¯âŽ¯âŽ¯âŽ¯âŽ¯âŽ¯âŽ¯âŽ¯âŽ¯âŽ¯âŽ¯âŽ¯[34/73]âŽ¯[22m[39m

[41m[1m FAIL [22m[49m tests/unit/services/teamService.test.ts[2m > [22mTeamService[2m > [22mupdateTeam[2m > [22mshould preserve all member fields
[31m[1mTypeError[22m: __vite_ssr_import_0__.vi.mocked(...).mockResolvedValue is not a function[39m
[36m [2mâ¯[22m tests/unit/services/teamService.test.ts:[2m166:31[22m[39m
    [90m164| [39m    [34mit[39m([32m'should preserve all member fields'[39m[33m,[39m [35masync[39m () [33m=>[39m {
    [90m165| [39m      [90m// Arrange[39m
    [90m166| [39m      vi[33m.[39m[34mmocked[39m(fs[33m.[39mwriteFile)[33m.[39m[34mmockResolvedValue[39m(undefined)[33m;[39m
    [90m   | [39m                              [31m^[39m
    [90m167| [39m
    [90m168| [39m      [35mconst[39m membersWithAllFields [33m=[39m [

[31m[2mâŽ¯âŽ¯âŽ¯âŽ¯âŽ¯âŽ¯âŽ¯âŽ¯âŽ¯âŽ¯âŽ¯âŽ¯âŽ¯âŽ¯âŽ¯âŽ¯âŽ¯âŽ¯âŽ¯âŽ¯âŽ¯âŽ¯[35/73]âŽ¯[22m[39m

[41m[1m FAIL [22m[49m tests/utils/projects/api-integration.test.ts[2m > [22mProject Metadata Service - API Integration Tests[2m > [22mE2E-003: Project Creation Flow[2m > [22mshould create project with folder structure and files
[31m[1mAssertionError[22m: expected 0 to be greater than or equal to 2[39m
[36m [2mâ¯[22m tests/utils/projects/api-integration.test.ts:[2m128:44[22m[39m
    [90m126| [39m      const projectsList = JSON.parse(await readFile(projectsListPath,â€¦
    [90m127| [39m      // Should have at least 2 projects now (e2e-test-project from beâ€¦
    [90m128| [39m      [34mexpect[39m(projectsList[33m.[39mprojects[33m.[39mlength)[33m.[39m[34mtoBeGreaterThanOrEqual[39m([34m2[39m)[33m;[39m
    [90m   | [39m                                           [31m^[39m
    [90m129| [39m      const createdProject = projectsList.projects.find((p: any) => p.â€¦
    [90m130| [39m      [34mexpect[39m(createdProject)[33m.[39m[34mtoBeDefined[39m()[33m;[39m

[31m[2mâŽ¯âŽ¯âŽ¯âŽ¯âŽ¯âŽ¯âŽ¯âŽ¯âŽ¯âŽ¯âŽ¯âŽ¯âŽ¯âŽ¯âŽ¯âŽ¯âŽ¯âŽ¯âŽ¯âŽ¯âŽ¯âŽ¯[36/73]âŽ¯[22m[39m

[41m[1m FAIL [22m[49m tests/utils/projects/api-integration.test.ts[2m > [22mProject Metadata Service - API Integration Tests[2m > [22mError Handling and Edge Cases[2m > [22mshould handle empty project list gracefully
[31m[1mAssertionError[22m: expected [ Array(4) ] to deeply equal [][39m

[32m- Expected[39m
[31m+ Received[39m

[32m- [][39m
[31m+ [[39m
[31m+   {[39m
[31m+     "createdAt": "2025-12-15T15:39:15.070Z",[39m
[31m+     "id": "lifecycle-test",[39m
[31m+     "name": "Updated Lifecycle Project",[39m
[31m+     "path": "lifecycle-test",[39m
[31m+     "status": "active",[39m
[31m+     "wbsDepth": 4,[39m
[31m+   },[39m
[31m+   {[39m
[31m+     "createdAt": "2025-12-15T15:39:15.044Z",[39m
[31m+     "id": "dup-test-project",[39m
[31m+     "name": "Duplicate Test Base",[39m
[31m+     "path": "dup-test-project",[39m
[31m+     "status": "active",[39m
[31m+     "wbsDepth": 4,[39m
[31m+   },[39m
[31m+   {[39m
[31m+     "createdAt": "2025-12-15T15:39:15.031Z",[39m
[31m+     "id": "e2e-create-test",[39m
[31m+     "name": "E2E Create Test Project",[39m
[31m+     "path": "e2e-create-test",[39m
[31m+     "status": "active",[39m
[31m+     "wbsDepth": 4,[39m
[31m+   },[39m
[31m+   {[39m
[31m+     "createdAt": "2025-12-15T15:39:15.026Z",[39m
[31m+     "id": "e2e-test-project",[39m
[31m+     "name": "Updated Project Name",[39m
[31m+     "path": "e2e-test-project",[39m
[31m+     "status": "active",[39m
[31m+     "wbsDepth": 4,[39m
[31m+   },[39m
[31m+ ][39m

[36m [2mâ¯[22m tests/utils/projects/api-integration.test.ts:[2m442:31[22m[39m
    [90m440| [39m
    [90m441| [39m      [90m// Then: Should return empty array, not error[39m
    [90m442| [39m      [34mexpect[39m(result[33m.[39mprojects)[33m.[39m[34mtoEqual[39m([])[33m;[39m
    [90m   | [39m                              [31m^[39m
    [90m443| [39m      [34mexpect[39m(result[33m.[39mdefaultProject)[33m.[39m[34mtoBeNull[39m()[33m;[39m
    [90m444| [39m    })[33m;[39m

[31m[2mâŽ¯âŽ¯âŽ¯âŽ¯âŽ¯âŽ¯âŽ¯âŽ¯âŽ¯âŽ¯âŽ¯âŽ¯âŽ¯âŽ¯âŽ¯âŽ¯âŽ¯âŽ¯âŽ¯âŽ¯âŽ¯âŽ¯[37/73]âŽ¯[22m[39m

[41m[1m FAIL [22m[49m tests/utils/settings/api.test.ts[2m > [22mSettings API Handler[2m > [22mtype validation[2m > [22mAT-001: should accept columns type
[41m[1m FAIL [22m[49m tests/utils/settings/api.test.ts[2m > [22mSettings API Handler[2m > [22mtype validation[2m > [22mAT-002: should accept categories type
[41m[1m FAIL [22m[49m tests/utils/settings/api.test.ts[2m > [22mSettings API Handler[2m > [22mtype validation[2m > [22mAT-003: should accept workflows type
[41m[1m FAIL [22m[49m tests/utils/settings/api.test.ts[2m > [22mSettings API Handler[2m > [22mtype validation[2m > [22mAT-004: should accept actions type
[41m[1m FAIL [22m[49m tests/utils/settings/api.test.ts[2m > [22mSettings API Handler[2m > [22mtype validation[2m > [22mshould reject invalid type
[41m[1m FAIL [22m[49m tests/utils/settings/api.test.ts[2m > [22mSettings API Handler[2m > [22mdefault settings structure[2m > [22mshould have correct columns structure
[41m[1m FAIL [22m[49m tests/utils/settings/api.test.ts[2m > [22mSettings API Handler[2m > [22mdefault settings structure[2m > [22mshould have correct categories structure
[41m[1m FAIL [22m[49m tests/utils/settings/api.test.ts[2m > [22mSettings API Handler[2m > [22mdefault settings structure[2m > [22mshould have correct workflows structure
[41m[1m FAIL [22m[49m tests/utils/settings/api.test.ts[2m > [22mSettings API Handler[2m > [22mdefault settings structure[2m > [22mshould have correct actions structure
[31m[1mTypeError[22m: __vite_ssr_import_0__.vi.mocked(...).mockRejectedValue is not a function[39m
[36m [2mâ¯[22m tests/utils/settings/api.test.ts:[2m36:25[22m[39m
    [90m 34| [39m    [35mconst[39m error [33m=[39m [35mnew[39m [33mError[39m([32m'ENOENT'[39m) [35mas[39m [33mNodeJS[39m[33m.[39m[33mErrnoException[39m[33m;[39m
    [90m 35| [39m    error[33m.[39mcode [33m=[39m [32m'ENOENT'[39m[33m;[39m
    [90m 36| [39m    vi[33m.[39m[34mmocked[39m(readFile)[33m.[39m[34mmockRejectedValue[39m(error)[33m;[39m
    [90m   | [39m                        [31m^[39m
    [90m 37| [39m  })[33m;[39m
    [90m 38| [39m

[31m[2mâŽ¯âŽ¯âŽ¯âŽ¯âŽ¯âŽ¯âŽ¯âŽ¯âŽ¯âŽ¯âŽ¯âŽ¯âŽ¯âŽ¯âŽ¯âŽ¯âŽ¯âŽ¯âŽ¯âŽ¯âŽ¯âŽ¯[38/73]âŽ¯[22m[39m

[41m[1m FAIL [22m[49m tests/utils/settings/service.test.ts[2m > [22mSettings Service[2m > [22mtype-specific getters[2m > [22mUT-007: should return columns config
[41m[1m FAIL [22m[49m tests/utils/settings/service.test.ts[2m > [22mSettings Service[2m > [22mtype-specific getters[2m > [22mUT-008: should return categories config
[41m[1m FAIL [22m[49m tests/utils/settings/service.test.ts[2m > [22mSettings Service[2m > [22mtype-specific getters[2m > [22mUT-009: should return workflows and actions config
[41m[1m FAIL [22m[49m tests/utils/settings/service.test.ts[2m > [22mSettings Service[2m > [22mgetSettingsByType[2m > [22mshould return columns when type is columns
[41m[1m FAIL [22m[49m tests/utils/settings/service.test.ts[2m > [22mSettings Service[2m > [22mgetSettingsByType[2m > [22mshould return categories when type is categories
[41m[1m FAIL [22m[49m tests/utils/settings/service.test.ts[2m > [22mSettings Service[2m > [22mgetSettingsByType[2m > [22mshould return workflows when type is workflows
[41m[1m FAIL [22m[49m tests/utils/settings/service.test.ts[2m > [22mSettings Service[2m > [22mgetSettingsByType[2m > [22mshould return actions when type is actions
[41m[1m FAIL [22m[49m tests/utils/settings/service.test.ts[2m > [22mSettings Service[2m > [22misValidSettingsType[2m > [22mshould return true for valid types
[41m[1m FAIL [22m[49m tests/utils/settings/service.test.ts[2m > [22mSettings Service[2m > [22misValidSettingsType[2m > [22mUT-010: should return false for invalid types
[31m[1mTypeError[22m: __vi_import_1__.refreshCache is not a function[39m
[36m [2mâ¯[22m tests/utils/settings/service.test.ts:[2m36:5[22m[39m
    [90m 34| [39m[34mdescribe[39m([32m'Settings Service'[39m[33m,[39m () [33m=>[39m {
    [90m 35| [39m  [34mbeforeEach[39m(() [33m=>[39m {
    [90m 36| [39m    [34mrefreshCache[39m()[33m;[39m
    [90m   | [39m    [31m^[39m
    [90m 37| [39m    vi[33m.[39m[34mclearAllMocks[39m()[33m;[39m
    [90m 38| [39m    [90m// ê¸°ë³¸: íŒŒì¼ ì—†ìŒ â†’ ê¸°ë³¸ê°’ ì‚¬ìš©[39m

[31m[2mâŽ¯âŽ¯âŽ¯âŽ¯âŽ¯âŽ¯âŽ¯âŽ¯âŽ¯âŽ¯âŽ¯âŽ¯âŽ¯âŽ¯âŽ¯âŽ¯âŽ¯âŽ¯âŽ¯âŽ¯âŽ¯âŽ¯[39/73]âŽ¯[22m[39m

[41m[1m FAIL [22m[49m tests/utils/wbs/integration.test.ts[2m > [22mWBS Module Integration[2m > [22mScenario 1: Parse Real WBS File[2m > [22mshould parse all Work Packages (WP)
[31m[1mAssertionError[22m: expected 8 to be 6 // Object.is equality[39m

[32m- Expected[39m
[31m+ Received[39m

[32m- 6[39m
[31m+ 8[39m

[36m [2mâ¯[22m tests/utils/wbs/integration.test.ts:[2m43:30[22m[39m
    [90m 41| [39m
    [90m 42| [39m      [90m// ì‹¤ì œ wbs.mdì—ëŠ” WP-01 ~ WP-06ì´ ìžˆìŒ[39m
    [90m 43| [39m      [34mexpect[39m(wpNodes[33m.[39mlength)[33m.[39m[34mtoBe[39m([34m6[39m)[33m;[39m
    [90m   | [39m                             [31m^[39m
    [90m 44| [39m      [34mexpect[39m(wpNodes[33m.[39m[34mmap[39m(n [33m=>[39m n[33m.[39mid))[33m.[39m[34mtoContain[39m([32m'WP-01'[39m)[33m;[39m
    [90m 45| [39m      [34mexpect[39m(wpNodes[33m.[39m[34mmap[39m(n [33m=>[39m n[33m.[39mid))[33m.[39m[34mtoContain[39m([32m'WP-02'[39m)[33m;[39m

[31m[2mâŽ¯âŽ¯âŽ¯âŽ¯âŽ¯âŽ¯âŽ¯âŽ¯âŽ¯âŽ¯âŽ¯âŽ¯âŽ¯âŽ¯âŽ¯âŽ¯âŽ¯âŽ¯âŽ¯âŽ¯âŽ¯âŽ¯[40/73]âŽ¯[22m[39m

[41m[1m FAIL [22m[49m tests/utils/wbs/parser.test.ts[2m > [22mcalculateProgress[2m > [22mTC-004-003: should calculate 0% when no tasks are completed
[31m[1mAssertionError[22m: expected 27 to be +0 // Object.is equality[39m

[32m- Expected[39m
[31m+ Received[39m

[32m- 0[39m
[31m+ 27[39m

[36m [2mâ¯[22m tests/utils/wbs/parser.test.ts:[2m455:31[22m[39m
    [90m453| [39m    [34mcalculateProgress[39m(nodes)[33m;[39m
    [90m454| [39m
    [90m455| [39m    [34mexpect[39m(nodes[[34m0[39m][33m.[39mprogress)[33m.[39m[34mtoBe[39m([34m0[39m)[33m;[39m
    [90m   | [39m                              [31m^[39m
    [90m456| [39m    [34mexpect[39m(nodes[[34m0[39m][33m.[39mtaskCount)[33m.[39m[34mtoBe[39m([34m3[39m)[33m;[39m
    [90m457| [39m  })[33m;[39m

[31m[2mâŽ¯âŽ¯âŽ¯âŽ¯âŽ¯âŽ¯âŽ¯âŽ¯âŽ¯âŽ¯âŽ¯âŽ¯âŽ¯âŽ¯âŽ¯âŽ¯âŽ¯âŽ¯âŽ¯âŽ¯âŽ¯âŽ¯[41/73]âŽ¯[22m[39m

[41m[1m FAIL [22m[49m tests/utils/wbs/taskService.test.ts[2m > [22mTaskService[2m > [22mgetTaskDetail[2m > [22mUT-TASK-01-01: ì¡´ìž¬í•˜ëŠ” Task ID - TaskDetail ë°˜í™˜
[31m[1mError[22m: Taskë¥¼ ì°¾ì„ ìˆ˜ ì—†ìŠµë‹ˆë‹¤: TSK-01-01[39m
[90m [2mâ¯[22m createError node_modules/h3/dist/index.mjs:[2m71:15[22m[39m
[36m [2mâ¯[22m createStandardError server/utils/errors/standardError.ts:[2m30:10[22m[39m
    [90m 28| [39m  message[33m:[39m string
    [90m 29| [39m) {
    [90m 30| [39m  [35mreturn[39m [34mcreateError[39m({
    [90m   | [39m         [31m^[39m
    [90m 31| [39m    statusCode[33m,[39m
    [90m 32| [39m    statusMessage[33m,[39m
[90m [2mâ¯[22m createNotFoundError server/utils/errors/standardError.ts:[2m44:10[22m[39m
[90m [2mâ¯[22m getTaskDetail server/utils/wbs/taskService.ts:[2m283:11[22m[39m
[90m [2mâ¯[22m tests/utils/wbs/taskService.test.ts:[2m101:20[22m[39m

[31m[2mâŽ¯âŽ¯âŽ¯âŽ¯âŽ¯âŽ¯âŽ¯âŽ¯âŽ¯âŽ¯âŽ¯âŽ¯âŽ¯âŽ¯âŽ¯âŽ¯âŽ¯âŽ¯âŽ¯âŽ¯âŽ¯âŽ¯âŽ¯âŽ¯âŽ¯âŽ¯âŽ¯âŽ¯âŽ¯âŽ¯[22m[39m
[31m[1mSerialized Error:[22m[39m [90m{ statusCode: 404, statusMessage: 'PROJECT_NOT_FOUND', data: { timestamp: '2025-12-15T15:39:15.282Z' } }[39m
[31m[2mâŽ¯âŽ¯âŽ¯âŽ¯âŽ¯âŽ¯âŽ¯âŽ¯âŽ¯âŽ¯âŽ¯âŽ¯âŽ¯âŽ¯âŽ¯âŽ¯âŽ¯âŽ¯âŽ¯âŽ¯âŽ¯âŽ¯[42/73]âŽ¯[22m[39m

[41m[1m FAIL [22m[49m tests/utils/wbs/taskService.test.ts[2m > [22mTaskService[2m > [22mgetTaskDetail[2m > [22mUT-TASK-01-02: documents ë°°ì—´ í¬í•¨
[31m[1mError[22m: Taskë¥¼ ì°¾ì„ ìˆ˜ ì—†ìŠµë‹ˆë‹¤: TSK-01-01[39m
[90m [2mâ¯[22m createError node_modules/h3/dist/index.mjs:[2m71:15[22m[39m
[36m [2mâ¯[22m createStandardError server/utils/errors/standardError.ts:[2m30:10[22m[39m
    [90m 28| [39m  message[33m:[39m string
    [90m 29| [39m) {
    [90m 30| [39m  [35mreturn[39m [34mcreateError[39m({
    [90m   | [39m         [31m^[39m
    [90m 31| [39m    statusCode[33m,[39m
    [90m 32| [39m    statusMessage[33m,[39m
[90m [2mâ¯[22m createNotFoundError server/utils/errors/standardError.ts:[2m44:10[22m[39m
[90m [2mâ¯[22m getTaskDetail server/utils/wbs/taskService.ts:[2m283:11[22m[39m
[90m [2mâ¯[22m tests/utils/wbs/taskService.test.ts:[2m113:20[22m[39m

[31m[2mâŽ¯âŽ¯âŽ¯âŽ¯âŽ¯âŽ¯âŽ¯âŽ¯âŽ¯âŽ¯âŽ¯âŽ¯âŽ¯âŽ¯âŽ¯âŽ¯âŽ¯âŽ¯âŽ¯âŽ¯âŽ¯âŽ¯âŽ¯âŽ¯âŽ¯âŽ¯âŽ¯âŽ¯âŽ¯âŽ¯[22m[39m
[31m[1mSerialized Error:[22m[39m [90m{ statusCode: 404, statusMessage: 'PROJECT_NOT_FOUND', data: { timestamp: '2025-12-15T15:39:15.303Z' } }[39m
[31m[2mâŽ¯âŽ¯âŽ¯âŽ¯âŽ¯âŽ¯âŽ¯âŽ¯âŽ¯âŽ¯âŽ¯âŽ¯âŽ¯âŽ¯âŽ¯âŽ¯âŽ¯âŽ¯âŽ¯âŽ¯âŽ¯âŽ¯[43/73]âŽ¯[22m[39m

[41m[1m FAIL [22m[49m tests/utils/wbs/taskService.test.ts[2m > [22mTaskService[2m > [22mgetTaskDetail[2m > [22mUT-TASK-01-03: history ë°°ì—´ í¬í•¨
[31m[1mError[22m: Taskë¥¼ ì°¾ì„ ìˆ˜ ì—†ìŠµë‹ˆë‹¤: TSK-01-01[39m
[90m [2mâ¯[22m createError node_modules/h3/dist/index.mjs:[2m71:15[22m[39m
[36m [2mâ¯[22m createStandardError server/utils/errors/standardError.ts:[2m30:10[22m[39m
    [90m 28| [39m  message[33m:[39m string
    [90m 29| [39m) {
    [90m 30| [39m  [35mreturn[39m [34mcreateError[39m({
    [90m   | [39m         [31m^[39m
    [90m 31| [39m    statusCode[33m,[39m
    [90m 32| [39m    statusMessage[33m,[39m
[90m [2mâ¯[22m createNotFoundError server/utils/errors/standardError.ts:[2m44:10[22m[39m
[90m [2mâ¯[22m getTaskDetail server/utils/wbs/taskService.ts:[2m283:11[22m[39m
[90m [2mâ¯[22m tests/utils/wbs/taskService.test.ts:[2m124:20[22m[39m

[31m[2mâŽ¯âŽ¯âŽ¯âŽ¯âŽ¯âŽ¯âŽ¯âŽ¯âŽ¯âŽ¯âŽ¯âŽ¯âŽ¯âŽ¯âŽ¯âŽ¯âŽ¯âŽ¯âŽ¯âŽ¯âŽ¯âŽ¯âŽ¯âŽ¯âŽ¯âŽ¯âŽ¯âŽ¯âŽ¯âŽ¯[22m[39m
[31m[1mSerialized Error:[22m[39m [90m{ statusCode: 404, statusMessage: 'PROJECT_NOT_FOUND', data: { timestamp: '2025-12-15T15:39:15.321Z' } }[39m
[31m[2mâŽ¯âŽ¯âŽ¯âŽ¯âŽ¯âŽ¯âŽ¯âŽ¯âŽ¯âŽ¯âŽ¯âŽ¯âŽ¯âŽ¯âŽ¯âŽ¯âŽ¯âŽ¯âŽ¯âŽ¯âŽ¯âŽ¯[44/73]âŽ¯[22m[39m

[41m[1m FAIL [22m[49m tests/utils/wbs/taskService.test.ts[2m > [22mTaskService[2m > [22mgetTaskDetail[2m > [22mUT-TASK-01-04: assignee ì •ë³´ í¬í•¨
[31m[1mError[22m: Taskë¥¼ ì°¾ì„ ìˆ˜ ì—†ìŠµë‹ˆë‹¤: TSK-01-01[39m
[90m [2mâ¯[22m createError node_modules/h3/dist/index.mjs:[2m71:15[22m[39m
[36m [2mâ¯[22m createStandardError server/utils/errors/standardError.ts:[2m30:10[22m[39m
    [90m 28| [39m  message[33m:[39m string
    [90m 29| [39m) {
    [90m 30| [39m  [35mreturn[39m [34mcreateError[39m({
    [90m   | [39m         [31m^[39m
    [90m 31| [39m    statusCode[33m,[39m
    [90m 32| [39m    statusMessage[33m,[39m
[90m [2mâ¯[22m createNotFoundError server/utils/errors/standardError.ts:[2m44:10[22m[39m
[90m [2mâ¯[22m getTaskDetail server/utils/wbs/taskService.ts:[2m283:11[22m[39m
[90m [2mâ¯[22m tests/utils/wbs/taskService.test.ts:[2m132:20[22m[39m

[31m[2mâŽ¯âŽ¯âŽ¯âŽ¯âŽ¯âŽ¯âŽ¯âŽ¯âŽ¯âŽ¯âŽ¯âŽ¯âŽ¯âŽ¯âŽ¯âŽ¯âŽ¯âŽ¯âŽ¯âŽ¯âŽ¯âŽ¯âŽ¯âŽ¯âŽ¯âŽ¯âŽ¯âŽ¯âŽ¯âŽ¯[22m[39m
[31m[1mSerialized Error:[22m[39m [90m{ statusCode: 404, statusMessage: 'PROJECT_NOT_FOUND', data: { timestamp: '2025-12-15T15:39:15.343Z' } }[39m
[31m[2mâŽ¯âŽ¯âŽ¯âŽ¯âŽ¯âŽ¯âŽ¯âŽ¯âŽ¯âŽ¯âŽ¯âŽ¯âŽ¯âŽ¯âŽ¯âŽ¯âŽ¯âŽ¯âŽ¯âŽ¯âŽ¯âŽ¯[45/73]âŽ¯[22m[39m

[41m[1m FAIL [22m[49m tests/utils/wbs/taskService.test.ts[2m > [22mTaskService[2m > [22mupdateTask[2m > [22mUT-TASK-02-01: title ìˆ˜ì • ì„±ê³µ
[31m[1mError[22m: Taskë¥¼ ì°¾ì„ ìˆ˜ ì—†ìŠµë‹ˆë‹¤: TSK-01-01[39m
[90m [2mâ¯[22m createError node_modules/h3/dist/index.mjs:[2m71:15[22m[39m
[36m [2mâ¯[22m createStandardError server/utils/errors/standardError.ts:[2m30:10[22m[39m
    [90m 28| [39m  message[33m:[39m string
    [90m 29| [39m) {
    [90m 30| [39m  [35mreturn[39m [34mcreateError[39m({
    [90m   | [39m         [31m^[39m
    [90m 31| [39m    statusCode[33m,[39m
    [90m 32| [39m    statusMessage[33m,[39m
[90m [2mâ¯[22m createNotFoundError server/utils/errors/standardError.ts:[2m44:10[22m[39m
[90m [2mâ¯[22m updateTask server/utils/wbs/taskService.ts:[2m346:11[22m[39m
[90m [2mâ¯[22m tests/utils/wbs/taskService.test.ts:[2m149:20[22m[39m

[31m[2mâŽ¯âŽ¯âŽ¯âŽ¯âŽ¯âŽ¯âŽ¯âŽ¯âŽ¯âŽ¯âŽ¯âŽ¯âŽ¯âŽ¯âŽ¯âŽ¯âŽ¯âŽ¯âŽ¯âŽ¯âŽ¯âŽ¯âŽ¯âŽ¯âŽ¯âŽ¯âŽ¯âŽ¯âŽ¯âŽ¯[22m[39m
[31m[1mSerialized Error:[22m[39m [90m{ statusCode: 404, statusMessage: 'PROJECT_NOT_FOUND', data: { timestamp: '2025-12-15T15:39:15.389Z' } }[39m
[31m[2mâŽ¯âŽ¯âŽ¯âŽ¯âŽ¯âŽ¯âŽ¯âŽ¯âŽ¯âŽ¯âŽ¯âŽ¯âŽ¯âŽ¯âŽ¯âŽ¯âŽ¯âŽ¯âŽ¯âŽ¯âŽ¯âŽ¯[46/73]âŽ¯[22m[39m

[41m[1m FAIL [22m[49m tests/utils/wbs/taskService.test.ts[2m > [22mTaskService[2m > [22mupdateTask[2m > [22mUT-TASK-02-02: priority ìˆ˜ì • ì„±ê³µ
[31m[1mError[22m: Taskë¥¼ ì°¾ì„ ìˆ˜ ì—†ìŠµë‹ˆë‹¤: TSK-01-01[39m
[90m [2mâ¯[22m createError node_modules/h3/dist/index.mjs:[2m71:15[22m[39m
[36m [2mâ¯[22m createStandardError server/utils/errors/standardError.ts:[2m30:10[22m[39m
    [90m 28| [39m  message[33m:[39m string
    [90m 29| [39m) {
    [90m 30| [39m  [35mreturn[39m [34mcreateError[39m({
    [90m   | [39m         [31m^[39m
    [90m 31| [39m    statusCode[33m,[39m
    [90m 32| [39m    statusMessage[33m,[39m
[90m [2mâ¯[22m createNotFoundError server/utils/errors/standardError.ts:[2m44:10[22m[39m
[90m [2mâ¯[22m updateTask server/utils/wbs/taskService.ts:[2m346:11[22m[39m
[90m [2mâ¯[22m tests/utils/wbs/taskService.test.ts:[2m157:20[22m[39m

[31m[2mâŽ¯âŽ¯âŽ¯âŽ¯âŽ¯âŽ¯âŽ¯âŽ¯âŽ¯âŽ¯âŽ¯âŽ¯âŽ¯âŽ¯âŽ¯âŽ¯âŽ¯âŽ¯âŽ¯âŽ¯âŽ¯âŽ¯âŽ¯âŽ¯âŽ¯âŽ¯âŽ¯âŽ¯âŽ¯âŽ¯[22m[39m
[31m[1mSerialized Error:[22m[39m [90m{ statusCode: 404, statusMessage: 'PROJECT_NOT_FOUND', data: { timestamp: '2025-12-15T15:39:15.553Z' } }[39m
[31m[2mâŽ¯âŽ¯âŽ¯âŽ¯âŽ¯âŽ¯âŽ¯âŽ¯âŽ¯âŽ¯âŽ¯âŽ¯âŽ¯âŽ¯âŽ¯âŽ¯âŽ¯âŽ¯âŽ¯âŽ¯âŽ¯âŽ¯[47/73]âŽ¯[22m[39m

[41m[1m FAIL [22m[49m tests/utils/wbs/taskService.test.ts[2m > [22mTaskService[2m > [22mupdateTask[2m > [22mUT-TASK-02-03: assignee ìˆ˜ì • ì„±ê³µ
[31m[1mError[22m: Taskë¥¼ ì°¾ì„ ìˆ˜ ì—†ìŠµë‹ˆë‹¤: TSK-01-01[39m
[90m [2mâ¯[22m createError node_modules/h3/dist/index.mjs:[2m71:15[22m[39m
[36m [2mâ¯[22m createStandardError server/utils/errors/standardError.ts:[2m30:10[22m[39m
    [90m 28| [39m  message[33m:[39m string
    [90m 29| [39m) {
    [90m 30| [39m  [35mreturn[39m [34mcreateError[39m({
    [90m   | [39m         [31m^[39m
    [90m 31| [39m    statusCode[33m,[39m
    [90m 32| [39m    statusMessage[33m,[39m
[90m [2mâ¯[22m createNotFoundError server/utils/errors/standardError.ts:[2m44:10[22m[39m
[90m [2mâ¯[22m updateTask server/utils/wbs/taskService.ts:[2m346:11[22m[39m
[90m [2mâ¯[22m tests/utils/wbs/taskService.test.ts:[2m165:20[22m[39m

[31m[2mâŽ¯âŽ¯âŽ¯âŽ¯âŽ¯âŽ¯âŽ¯âŽ¯âŽ¯âŽ¯âŽ¯âŽ¯âŽ¯âŽ¯âŽ¯âŽ¯âŽ¯âŽ¯âŽ¯âŽ¯âŽ¯âŽ¯âŽ¯âŽ¯âŽ¯âŽ¯âŽ¯âŽ¯âŽ¯âŽ¯[22m[39m
[31m[1mSerialized Error:[22m[39m [90m{ statusCode: 404, statusMessage: 'PROJECT_NOT_FOUND', data: { timestamp: '2025-12-15T15:39:15.731Z' } }[39m
[31m[2mâŽ¯âŽ¯âŽ¯âŽ¯âŽ¯âŽ¯âŽ¯âŽ¯âŽ¯âŽ¯âŽ¯âŽ¯âŽ¯âŽ¯âŽ¯âŽ¯âŽ¯âŽ¯âŽ¯âŽ¯âŽ¯âŽ¯[48/73]âŽ¯[22m[39m

[41m[1m FAIL [22m[49m tests/utils/wbs/taskService.test.ts[2m > [22mTaskService[2m > [22mupdateTask[2m > [22mUT-TASK-02-05: ìœ íš¨í•˜ì§€ ì•Šì€ priority - VALIDATION_ERROR
[31m[1mAssertionError[22m: expected [Function] to throw error including 'ìœ íš¨í•˜ì§€ ì•Šì€ ìš°ì„ ìˆœìœ„' but got 'Taskë¥¼ ì°¾ì„ ìˆ˜ ì—†ìŠµë‹ˆë‹¤: TSK-01-01'[39m

Expected: [32m"ìœ íš¨í•˜ì§€ ì•Šì€ ìš°ì„ ìˆœìœ„"[39m
Received: [31m"Taskë¥¼ ì°¾ì„ ìˆ˜ ì—†ìŠµë‹ˆë‹¤: TSK-01-01"[39m

[36m [2mâ¯[22m tests/utils/wbs/taskService.test.ts:[2m180:7[22m[39m
    [90m178| [39m    it('UT-TASK-02-05: ìœ íš¨í•˜ì§€ ì•Šì€ priority - VALIDATION_ERROR', async () â€¦
    [90m179| [39m      [90m// Act & Assert[39m
    [90m180| [39m      await expect(updateTask(TEST_TASK_ID, { priority: 'invalid' as aâ€¦
    [90m   | [39m      [31m^[39m
    [90m181| [39m        [32m'ìœ íš¨í•˜ì§€ ì•Šì€ ìš°ì„ ìˆœìœ„'[39m
    [90m182| [39m      )[33m;[39m

[31m[2mâŽ¯âŽ¯âŽ¯âŽ¯âŽ¯âŽ¯âŽ¯âŽ¯âŽ¯âŽ¯âŽ¯âŽ¯âŽ¯âŽ¯âŽ¯âŽ¯âŽ¯âŽ¯âŽ¯âŽ¯âŽ¯âŽ¯[49/73]âŽ¯[22m[39m

[41m[1m FAIL [22m[49m tests/utils/wbs/taskService.test.ts[2m > [22mTaskService[2m > [22mHistoryEntry[2m > [22mUT-TASK-03-01: Task ìˆ˜ì • ì‹œ ì´ë ¥ ê¸°ë¡
[31m[1mError[22m: Taskë¥¼ ì°¾ì„ ìˆ˜ ì—†ìŠµë‹ˆë‹¤: TSK-01-01[39m
[90m [2mâ¯[22m createError node_modules/h3/dist/index.mjs:[2m71:15[22m[39m
[36m [2mâ¯[22m createStandardError server/utils/errors/standardError.ts:[2m30:10[22m[39m
    [90m 28| [39m  message[33m:[39m string
    [90m 29| [39m) {
    [90m 30| [39m  [35mreturn[39m [34mcreateError[39m({
    [90m   | [39m         [31m^[39m
    [90m 31| [39m    statusCode[33m,[39m
    [90m 32| [39m    statusMessage[33m,[39m
[90m [2mâ¯[22m createNotFoundError server/utils/errors/standardError.ts:[2m44:10[22m[39m
[90m [2mâ¯[22m updateTask server/utils/wbs/taskService.ts:[2m346:11[22m[39m
[90m [2mâ¯[22m tests/utils/wbs/taskService.test.ts:[2m189:7[22m[39m

[31m[2mâŽ¯âŽ¯âŽ¯âŽ¯âŽ¯âŽ¯âŽ¯âŽ¯âŽ¯âŽ¯âŽ¯âŽ¯âŽ¯âŽ¯âŽ¯âŽ¯âŽ¯âŽ¯âŽ¯âŽ¯âŽ¯âŽ¯âŽ¯âŽ¯âŽ¯âŽ¯âŽ¯âŽ¯âŽ¯âŽ¯[22m[39m
[31m[1mSerialized Error:[22m[39m [90m{ statusCode: 404, statusMessage: 'PROJECT_NOT_FOUND', data: { timestamp: '2025-12-15T15:39:16.144Z' } }[39m
[31m[2mâŽ¯âŽ¯âŽ¯âŽ¯âŽ¯âŽ¯âŽ¯âŽ¯âŽ¯âŽ¯âŽ¯âŽ¯âŽ¯âŽ¯âŽ¯âŽ¯âŽ¯âŽ¯âŽ¯âŽ¯âŽ¯âŽ¯[50/73]âŽ¯[22m[39m

[41m[1m FAIL [22m[49m tests/utils/wbs/taskService.test.ts[2m > [22mTaskService[2m > [22mHistoryEntry[2m > [22mUT-TASK-03-03: timestamp ISO 8601 í˜•ì‹
[31m[1mError[22m: Taskë¥¼ ì°¾ì„ ìˆ˜ ì—†ìŠµë‹ˆë‹¤: TSK-01-01[39m
[90m [2mâ¯[22m createError node_modules/h3/dist/index.mjs:[2m71:15[22m[39m
[36m [2mâ¯[22m createStandardError server/utils/errors/standardError.ts:[2m30:10[22m[39m
    [90m 28| [39m  message[33m:[39m string
    [90m 29| [39m) {
    [90m 30| [39m  [35mreturn[39m [34mcreateError[39m({
    [90m   | [39m         [31m^[39m
    [90m 31| [39m    statusCode[33m,[39m
    [90m 32| [39m    statusMessage[33m,[39m
[90m [2mâ¯[22m createNotFoundError server/utils/errors/standardError.ts:[2m44:10[22m[39m
[90m [2mâ¯[22m updateTask server/utils/wbs/taskService.ts:[2m346:11[22m[39m
[90m [2mâ¯[22m tests/utils/wbs/taskService.test.ts:[2m201:7[22m[39m

[31m[2mâŽ¯âŽ¯âŽ¯âŽ¯âŽ¯âŽ¯âŽ¯âŽ¯âŽ¯âŽ¯âŽ¯âŽ¯âŽ¯âŽ¯âŽ¯âŽ¯âŽ¯âŽ¯âŽ¯âŽ¯âŽ¯âŽ¯âŽ¯âŽ¯âŽ¯âŽ¯âŽ¯âŽ¯âŽ¯âŽ¯[22m[39m
[31m[1mSerialized Error:[22m[39m [90m{ statusCode: 404, statusMessage: 'PROJECT_NOT_FOUND', data: { timestamp: '2025-12-15T15:39:16.169Z' } }[39m
[31m[2mâŽ¯âŽ¯âŽ¯âŽ¯âŽ¯âŽ¯âŽ¯âŽ¯âŽ¯âŽ¯âŽ¯âŽ¯âŽ¯âŽ¯âŽ¯âŽ¯âŽ¯âŽ¯âŽ¯âŽ¯âŽ¯âŽ¯[51/73]âŽ¯[22m[39m

[41m[1m FAIL [22m[49m tests/utils/workflow/transitionService.test.ts[2m > [22mTransitionService[2m > [22mvalidateTransition[2m > [22mTC-001: valid development transition [ ] â†’ [bd]
[31m[1mAssertionError[22m: expected false to be true // Object.is equality[39m

[32m- Expected[39m
[31m+ Received[39m

[32m- true[39m
[31m+ false[39m

[36m [2mâ¯[22m tests/utils/workflow/transitionService.test.ts:[2m28:28[22m[39m
    [90m 26| [39m
    [90m 27| [39m      [90m// Then: valid = true[39m
    [90m 28| [39m      [34mexpect[39m(result[33m.[39mvalid)[33m.[39m[34mtoBe[39m([35mtrue[39m)[33m;[39m
    [90m   | [39m                           [31m^[39m
    [90m 29| [39m      [34mexpect[39m(result[33m.[39mmessage)[33m.[39m[34mtoBeUndefined[39m()[33m;[39m
    [90m 30| [39m    })[33m;[39m

[31m[2mâŽ¯âŽ¯âŽ¯âŽ¯âŽ¯âŽ¯âŽ¯âŽ¯âŽ¯âŽ¯âŽ¯âŽ¯âŽ¯âŽ¯âŽ¯âŽ¯âŽ¯âŽ¯âŽ¯âŽ¯âŽ¯âŽ¯[52/73]âŽ¯[22m[39m

[41m[1m FAIL [22m[49m tests/utils/workflow/transitionService.test.ts[2m > [22mTransitionService[2m > [22mgetAvailableCommands[2m > [22mTC-004-1: development [ ] â†’ [start]
[31m[1mAssertionError[22m: expected [] to include 'start'[39m
[36m [2mâ¯[22m tests/utils/workflow/transitionService.test.ts:[2m55:24[22m[39m
    [90m 53| [39m
    [90m 54| [39m      [90m// Then: commands = ['start'][39m
    [90m 55| [39m      [34mexpect[39m(commands)[33m.[39m[34mtoContain[39m([32m'start'[39m)[33m;[39m
    [90m   | [39m                       [31m^[39m
    [90m 56| [39m      [34mexpect[39m(commands[33m.[39mlength)[33m.[39m[34mtoBeGreaterThan[39m([34m0[39m)[33m;[39m
    [90m 57| [39m    })[33m;[39m

[31m[2mâŽ¯âŽ¯âŽ¯âŽ¯âŽ¯âŽ¯âŽ¯âŽ¯âŽ¯âŽ¯âŽ¯âŽ¯âŽ¯âŽ¯âŽ¯âŽ¯âŽ¯âŽ¯âŽ¯âŽ¯âŽ¯âŽ¯[53/73]âŽ¯[22m[39m

[41m[1m FAIL [22m[49m tests/utils/workflow/transitionService.test.ts[2m > [22mTransitionService[2m > [22mgetAvailableCommands[2m > [22mTC-005-1: defect [ ] â†’ [start]
[31m[1mAssertionError[22m: expected [] to include 'start'[39m
[36m [2mâ¯[22m tests/utils/workflow/transitionService.test.ts:[2m64:24[22m[39m
    [90m 62| [39m
    [90m 63| [39m      [90m// Then: commands includes 'start'[39m
    [90m 64| [39m      [34mexpect[39m(commands)[33m.[39m[34mtoContain[39m([32m'start'[39m)[33m;[39m
    [90m   | [39m                       [31m^[39m
    [90m 65| [39m    })[33m;[39m
    [90m 66| [39m

[31m[2mâŽ¯âŽ¯âŽ¯âŽ¯âŽ¯âŽ¯âŽ¯âŽ¯âŽ¯âŽ¯âŽ¯âŽ¯âŽ¯âŽ¯âŽ¯âŽ¯âŽ¯âŽ¯âŽ¯âŽ¯âŽ¯âŽ¯[54/73]âŽ¯[22m[39m

[41m[1m FAIL [22m[49m tests/utils/workflow/transitionService.test.ts[2m > [22mTransitionService[2m > [22mgetAvailableCommands[2m > [22mTC-006-1: infrastructure [ ] â†’ [start, skip]
[31m[1mAssertionError[22m: expected 0 to be greater than 0[39m
[36m [2mâ¯[22m tests/utils/workflow/transitionService.test.ts:[2m72:31[22m[39m
    [90m 70| [39m
    [90m 71| [39m      [90m// Then: commands = ['start', 'skip'] or similar[39m
    [90m 72| [39m      [34mexpect[39m(commands[33m.[39mlength)[33m.[39m[34mtoBeGreaterThan[39m([34m0[39m)[33m;[39m
    [90m   | [39m                              [31m^[39m
    [90m 73| [39m    })[33m;[39m
    [90m 74| [39m  })[33m;[39m

[31m[2mâŽ¯âŽ¯âŽ¯âŽ¯âŽ¯âŽ¯âŽ¯âŽ¯âŽ¯âŽ¯âŽ¯âŽ¯âŽ¯âŽ¯âŽ¯âŽ¯âŽ¯âŽ¯âŽ¯âŽ¯âŽ¯âŽ¯[55/73]âŽ¯[22m[39m

[41m[1m FAIL [22m[49m tests/unit/components/wbs/detail/TaskHistory.test.ts[2m > [22mTaskHistory[2m > [22mgetEntryIcon method[2m > [22mshould return info-circle icon for unknown action
[31m[1mAssertionError[22m: expected 'pi pi-circle' to be 'pi pi-info-circle' // Object.is equality[39m

Expected: [32m"pi pi-[7minfo-[27mcircle"[39m
Received: [31m"pi pi-circle"[39m

[36m [2mâ¯[22m tests/unit/components/wbs/detail/TaskHistory.test.ts:[2m176:38[22m[39m
    [90m174| [39m
    [90m175| [39m      [35mconst[39m vm [33m=[39m wrapper[33m.[39mvm [35mas[39m any
    [90m176| [39m      [34mexpect[39m(vm[33m.[39m[34mgetEntryIcon[39m(entry))[33m.[39m[34mtoBe[39m([32m'pi pi-info-circle'[39m)
    [90m   | [39m                                     [31m^[39m
    [90m177| [39m    })
    [90m178| [39m  })

[31m[2mâŽ¯âŽ¯âŽ¯âŽ¯âŽ¯âŽ¯âŽ¯âŽ¯âŽ¯âŽ¯âŽ¯âŽ¯âŽ¯âŽ¯âŽ¯âŽ¯âŽ¯âŽ¯âŽ¯âŽ¯âŽ¯âŽ¯[56/73]âŽ¯[22m[39m

[41m[1m FAIL [22m[49m tests/unit/components/wbs/detail/TaskHistory.test.ts[2m > [22mTaskHistory[2m > [22mgetEntryColor method[2m > [22mshould return amber for action
[31m[1mAssertionError[22m: expected '#8b5cf6' to be '#f59e0b' // Object.is equality[39m

Expected: [32m"#[7mf59e0b[27m"[39m
Received: [31m"#[7m8b5cf6[27m"[39m

[36m [2mâ¯[22m tests/unit/components/wbs/detail/TaskHistory.test.ts:[2m217:39[22m[39m
    [90m215| [39m
    [90m216| [39m      [35mconst[39m vm [33m=[39m wrapper[33m.[39mvm [35mas[39m any
    [90m217| [39m      [34mexpect[39m(vm[33m.[39m[34mgetEntryColor[39m(entry))[33m.[39m[34mtoBe[39m([32m'#f59e0b'[39m)
    [90m   | [39m                                      [31m^[39m
    [90m218| [39m    })
    [90m219| [39m

[31m[2mâŽ¯âŽ¯âŽ¯âŽ¯âŽ¯âŽ¯âŽ¯âŽ¯âŽ¯âŽ¯âŽ¯âŽ¯âŽ¯âŽ¯âŽ¯âŽ¯âŽ¯âŽ¯âŽ¯âŽ¯âŽ¯âŽ¯[57/73]âŽ¯[22m[39m


[2m Test Files [22m [1m[31m17 failed[39m[22m[2m | [22m[1m[32m31 passed[39m[22m[90m (48)[39m
[2m      Tests [22m [1m[31m69 failed[39m[22m[2m | [22m[1m[32m628 passed[39m[22m[90m (697)[39m
[2m   Start at [22m 00:39:13
[2m   Duration [22m 200.61s[2m (transform 5.96s, setup 11.66s, import 7.26s, tests 405.39s, environment 39.05s)[22m

