{"numTotalTestSuites":225,"numPassedTestSuites":174,"numFailedTestSuites":51,"numPendingTestSuites":0,"numTotalTests":592,"numPassedTests":513,"numFailedTests":79,"numPendingTests":0,"numTodoTests":0,"snapshot":{"added":0,"failure":false,"filesAdded":0,"filesRemoved":0,"filesRemovedList":[],"filesUnmatched":0,"filesUpdated":0,"matched":0,"total":0,"unchecked":0,"uncheckedKeysByFile":[],"unmatched":0,"updated":0,"didUpdate":false},"startTime":1765797577685,"success":false,"testResults":[{"assertionResults":[{"ancestorTitles":["E2E: WBS test-result Update","E2E-001: 전체 흐름 (파싱 → 업데이트 → 직렬화 → 저장)"],"fullName":"E2E: WBS test-result Update E2E-001: 전체 흐름 (파싱 → 업데이트 → 직렬화 → 저장) test-result 업데이트가 wbs.md에 정상 반영된다","status":"passed","title":"test-result 업데이트가 wbs.md에 정상 반영된다","duration":3159.5161,"failureMessages":[],"meta":{}},{"ancestorTitles":["E2E: WBS test-result Update","E2E-002: 유효한 Task ID와 test-result"],"fullName":"E2E: WBS test-result Update E2E-002: 유효한 Task ID와 test-result 유효한 Task ID와 test-result 값으로 업데이트 성공","status":"failed","title":"유효한 Task ID와 test-result 값으로 업데이트 성공","duration":329.09609999999975,"failureMessages":["AssertionError: expected '> version: 1.0\\n> depth: 3\\n> updated…' to match /TSK-01-01[\\s\\S]*?test-result: pass/\n    at C:/project/jjiban/tests/e2e/wbs-test-result-update.test.ts:147:26\n    at file:///C:/project/jjiban/node_modules/@vitest/runner/dist/index.js:915:20"],"meta":{}},{"ancestorTitles":["E2E: WBS test-result Update","E2E-003: 무효한 test-result 값"],"fullName":"E2E: WBS test-result Update E2E-003: 무효한 test-result 값 무효한 test-result 값으로 요청 시 400 에러","status":"passed","title":"무효한 test-result 값으로 요청 시 400 에러","duration":103.5015999999996,"failureMessages":[],"meta":{}},{"ancestorTitles":["E2E: WBS test-result Update","E2E-004: 존재하지 않는 Task"],"fullName":"E2E: WBS test-result Update E2E-004: 존재하지 않는 Task 존재하지 않는 Task ID 요청 시 404 에러","status":"passed","title":"존재하지 않는 Task ID 요청 시 404 에러","duration":67.27559999999994,"failureMessages":[],"meta":{}}],"startTime":1765797580138,"endTime":1765797583798.2756,"status":"failed","message":"","name":"C:/project/jjiban/tests/e2e/wbs-test-result-update.test.ts"},{"assertionResults":[{"ancestorTitles":["GET /api/tasks/:id/documents"],"fullName":"GET /api/tasks/:id/documents TC-024: GET /api/tasks/:id/documents - success","status":"failed","title":"TC-024: GET /api/tasks/:id/documents - success","duration":351.421399999992,"failureMessages":["FetchError: [GET] \"http://127.0.0.1:13361/api/tasks/TSK-01-01-01/documents\": <no response> Cross-Origin Request Blocked: The Same Origin Policy disallows reading the remote resource at \"http://127.0.0.1:13361/api/tasks/TSK-01-01-01/documents\".\n    at processTicksAndRejections (node:internal/process/task_queues:105:5)\n    at $fetchRaw2 (file:///C:/project/jjiban/node_modules/ofetch/dist/shared/ofetch.CWycOUEr.mjs:286:14)\n    at $fetch2 (file:///C:/project/jjiban/node_modules/ofetch/dist/shared/ofetch.CWycOUEr.mjs:332:15)\n    at C:/project/jjiban/tests/api/tasks/documents.test.ts:17:22\n    at file:///C:/project/jjiban/node_modules/@vitest/runner/dist/index.js:915:20"],"meta":{}},{"ancestorTitles":["GET /api/tasks/:id/documents"],"fullName":"GET /api/tasks/:id/documents TC-025: GET /api/tasks/:id/documents - Task not found","status":"failed","title":"TC-025: GET /api/tasks/:id/documents - Task not found","duration":134.74300000001676,"failureMessages":["AssertionError: expected undefined to be 404 // Object.is equality\n    at C:/project/jjiban/tests/api/tasks/documents.test.ts:37:32\n    at processTicksAndRejections (node:internal/process/task_queues:105:5)\n    at file:///C:/project/jjiban/node_modules/@vitest/runner/dist/index.js:915:20"],"meta":{}}],"startTime":1765797767678,"endTime":1765797768164.743,"status":"failed","message":"","name":"C:/project/jjiban/tests/api/tasks/documents.test.ts"},{"assertionResults":[{"ancestorTitles":["POST /api/tasks/:id/transition"],"fullName":"POST /api/tasks/:id/transition TC-020: POST /api/tasks/:id/transition - success","status":"passed","title":"TC-020: POST /api/tasks/:id/transition - success","duration":232.98089999999502,"failureMessages":[],"meta":{}},{"ancestorTitles":["POST /api/tasks/:id/transition"],"fullName":"POST /api/tasks/:id/transition TC-021: POST /api/tasks/:id/transition - missing command","status":"failed","title":"TC-021: POST /api/tasks/:id/transition - missing command","duration":65.48989999998594,"failureMessages":["AssertionError: expected undefined to be 400 // Object.is equality\n    at C:/project/jjiban/tests/api/tasks/transition.test.ts:42:32\n    at processTicksAndRejections (node:internal/process/task_queues:105:5)\n    at file:///C:/project/jjiban/node_modules/@vitest/runner/dist/index.js:915:20"],"meta":{}},{"ancestorTitles":["POST /api/tasks/:id/transition"],"fullName":"POST /api/tasks/:id/transition TC-022: POST /api/tasks/:id/transition - Task not found","status":"failed","title":"TC-022: POST /api/tasks/:id/transition - Task not found","duration":57.6080999999831,"failureMessages":["AssertionError: expected undefined to be 404 // Object.is equality\n    at C:/project/jjiban/tests/api/tasks/transition.test.ts:58:32\n    at processTicksAndRejections (node:internal/process/task_queues:105:5)\n    at file:///C:/project/jjiban/node_modules/@vitest/runner/dist/index.js:915:20"],"meta":{}},{"ancestorTitles":["POST /api/tasks/:id/transition"],"fullName":"POST /api/tasks/:id/transition TC-023: POST /api/tasks/:id/transition - invalid transition","status":"failed","title":"TC-023: POST /api/tasks/:id/transition - invalid transition","duration":56.54199999998673,"failureMessages":["TypeError: actual value must be number or bigint, received \"undefined\"\n    at assertTypes (file:///C:/project/jjiban/node_modules/@vitest/utils/dist/helpers.js:56:9)\n    at Proxy.<anonymous> (file:///C:/project/jjiban/node_modules/@vitest/expect/dist/index.js:1271:3)\n    at Proxy.<anonymous> (file:///C:/project/jjiban/node_modules/@vitest/expect/dist/index.js:1090:14)\n    at Proxy.methodWrapper (file:///C:/project/jjiban/node_modules/chai/index.js:1700:25)\n    at C:/project/jjiban/tests/api/tasks/transition.test.ts:73:32\n    at processTicksAndRejections (node:internal/process/task_queues:105:5)\n    at file:///C:/project/jjiban/node_modules/@vitest/runner/dist/index.js:915:20"],"meta":{}}],"startTime":1765797769104,"endTime":1765797769517.542,"status":"failed","message":"","name":"C:/project/jjiban/tests/api/tasks/transition.test.ts"},{"assertionResults":[{"ancestorTitles":["useKeyboardNav","handleKeyDown"],"fullName":"useKeyboardNav handleKeyDown should call handler for valid key","status":"passed","title":"should call handler for valid key","duration":10.705200000000104,"failureMessages":[],"meta":{}},{"ancestorTitles":["useKeyboardNav","handleKeyDown"],"fullName":"useKeyboardNav handleKeyDown should ignore invalid keys","status":"passed","title":"should ignore invalid keys","duration":1.4640999999999167,"failureMessages":[],"meta":{}},{"ancestorTitles":["useKeyboardNav","handleArrowDown"],"fullName":"useKeyboardNav handleArrowDown should move to next node","status":"passed","title":"should move to next node","duration":1.677900000000136,"failureMessages":[],"meta":{}},{"ancestorTitles":["useKeyboardNav","handleArrowDown"],"fullName":"useKeyboardNav handleArrowDown should stay at last node when at end","status":"passed","title":"should stay at last node when at end","duration":1.4603000000001884,"failureMessages":[],"meta":{}},{"ancestorTitles":["useKeyboardNav","handleArrowUp"],"fullName":"useKeyboardNav handleArrowUp should move to previous node","status":"passed","title":"should move to previous node","duration":1.233199999999897,"failureMessages":[],"meta":{}},{"ancestorTitles":["useKeyboardNav","handleArrowUp"],"fullName":"useKeyboardNav handleArrowUp should stay at first node when at beginning","status":"passed","title":"should stay at first node when at beginning","duration":1.2921000000001186,"failureMessages":[],"meta":{}},{"ancestorTitles":["useKeyboardNav","handleArrowRight"],"fullName":"useKeyboardNav handleArrowRight should expand collapsed node with children","status":"passed","title":"should expand collapsed node with children","duration":1.3580999999999221,"failureMessages":[],"meta":{}},{"ancestorTitles":["useKeyboardNav","handleArrowRight"],"fullName":"useKeyboardNav handleArrowRight should move to first child if already expanded","status":"passed","title":"should move to first child if already expanded","duration":0.7799999999999727,"failureMessages":[],"meta":{}},{"ancestorTitles":["useKeyboardNav","handleArrowRight"],"fullName":"useKeyboardNav handleArrowRight should do nothing on leaf node","status":"passed","title":"should do nothing on leaf node","duration":1.1130000000000564,"failureMessages":[],"meta":{}},{"ancestorTitles":["useKeyboardNav","handleArrowLeft"],"fullName":"useKeyboardNav handleArrowLeft should collapse expanded node with children","status":"passed","title":"should collapse expanded node with children","duration":1.0460000000000491,"failureMessages":[],"meta":{}},{"ancestorTitles":["useKeyboardNav","handleArrowLeft"],"fullName":"useKeyboardNav handleArrowLeft should move to parent if already collapsed","status":"passed","title":"should move to parent if already collapsed","duration":0.8541999999999916,"failureMessages":[],"meta":{}},{"ancestorTitles":["useKeyboardNav","handleEnter"],"fullName":"useKeyboardNav handleEnter should call onNodeSelect callback","status":"passed","title":"should call onNodeSelect callback","duration":1.9420999999999822,"failureMessages":[],"meta":{}},{"ancestorTitles":["useKeyboardNav","handleEnter"],"fullName":"useKeyboardNav handleEnter should not call callback if no node focused","status":"passed","title":"should not call callback if no node focused","duration":0.6982000000000426,"failureMessages":[],"meta":{}},{"ancestorTitles":["useKeyboardNav","handleSpace"],"fullName":"useKeyboardNav handleSpace should toggle node expansion","status":"passed","title":"should toggle node expansion","duration":0.8313000000000557,"failureMessages":[],"meta":{}},{"ancestorTitles":["useKeyboardNav","handleSpace"],"fullName":"useKeyboardNav handleSpace should not toggle node without children","status":"passed","title":"should not toggle node without children","duration":0.631900000000087,"failureMessages":[],"meta":{}},{"ancestorTitles":["useKeyboardNav","handleHome"],"fullName":"useKeyboardNav handleHome should move to first node","status":"passed","title":"should move to first node","duration":0.8265000000001237,"failureMessages":[],"meta":{}},{"ancestorTitles":["useKeyboardNav","handleEnd"],"fullName":"useKeyboardNav handleEnd should move to last node","status":"passed","title":"should move to last node","duration":0.6841999999999189,"failureMessages":[],"meta":{}},{"ancestorTitles":["useKeyboardNav","handleEscape"],"fullName":"useKeyboardNav handleEscape should handle Escape key","status":"passed","title":"should handle Escape key","duration":0.6842000000001462,"failureMessages":[],"meta":{}},{"ancestorTitles":["useKeyboardNav","flattenedNodes"],"fullName":"useKeyboardNav flattenedNodes should include only expanded nodes","status":"passed","title":"should include only expanded nodes","duration":0.7799999999999727,"failureMessages":[],"meta":{}},{"ancestorTitles":["useKeyboardNav","flattenedNodes"],"fullName":"useKeyboardNav flattenedNodes should exclude children of collapsed nodes","status":"passed","title":"should exclude children of collapsed nodes","duration":0.6723000000001775,"failureMessages":[],"meta":{}}],"startTime":1765797585881,"endTime":1765797585912.78,"status":"passed","message":"","name":"C:/project/jjiban/tests/unit/composables/useKeyboardNav.test.ts"},{"assertionResults":[{"ancestorTitles":["useTreeInteraction","toggleNode"],"fullName":"useTreeInteraction toggleNode should toggle node expansion state","status":"passed","title":"should toggle node expansion state","duration":8.04099999999994,"failureMessages":[],"meta":{}},{"ancestorTitles":["useTreeInteraction","toggleNode"],"fullName":"useTreeInteraction toggleNode should warn and return early if nodeId is invalid","status":"passed","title":"should warn and return early if nodeId is invalid","duration":5.02390000000014,"failureMessages":[],"meta":{}},{"ancestorTitles":["useTreeInteraction","toggleNode"],"fullName":"useTreeInteraction toggleNode should warn and return early if node does not exist","status":"passed","title":"should warn and return early if node does not exist","duration":1.7450999999998658,"failureMessages":[],"meta":{}},{"ancestorTitles":["useTreeInteraction","toggleNode"],"fullName":"useTreeInteraction toggleNode should not toggle node without children","status":"passed","title":"should not toggle node without children","duration":1.195399999999836,"failureMessages":[],"meta":{}},{"ancestorTitles":["useTreeInteraction","toggleNode"],"fullName":"useTreeInteraction toggleNode should call wbsStore.toggleExpand for valid node with children","status":"passed","title":"should call wbsStore.toggleExpand for valid node with children","duration":1.0899999999999181,"failureMessages":[],"meta":{}},{"ancestorTitles":["useTreeInteraction","selectNode"],"fullName":"useTreeInteraction selectNode should select node via selectionStore","status":"passed","title":"should select node via selectionStore","duration":1.312599999999975,"failureMessages":[],"meta":{}},{"ancestorTitles":["useTreeInteraction","selectNode"],"fullName":"useTreeInteraction selectNode should prevent duplicate selection","status":"passed","title":"should prevent duplicate selection","duration":1.088799999999992,"failureMessages":[],"meta":{}},{"ancestorTitles":["useTreeInteraction","selectNode"],"fullName":"useTreeInteraction selectNode should prevent race condition with isSelecting flag","status":"passed","title":"should prevent race condition with isSelecting flag","duration":122.24260000000004,"failureMessages":[],"meta":{}},{"ancestorTitles":["useTreeInteraction","selectNode"],"fullName":"useTreeInteraction selectNode should warn and return early if nodeId is invalid","status":"passed","title":"should warn and return early if nodeId is invalid","duration":3.7622999999998683,"failureMessages":[],"meta":{}},{"ancestorTitles":["useTreeInteraction","selectNode"],"fullName":"useTreeInteraction selectNode should handle selection error and clear selection","status":"passed","title":"should handle selection error and clear selection","duration":3.5131000000001222,"failureMessages":[],"meta":{}},{"ancestorTitles":["useTreeInteraction","selectNode"],"fullName":"useTreeInteraction selectNode should reset isSelecting flag after selection completes","status":"passed","title":"should reset isSelecting flag after selection completes","duration":0.695699999999988,"failureMessages":[],"meta":{}},{"ancestorTitles":["useTreeInteraction","selectNode"],"fullName":"useTreeInteraction selectNode should reset isSelecting flag after error","status":"passed","title":"should reset isSelecting flag after error","duration":9.784200000000055,"failureMessages":[],"meta":{}},{"ancestorTitles":["useTreeInteraction","expandAll"],"fullName":"useTreeInteraction expandAll should expand all nodes","status":"passed","title":"should expand all nodes","duration":1.3168000000000575,"failureMessages":[],"meta":{}},{"ancestorTitles":["useTreeInteraction","collapseAll"],"fullName":"useTreeInteraction collapseAll should collapse all nodes","status":"passed","title":"should collapse all nodes","duration":0.6942999999998847,"failureMessages":[],"meta":{}},{"ancestorTitles":["useTreeInteraction","isExpanded"],"fullName":"useTreeInteraction isExpanded should return true if node is expanded","status":"passed","title":"should return true if node is expanded","duration":0.7787999999998192,"failureMessages":[],"meta":{}},{"ancestorTitles":["useTreeInteraction","isSelected"],"fullName":"useTreeInteraction isSelected should return true if node is selected","status":"passed","title":"should return true if node is selected","duration":0.8926000000001295,"failureMessages":[],"meta":{}}],"startTime":1765797583887,"endTime":1765797584051.8926,"status":"passed","message":"","name":"C:/project/jjiban/tests/unit/composables/useTreeInteraction.test.ts"},{"assertionResults":[{"ancestorTitles":["useTreePersistence","saveExpandedState"],"fullName":"useTreePersistence saveExpandedState should save expanded state to localStorage","status":"passed","title":"should save expanded state to localStorage","duration":10.266399999999976,"failureMessages":[],"meta":{}},{"ancestorTitles":["useTreePersistence","saveExpandedState"],"fullName":"useTreePersistence saveExpandedState should save empty set as empty array","status":"passed","title":"should save empty set as empty array","duration":1.3674000000000888,"failureMessages":[],"meta":{}},{"ancestorTitles":["useTreePersistence","saveExpandedState"],"fullName":"useTreePersistence saveExpandedState should warn and skip save if size exceeds limit","status":"passed","title":"should warn and skip save if size exceeds limit","duration":36.44560000000001,"failureMessages":[],"meta":{}},{"ancestorTitles":["useTreePersistence","saveExpandedState"],"fullName":"useTreePersistence saveExpandedState should log debug message on successful save","status":"passed","title":"should log debug message on successful save","duration":2.7574999999999363,"failureMessages":[],"meta":{}},{"ancestorTitles":["useTreePersistence","restoreExpandedState"],"fullName":"useTreePersistence restoreExpandedState should restore expanded state from localStorage","status":"passed","title":"should restore expanded state from localStorage","duration":2.7350000000001273,"failureMessages":[],"meta":{}},{"ancestorTitles":["useTreePersistence","restoreExpandedState"],"fullName":"useTreePersistence restoreExpandedState should filter out invalid nodes during restoration","status":"passed","title":"should filter out invalid nodes during restoration","duration":1.5389000000000124,"failureMessages":[],"meta":{}},{"ancestorTitles":["useTreePersistence","restoreExpandedState"],"fullName":"useTreePersistence restoreExpandedState should log info and return if no saved state found","status":"passed","title":"should log info and return if no saved state found","duration":0.8990000000001146,"failureMessages":[],"meta":{}},{"ancestorTitles":["useTreePersistence","restoreExpandedState"],"fullName":"useTreePersistence restoreExpandedState should clear state if version mismatch","status":"passed","title":"should clear state if version mismatch","duration":1.0440000000000964,"failureMessages":[],"meta":{}},{"ancestorTitles":["useTreePersistence","restoreExpandedState"],"fullName":"useTreePersistence restoreExpandedState should handle JSON parse error and clear state","status":"passed","title":"should handle JSON parse error and clear state","duration":1.6276000000000295,"failureMessages":[],"meta":{}},{"ancestorTitles":["useTreePersistence","clearExpandedState"],"fullName":"useTreePersistence clearExpandedState should remove state from localStorage","status":"passed","title":"should remove state from localStorage","duration":0.8433999999999742,"failureMessages":[],"meta":{}},{"ancestorTitles":["useTreePersistence","clearExpandedState"],"fullName":"useTreePersistence clearExpandedState should log info on successful clear","status":"passed","title":"should log info on successful clear","duration":0.8987000000001899,"failureMessages":[],"meta":{}},{"ancestorTitles":["useTreePersistence","autoSave"],"fullName":"useTreePersistence autoSave should auto-save when expandedNodes changes","status":"passed","title":"should auto-save when expandedNodes changes","duration":423.8290000000002,"failureMessages":[],"meta":{}},{"ancestorTitles":["useTreePersistence","autoSave"],"fullName":"useTreePersistence autoSave should not auto-save when autoSave is false","status":"passed","title":"should not auto-save when autoSave is false","duration":417.5157000000004,"failureMessages":[],"meta":{}},{"ancestorTitles":["useTreePersistence","autoSave"],"fullName":"useTreePersistence autoSave should debounce multiple rapid changes","status":"passed","title":"should debounce multiple rapid changes","duration":422.89350000000013,"failureMessages":[],"meta":{}}],"startTime":1765797582481,"endTime":1765797583806.8936,"status":"passed","message":"","name":"C:/project/jjiban/tests/unit/composables/useTreePersistence.test.ts"},{"assertionResults":[{"ancestorTitles":["useWbsPage","TC-005: 에러 메시지 한글 변환"],"fullName":"useWbsPage TC-005: 에러 메시지 한글 변환 PROJECT_NOT_FOUND 에러 코드를 한글 메시지로 변환","status":"passed","title":"PROJECT_NOT_FOUND 에러 코드를 한글 메시지로 변환","duration":5.24310000000014,"failureMessages":[],"meta":{}},{"ancestorTitles":["useWbsPage","TC-005: 에러 메시지 한글 변환"],"fullName":"useWbsPage TC-005: 에러 메시지 한글 변환 WBS_NOT_FOUND 에러 코드를 한글 메시지로 변환","status":"passed","title":"WBS_NOT_FOUND 에러 코드를 한글 메시지로 변환","duration":0.7099000000000615,"failureMessages":[],"meta":{}},{"ancestorTitles":["useWbsPage","TC-005: 에러 메시지 한글 변환"],"fullName":"useWbsPage TC-005: 에러 메시지 한글 변환 FILE_READ_ERROR 에러 코드를 한글 메시지로 변환","status":"passed","title":"FILE_READ_ERROR 에러 코드를 한글 메시지로 변환","duration":0.5325000000000273,"failureMessages":[],"meta":{}},{"ancestorTitles":["useWbsPage","TC-005: 에러 메시지 한글 변환"],"fullName":"useWbsPage TC-005: 에러 메시지 한글 변환 NETWORK_ERROR 에러 코드를 한글 메시지로 변환","status":"passed","title":"NETWORK_ERROR 에러 코드를 한글 메시지로 변환","duration":0.7505999999998494,"failureMessages":[],"meta":{}},{"ancestorTitles":["useWbsPage","TC-005: 에러 메시지 한글 변환"],"fullName":"useWbsPage TC-005: 에러 메시지 한글 변환 알 수 없는 에러는 기본 메시지로 변환","status":"passed","title":"알 수 없는 에러는 기본 메시지로 변환","duration":0.44470000000001164,"failureMessages":[],"meta":{}},{"ancestorTitles":["useWbsPage","loadProjectAndWbs"],"fullName":"useWbsPage loadProjectAndWbs 프로젝트와 WBS를 순차적으로 로드","status":"passed","title":"프로젝트와 WBS를 순차적으로 로드","duration":1.4393999999999778,"failureMessages":[],"meta":{}},{"ancestorTitles":["useWbsPage","loadProjectAndWbs"],"fullName":"useWbsPage loadProjectAndWbs 프로젝트 로드 실패 시 WBS 로딩 중단","status":"passed","title":"프로젝트 로드 실패 시 WBS 로딩 중단","duration":2.2572000000000116,"failureMessages":[],"meta":{}},{"ancestorTitles":["useWbsPage","loadProjectAndWbs"],"fullName":"useWbsPage loadProjectAndWbs WBS 로드 실패 시 에러 처리","status":"passed","title":"WBS 로드 실패 시 에러 처리","duration":0.6580999999998767,"failureMessages":[],"meta":{}},{"ancestorTitles":["useWbsPage","showToast"],"fullName":"useWbsPage showToast Toast 메시지를 올바르게 표시","status":"passed","title":"Toast 메시지를 올바르게 표시","duration":0.8377000000000407,"failureMessages":[],"meta":{}},{"ancestorTitles":["useWbsPage","showToast"],"fullName":"useWbsPage showToast 기본 life 값은 3000ms","status":"passed","title":"기본 life 값은 3000ms","duration":0.5010999999999513,"failureMessages":[],"meta":{}},{"ancestorTitles":["useWbsPage","isRetryableError"],"fullName":"useWbsPage isRetryableError 재시도 가능한 에러 코드 확인","status":"passed","title":"재시도 가능한 에러 코드 확인","duration":0.2799999999999727,"failureMessages":[],"meta":{}},{"ancestorTitles":["useWbsPage","isRetryableError"],"fullName":"useWbsPage isRetryableError 재시도 불가능한 에러 코드 확인","status":"passed","title":"재시도 불가능한 에러 코드 확인","duration":0.2402999999999338,"failureMessages":[],"meta":{}}],"startTime":1765797586644,"endTime":1765797586659.2402,"status":"passed","message":"","name":"C:/project/jjiban/tests/unit/composables/useWbsPage.test.ts"},{"assertionResults":[{"ancestorTitles":["ProjectService","getProject"],"fullName":"ProjectService getProject UT-002: should return project with team","status":"failed","title":"UT-002: should return project with team","duration":5.6435999999998785,"failureMessages":["TypeError: __vite_ssr_import_0__.vi.mocked(...).mockResolvedValue is not a function\n    at C:/project/jjiban/tests/unit/services/projectService.test.ts:60:30\n    at file:///C:/project/jjiban/node_modules/@vitest/runner/dist/index.js:145:11\n    at file:///C:/project/jjiban/node_modules/@vitest/runner/dist/index.js:915:26\n    at file:///C:/project/jjiban/node_modules/@vitest/runner/dist/index.js:1240:20\n    at new Promise (<anonymous>)\n    at runWithTimeout (file:///C:/project/jjiban/node_modules/@vitest/runner/dist/index.js:1206:10)\n    at file:///C:/project/jjiban/node_modules/@vitest/runner/dist/index.js:1650:37\n    at Traces.$ (file:///C:/project/jjiban/node_modules/vitest/dist/chunks/traces.U4xDYhzZ.js:115:27)\n    at trace (file:///C:/project/jjiban/node_modules/vitest/dist/chunks/test.BT8LKgU9.js:239:21)\n    at runTest (file:///C:/project/jjiban/node_modules/@vitest/runner/dist/index.js:1650:12)"],"meta":{}},{"ancestorTitles":["ProjectService","getProject"],"fullName":"ProjectService getProject UT-010: should throw on non-existent project","status":"failed","title":"UT-010: should throw on non-existent project","duration":0.909099999999853,"failureMessages":["TypeError: __vite_ssr_import_0__.vi.mocked(...).mockRejectedValue is not a function\n    at C:/project/jjiban/tests/unit/services/projectService.test.ts:81:30\n    at file:///C:/project/jjiban/node_modules/@vitest/runner/dist/index.js:145:11\n    at file:///C:/project/jjiban/node_modules/@vitest/runner/dist/index.js:915:26\n    at file:///C:/project/jjiban/node_modules/@vitest/runner/dist/index.js:1240:20\n    at new Promise (<anonymous>)\n    at runWithTimeout (file:///C:/project/jjiban/node_modules/@vitest/runner/dist/index.js:1206:10)\n    at file:///C:/project/jjiban/node_modules/@vitest/runner/dist/index.js:1650:37\n    at Traces.$ (file:///C:/project/jjiban/node_modules/vitest/dist/chunks/traces.U4xDYhzZ.js:115:27)\n    at trace (file:///C:/project/jjiban/node_modules/vitest/dist/chunks/test.BT8LKgU9.js:239:21)\n    at runTest (file:///C:/project/jjiban/node_modules/@vitest/runner/dist/index.js:1650:12)"],"meta":{}},{"ancestorTitles":["ProjectService","getProject"],"fullName":"ProjectService getProject should throw on file read error","status":"failed","title":"should throw on file read error","duration":0.7187000000001262,"failureMessages":["TypeError: __vite_ssr_import_0__.vi.mocked(...).mockRejectedValue is not a function\n    at C:/project/jjiban/tests/unit/services/projectService.test.ts:89:30\n    at file:///C:/project/jjiban/node_modules/@vitest/runner/dist/index.js:145:11\n    at file:///C:/project/jjiban/node_modules/@vitest/runner/dist/index.js:915:26\n    at file:///C:/project/jjiban/node_modules/@vitest/runner/dist/index.js:1240:20\n    at new Promise (<anonymous>)\n    at runWithTimeout (file:///C:/project/jjiban/node_modules/@vitest/runner/dist/index.js:1206:10)\n    at file:///C:/project/jjiban/node_modules/@vitest/runner/dist/index.js:1650:37\n    at Traces.$ (file:///C:/project/jjiban/node_modules/vitest/dist/chunks/traces.U4xDYhzZ.js:115:27)\n    at trace (file:///C:/project/jjiban/node_modules/vitest/dist/chunks/test.BT8LKgU9.js:239:21)\n    at runTest (file:///C:/project/jjiban/node_modules/@vitest/runner/dist/index.js:1650:12)"],"meta":{}},{"ancestorTitles":["ProjectService","createProject"],"fullName":"ProjectService createProject UT-003: should create project with valid ID","status":"failed","title":"UT-003: should create project with valid ID","duration":0.6286000000000058,"failureMessages":["TypeError: __vite_ssr_import_0__.vi.mocked(...).mockResolvedValue is not a function\n    at C:/project/jjiban/tests/unit/services/projectService.test.ts:103:27\n    at file:///C:/project/jjiban/node_modules/@vitest/runner/dist/index.js:145:11\n    at file:///C:/project/jjiban/node_modules/@vitest/runner/dist/index.js:915:26\n    at file:///C:/project/jjiban/node_modules/@vitest/runner/dist/index.js:1240:20\n    at new Promise (<anonymous>)\n    at runWithTimeout (file:///C:/project/jjiban/node_modules/@vitest/runner/dist/index.js:1206:10)\n    at file:///C:/project/jjiban/node_modules/@vitest/runner/dist/index.js:1650:37\n    at Traces.$ (file:///C:/project/jjiban/node_modules/vitest/dist/chunks/traces.U4xDYhzZ.js:115:27)\n    at trace (file:///C:/project/jjiban/node_modules/vitest/dist/chunks/test.BT8LKgU9.js:239:21)\n    at runTest (file:///C:/project/jjiban/node_modules/@vitest/runner/dist/index.js:1650:12)"],"meta":{}},{"ancestorTitles":["ProjectService","createProject"],"fullName":"ProjectService createProject should create project with minimal fields","status":"failed","title":"should create project with minimal fields","duration":0.5026000000000295,"failureMessages":["TypeError: __vite_ssr_import_0__.vi.mocked(...).mockResolvedValue is not a function\n    at C:/project/jjiban/tests/unit/services/projectService.test.ts:133:27\n    at file:///C:/project/jjiban/node_modules/@vitest/runner/dist/index.js:145:11\n    at file:///C:/project/jjiban/node_modules/@vitest/runner/dist/index.js:915:26\n    at file:///C:/project/jjiban/node_modules/@vitest/runner/dist/index.js:1240:20\n    at new Promise (<anonymous>)\n    at runWithTimeout (file:///C:/project/jjiban/node_modules/@vitest/runner/dist/index.js:1206:10)\n    at file:///C:/project/jjiban/node_modules/@vitest/runner/dist/index.js:1650:37\n    at Traces.$ (file:///C:/project/jjiban/node_modules/vitest/dist/chunks/traces.U4xDYhzZ.js:115:27)\n    at trace (file:///C:/project/jjiban/node_modules/vitest/dist/chunks/test.BT8LKgU9.js:239:21)\n    at runTest (file:///C:/project/jjiban/node_modules/@vitest/runner/dist/index.js:1650:12)"],"meta":{}},{"ancestorTitles":["ProjectService","createProject"],"fullName":"ProjectService createProject should throw on file system error during creation","status":"failed","title":"should throw on file system error during creation","duration":0.5367999999998574,"failureMessages":["TypeError: __vite_ssr_import_0__.vi.mocked(...).mockRejectedValue is not a function\n    at C:/project/jjiban/tests/unit/services/projectService.test.ts:152:27\n    at file:///C:/project/jjiban/node_modules/@vitest/runner/dist/index.js:145:11\n    at file:///C:/project/jjiban/node_modules/@vitest/runner/dist/index.js:915:26\n    at file:///C:/project/jjiban/node_modules/@vitest/runner/dist/index.js:1240:20\n    at new Promise (<anonymous>)\n    at runWithTimeout (file:///C:/project/jjiban/node_modules/@vitest/runner/dist/index.js:1206:10)\n    at file:///C:/project/jjiban/node_modules/@vitest/runner/dist/index.js:1650:37\n    at Traces.$ (file:///C:/project/jjiban/node_modules/vitest/dist/chunks/traces.U4xDYhzZ.js:115:27)\n    at trace (file:///C:/project/jjiban/node_modules/vitest/dist/chunks/test.BT8LKgU9.js:239:21)\n    at runTest (file:///C:/project/jjiban/node_modules/@vitest/runner/dist/index.js:1650:12)"],"meta":{}},{"ancestorTitles":["ProjectService","updateProject"],"fullName":"ProjectService updateProject UT-005: should update project fields","status":"failed","title":"UT-005: should update project fields","duration":0.4882999999999811,"failureMessages":["TypeError: __vite_ssr_import_0__.vi.mocked(...).mockResolvedValue is not a function\n    at C:/project/jjiban/tests/unit/services/projectService.test.ts:182:30\n    at file:///C:/project/jjiban/node_modules/@vitest/runner/dist/index.js:145:11\n    at file:///C:/project/jjiban/node_modules/@vitest/runner/dist/index.js:915:26\n    at file:///C:/project/jjiban/node_modules/@vitest/runner/dist/index.js:1240:20\n    at new Promise (<anonymous>)\n    at runWithTimeout (file:///C:/project/jjiban/node_modules/@vitest/runner/dist/index.js:1206:10)\n    at file:///C:/project/jjiban/node_modules/@vitest/runner/dist/index.js:1650:37\n    at Traces.$ (file:///C:/project/jjiban/node_modules/vitest/dist/chunks/traces.U4xDYhzZ.js:115:27)\n    at trace (file:///C:/project/jjiban/node_modules/vitest/dist/chunks/test.BT8LKgU9.js:239:21)\n    at runTest (file:///C:/project/jjiban/node_modules/@vitest/runner/dist/index.js:1650:12)"],"meta":{}},{"ancestorTitles":["ProjectService","updateProject"],"fullName":"ProjectService updateProject UT-006: should throw on ID change attempt","status":"passed","title":"UT-006: should throw on ID change attempt","duration":7.497299999999996,"failureMessages":[],"meta":{}},{"ancestorTitles":["ProjectService","updateProject"],"fullName":"ProjectService updateProject should preserve unchanged fields","status":"failed","title":"should preserve unchanged fields","duration":0.8171999999999571,"failureMessages":["TypeError: __vite_ssr_import_0__.vi.mocked(...).mockResolvedValue is not a function\n    at C:/project/jjiban/tests/unit/services/projectService.test.ts:230:30\n    at file:///C:/project/jjiban/node_modules/@vitest/runner/dist/index.js:145:11\n    at file:///C:/project/jjiban/node_modules/@vitest/runner/dist/index.js:915:26\n    at file:///C:/project/jjiban/node_modules/@vitest/runner/dist/index.js:1240:20\n    at new Promise (<anonymous>)\n    at runWithTimeout (file:///C:/project/jjiban/node_modules/@vitest/runner/dist/index.js:1206:10)\n    at file:///C:/project/jjiban/node_modules/@vitest/runner/dist/index.js:1650:37\n    at Traces.$ (file:///C:/project/jjiban/node_modules/vitest/dist/chunks/traces.U4xDYhzZ.js:115:27)\n    at trace (file:///C:/project/jjiban/node_modules/vitest/dist/chunks/test.BT8LKgU9.js:239:21)\n    at runTest (file:///C:/project/jjiban/node_modules/@vitest/runner/dist/index.js:1650:12)"],"meta":{}},{"ancestorTitles":["ProjectService","updateProject"],"fullName":"ProjectService updateProject should throw on non-existent project","status":"failed","title":"should throw on non-existent project","duration":0.5217999999999847,"failureMessages":["TypeError: __vite_ssr_import_0__.vi.mocked(...).mockRejectedValue is not a function\n    at C:/project/jjiban/tests/unit/services/projectService.test.ts:246:30\n    at file:///C:/project/jjiban/node_modules/@vitest/runner/dist/index.js:145:11\n    at file:///C:/project/jjiban/node_modules/@vitest/runner/dist/index.js:915:26\n    at file:///C:/project/jjiban/node_modules/@vitest/runner/dist/index.js:1240:20\n    at new Promise (<anonymous>)\n    at runWithTimeout (file:///C:/project/jjiban/node_modules/@vitest/runner/dist/index.js:1206:10)\n    at file:///C:/project/jjiban/node_modules/@vitest/runner/dist/index.js:1650:37\n    at Traces.$ (file:///C:/project/jjiban/node_modules/vitest/dist/chunks/traces.U4xDYhzZ.js:115:27)\n    at trace (file:///C:/project/jjiban/node_modules/vitest/dist/chunks/test.BT8LKgU9.js:239:21)\n    at runTest (file:///C:/project/jjiban/node_modules/@vitest/runner/dist/index.js:1650:12)"],"meta":{}}],"startTime":1765797579623,"endTime":1765797579641.5217,"status":"failed","message":"","name":"C:/project/jjiban/tests/unit/services/projectService.test.ts"},{"assertionResults":[{"ancestorTitles":["ProjectsListService","getProjectsList"],"fullName":"ProjectsListService getProjectsList UT-001: should return project list with default config","status":"failed","title":"UT-001: should return project list with default config","duration":5.775700000000143,"failureMessages":["TypeError: __vite_ssr_import_0__.vi.mocked(...).mockResolvedValue is not a function\n    at C:/project/jjiban/tests/unit/services/projectsListService.test.ts:65:30\n    at file:///C:/project/jjiban/node_modules/@vitest/runner/dist/index.js:145:11\n    at file:///C:/project/jjiban/node_modules/@vitest/runner/dist/index.js:915:26\n    at file:///C:/project/jjiban/node_modules/@vitest/runner/dist/index.js:1240:20\n    at new Promise (<anonymous>)\n    at runWithTimeout (file:///C:/project/jjiban/node_modules/@vitest/runner/dist/index.js:1206:10)\n    at file:///C:/project/jjiban/node_modules/@vitest/runner/dist/index.js:1650:37\n    at Traces.$ (file:///C:/project/jjiban/node_modules/vitest/dist/chunks/traces.U4xDYhzZ.js:115:27)\n    at trace (file:///C:/project/jjiban/node_modules/vitest/dist/chunks/test.BT8LKgU9.js:239:21)\n    at runTest (file:///C:/project/jjiban/node_modules/@vitest/runner/dist/index.js:1650:12)"],"meta":{}},{"ancestorTitles":["ProjectsListService","getProjectsList"],"fullName":"ProjectsListService getProjectsList UT-001a: should return empty list when no projects.json exists","status":"failed","title":"UT-001a: should return empty list when no projects.json exists","duration":0.8171999999999571,"failureMessages":["TypeError: __vite_ssr_import_0__.vi.mocked(...).mockRejectedValue is not a function\n    at C:/project/jjiban/tests/unit/services/projectsListService.test.ts:82:30\n    at file:///C:/project/jjiban/node_modules/@vitest/runner/dist/index.js:145:11\n    at file:///C:/project/jjiban/node_modules/@vitest/runner/dist/index.js:915:26\n    at file:///C:/project/jjiban/node_modules/@vitest/runner/dist/index.js:1240:20\n    at new Promise (<anonymous>)\n    at runWithTimeout (file:///C:/project/jjiban/node_modules/@vitest/runner/dist/index.js:1206:10)\n    at file:///C:/project/jjiban/node_modules/@vitest/runner/dist/index.js:1650:37\n    at Traces.$ (file:///C:/project/jjiban/node_modules/vitest/dist/chunks/traces.U4xDYhzZ.js:115:27)\n    at trace (file:///C:/project/jjiban/node_modules/vitest/dist/chunks/test.BT8LKgU9.js:239:21)\n    at runTest (file:///C:/project/jjiban/node_modules/@vitest/runner/dist/index.js:1650:12)"],"meta":{}},{"ancestorTitles":["ProjectsListService","getProjectsList"],"fullName":"ProjectsListService getProjectsList UT-001b: should filter by status when statusFilter is provided","status":"failed","title":"UT-001b: should filter by status when statusFilter is provided","duration":0.6622999999999593,"failureMessages":["TypeError: __vite_ssr_import_0__.vi.mocked(...).mockResolvedValue is not a function\n    at C:/project/jjiban/tests/unit/services/projectsListService.test.ts:103:30\n    at file:///C:/project/jjiban/node_modules/@vitest/runner/dist/index.js:145:11\n    at file:///C:/project/jjiban/node_modules/@vitest/runner/dist/index.js:915:26\n    at file:///C:/project/jjiban/node_modules/@vitest/runner/dist/index.js:1240:20\n    at new Promise (<anonymous>)\n    at runWithTimeout (file:///C:/project/jjiban/node_modules/@vitest/runner/dist/index.js:1206:10)\n    at file:///C:/project/jjiban/node_modules/@vitest/runner/dist/index.js:1650:37\n    at Traces.$ (file:///C:/project/jjiban/node_modules/vitest/dist/chunks/traces.U4xDYhzZ.js:115:27)\n    at trace (file:///C:/project/jjiban/node_modules/vitest/dist/chunks/test.BT8LKgU9.js:239:21)\n    at runTest (file:///C:/project/jjiban/node_modules/@vitest/runner/dist/index.js:1650:12)"],"meta":{}},{"ancestorTitles":["ProjectsListService","isProjectIdDuplicate"],"fullName":"ProjectsListService isProjectIdDuplicate should return true for existing project ID","status":"failed","title":"should return true for existing project ID","duration":0.6125999999999294,"failureMessages":["TypeError: __vite_ssr_import_0__.vi.mocked(...).mockResolvedValue is not a function\n    at C:/project/jjiban/tests/unit/services/projectsListService.test.ts:122:30\n    at file:///C:/project/jjiban/node_modules/@vitest/runner/dist/index.js:145:11\n    at file:///C:/project/jjiban/node_modules/@vitest/runner/dist/index.js:915:26\n    at file:///C:/project/jjiban/node_modules/@vitest/runner/dist/index.js:1240:20\n    at new Promise (<anonymous>)\n    at runWithTimeout (file:///C:/project/jjiban/node_modules/@vitest/runner/dist/index.js:1206:10)\n    at file:///C:/project/jjiban/node_modules/@vitest/runner/dist/index.js:1650:37\n    at Traces.$ (file:///C:/project/jjiban/node_modules/vitest/dist/chunks/traces.U4xDYhzZ.js:115:27)\n    at trace (file:///C:/project/jjiban/node_modules/vitest/dist/chunks/test.BT8LKgU9.js:239:21)\n    at runTest (file:///C:/project/jjiban/node_modules/@vitest/runner/dist/index.js:1650:12)"],"meta":{}},{"ancestorTitles":["ProjectsListService","isProjectIdDuplicate"],"fullName":"ProjectsListService isProjectIdDuplicate should return false for non-existing project ID","status":"failed","title":"should return false for non-existing project ID","duration":0.5377000000003136,"failureMessages":["TypeError: __vite_ssr_import_0__.vi.mocked(...).mockResolvedValue is not a function\n    at C:/project/jjiban/tests/unit/services/projectsListService.test.ts:138:30\n    at file:///C:/project/jjiban/node_modules/@vitest/runner/dist/index.js:145:11\n    at file:///C:/project/jjiban/node_modules/@vitest/runner/dist/index.js:915:26\n    at file:///C:/project/jjiban/node_modules/@vitest/runner/dist/index.js:1240:20\n    at new Promise (<anonymous>)\n    at runWithTimeout (file:///C:/project/jjiban/node_modules/@vitest/runner/dist/index.js:1206:10)\n    at file:///C:/project/jjiban/node_modules/@vitest/runner/dist/index.js:1650:37\n    at Traces.$ (file:///C:/project/jjiban/node_modules/vitest/dist/chunks/traces.U4xDYhzZ.js:115:27)\n    at trace (file:///C:/project/jjiban/node_modules/vitest/dist/chunks/test.BT8LKgU9.js:239:21)\n    at runTest (file:///C:/project/jjiban/node_modules/@vitest/runner/dist/index.js:1650:12)"],"meta":{}},{"ancestorTitles":["ProjectsListService","addProjectToList"],"fullName":"ProjectsListService addProjectToList should add project to list successfully","status":"failed","title":"should add project to list successfully","duration":0.5032999999998538,"failureMessages":["TypeError: __vite_ssr_import_0__.vi.mocked(...).mockResolvedValue is not a function\n    at C:/project/jjiban/tests/unit/services/projectsListService.test.ts:156:30\n    at file:///C:/project/jjiban/node_modules/@vitest/runner/dist/index.js:145:11\n    at file:///C:/project/jjiban/node_modules/@vitest/runner/dist/index.js:915:26\n    at file:///C:/project/jjiban/node_modules/@vitest/runner/dist/index.js:1240:20\n    at new Promise (<anonymous>)\n    at runWithTimeout (file:///C:/project/jjiban/node_modules/@vitest/runner/dist/index.js:1206:10)\n    at file:///C:/project/jjiban/node_modules/@vitest/runner/dist/index.js:1650:37\n    at Traces.$ (file:///C:/project/jjiban/node_modules/vitest/dist/chunks/traces.U4xDYhzZ.js:115:27)\n    at trace (file:///C:/project/jjiban/node_modules/vitest/dist/chunks/test.BT8LKgU9.js:239:21)\n    at runTest (file:///C:/project/jjiban/node_modules/@vitest/runner/dist/index.js:1650:12)"],"meta":{}},{"ancestorTitles":["ProjectsListService","addProjectToList"],"fullName":"ProjectsListService addProjectToList should throw error on duplicate project ID","status":"failed","title":"should throw error on duplicate project ID","duration":0.44239999999990687,"failureMessages":["TypeError: __vite_ssr_import_0__.vi.mocked(...).mockResolvedValue is not a function\n    at C:/project/jjiban/tests/unit/services/projectsListService.test.ts:180:30\n    at file:///C:/project/jjiban/node_modules/@vitest/runner/dist/index.js:145:11\n    at file:///C:/project/jjiban/node_modules/@vitest/runner/dist/index.js:915:26\n    at file:///C:/project/jjiban/node_modules/@vitest/runner/dist/index.js:1240:20\n    at new Promise (<anonymous>)\n    at runWithTimeout (file:///C:/project/jjiban/node_modules/@vitest/runner/dist/index.js:1206:10)\n    at file:///C:/project/jjiban/node_modules/@vitest/runner/dist/index.js:1650:37\n    at Traces.$ (file:///C:/project/jjiban/node_modules/vitest/dist/chunks/traces.U4xDYhzZ.js:115:27)\n    at trace (file:///C:/project/jjiban/node_modules/vitest/dist/chunks/test.BT8LKgU9.js:239:21)\n    at runTest (file:///C:/project/jjiban/node_modules/@vitest/runner/dist/index.js:1650:12)"],"meta":{}},{"ancestorTitles":["ProjectsListService","setDefaultProject"],"fullName":"ProjectsListService setDefaultProject UT-009: should throw on invalid (non-existent) project ID","status":"failed","title":"UT-009: should throw on invalid (non-existent) project ID","duration":0.5015000000003056,"failureMessages":["TypeError: __vite_ssr_import_0__.vi.mocked(...).mockResolvedValue is not a function\n    at C:/project/jjiban/tests/unit/services/projectsListService.test.ts:208:30\n    at file:///C:/project/jjiban/node_modules/@vitest/runner/dist/index.js:145:11\n    at file:///C:/project/jjiban/node_modules/@vitest/runner/dist/index.js:915:26\n    at file:///C:/project/jjiban/node_modules/@vitest/runner/dist/index.js:1240:20\n    at new Promise (<anonymous>)\n    at runWithTimeout (file:///C:/project/jjiban/node_modules/@vitest/runner/dist/index.js:1206:10)\n    at file:///C:/project/jjiban/node_modules/@vitest/runner/dist/index.js:1650:37\n    at Traces.$ (file:///C:/project/jjiban/node_modules/vitest/dist/chunks/traces.U4xDYhzZ.js:115:27)\n    at trace (file:///C:/project/jjiban/node_modules/vitest/dist/chunks/test.BT8LKgU9.js:239:21)\n    at runTest (file:///C:/project/jjiban/node_modules/@vitest/runner/dist/index.js:1650:12)"],"meta":{}},{"ancestorTitles":["ProjectsListService","setDefaultProject"],"fullName":"ProjectsListService setDefaultProject should set default project successfully for valid ID","status":"failed","title":"should set default project successfully for valid ID","duration":0.8609000000001288,"failureMessages":["TypeError: __vite_ssr_import_0__.vi.mocked(...).mockResolvedValue is not a function\n    at C:/project/jjiban/tests/unit/services/projectsListService.test.ts:221:30\n    at file:///C:/project/jjiban/node_modules/@vitest/runner/dist/index.js:145:11\n    at file:///C:/project/jjiban/node_modules/@vitest/runner/dist/index.js:915:26\n    at file:///C:/project/jjiban/node_modules/@vitest/runner/dist/index.js:1240:20\n    at new Promise (<anonymous>)\n    at runWithTimeout (file:///C:/project/jjiban/node_modules/@vitest/runner/dist/index.js:1206:10)\n    at file:///C:/project/jjiban/node_modules/@vitest/runner/dist/index.js:1650:37\n    at Traces.$ (file:///C:/project/jjiban/node_modules/vitest/dist/chunks/traces.U4xDYhzZ.js:115:27)\n    at trace (file:///C:/project/jjiban/node_modules/vitest/dist/chunks/test.BT8LKgU9.js:239:21)\n    at runTest (file:///C:/project/jjiban/node_modules/@vitest/runner/dist/index.js:1650:12)"],"meta":{}},{"ancestorTitles":["ProjectsListService","setDefaultProject"],"fullName":"ProjectsListService setDefaultProject should allow setting default to null","status":"failed","title":"should allow setting default to null","duration":0.638300000000072,"failureMessages":["TypeError: __vite_ssr_import_0__.vi.mocked(...).mockResolvedValue is not a function\n    at C:/project/jjiban/tests/unit/services/projectsListService.test.ts:236:30\n    at file:///C:/project/jjiban/node_modules/@vitest/runner/dist/index.js:145:11\n    at file:///C:/project/jjiban/node_modules/@vitest/runner/dist/index.js:915:26\n    at file:///C:/project/jjiban/node_modules/@vitest/runner/dist/index.js:1240:20\n    at new Promise (<anonymous>)\n    at runWithTimeout (file:///C:/project/jjiban/node_modules/@vitest/runner/dist/index.js:1206:10)\n    at file:///C:/project/jjiban/node_modules/@vitest/runner/dist/index.js:1650:37\n    at Traces.$ (file:///C:/project/jjiban/node_modules/vitest/dist/chunks/traces.U4xDYhzZ.js:115:27)\n    at trace (file:///C:/project/jjiban/node_modules/vitest/dist/chunks/test.BT8LKgU9.js:239:21)\n    at runTest (file:///C:/project/jjiban/node_modules/@vitest/runner/dist/index.js:1650:12)"],"meta":{}}],"startTime":1765797580094,"endTime":1765797580105.6382,"status":"failed","message":"","name":"C:/project/jjiban/tests/unit/services/projectsListService.test.ts"},{"assertionResults":[{"ancestorTitles":["TeamService","getTeam"],"fullName":"TeamService getTeam UT-007: should return team members","status":"failed","title":"UT-007: should return team members","duration":6.245899999999892,"failureMessages":["TypeError: __vite_ssr_import_0__.vi.mocked(...).mockResolvedValue is not a function\n    at C:/project/jjiban/tests/unit/services/teamService.test.ts:70:30\n    at file:///C:/project/jjiban/node_modules/@vitest/runner/dist/index.js:145:11\n    at file:///C:/project/jjiban/node_modules/@vitest/runner/dist/index.js:915:26\n    at file:///C:/project/jjiban/node_modules/@vitest/runner/dist/index.js:1240:20\n    at new Promise (<anonymous>)\n    at runWithTimeout (file:///C:/project/jjiban/node_modules/@vitest/runner/dist/index.js:1206:10)\n    at file:///C:/project/jjiban/node_modules/@vitest/runner/dist/index.js:1650:37\n    at Traces.$ (file:///C:/project/jjiban/node_modules/vitest/dist/chunks/traces.U4xDYhzZ.js:115:27)\n    at trace (file:///C:/project/jjiban/node_modules/vitest/dist/chunks/test.BT8LKgU9.js:239:21)\n    at runTest (file:///C:/project/jjiban/node_modules/@vitest/runner/dist/index.js:1650:12)"],"meta":{}},{"ancestorTitles":["TeamService","getTeam"],"fullName":"TeamService getTeam should return empty array when team.json does not exist","status":"failed","title":"should return empty array when team.json does not exist","duration":0.8940999999999804,"failureMessages":["TypeError: __vite_ssr_import_0__.vi.mocked(...).mockRejectedValue is not a function\n    at C:/project/jjiban/tests/unit/services/teamService.test.ts:89:30\n    at file:///C:/project/jjiban/node_modules/@vitest/runner/dist/index.js:145:11\n    at file:///C:/project/jjiban/node_modules/@vitest/runner/dist/index.js:915:26\n    at file:///C:/project/jjiban/node_modules/@vitest/runner/dist/index.js:1240:20\n    at new Promise (<anonymous>)\n    at runWithTimeout (file:///C:/project/jjiban/node_modules/@vitest/runner/dist/index.js:1206:10)\n    at file:///C:/project/jjiban/node_modules/@vitest/runner/dist/index.js:1650:37\n    at Traces.$ (file:///C:/project/jjiban/node_modules/vitest/dist/chunks/traces.U4xDYhzZ.js:115:27)\n    at trace (file:///C:/project/jjiban/node_modules/vitest/dist/chunks/test.BT8LKgU9.js:239:21)\n    at runTest (file:///C:/project/jjiban/node_modules/@vitest/runner/dist/index.js:1650:12)"],"meta":{}},{"ancestorTitles":["TeamService","getTeam"],"fullName":"TeamService getTeam should throw on file read error (non-ENOENT)","status":"failed","title":"should throw on file read error (non-ENOENT)","duration":0.7037000000000262,"failureMessages":["TypeError: __vite_ssr_import_0__.vi.mocked(...).mockRejectedValue is not a function\n    at C:/project/jjiban/tests/unit/services/teamService.test.ts:100:30\n    at file:///C:/project/jjiban/node_modules/@vitest/runner/dist/index.js:145:11\n    at file:///C:/project/jjiban/node_modules/@vitest/runner/dist/index.js:915:26\n    at file:///C:/project/jjiban/node_modules/@vitest/runner/dist/index.js:1240:20\n    at new Promise (<anonymous>)\n    at runWithTimeout (file:///C:/project/jjiban/node_modules/@vitest/runner/dist/index.js:1206:10)\n    at file:///C:/project/jjiban/node_modules/@vitest/runner/dist/index.js:1650:37\n    at Traces.$ (file:///C:/project/jjiban/node_modules/vitest/dist/chunks/traces.U4xDYhzZ.js:115:27)\n    at trace (file:///C:/project/jjiban/node_modules/vitest/dist/chunks/test.BT8LKgU9.js:239:21)\n    at runTest (file:///C:/project/jjiban/node_modules/@vitest/runner/dist/index.js:1650:12)"],"meta":{}},{"ancestorTitles":["TeamService","updateTeam"],"fullName":"TeamService updateTeam UT-008: should throw on duplicate member ID","status":"passed","title":"UT-008: should throw on duplicate member ID","duration":3.495800000000145,"failureMessages":[],"meta":{}},{"ancestorTitles":["TeamService","updateTeam"],"fullName":"TeamService updateTeam should update team successfully with unique member IDs","status":"failed","title":"should update team successfully with unique member IDs","duration":0.7894000000001142,"failureMessages":["TypeError: __vite_ssr_import_0__.vi.mocked(...).mockResolvedValue is not a function\n    at C:/project/jjiban/tests/unit/services/teamService.test.ts:125:31\n    at file:///C:/project/jjiban/node_modules/@vitest/runner/dist/index.js:145:11\n    at file:///C:/project/jjiban/node_modules/@vitest/runner/dist/index.js:915:26\n    at file:///C:/project/jjiban/node_modules/@vitest/runner/dist/index.js:1240:20\n    at new Promise (<anonymous>)\n    at runWithTimeout (file:///C:/project/jjiban/node_modules/@vitest/runner/dist/index.js:1206:10)\n    at file:///C:/project/jjiban/node_modules/@vitest/runner/dist/index.js:1650:37\n    at Traces.$ (file:///C:/project/jjiban/node_modules/vitest/dist/chunks/traces.U4xDYhzZ.js:115:27)\n    at trace (file:///C:/project/jjiban/node_modules/vitest/dist/chunks/test.BT8LKgU9.js:239:21)\n    at runTest (file:///C:/project/jjiban/node_modules/@vitest/runner/dist/index.js:1650:12)"],"meta":{}},{"ancestorTitles":["TeamService","updateTeam"],"fullName":"TeamService updateTeam should handle empty team update","status":"failed","title":"should handle empty team update","duration":0.4729000000002088,"failureMessages":["TypeError: __vite_ssr_import_0__.vi.mocked(...).mockResolvedValue is not a function\n    at C:/project/jjiban/tests/unit/services/teamService.test.ts:142:31\n    at file:///C:/project/jjiban/node_modules/@vitest/runner/dist/index.js:145:11\n    at file:///C:/project/jjiban/node_modules/@vitest/runner/dist/index.js:915:26\n    at file:///C:/project/jjiban/node_modules/@vitest/runner/dist/index.js:1240:20\n    at new Promise (<anonymous>)\n    at runWithTimeout (file:///C:/project/jjiban/node_modules/@vitest/runner/dist/index.js:1206:10)\n    at file:///C:/project/jjiban/node_modules/@vitest/runner/dist/index.js:1650:37\n    at Traces.$ (file:///C:/project/jjiban/node_modules/vitest/dist/chunks/traces.U4xDYhzZ.js:115:27)\n    at trace (file:///C:/project/jjiban/node_modules/vitest/dist/chunks/test.BT8LKgU9.js:239:21)\n    at runTest (file:///C:/project/jjiban/node_modules/@vitest/runner/dist/index.js:1650:12)"],"meta":{}},{"ancestorTitles":["TeamService","updateTeam"],"fullName":"TeamService updateTeam should throw on file write error","status":"failed","title":"should throw on file write error","duration":0.47200000000020736,"failureMessages":["TypeError: __vite_ssr_import_0__.vi.mocked(...).mockRejectedValue is not a function\n    at C:/project/jjiban/tests/unit/services/teamService.test.ts:154:31\n    at file:///C:/project/jjiban/node_modules/@vitest/runner/dist/index.js:145:11\n    at file:///C:/project/jjiban/node_modules/@vitest/runner/dist/index.js:915:26\n    at file:///C:/project/jjiban/node_modules/@vitest/runner/dist/index.js:1240:20\n    at new Promise (<anonymous>)\n    at runWithTimeout (file:///C:/project/jjiban/node_modules/@vitest/runner/dist/index.js:1206:10)\n    at file:///C:/project/jjiban/node_modules/@vitest/runner/dist/index.js:1650:37\n    at Traces.$ (file:///C:/project/jjiban/node_modules/vitest/dist/chunks/traces.U4xDYhzZ.js:115:27)\n    at trace (file:///C:/project/jjiban/node_modules/vitest/dist/chunks/test.BT8LKgU9.js:239:21)\n    at runTest (file:///C:/project/jjiban/node_modules/@vitest/runner/dist/index.js:1650:12)"],"meta":{}},{"ancestorTitles":["TeamService","updateTeam"],"fullName":"TeamService updateTeam should preserve all member fields","status":"failed","title":"should preserve all member fields","duration":0.4149999999999636,"failureMessages":["TypeError: __vite_ssr_import_0__.vi.mocked(...).mockResolvedValue is not a function\n    at C:/project/jjiban/tests/unit/services/teamService.test.ts:166:31\n    at file:///C:/project/jjiban/node_modules/@vitest/runner/dist/index.js:145:11\n    at file:///C:/project/jjiban/node_modules/@vitest/runner/dist/index.js:915:26\n    at file:///C:/project/jjiban/node_modules/@vitest/runner/dist/index.js:1240:20\n    at new Promise (<anonymous>)\n    at runWithTimeout (file:///C:/project/jjiban/node_modules/@vitest/runner/dist/index.js:1206:10)\n    at file:///C:/project/jjiban/node_modules/@vitest/runner/dist/index.js:1650:37\n    at Traces.$ (file:///C:/project/jjiban/node_modules/vitest/dist/chunks/traces.U4xDYhzZ.js:115:27)\n    at trace (file:///C:/project/jjiban/node_modules/vitest/dist/chunks/test.BT8LKgU9.js:239:21)\n    at runTest (file:///C:/project/jjiban/node_modules/@vitest/runner/dist/index.js:1650:12)"],"meta":{}}],"startTime":1765797580181,"endTime":1765797580195.415,"status":"failed","message":"","name":"C:/project/jjiban/tests/unit/services/teamService.test.ts"},{"assertionResults":[{"ancestorTitles":["useWbsStore - UT-006: filteredTree getter 동작 확인"],"fullName":"useWbsStore - UT-006: filteredTree getter 동작 확인 검색어와 매칭되는 노드만 필터링하여 반환한다","status":"passed","title":"검색어와 매칭되는 노드만 필터링하여 반환한다","duration":6.9547000000000025,"failureMessages":[],"meta":{}},{"ancestorTitles":["useWbsStore - UT-006: filteredTree getter 동작 확인"],"fullName":"useWbsStore - UT-006: filteredTree getter 동작 확인 검색어가 없으면 원본 트리를 반환한다","status":"passed","title":"검색어가 없으면 원본 트리를 반환한다","duration":0.9970000000000709,"failureMessages":[],"meta":{}},{"ancestorTitles":["useWbsStore - UT-016: 유효하지 않은 projectId 처리"],"fullName":"useWbsStore - UT-016: 유효하지 않은 projectId 처리 유효하지 않은 projectId로 fetchWbs() 호출 시 에러가 설정된다","status":"passed","title":"유효하지 않은 projectId로 fetchWbs() 호출 시 에러가 설정된다","duration":1.6176000000000386,"failureMessages":[],"meta":{}},{"ancestorTitles":["useWbsStore - UT-017: 검색어 길이 제한 테스트"],"fullName":"useWbsStore - UT-017: 검색어 길이 제한 테스트 1글자 검색어도 정상적으로 필터링된다","status":"passed","title":"1글자 검색어도 정상적으로 필터링된다","duration":1.1467999999999847,"failureMessages":[],"meta":{}},{"ancestorTitles":["useWbsStore - UT-017: 검색어 길이 제한 테스트"],"fullName":"useWbsStore - UT-017: 검색어 길이 제한 테스트 매우 긴 검색어도 정상적으로 처리된다","status":"passed","title":"매우 긴 검색어도 정상적으로 처리된다","duration":0.812900000000127,"failureMessages":[],"meta":{}},{"ancestorTitles":["useWbsStore - UT-017: 검색어 길이 제한 테스트"],"fullName":"useWbsStore - UT-017: 검색어 길이 제한 테스트 특수문자 포함 검색어도 정상적으로 처리된다","status":"passed","title":"특수문자 포함 검색어도 정상적으로 처리된다","duration":0.723700000000008,"failureMessages":[],"meta":{}},{"ancestorTitles":["useWbsStore - UT-018: 빈 flatNodes 상태 테스트"],"fullName":"useWbsStore - UT-018: 빈 flatNodes 상태 테스트 flatNodes가 비어있을 때 wpCount는 0을 반환한다","status":"passed","title":"flatNodes가 비어있을 때 wpCount는 0을 반환한다","duration":0.7946999999999207,"failureMessages":[],"meta":{}},{"ancestorTitles":["useWbsStore - UT-018: 빈 flatNodes 상태 테스트"],"fullName":"useWbsStore - UT-018: 빈 flatNodes 상태 테스트 flatNodes가 비어있을 때 actCount는 0을 반환한다","status":"passed","title":"flatNodes가 비어있을 때 actCount는 0을 반환한다","duration":0.47119999999995343,"failureMessages":[],"meta":{}},{"ancestorTitles":["useWbsStore - UT-018: 빈 flatNodes 상태 테스트"],"fullName":"useWbsStore - UT-018: 빈 flatNodes 상태 테스트 flatNodes가 비어있을 때 tskCount는 0을 반환한다","status":"passed","title":"flatNodes가 비어있을 때 tskCount는 0을 반환한다","duration":0.766800000000103,"failureMessages":[],"meta":{}},{"ancestorTitles":["useWbsStore - UT-018: 빈 flatNodes 상태 테스트"],"fullName":"useWbsStore - UT-018: 빈 flatNodes 상태 테스트 flatNodes가 비어있을 때 overallProgress는 0을 반환한다","status":"passed","title":"flatNodes가 비어있을 때 overallProgress는 0을 반환한다","duration":0.58400000000006,"failureMessages":[],"meta":{}},{"ancestorTitles":["useWbsStore - UT-018: 빈 flatNodes 상태 테스트"],"fullName":"useWbsStore - UT-018: 빈 flatNodes 상태 테스트 Task가 없을 때 overallProgress는 0을 반환한다 (0으로 나누기 방지)","status":"passed","title":"Task가 없을 때 overallProgress는 0을 반환한다 (0으로 나누기 방지)","duration":0.5376999999998588,"failureMessages":[],"meta":{}},{"ancestorTitles":["useWbsStore - 카운트 계산 확인 (UT-010, UT-011)"],"fullName":"useWbsStore - 카운트 계산 확인 (UT-010, UT-011) WP, ACT, TSK 카운트를 정확히 계산한다","status":"passed","title":"WP, ACT, TSK 카운트를 정확히 계산한다","duration":0.6111000000000786,"failureMessages":[],"meta":{}},{"ancestorTitles":["useWbsStore - 카운트 계산 확인 (UT-010, UT-011)"],"fullName":"useWbsStore - 카운트 계산 확인 (UT-010, UT-011) 전체 진행률을 정확히 계산한다","status":"passed","title":"전체 진행률을 정확히 계산한다","duration":0.5504000000000815,"failureMessages":[],"meta":{}},{"ancestorTitles":["useWbsStore - expandAll / collapseAll 테스트"],"fullName":"useWbsStore - expandAll / collapseAll 테스트 expandAll() 호출 시 모든 노드가 확장된다","status":"passed","title":"expandAll() 호출 시 모든 노드가 확장된다","duration":1.203499999999849,"failureMessages":[],"meta":{}},{"ancestorTitles":["useWbsStore - expandAll / collapseAll 테스트"],"fullName":"useWbsStore - expandAll / collapseAll 테스트 collapseAll() 호출 시 모든 노드가 축소된다","status":"passed","title":"collapseAll() 호출 시 모든 노드가 축소된다","duration":0.5582999999999174,"failureMessages":[],"meta":{}}],"startTime":1765797586363,"endTime":1765797586382.5583,"status":"passed","message":"","name":"C:/project/jjiban/tests/unit/stores/wbs.store.test.ts"},{"assertionResults":[{"ancestorTitles":["Project Metadata Service - API Integration Tests","E2E-003: Project Creation Flow"],"fullName":"Project Metadata Service - API Integration Tests E2E-003: Project Creation Flow should create project with folder structure and files","status":"passed","title":"should create project with folder structure and files","duration":9.641900000000078,"failureMessages":[],"meta":{}},{"ancestorTitles":["Project Metadata Service - API Integration Tests","E2E-003: Project Creation Flow"],"fullName":"Project Metadata Service - API Integration Tests E2E-003: Project Creation Flow should reject duplicate project ID (409 Conflict)","status":"passed","title":"should reject duplicate project ID (409 Conflict)","duration":11.037499999999909,"failureMessages":[],"meta":{}},{"ancestorTitles":["Project Metadata Service - API Integration Tests","E2E-003: Project Creation Flow"],"fullName":"Project Metadata Service - API Integration Tests E2E-003: Project Creation Flow should reject invalid project ID format (400 Bad Request)","status":"passed","title":"should reject invalid project ID format (400 Bad Request)","duration":0.4541999999999007,"failureMessages":[],"meta":{}},{"ancestorTitles":["Project Metadata Service - API Integration Tests","E2E-001: Project List Retrieval"],"fullName":"Project Metadata Service - API Integration Tests E2E-001: Project List Retrieval should return project list with correct structure","status":"passed","title":"should return project list with correct structure","duration":1.6885999999999513,"failureMessages":[],"meta":{}},{"ancestorTitles":["Project Metadata Service - API Integration Tests","E2E-001: Project List Retrieval"],"fullName":"Project Metadata Service - API Integration Tests E2E-001: Project List Retrieval should support status filtering","status":"passed","title":"should support status filtering","duration":0.5894000000000688,"failureMessages":[],"meta":{}},{"ancestorTitles":["Project Metadata Service - API Integration Tests","E2E-002: Project Detail Retrieval"],"fullName":"Project Metadata Service - API Integration Tests E2E-002: Project Detail Retrieval should return project with team information","status":"passed","title":"should return project with team information","duration":1.8719999999998436,"failureMessages":[],"meta":{}},{"ancestorTitles":["Project Metadata Service - API Integration Tests","E2E-002: Project Detail Retrieval"],"fullName":"Project Metadata Service - API Integration Tests E2E-002: Project Detail Retrieval should throw 404 for non-existent project","status":"passed","title":"should throw 404 for non-existent project","duration":0.603099999999813,"failureMessages":[],"meta":{}},{"ancestorTitles":["Project Metadata Service - API Integration Tests","E2E-004: Project Update Flow"],"fullName":"Project Metadata Service - API Integration Tests E2E-004: Project Update Flow should update project fields successfully","status":"passed","title":"should update project fields successfully","duration":2.372000000000071,"failureMessages":[],"meta":{}},{"ancestorTitles":["Project Metadata Service - API Integration Tests","E2E-004: Project Update Flow"],"fullName":"Project Metadata Service - API Integration Tests E2E-004: Project Update Flow should reject ID change attempt (BR-002)","status":"passed","title":"should reject ID change attempt (BR-002)","duration":0.501700000000028,"failureMessages":[],"meta":{}},{"ancestorTitles":["Project Metadata Service - API Integration Tests","E2E-005: Team Management Flow"],"fullName":"Project Metadata Service - API Integration Tests E2E-005: Team Management Flow should add and update team members successfully","status":"passed","title":"should add and update team members successfully","duration":3.1773000000000593,"failureMessages":[],"meta":{}},{"ancestorTitles":["Project Metadata Service - API Integration Tests","E2E-005: Team Management Flow"],"fullName":"Project Metadata Service - API Integration Tests E2E-005: Team Management Flow should reject duplicate team member IDs (BR-003)","status":"passed","title":"should reject duplicate team member IDs (BR-003)","duration":0.46550000000002,"failureMessages":[],"meta":{}},{"ancestorTitles":["Project Metadata Service - API Integration Tests","E2E-005: Team Management Flow"],"fullName":"Project Metadata Service - API Integration Tests E2E-005: Team Management Flow should allow removing team members","status":"passed","title":"should allow removing team members","duration":1.7121999999999389,"failureMessages":[],"meta":{}},{"ancestorTitles":["Project Metadata Service - API Integration Tests","E2E-005: Team Management Flow"],"fullName":"Project Metadata Service - API Integration Tests E2E-005: Team Management Flow should allow clearing all team members","status":"passed","title":"should allow clearing all team members","duration":1.1375000000000455,"failureMessages":[],"meta":{}},{"ancestorTitles":["Project Metadata Service - API Integration Tests","Integration: Complete Project Lifecycle"],"fullName":"Project Metadata Service - API Integration Tests Integration: Complete Project Lifecycle should handle complete project lifecycle","status":"passed","title":"should handle complete project lifecycle","duration":7.24330000000009,"failureMessages":[],"meta":{}},{"ancestorTitles":["Project Metadata Service - API Integration Tests","Error Handling and Edge Cases"],"fullName":"Project Metadata Service - API Integration Tests Error Handling and Edge Cases should handle empty project list gracefully","status":"passed","title":"should handle empty project list gracefully","duration":1.269399999999905,"failureMessages":[],"meta":{}},{"ancestorTitles":["Project Metadata Service - API Integration Tests","Error Handling and Edge Cases"],"fullName":"Project Metadata Service - API Integration Tests Error Handling and Edge Cases should validate project ID format strictly","status":"passed","title":"should validate project ID format strictly","duration":1.9932000000001153,"failureMessages":[],"meta":{}},{"ancestorTitles":["Project Metadata Service - API Integration Tests","Error Handling and Edge Cases"],"fullName":"Project Metadata Service - API Integration Tests Error Handling and Edge Cases should accept valid project ID formats","status":"passed","title":"should accept valid project ID formats","duration":13.432299999999941,"failureMessages":[],"meta":{}}],"startTime":1765797583134,"endTime":1765797583195.4324,"status":"passed","message":"","name":"C:/project/jjiban/tests/utils/projects/api-integration.test.ts"},{"assertionResults":[{"ancestorTitles":["Project Services Integration"],"fullName":"Project Services Integration should create project with folder structure","status":"passed","title":"should create project with folder structure","duration":8.234100000000126,"failureMessages":[],"meta":{}},{"ancestorTitles":["Project Services Integration"],"fullName":"Project Services Integration should retrieve created project","status":"passed","title":"should retrieve created project","duration":1.7030999999999494,"failureMessages":[],"meta":{}},{"ancestorTitles":["Project Services Integration"],"fullName":"Project Services Integration should manage team members","status":"passed","title":"should manage team members","duration":3.0112000000001444,"failureMessages":[],"meta":{}},{"ancestorTitles":["Project Services Integration"],"fullName":"Project Services Integration should list all projects","status":"passed","title":"should list all projects","duration":1.447400000000016,"failureMessages":[],"meta":{}},{"ancestorTitles":["Project Services Integration"],"fullName":"Project Services Integration should reject duplicate team member IDs","status":"passed","title":"should reject duplicate team member IDs","duration":2.23700000000008,"failureMessages":[],"meta":{}},{"ancestorTitles":["Project Services Integration"],"fullName":"Project Services Integration should reject invalid project ID format","status":"passed","title":"should reject invalid project ID format","duration":0.3949000000000069,"failureMessages":[],"meta":{}}],"startTime":1765797585378,"endTime":1765797585395.395,"status":"passed","message":"","name":"C:/project/jjiban/tests/utils/projects/integration.test.ts"},{"assertionResults":[{"ancestorTitles":["ProjectPaths","getBasePath"],"fullName":"ProjectPaths getBasePath should return current working directory when JJIBAN_BASE_PATH is not set","status":"passed","title":"should return current working directory when JJIBAN_BASE_PATH is not set","duration":1.9303999999999633,"failureMessages":[],"meta":{}},{"ancestorTitles":["ProjectPaths","getBasePath"],"fullName":"ProjectPaths getBasePath should return normalized JJIBAN_BASE_PATH when set","status":"passed","title":"should return normalized JJIBAN_BASE_PATH when set","duration":0.8877999999999702,"failureMessages":[],"meta":{}},{"ancestorTitles":["ProjectPaths","getBasePath"],"fullName":"ProjectPaths getBasePath should reject path traversal attack (..)","status":"passed","title":"should reject path traversal attack (..)","duration":1.4329999999999927,"failureMessages":[],"meta":{}},{"ancestorTitles":["ProjectPaths","getProjectsBasePath"],"fullName":"ProjectPaths getProjectsBasePath should return .jjiban/projects path","status":"passed","title":"should return .jjiban/projects path","duration":0.46109999999998763,"failureMessages":[],"meta":{}},{"ancestorTitles":["ProjectPaths","getProjectDir"],"fullName":"ProjectPaths getProjectDir should return project directory path","status":"passed","title":"should return project directory path","duration":0.6343999999999141,"failureMessages":[],"meta":{}},{"ancestorTitles":["ProjectPaths","getProjectDir"],"fullName":"ProjectPaths getProjectDir should throw error for invalid project ID (uppercase)","status":"passed","title":"should throw error for invalid project ID (uppercase)","duration":2.4351999999998952,"failureMessages":[],"meta":{}},{"ancestorTitles":["ProjectPaths","getProjectDir"],"fullName":"ProjectPaths getProjectDir should throw error for invalid project ID (special characters)","status":"passed","title":"should throw error for invalid project ID (special characters)","duration":0.3863000000001193,"failureMessages":[],"meta":{}},{"ancestorTitles":["ProjectPaths","getProjectFilePath"],"fullName":"ProjectPaths getProjectFilePath should return project.json path","status":"passed","title":"should return project.json path","duration":0.5471999999999753,"failureMessages":[],"meta":{}},{"ancestorTitles":["ProjectPaths","getProjectFilePath"],"fullName":"ProjectPaths getProjectFilePath should return team.json path","status":"passed","title":"should return team.json path","duration":0.5601999999998952,"failureMessages":[],"meta":{}},{"ancestorTitles":["ProjectPaths","getProjectsListFilePath"],"fullName":"ProjectPaths getProjectsListFilePath should return projects.json path","status":"passed","title":"should return projects.json path","duration":0.40219999999999345,"failureMessages":[],"meta":{}},{"ancestorTitles":["ProjectPaths","validateProjectId"],"fullName":"ProjectPaths validateProjectId should accept valid project ID (lowercase, numbers, hyphens)","status":"passed","title":"should accept valid project ID (lowercase, numbers, hyphens)","duration":0.3348000000000866,"failureMessages":[],"meta":{}},{"ancestorTitles":["ProjectPaths","validateProjectId"],"fullName":"ProjectPaths validateProjectId should reject uppercase letters","status":"passed","title":"should reject uppercase letters","duration":0.35730000000012296,"failureMessages":[],"meta":{}},{"ancestorTitles":["ProjectPaths","validateProjectId"],"fullName":"ProjectPaths validateProjectId should reject special characters","status":"passed","title":"should reject special characters","duration":0.359000000000151,"failureMessages":[],"meta":{}},{"ancestorTitles":["ProjectPaths","validateProjectId"],"fullName":"ProjectPaths validateProjectId should reject path traversal (..)","status":"passed","title":"should reject path traversal (..)","duration":0.26779999999985193,"failureMessages":[],"meta":{}},{"ancestorTitles":["ProjectPaths","validateProjectId"],"fullName":"ProjectPaths validateProjectId should reject path with slashes","status":"passed","title":"should reject path with slashes","duration":0.31950000000006185,"failureMessages":[],"meta":{}}],"startTime":1765797586994,"endTime":1765797587006.3196,"status":"passed","message":"","name":"C:/project/jjiban/tests/utils/projects/paths.test.ts"},{"assertionResults":[{"ancestorTitles":["Settings API Handler","type validation"],"fullName":"Settings API Handler type validation AT-001: should accept columns type","status":"failed","title":"AT-001: should accept columns type","duration":4.744499999999789,"failureMessages":["TypeError: __vite_ssr_import_0__.vi.mocked(...).mockRejectedValue is not a function\n    at C:/project/jjiban/tests/utils/settings/api.test.ts:36:25\n    at file:///C:/project/jjiban/node_modules/@vitest/runner/dist/index.js:145:11\n    at file:///C:/project/jjiban/node_modules/@vitest/runner/dist/index.js:1240:20\n    at new Promise (<anonymous>)\n    at runWithTimeout (file:///C:/project/jjiban/node_modules/@vitest/runner/dist/index.js:1206:10)\n    at runHook (file:///C:/project/jjiban/node_modules/@vitest/runner/dist/index.js:1511:51)\n    at callSuiteHook (file:///C:/project/jjiban/node_modules/@vitest/runner/dist/index.js:1517:25)\n    at processTicksAndRejections (node:internal/process/task_queues:105:5)\n    at callSuiteHook (file:///C:/project/jjiban/node_modules/@vitest/runner/dist/index.js:1504:21)\n    at runTest (file:///C:/project/jjiban/node_modules/@vitest/runner/dist/index.js:1642:26)"],"meta":{}},{"ancestorTitles":["Settings API Handler","type validation"],"fullName":"Settings API Handler type validation AT-002: should accept categories type","status":"failed","title":"AT-002: should accept categories type","duration":0.6354000000001179,"failureMessages":["TypeError: __vite_ssr_import_0__.vi.mocked(...).mockRejectedValue is not a function\n    at C:/project/jjiban/tests/utils/settings/api.test.ts:36:25\n    at file:///C:/project/jjiban/node_modules/@vitest/runner/dist/index.js:145:11\n    at file:///C:/project/jjiban/node_modules/@vitest/runner/dist/index.js:1240:20\n    at new Promise (<anonymous>)\n    at runWithTimeout (file:///C:/project/jjiban/node_modules/@vitest/runner/dist/index.js:1206:10)\n    at runHook (file:///C:/project/jjiban/node_modules/@vitest/runner/dist/index.js:1511:51)\n    at callSuiteHook (file:///C:/project/jjiban/node_modules/@vitest/runner/dist/index.js:1517:25)\n    at processTicksAndRejections (node:internal/process/task_queues:105:5)\n    at callSuiteHook (file:///C:/project/jjiban/node_modules/@vitest/runner/dist/index.js:1504:21)\n    at runTest (file:///C:/project/jjiban/node_modules/@vitest/runner/dist/index.js:1642:26)"],"meta":{}},{"ancestorTitles":["Settings API Handler","type validation"],"fullName":"Settings API Handler type validation AT-003: should accept workflows type","status":"failed","title":"AT-003: should accept workflows type","duration":0.6015999999999622,"failureMessages":["TypeError: __vite_ssr_import_0__.vi.mocked(...).mockRejectedValue is not a function\n    at C:/project/jjiban/tests/utils/settings/api.test.ts:36:25\n    at file:///C:/project/jjiban/node_modules/@vitest/runner/dist/index.js:145:11\n    at file:///C:/project/jjiban/node_modules/@vitest/runner/dist/index.js:1240:20\n    at new Promise (<anonymous>)\n    at runWithTimeout (file:///C:/project/jjiban/node_modules/@vitest/runner/dist/index.js:1206:10)\n    at runHook (file:///C:/project/jjiban/node_modules/@vitest/runner/dist/index.js:1511:51)\n    at callSuiteHook (file:///C:/project/jjiban/node_modules/@vitest/runner/dist/index.js:1517:25)\n    at processTicksAndRejections (node:internal/process/task_queues:105:5)\n    at callSuiteHook (file:///C:/project/jjiban/node_modules/@vitest/runner/dist/index.js:1504:21)\n    at runTest (file:///C:/project/jjiban/node_modules/@vitest/runner/dist/index.js:1642:26)"],"meta":{}},{"ancestorTitles":["Settings API Handler","type validation"],"fullName":"Settings API Handler type validation AT-004: should accept actions type","status":"failed","title":"AT-004: should accept actions type","duration":0.43040000000019063,"failureMessages":["TypeError: __vite_ssr_import_0__.vi.mocked(...).mockRejectedValue is not a function\n    at C:/project/jjiban/tests/utils/settings/api.test.ts:36:25\n    at file:///C:/project/jjiban/node_modules/@vitest/runner/dist/index.js:145:11\n    at file:///C:/project/jjiban/node_modules/@vitest/runner/dist/index.js:1240:20\n    at new Promise (<anonymous>)\n    at runWithTimeout (file:///C:/project/jjiban/node_modules/@vitest/runner/dist/index.js:1206:10)\n    at runHook (file:///C:/project/jjiban/node_modules/@vitest/runner/dist/index.js:1511:51)\n    at callSuiteHook (file:///C:/project/jjiban/node_modules/@vitest/runner/dist/index.js:1517:25)\n    at processTicksAndRejections (node:internal/process/task_queues:105:5)\n    at callSuiteHook (file:///C:/project/jjiban/node_modules/@vitest/runner/dist/index.js:1504:21)\n    at runTest (file:///C:/project/jjiban/node_modules/@vitest/runner/dist/index.js:1642:26)"],"meta":{}},{"ancestorTitles":["Settings API Handler","type validation"],"fullName":"Settings API Handler type validation should reject invalid type","status":"failed","title":"should reject invalid type","duration":0.4274000000000342,"failureMessages":["TypeError: __vite_ssr_import_0__.vi.mocked(...).mockRejectedValue is not a function\n    at C:/project/jjiban/tests/utils/settings/api.test.ts:36:25\n    at file:///C:/project/jjiban/node_modules/@vitest/runner/dist/index.js:145:11\n    at file:///C:/project/jjiban/node_modules/@vitest/runner/dist/index.js:1240:20\n    at new Promise (<anonymous>)\n    at runWithTimeout (file:///C:/project/jjiban/node_modules/@vitest/runner/dist/index.js:1206:10)\n    at runHook (file:///C:/project/jjiban/node_modules/@vitest/runner/dist/index.js:1511:51)\n    at callSuiteHook (file:///C:/project/jjiban/node_modules/@vitest/runner/dist/index.js:1517:25)\n    at processTicksAndRejections (node:internal/process/task_queues:105:5)\n    at callSuiteHook (file:///C:/project/jjiban/node_modules/@vitest/runner/dist/index.js:1504:21)\n    at runTest (file:///C:/project/jjiban/node_modules/@vitest/runner/dist/index.js:1642:26)"],"meta":{}},{"ancestorTitles":["Settings API Handler","default settings structure"],"fullName":"Settings API Handler default settings structure should have correct columns structure","status":"failed","title":"should have correct columns structure","duration":0.39279999999985193,"failureMessages":["TypeError: __vite_ssr_import_0__.vi.mocked(...).mockRejectedValue is not a function\n    at C:/project/jjiban/tests/utils/settings/api.test.ts:36:25\n    at file:///C:/project/jjiban/node_modules/@vitest/runner/dist/index.js:145:11\n    at file:///C:/project/jjiban/node_modules/@vitest/runner/dist/index.js:1240:20\n    at new Promise (<anonymous>)\n    at runWithTimeout (file:///C:/project/jjiban/node_modules/@vitest/runner/dist/index.js:1206:10)\n    at runHook (file:///C:/project/jjiban/node_modules/@vitest/runner/dist/index.js:1511:51)\n    at callSuiteHook (file:///C:/project/jjiban/node_modules/@vitest/runner/dist/index.js:1517:25)\n    at processTicksAndRejections (node:internal/process/task_queues:105:5)\n    at callSuiteHook (file:///C:/project/jjiban/node_modules/@vitest/runner/dist/index.js:1504:21)\n    at runTest (file:///C:/project/jjiban/node_modules/@vitest/runner/dist/index.js:1642:26)"],"meta":{}},{"ancestorTitles":["Settings API Handler","default settings structure"],"fullName":"Settings API Handler default settings structure should have correct categories structure","status":"failed","title":"should have correct categories structure","duration":0.3251000000000204,"failureMessages":["TypeError: __vite_ssr_import_0__.vi.mocked(...).mockRejectedValue is not a function\n    at C:/project/jjiban/tests/utils/settings/api.test.ts:36:25\n    at file:///C:/project/jjiban/node_modules/@vitest/runner/dist/index.js:145:11\n    at file:///C:/project/jjiban/node_modules/@vitest/runner/dist/index.js:1240:20\n    at new Promise (<anonymous>)\n    at runWithTimeout (file:///C:/project/jjiban/node_modules/@vitest/runner/dist/index.js:1206:10)\n    at runHook (file:///C:/project/jjiban/node_modules/@vitest/runner/dist/index.js:1511:51)\n    at callSuiteHook (file:///C:/project/jjiban/node_modules/@vitest/runner/dist/index.js:1517:25)\n    at processTicksAndRejections (node:internal/process/task_queues:105:5)\n    at callSuiteHook (file:///C:/project/jjiban/node_modules/@vitest/runner/dist/index.js:1504:21)\n    at runTest (file:///C:/project/jjiban/node_modules/@vitest/runner/dist/index.js:1642:26)"],"meta":{}},{"ancestorTitles":["Settings API Handler","default settings structure"],"fullName":"Settings API Handler default settings structure should have correct workflows structure","status":"failed","title":"should have correct workflows structure","duration":0.29980000000000473,"failureMessages":["TypeError: __vite_ssr_import_0__.vi.mocked(...).mockRejectedValue is not a function\n    at C:/project/jjiban/tests/utils/settings/api.test.ts:36:25\n    at file:///C:/project/jjiban/node_modules/@vitest/runner/dist/index.js:145:11\n    at file:///C:/project/jjiban/node_modules/@vitest/runner/dist/index.js:1240:20\n    at new Promise (<anonymous>)\n    at runWithTimeout (file:///C:/project/jjiban/node_modules/@vitest/runner/dist/index.js:1206:10)\n    at runHook (file:///C:/project/jjiban/node_modules/@vitest/runner/dist/index.js:1511:51)\n    at callSuiteHook (file:///C:/project/jjiban/node_modules/@vitest/runner/dist/index.js:1517:25)\n    at processTicksAndRejections (node:internal/process/task_queues:105:5)\n    at callSuiteHook (file:///C:/project/jjiban/node_modules/@vitest/runner/dist/index.js:1504:21)\n    at runTest (file:///C:/project/jjiban/node_modules/@vitest/runner/dist/index.js:1642:26)"],"meta":{}},{"ancestorTitles":["Settings API Handler","default settings structure"],"fullName":"Settings API Handler default settings structure should have correct actions structure","status":"failed","title":"should have correct actions structure","duration":0.615500000000111,"failureMessages":["TypeError: __vite_ssr_import_0__.vi.mocked(...).mockRejectedValue is not a function\n    at C:/project/jjiban/tests/utils/settings/api.test.ts:36:25\n    at file:///C:/project/jjiban/node_modules/@vitest/runner/dist/index.js:145:11\n    at file:///C:/project/jjiban/node_modules/@vitest/runner/dist/index.js:1240:20\n    at new Promise (<anonymous>)\n    at runWithTimeout (file:///C:/project/jjiban/node_modules/@vitest/runner/dist/index.js:1206:10)\n    at runHook (file:///C:/project/jjiban/node_modules/@vitest/runner/dist/index.js:1511:51)\n    at callSuiteHook (file:///C:/project/jjiban/node_modules/@vitest/runner/dist/index.js:1517:25)\n    at processTicksAndRejections (node:internal/process/task_queues:105:5)\n    at callSuiteHook (file:///C:/project/jjiban/node_modules/@vitest/runner/dist/index.js:1504:21)\n    at runTest (file:///C:/project/jjiban/node_modules/@vitest/runner/dist/index.js:1642:26)"],"meta":{}}],"startTime":1765797581618,"endTime":1765797581626.6155,"status":"failed","message":"","name":"C:/project/jjiban/tests/utils/settings/api.test.ts"},{"assertionResults":[],"startTime":1765797577685,"endTime":1765797577685,"status":"failed","message":"Failed to resolve import \"../../../server/utils/settings/cache\" from \"tests/utils/settings/cache.test.ts\". Does the file exist?","name":"C:/project/jjiban/tests/utils/settings/cache.test.ts"},{"assertionResults":[{"ancestorTitles":["Settings Service","type-specific getters"],"fullName":"Settings Service type-specific getters UT-007: should return columns config","status":"failed","title":"UT-007: should return columns config","duration":4.905500000000075,"failureMessages":["TypeError: __vi_import_1__.refreshCache is not a function\n    at C:/project/jjiban/tests/utils/settings/service.test.ts:36:5\n    at file:///C:/project/jjiban/node_modules/@vitest/runner/dist/index.js:145:11\n    at file:///C:/project/jjiban/node_modules/@vitest/runner/dist/index.js:1240:20\n    at new Promise (<anonymous>)\n    at runWithTimeout (file:///C:/project/jjiban/node_modules/@vitest/runner/dist/index.js:1206:10)\n    at runHook (file:///C:/project/jjiban/node_modules/@vitest/runner/dist/index.js:1511:51)\n    at callSuiteHook (file:///C:/project/jjiban/node_modules/@vitest/runner/dist/index.js:1517:25)\n    at processTicksAndRejections (node:internal/process/task_queues:105:5)\n    at callSuiteHook (file:///C:/project/jjiban/node_modules/@vitest/runner/dist/index.js:1504:21)\n    at runTest (file:///C:/project/jjiban/node_modules/@vitest/runner/dist/index.js:1642:26)"],"meta":{}},{"ancestorTitles":["Settings Service","type-specific getters"],"fullName":"Settings Service type-specific getters UT-008: should return categories config","status":"failed","title":"UT-008: should return categories config","duration":0.6635000000001128,"failureMessages":["TypeError: __vi_import_1__.refreshCache is not a function\n    at C:/project/jjiban/tests/utils/settings/service.test.ts:36:5\n    at file:///C:/project/jjiban/node_modules/@vitest/runner/dist/index.js:145:11\n    at file:///C:/project/jjiban/node_modules/@vitest/runner/dist/index.js:1240:20\n    at new Promise (<anonymous>)\n    at runWithTimeout (file:///C:/project/jjiban/node_modules/@vitest/runner/dist/index.js:1206:10)\n    at runHook (file:///C:/project/jjiban/node_modules/@vitest/runner/dist/index.js:1511:51)\n    at callSuiteHook (file:///C:/project/jjiban/node_modules/@vitest/runner/dist/index.js:1517:25)\n    at processTicksAndRejections (node:internal/process/task_queues:105:5)\n    at callSuiteHook (file:///C:/project/jjiban/node_modules/@vitest/runner/dist/index.js:1504:21)\n    at runTest (file:///C:/project/jjiban/node_modules/@vitest/runner/dist/index.js:1642:26)"],"meta":{}},{"ancestorTitles":["Settings Service","type-specific getters"],"fullName":"Settings Service type-specific getters UT-009: should return workflows and actions config","status":"failed","title":"UT-009: should return workflows and actions config","duration":0.7017000000000735,"failureMessages":["TypeError: __vi_import_1__.refreshCache is not a function\n    at C:/project/jjiban/tests/utils/settings/service.test.ts:36:5\n    at file:///C:/project/jjiban/node_modules/@vitest/runner/dist/index.js:145:11\n    at file:///C:/project/jjiban/node_modules/@vitest/runner/dist/index.js:1240:20\n    at new Promise (<anonymous>)\n    at runWithTimeout (file:///C:/project/jjiban/node_modules/@vitest/runner/dist/index.js:1206:10)\n    at runHook (file:///C:/project/jjiban/node_modules/@vitest/runner/dist/index.js:1511:51)\n    at callSuiteHook (file:///C:/project/jjiban/node_modules/@vitest/runner/dist/index.js:1517:25)\n    at processTicksAndRejections (node:internal/process/task_queues:105:5)\n    at callSuiteHook (file:///C:/project/jjiban/node_modules/@vitest/runner/dist/index.js:1504:21)\n    at runTest (file:///C:/project/jjiban/node_modules/@vitest/runner/dist/index.js:1642:26)"],"meta":{}},{"ancestorTitles":["Settings Service","getSettingsByType"],"fullName":"Settings Service getSettingsByType should return columns when type is columns","status":"failed","title":"should return columns when type is columns","duration":0.4961000000000695,"failureMessages":["TypeError: __vi_import_1__.refreshCache is not a function\n    at C:/project/jjiban/tests/utils/settings/service.test.ts:36:5\n    at file:///C:/project/jjiban/node_modules/@vitest/runner/dist/index.js:145:11\n    at file:///C:/project/jjiban/node_modules/@vitest/runner/dist/index.js:1240:20\n    at new Promise (<anonymous>)\n    at runWithTimeout (file:///C:/project/jjiban/node_modules/@vitest/runner/dist/index.js:1206:10)\n    at runHook (file:///C:/project/jjiban/node_modules/@vitest/runner/dist/index.js:1511:51)\n    at callSuiteHook (file:///C:/project/jjiban/node_modules/@vitest/runner/dist/index.js:1517:25)\n    at processTicksAndRejections (node:internal/process/task_queues:105:5)\n    at callSuiteHook (file:///C:/project/jjiban/node_modules/@vitest/runner/dist/index.js:1504:21)\n    at runTest (file:///C:/project/jjiban/node_modules/@vitest/runner/dist/index.js:1642:26)"],"meta":{}},{"ancestorTitles":["Settings Service","getSettingsByType"],"fullName":"Settings Service getSettingsByType should return categories when type is categories","status":"failed","title":"should return categories when type is categories","duration":0.5361000000000331,"failureMessages":["TypeError: __vi_import_1__.refreshCache is not a function\n    at C:/project/jjiban/tests/utils/settings/service.test.ts:36:5\n    at file:///C:/project/jjiban/node_modules/@vitest/runner/dist/index.js:145:11\n    at file:///C:/project/jjiban/node_modules/@vitest/runner/dist/index.js:1240:20\n    at new Promise (<anonymous>)\n    at runWithTimeout (file:///C:/project/jjiban/node_modules/@vitest/runner/dist/index.js:1206:10)\n    at runHook (file:///C:/project/jjiban/node_modules/@vitest/runner/dist/index.js:1511:51)\n    at callSuiteHook (file:///C:/project/jjiban/node_modules/@vitest/runner/dist/index.js:1517:25)\n    at processTicksAndRejections (node:internal/process/task_queues:105:5)\n    at callSuiteHook (file:///C:/project/jjiban/node_modules/@vitest/runner/dist/index.js:1504:21)\n    at runTest (file:///C:/project/jjiban/node_modules/@vitest/runner/dist/index.js:1642:26)"],"meta":{}},{"ancestorTitles":["Settings Service","getSettingsByType"],"fullName":"Settings Service getSettingsByType should return workflows when type is workflows","status":"failed","title":"should return workflows when type is workflows","duration":0.3712999999997919,"failureMessages":["TypeError: __vi_import_1__.refreshCache is not a function\n    at C:/project/jjiban/tests/utils/settings/service.test.ts:36:5\n    at file:///C:/project/jjiban/node_modules/@vitest/runner/dist/index.js:145:11\n    at file:///C:/project/jjiban/node_modules/@vitest/runner/dist/index.js:1240:20\n    at new Promise (<anonymous>)\n    at runWithTimeout (file:///C:/project/jjiban/node_modules/@vitest/runner/dist/index.js:1206:10)\n    at runHook (file:///C:/project/jjiban/node_modules/@vitest/runner/dist/index.js:1511:51)\n    at callSuiteHook (file:///C:/project/jjiban/node_modules/@vitest/runner/dist/index.js:1517:25)\n    at processTicksAndRejections (node:internal/process/task_queues:105:5)\n    at callSuiteHook (file:///C:/project/jjiban/node_modules/@vitest/runner/dist/index.js:1504:21)\n    at runTest (file:///C:/project/jjiban/node_modules/@vitest/runner/dist/index.js:1642:26)"],"meta":{}},{"ancestorTitles":["Settings Service","getSettingsByType"],"fullName":"Settings Service getSettingsByType should return actions when type is actions","status":"failed","title":"should return actions when type is actions","duration":0.3869999999999436,"failureMessages":["TypeError: __vi_import_1__.refreshCache is not a function\n    at C:/project/jjiban/tests/utils/settings/service.test.ts:36:5\n    at file:///C:/project/jjiban/node_modules/@vitest/runner/dist/index.js:145:11\n    at file:///C:/project/jjiban/node_modules/@vitest/runner/dist/index.js:1240:20\n    at new Promise (<anonymous>)\n    at runWithTimeout (file:///C:/project/jjiban/node_modules/@vitest/runner/dist/index.js:1206:10)\n    at runHook (file:///C:/project/jjiban/node_modules/@vitest/runner/dist/index.js:1511:51)\n    at callSuiteHook (file:///C:/project/jjiban/node_modules/@vitest/runner/dist/index.js:1517:25)\n    at processTicksAndRejections (node:internal/process/task_queues:105:5)\n    at callSuiteHook (file:///C:/project/jjiban/node_modules/@vitest/runner/dist/index.js:1504:21)\n    at runTest (file:///C:/project/jjiban/node_modules/@vitest/runner/dist/index.js:1642:26)"],"meta":{}},{"ancestorTitles":["Settings Service","isValidSettingsType"],"fullName":"Settings Service isValidSettingsType should return true for valid types","status":"failed","title":"should return true for valid types","duration":0.3953000000001339,"failureMessages":["TypeError: __vi_import_1__.refreshCache is not a function\n    at C:/project/jjiban/tests/utils/settings/service.test.ts:36:5\n    at file:///C:/project/jjiban/node_modules/@vitest/runner/dist/index.js:145:11\n    at file:///C:/project/jjiban/node_modules/@vitest/runner/dist/index.js:1240:20\n    at new Promise (<anonymous>)\n    at runWithTimeout (file:///C:/project/jjiban/node_modules/@vitest/runner/dist/index.js:1206:10)\n    at runHook (file:///C:/project/jjiban/node_modules/@vitest/runner/dist/index.js:1511:51)\n    at callSuiteHook (file:///C:/project/jjiban/node_modules/@vitest/runner/dist/index.js:1517:25)\n    at processTicksAndRejections (node:internal/process/task_queues:105:5)\n    at callSuiteHook (file:///C:/project/jjiban/node_modules/@vitest/runner/dist/index.js:1504:21)\n    at runTest (file:///C:/project/jjiban/node_modules/@vitest/runner/dist/index.js:1642:26)"],"meta":{}},{"ancestorTitles":["Settings Service","isValidSettingsType"],"fullName":"Settings Service isValidSettingsType UT-010: should return false for invalid types","status":"failed","title":"UT-010: should return false for invalid types","duration":0.5808999999999287,"failureMessages":["TypeError: __vi_import_1__.refreshCache is not a function\n    at C:/project/jjiban/tests/utils/settings/service.test.ts:36:5\n    at file:///C:/project/jjiban/node_modules/@vitest/runner/dist/index.js:145:11\n    at file:///C:/project/jjiban/node_modules/@vitest/runner/dist/index.js:1240:20\n    at new Promise (<anonymous>)\n    at runWithTimeout (file:///C:/project/jjiban/node_modules/@vitest/runner/dist/index.js:1206:10)\n    at runHook (file:///C:/project/jjiban/node_modules/@vitest/runner/dist/index.js:1511:51)\n    at callSuiteHook (file:///C:/project/jjiban/node_modules/@vitest/runner/dist/index.js:1517:25)\n    at processTicksAndRejections (node:internal/process/task_queues:105:5)\n    at callSuiteHook (file:///C:/project/jjiban/node_modules/@vitest/runner/dist/index.js:1504:21)\n    at runTest (file:///C:/project/jjiban/node_modules/@vitest/runner/dist/index.js:1642:26)"],"meta":{}}],"startTime":1765797581216,"endTime":1765797581225.5808,"status":"failed","message":"","name":"C:/project/jjiban/tests/utils/settings/service.test.ts"},{"assertionResults":[{"ancestorTitles":["WBS Module Integration","Scenario 1: Parse Real WBS File"],"fullName":"WBS Module Integration Scenario 1: Parse Real WBS File should parse real wbs.md without errors","status":"passed","title":"should parse real wbs.md without errors","duration":5.107899999999972,"failureMessages":[],"meta":{}},{"ancestorTitles":["WBS Module Integration","Scenario 1: Parse Real WBS File"],"fullName":"WBS Module Integration Scenario 1: Parse Real WBS File should parse all Work Packages (WP)","status":"passed","title":"should parse all Work Packages (WP)","duration":1.3549000000000433,"failureMessages":[],"meta":{}},{"ancestorTitles":["WBS Module Integration","Scenario 1: Parse Real WBS File"],"fullName":"WBS Module Integration Scenario 1: Parse Real WBS File should parse nested ACT and TSK nodes","status":"passed","title":"should parse nested ACT and TSK nodes","duration":0.44450000000006185,"failureMessages":[],"meta":{}},{"ancestorTitles":["WBS Module Integration","Scenario 1: Parse Real WBS File"],"fullName":"WBS Module Integration Scenario 1: Parse Real WBS File should parse Task attributes correctly","status":"passed","title":"should parse Task attributes correctly","duration":0.547800000000052,"failureMessages":[],"meta":{}},{"ancestorTitles":["WBS Module Integration","Scenario 2: Validate Parsed WBS"],"fullName":"WBS Module Integration Scenario 2: Validate Parsed WBS should validate parsed WBS without errors","status":"passed","title":"should validate parsed WBS without errors","duration":3.016300000000001,"failureMessages":[],"meta":{}},{"ancestorTitles":["WBS Module Integration","Scenario 2: Validate Parsed WBS"],"fullName":"WBS Module Integration Scenario 2: Validate Parsed WBS should validate all node IDs","status":"passed","title":"should validate all node IDs","duration":0.5063000000000102,"failureMessages":[],"meta":{}},{"ancestorTitles":["WBS Module Integration","Scenario 2: Validate Parsed WBS"],"fullName":"WBS Module Integration Scenario 2: Validate Parsed WBS should validate hierarchy relationships","status":"passed","title":"should validate hierarchy relationships","duration":0.4492000000000189,"failureMessages":[],"meta":{}},{"ancestorTitles":["WBS Module Integration","Scenario 3: Serialize and Re-parse (Round-trip)"],"fullName":"WBS Module Integration Scenario 3: Serialize and Re-parse (Round-trip) should serialize parsed nodes to markdown","status":"passed","title":"should serialize parsed nodes to markdown","duration":1.3483000000001084,"failureMessages":[],"meta":{}},{"ancestorTitles":["WBS Module Integration","Scenario 3: Serialize and Re-parse (Round-trip)"],"fullName":"WBS Module Integration Scenario 3: Serialize and Re-parse (Round-trip) should re-parse serialized content successfully","status":"passed","title":"should re-parse serialized content successfully","duration":1.3297000000000025,"failureMessages":[],"meta":{}},{"ancestorTitles":["WBS Module Integration","Scenario 3: Serialize and Re-parse (Round-trip)"],"fullName":"WBS Module Integration Scenario 3: Serialize and Re-parse (Round-trip) should preserve WP count after round-trip","status":"passed","title":"should preserve WP count after round-trip","duration":0.2644000000000233,"failureMessages":[],"meta":{}},{"ancestorTitles":["WBS Module Integration","Scenario 3: Serialize and Re-parse (Round-trip)"],"fullName":"WBS Module Integration Scenario 3: Serialize and Re-parse (Round-trip) should preserve Task IDs after round-trip","status":"passed","title":"should preserve Task IDs after round-trip","duration":1.2493999999999232,"failureMessages":[],"meta":{}},{"ancestorTitles":["WBS Module Integration","Scenario 3: Serialize and Re-parse (Round-trip)"],"fullName":"WBS Module Integration Scenario 3: Serialize and Re-parse (Round-trip) should preserve critical Task attributes after round-trip","status":"passed","title":"should preserve critical Task attributes after round-trip","duration":0.29460000000017317,"failureMessages":[],"meta":{}},{"ancestorTitles":["WBS Module Integration","Scenario 4: Cross-module Validation"],"fullName":"WBS Module Integration Scenario 4: Cross-module Validation should validate re-parsed nodes without errors","status":"passed","title":"should validate re-parsed nodes without errors","duration":1.6258000000000266,"failureMessages":[],"meta":{}},{"ancestorTitles":["WBS Module Integration","Scenario 4: Cross-module Validation"],"fullName":"WBS Module Integration Scenario 4: Cross-module Validation should detect validation errors in corrupted data","status":"passed","title":"should detect validation errors in corrupted data","duration":0.4393000000000029,"failureMessages":[],"meta":{}},{"ancestorTitles":["WBS Module Integration","Scenario 5: Performance"],"fullName":"WBS Module Integration Scenario 5: Performance should complete full pipeline within 100ms","status":"passed","title":"should complete full pipeline within 100ms","duration":1.7164000000000215,"failureMessages":[],"meta":{}}],"startTime":1765797586404,"endTime":1765797586424.7163,"status":"passed","message":"","name":"C:/project/jjiban/tests/utils/wbs/integration.test.ts"},{"assertionResults":[{"ancestorTitles":["parseNodeHeader"],"fullName":"parseNodeHeader TC-001-001: should parse valid WP header","status":"passed","title":"TC-001-001: should parse valid WP header","duration":2.268000000000029,"failureMessages":[],"meta":{}},{"ancestorTitles":["parseNodeHeader"],"fullName":"parseNodeHeader TC-001-002: should parse valid ACT header (4-level)","status":"passed","title":"TC-001-002: should parse valid ACT header (4-level)","duration":0.6894000000002052,"failureMessages":[],"meta":{}},{"ancestorTitles":["parseNodeHeader"],"fullName":"parseNodeHeader TC-001-003: should parse valid TSK header (4-level)","status":"passed","title":"TC-001-003: should parse valid TSK header (4-level)","duration":0.4930999999996857,"failureMessages":[],"meta":{}},{"ancestorTitles":["parseNodeHeader"],"fullName":"parseNodeHeader TC-001-004: should parse valid TSK header (3-level)","status":"passed","title":"TC-001-004: should parse valid TSK header (3-level)","duration":0.5697999999997592,"failureMessages":[],"meta":{}},{"ancestorTitles":["parseNodeHeader"],"fullName":"parseNodeHeader TC-001-005: should parse title with special characters","status":"passed","title":"TC-001-005: should parse title with special characters","duration":0.3996999999999389,"failureMessages":[],"meta":{}},{"ancestorTitles":["parseNodeHeader"],"fullName":"parseNodeHeader TC-001-006: should parse title with Korean characters","status":"passed","title":"TC-001-006: should parse title with Korean characters","duration":0.3346000000001368,"failureMessages":[],"meta":{}},{"ancestorTitles":["parseNodeHeader"],"fullName":"parseNodeHeader TC-001-007: should return null for invalid header format (missing colon)","status":"passed","title":"TC-001-007: should return null for invalid header format (missing colon)","duration":0.17420000000038272,"failureMessages":[],"meta":{}},{"ancestorTitles":["parseNodeHeader"],"fullName":"parseNodeHeader TC-001-008: should return null for invalid ID format","status":"passed","title":"TC-001-008: should return null for invalid ID format","duration":0.1615999999999076,"failureMessages":[],"meta":{}},{"ancestorTitles":["parseNodeHeader"],"fullName":"parseNodeHeader TC-001-009: should return null for empty title","status":"passed","title":"TC-001-009: should return null for empty title","duration":0.41840000000001965,"failureMessages":[],"meta":{}},{"ancestorTitles":["parseNodeHeader"],"fullName":"parseNodeHeader TC-001-010: should return null for whitespace-only title","status":"passed","title":"TC-001-010: should return null for whitespace-only title","duration":0.21099999999978536,"failureMessages":[],"meta":{}},{"ancestorTitles":["parseNodeAttributes"],"fullName":"parseNodeAttributes TC-002-001: should parse category attribute","status":"passed","title":"TC-002-001: should parse category attribute","duration":0.4519000000000233,"failureMessages":[],"meta":{}},{"ancestorTitles":["parseNodeAttributes"],"fullName":"parseNodeAttributes TC-002-002: should parse status attribute and extract status code","status":"passed","title":"TC-002-002: should parse status attribute and extract status code","duration":0.2512000000001535,"failureMessages":[],"meta":{}},{"ancestorTitles":["parseNodeAttributes"],"fullName":"parseNodeAttributes TC-002-003: should parse priority attribute","status":"passed","title":"TC-002-003: should parse priority attribute","duration":0.17840000000023792,"failureMessages":[],"meta":{}},{"ancestorTitles":["parseNodeAttributes"],"fullName":"parseNodeAttributes TC-002-004: should parse assignee attribute","status":"passed","title":"TC-002-004: should parse assignee attribute","duration":0.13480000000026848,"failureMessages":[],"meta":{}},{"ancestorTitles":["parseNodeAttributes"],"fullName":"parseNodeAttributes TC-002-005: should parse schedule attribute","status":"passed","title":"TC-002-005: should parse schedule attribute","duration":0.9776999999999134,"failureMessages":[],"meta":{}},{"ancestorTitles":["parseNodeAttributes"],"fullName":"parseNodeAttributes TC-002-006: should parse tags attribute","status":"passed","title":"TC-002-006: should parse tags attribute","duration":0.24650000000019645,"failureMessages":[],"meta":{}},{"ancestorTitles":["parseNodeAttributes"],"fullName":"parseNodeAttributes TC-002-007: should parse depends attribute","status":"passed","title":"TC-002-007: should parse depends attribute","duration":0.12849999999980355,"failureMessages":[],"meta":{}},{"ancestorTitles":["parseNodeAttributes"],"fullName":"parseNodeAttributes TC-002-008: should parse requirements attribute (multi-line)","status":"passed","title":"TC-002-008: should parse requirements attribute (multi-line)","duration":0.3312999999998283,"failureMessages":[],"meta":{}},{"ancestorTitles":["parseNodeAttributes"],"fullName":"parseNodeAttributes TC-002-009: should parse ref attribute","status":"passed","title":"TC-002-009: should parse ref attribute","duration":0.13149999999995998,"failureMessages":[],"meta":{}},{"ancestorTitles":["parseNodeAttributes"],"fullName":"parseNodeAttributes TC-002-010: should handle invalid category value","status":"passed","title":"TC-002-010: should handle invalid category value","duration":0.1412000000000262,"failureMessages":[],"meta":{}},{"ancestorTitles":["parseNodeAttributes"],"fullName":"parseNodeAttributes TC-002-011: should handle status without code","status":"passed","title":"TC-002-011: should handle status without code","duration":0.14069999999992433,"failureMessages":[],"meta":{}},{"ancestorTitles":["parseNodeAttributes"],"fullName":"parseNodeAttributes TC-002-012: should handle invalid date format","status":"passed","title":"TC-002-012: should handle invalid date format","duration":0.177599999999984,"failureMessages":[],"meta":{}},{"ancestorTitles":["parseNodeAttributes"],"fullName":"parseNodeAttributes TC-002-013: should handle empty requirements","status":"passed","title":"TC-002-013: should handle empty requirements","duration":0.14199999999982538,"failureMessages":[],"meta":{}},{"ancestorTitles":["parseNodeAttributes"],"fullName":"parseNodeAttributes TC-002-014: should handle multiple depends","status":"passed","title":"TC-002-014: should handle multiple depends","duration":0.12089999999989232,"failureMessages":[],"meta":{}},{"ancestorTitles":["parseNodeAttributes"],"fullName":"parseNodeAttributes TC-002-015: should parse all attributes together","status":"passed","title":"TC-002-015: should parse all attributes together","duration":0.6442999999999302,"failureMessages":[],"meta":{}},{"ancestorTitles":["buildTree"],"fullName":"buildTree TC-003-001: should build 4-level tree (WP -> ACT -> TSK)","status":"passed","title":"TC-003-001: should build 4-level tree (WP -> ACT -> TSK)","duration":1.5452000000000226,"failureMessages":[],"meta":{}},{"ancestorTitles":["buildTree"],"fullName":"buildTree TC-003-002: should build 3-level tree (WP -> TSK)","status":"passed","title":"TC-003-002: should build 3-level tree (WP -> TSK)","duration":0.4999000000002525,"failureMessages":[],"meta":{}},{"ancestorTitles":["buildTree"],"fullName":"buildTree TC-003-003: should build mixed tree (3-level + 4-level)","status":"passed","title":"TC-003-003: should build mixed tree (3-level + 4-level)","duration":0.7822999999998501,"failureMessages":[],"meta":{}},{"ancestorTitles":["buildTree"],"fullName":"buildTree TC-003-004: should handle multiple WP as root nodes","status":"passed","title":"TC-003-004: should handle multiple WP as root nodes","duration":0.40069999999968786,"failureMessages":[],"meta":{}},{"ancestorTitles":["buildTree"],"fullName":"buildTree TC-003-005: should handle multiple children","status":"passed","title":"TC-003-005: should handle multiple children","duration":0.3681000000001404,"failureMessages":[],"meta":{}},{"ancestorTitles":["buildTree"],"fullName":"buildTree TC-003-006: should handle orphan node (missing parent)","status":"passed","title":"TC-003-006: should handle orphan node (missing parent)","duration":1.209599999999682,"failureMessages":[],"meta":{}},{"ancestorTitles":["calculateProgress"],"fullName":"calculateProgress TC-004-001: should calculate 100% when all tasks are completed","status":"passed","title":"TC-004-001: should calculate 100% when all tasks are completed","duration":0.3629000000000815,"failureMessages":[],"meta":{}},{"ancestorTitles":["calculateProgress"],"fullName":"calculateProgress TC-004-002: should calculate 50% when half tasks are completed","status":"passed","title":"TC-004-002: should calculate 50% when half tasks are completed","duration":0.22269999999980428,"failureMessages":[],"meta":{}},{"ancestorTitles":["calculateProgress"],"fullName":"calculateProgress TC-004-003: should calculate 0% when no tasks are completed","status":"failed","title":"TC-004-003: should calculate 0% when no tasks are completed","duration":9.500600000000304,"failureMessages":["AssertionError: expected 27 to be +0 // Object.is equality\n    at C:/project/jjiban/tests/utils/wbs/parser.test.ts:455:31\n    at file:///C:/project/jjiban/node_modules/@vitest/runner/dist/index.js:145:11\n    at file:///C:/project/jjiban/node_modules/@vitest/runner/dist/index.js:915:26\n    at file:///C:/project/jjiban/node_modules/@vitest/runner/dist/index.js:1240:20\n    at new Promise (<anonymous>)\n    at runWithTimeout (file:///C:/project/jjiban/node_modules/@vitest/runner/dist/index.js:1206:10)\n    at file:///C:/project/jjiban/node_modules/@vitest/runner/dist/index.js:1650:37\n    at Traces.$ (file:///C:/project/jjiban/node_modules/vitest/dist/chunks/traces.U4xDYhzZ.js:115:27)\n    at trace (file:///C:/project/jjiban/node_modules/vitest/dist/chunks/test.BT8LKgU9.js:239:21)\n    at runTest (file:///C:/project/jjiban/node_modules/@vitest/runner/dist/index.js:1650:12)"],"meta":{}},{"ancestorTitles":["calculateProgress"],"fullName":"calculateProgress TC-004-004: should calculate progress for nested structure","status":"passed","title":"TC-004-004: should calculate progress for nested structure","duration":0.37750000000005457,"failureMessages":[],"meta":{}},{"ancestorTitles":["calculateProgress"],"fullName":"calculateProgress TC-004-005: should handle node without tasks","status":"passed","title":"TC-004-005: should handle node without tasks","duration":0.16020000000025902,"failureMessages":[],"meta":{}},{"ancestorTitles":["parseWbsMarkdown"],"fullName":"parseWbsMarkdown TC-005-001: should parse complex wbs.md file","status":"passed","title":"TC-005-001: should parse complex wbs.md file","duration":1.4710999999997512,"failureMessages":[],"meta":{}},{"ancestorTitles":["parseWbsMarkdown"],"fullName":"parseWbsMarkdown TC-005-002: should return empty array for empty file","status":"passed","title":"TC-005-002: should return empty array for empty file","duration":0.13940000000002328,"failureMessages":[],"meta":{}},{"ancestorTitles":["parseWbsMarkdown"],"fullName":"parseWbsMarkdown TC-005-003: should parse 3-level structure","status":"passed","title":"TC-005-003: should parse 3-level structure","duration":0.6894999999999527,"failureMessages":[],"meta":{}},{"ancestorTitles":["parseWbsMarkdown"],"fullName":"parseWbsMarkdown TC-005-004: should parse 4-level structure","status":"passed","title":"TC-005-004: should parse 4-level structure","duration":0.5401999999999134,"failureMessages":[],"meta":{}},{"ancestorTitles":["parseWbsMarkdown"],"fullName":"parseWbsMarkdown TC-005-005: should return empty array for metadata only","status":"passed","title":"TC-005-005: should return empty array for metadata only","duration":0.16350000000011278,"failureMessages":[],"meta":{}},{"ancestorTitles":["parseWbsMarkdown"],"fullName":"parseWbsMarkdown TC-005-006: should skip invalid headers and parse valid ones","status":"passed","title":"TC-005-006: should skip invalid headers and parse valid ones","duration":1.518199999999979,"failureMessages":[],"meta":{}},{"ancestorTitles":["parseWbsMarkdown"],"fullName":"parseWbsMarkdown TC-005-007: should handle orphan nodes","status":"passed","title":"TC-005-007: should handle orphan nodes","duration":0.36669999999958236,"failureMessages":[],"meta":{}},{"ancestorTitles":["parseWbsMarkdown"],"fullName":"parseWbsMarkdown TC-005-008: should parse all 9 attributes correctly","status":"passed","title":"TC-005-008: should parse all 9 attributes correctly","duration":0.6805999999996857,"failureMessages":[],"meta":{}},{"ancestorTitles":["Performance"],"fullName":"Performance TC-006-001: should parse small wbs.md under 50ms","status":"passed","title":"TC-006-001: should parse small wbs.md under 50ms","duration":0.4704999999999018,"failureMessages":[],"meta":{}},{"ancestorTitles":["Error Handling"],"fullName":"Error Handling TC-007-001: should skip invalid header format","status":"passed","title":"TC-007-001: should skip invalid header format","duration":0.6278999999999542,"failureMessages":[],"meta":{}},{"ancestorTitles":["Error Handling"],"fullName":"Error Handling TC-007-002: should skip unknown ID pattern","status":"passed","title":"TC-007-002: should skip unknown ID pattern","duration":0.24909999999999854,"failureMessages":[],"meta":{}},{"ancestorTitles":["Error Handling"],"fullName":"Error Handling TC-007-003: should handle missing required attributes","status":"passed","title":"TC-007-003: should handle missing required attributes","duration":0.33399999999983265,"failureMessages":[],"meta":{}},{"ancestorTitles":["Error Handling"],"fullName":"Error Handling TC-007-007: should ignore empty lines","status":"passed","title":"TC-007-007: should ignore empty lines","duration":0.30769999999984066,"failureMessages":[],"meta":{}},{"ancestorTitles":["determineParentId"],"fullName":"determineParentId should return null for WP node","status":"passed","title":"should return null for WP node","duration":0.12540000000035434,"failureMessages":[],"meta":{}},{"ancestorTitles":["determineParentId"],"fullName":"determineParentId should return WP id for ACT node","status":"passed","title":"should return WP id for ACT node","duration":0.10829999999987194,"failureMessages":[],"meta":{}},{"ancestorTitles":["determineParentId"],"fullName":"determineParentId should return ACT id for 4-level TSK node","status":"passed","title":"should return ACT id for 4-level TSK node","duration":0.12229999999999563,"failureMessages":[],"meta":{}},{"ancestorTitles":["determineParentId"],"fullName":"determineParentId should return WP id for 3-level TSK node","status":"passed","title":"should return WP id for 3-level TSK node","duration":0.10309999999981301,"failureMessages":[],"meta":{}}],"startTime":1765797580239,"endTime":1765797580274.1255,"status":"failed","message":"","name":"C:/project/jjiban/tests/utils/wbs/parser.test.ts"},{"assertionResults":[{"ancestorTitles":["serializeHeader"],"fullName":"serializeHeader should generate project header","status":"passed","title":"should generate project header","duration":1.832300000000032,"failureMessages":[],"meta":{}},{"ancestorTitles":["serializeHeader"],"fullName":"serializeHeader should generate WP header with ##","status":"passed","title":"should generate WP header with ##","duration":0.30310000000008586,"failureMessages":[],"meta":{}},{"ancestorTitles":["serializeHeader"],"fullName":"serializeHeader should generate ACT header with ###","status":"passed","title":"should generate ACT header with ###","duration":0.20270000000004984,"failureMessages":[],"meta":{}},{"ancestorTitles":["serializeHeader"],"fullName":"serializeHeader should generate Task header with #### in 4-level structure","status":"passed","title":"should generate Task header with #### in 4-level structure","duration":0.37189999999986867,"failureMessages":[],"meta":{}},{"ancestorTitles":["serializeHeader"],"fullName":"serializeHeader should generate Task header with ### in 3-level structure","status":"passed","title":"should generate Task header with ### in 3-level structure","duration":0.28089999999997417,"failureMessages":[],"meta":{}},{"ancestorTitles":["serializeHeader"],"fullName":"serializeHeader should use default values for missing id and title","status":"passed","title":"should use default values for missing id and title","duration":0.19290000000000873,"failureMessages":[],"meta":{}},{"ancestorTitles":["serializeAttributes"],"fullName":"serializeAttributes should serialize category","status":"passed","title":"should serialize category","duration":1.036200000000008,"failureMessages":[],"meta":{}},{"ancestorTitles":["serializeAttributes"],"fullName":"serializeAttributes should serialize status","status":"passed","title":"should serialize status","duration":0.23829999999998108,"failureMessages":[],"meta":{}},{"ancestorTitles":["serializeAttributes"],"fullName":"serializeAttributes should serialize priority","status":"passed","title":"should serialize priority","duration":0.4782000000000153,"failureMessages":[],"meta":{}},{"ancestorTitles":["serializeAttributes"],"fullName":"serializeAttributes should serialize assignee when present","status":"passed","title":"should serialize assignee when present","duration":0.31389999999987594,"failureMessages":[],"meta":{}},{"ancestorTitles":["serializeAttributes"],"fullName":"serializeAttributes should serialize assignee as \"-\" when explicitly set","status":"passed","title":"should serialize assignee as \"-\" when explicitly set","duration":0.3244999999999436,"failureMessages":[],"meta":{}},{"ancestorTitles":["serializeAttributes"],"fullName":"serializeAttributes should serialize schedule when both start and end exist","status":"passed","title":"should serialize schedule when both start and end exist","duration":0.5,"failureMessages":[],"meta":{}},{"ancestorTitles":["serializeAttributes"],"fullName":"serializeAttributes should not serialize schedule when only start exists","status":"passed","title":"should not serialize schedule when only start exists","duration":0.22239999999987958,"failureMessages":[],"meta":{}},{"ancestorTitles":["serializeAttributes"],"fullName":"serializeAttributes should serialize tags as comma-separated list","status":"passed","title":"should serialize tags as comma-separated list","duration":0.18460000000004584,"failureMessages":[],"meta":{}},{"ancestorTitles":["serializeAttributes"],"fullName":"serializeAttributes should not serialize empty tags array","status":"passed","title":"should not serialize empty tags array","duration":0.28670000000010987,"failureMessages":[],"meta":{}},{"ancestorTitles":["serializeAttributes"],"fullName":"serializeAttributes should serialize depends","status":"passed","title":"should serialize depends","duration":0.19870000000014443,"failureMessages":[],"meta":{}},{"ancestorTitles":["serializeAttributes"],"fullName":"serializeAttributes should serialize requirements with indentation","status":"passed","title":"should serialize requirements with indentation","duration":0.4239000000000033,"failureMessages":[],"meta":{}},{"ancestorTitles":["serializeAttributes"],"fullName":"serializeAttributes should serialize ref","status":"passed","title":"should serialize ref","duration":0.18439999999986867,"failureMessages":[],"meta":{}},{"ancestorTitles":["serializeAttributes"],"fullName":"serializeAttributes should serialize progress for WP","status":"passed","title":"should serialize progress for WP","duration":0.18849999999997635,"failureMessages":[],"meta":{}},{"ancestorTitles":["serializeAttributes"],"fullName":"serializeAttributes should not serialize progress for task","status":"passed","title":"should not serialize progress for task","duration":0.14079999999989923,"failureMessages":[],"meta":{}},{"ancestorTitles":["buildMetadataBlock"],"fullName":"buildMetadataBlock should generate metadata block with all fields","status":"passed","title":"should generate metadata block with all fields","duration":0.3146999999999025,"failureMessages":[],"meta":{}},{"ancestorTitles":["buildMetadataBlock"],"fullName":"buildMetadataBlock should use default values for missing fields","status":"passed","title":"should use default values for missing fields","duration":1.1340999999999894,"failureMessages":[],"meta":{}},{"ancestorTitles":["buildMetadataBlock"],"fullName":"buildMetadataBlock should update date when updateDate option is true","status":"passed","title":"should update date when updateDate option is true","duration":0.15460000000007312,"failureMessages":[],"meta":{}},{"ancestorTitles":["calculateMaxDepth"],"fullName":"calculateMaxDepth should return 4 when ACT nodes exist","status":"passed","title":"should return 4 when ACT nodes exist","duration":0.26300000000014734,"failureMessages":[],"meta":{}},{"ancestorTitles":["calculateMaxDepth"],"fullName":"calculateMaxDepth should return 4 when Task ID follows TSK-XX-XX-XX pattern","status":"passed","title":"should return 4 when Task ID follows TSK-XX-XX-XX pattern","duration":0.18860000000017862,"failureMessages":[],"meta":{}},{"ancestorTitles":["calculateMaxDepth"],"fullName":"calculateMaxDepth should return 3 when no ACT nodes and Task IDs are not 4-level","status":"passed","title":"should return 3 when no ACT nodes and Task IDs are not 4-level","duration":0.18090000000006512,"failureMessages":[],"meta":{}},{"ancestorTitles":["calculateMaxDepth"],"fullName":"calculateMaxDepth should return 3 for empty array","status":"passed","title":"should return 3 for empty array","duration":0.20119999999997162,"failureMessages":[],"meta":{}},{"ancestorTitles":["serializeWbs"],"fullName":"serializeWbs should serialize empty tree with only metadata","status":"passed","title":"should serialize empty tree with only metadata","duration":0.29169999999999163,"failureMessages":[],"meta":{}},{"ancestorTitles":["serializeWbs"],"fullName":"serializeWbs should serialize project with children","status":"passed","title":"should serialize project with children","duration":0.5113000000001193,"failureMessages":[],"meta":{}},{"ancestorTitles":["serializeWbs"],"fullName":"serializeWbs should add separator between WPs","status":"passed","title":"should add separator between WPs","duration":0.39289999999982683,"failureMessages":[],"meta":{}},{"ancestorTitles":["serializeWbs"],"fullName":"serializeWbs should serialize nested 4-level structure","status":"passed","title":"should serialize nested 4-level structure","duration":0.37020000000006803,"failureMessages":[],"meta":{}},{"ancestorTitles":["serializeWbs"],"fullName":"serializeWbs should throw SerializationError on circular reference","status":"passed","title":"should throw SerializationError on circular reference","duration":1.1788000000001375,"failureMessages":[],"meta":{}},{"ancestorTitles":["serializeWbs"],"fullName":"serializeWbs should serialize all task attributes correctly","status":"passed","title":"should serialize all task attributes correctly","duration":0.5610999999998967,"failureMessages":[],"meta":{}},{"ancestorTitles":["serializeWbs"],"fullName":"serializeWbs should handle nodes without project wrapper","status":"passed","title":"should handle nodes without project wrapper","duration":0.310799999999972,"failureMessages":[],"meta":{}}],"startTime":1765797586561,"endTime":1765797586576.561,"status":"passed","message":"","name":"C:/project/jjiban/tests/utils/wbs/serializer.test.ts"},{"assertionResults":[{"ancestorTitles":["TaskService","getTaskDetail"],"fullName":"TaskService getTaskDetail UT-TASK-01-01: 존재하는 Task ID - TaskDetail 반환","status":"passed","title":"UT-TASK-01-01: 존재하는 Task ID - TaskDetail 반환","duration":34.804299999999785,"failureMessages":[],"meta":{}},{"ancestorTitles":["TaskService","getTaskDetail"],"fullName":"TaskService getTaskDetail UT-TASK-01-02: documents 배열 포함","status":"passed","title":"UT-TASK-01-02: documents 배열 포함","duration":12.60629999999992,"failureMessages":[],"meta":{}},{"ancestorTitles":["TaskService","getTaskDetail"],"fullName":"TaskService getTaskDetail UT-TASK-01-03: history 배열 포함","status":"passed","title":"UT-TASK-01-03: history 배열 포함","duration":11.430900000000065,"failureMessages":[],"meta":{}},{"ancestorTitles":["TaskService","getTaskDetail"],"fullName":"TaskService getTaskDetail UT-TASK-01-04: assignee 정보 포함","status":"passed","title":"UT-TASK-01-04: assignee 정보 포함","duration":10.985800000000154,"failureMessages":[],"meta":{}},{"ancestorTitles":["TaskService","getTaskDetail"],"fullName":"TaskService getTaskDetail UT-TASK-01-05: 존재하지 않는 Task ID - TASK_NOT_FOUND","status":"passed","title":"UT-TASK-01-05: 존재하지 않는 Task ID - TASK_NOT_FOUND","duration":16.596799999999803,"failureMessages":[],"meta":{}},{"ancestorTitles":["TaskService","updateTask"],"fullName":"TaskService updateTask UT-TASK-02-01: title 수정 성공","status":"passed","title":"UT-TASK-02-01: title 수정 성공","duration":85.07899999999995,"failureMessages":[],"meta":{}},{"ancestorTitles":["TaskService","updateTask"],"fullName":"TaskService updateTask UT-TASK-02-02: priority 수정 성공","status":"passed","title":"UT-TASK-02-02: priority 수정 성공","duration":52.529199999999946,"failureMessages":[],"meta":{}},{"ancestorTitles":["TaskService","updateTask"],"fullName":"TaskService updateTask UT-TASK-02-03: assignee 수정 성공","status":"passed","title":"UT-TASK-02-03: assignee 수정 성공","duration":89.57889999999998,"failureMessages":[],"meta":{}},{"ancestorTitles":["TaskService","updateTask"],"fullName":"TaskService updateTask UT-TASK-02-04: 존재하지 않는 Task ID - TASK_NOT_FOUND","status":"passed","title":"UT-TASK-02-04: 존재하지 않는 Task ID - TASK_NOT_FOUND","duration":9.195099999999911,"failureMessages":[],"meta":{}},{"ancestorTitles":["TaskService","updateTask"],"fullName":"TaskService updateTask UT-TASK-02-05: 유효하지 않은 priority - VALIDATION_ERROR","status":"passed","title":"UT-TASK-02-05: 유효하지 않은 priority - VALIDATION_ERROR","duration":12.541400000000067,"failureMessages":[],"meta":{}},{"ancestorTitles":["TaskService","HistoryEntry"],"fullName":"TaskService HistoryEntry UT-TASK-03-01: Task 수정 시 이력 기록","status":"passed","title":"UT-TASK-03-01: Task 수정 시 이력 기록","duration":19.323100000000068,"failureMessages":[],"meta":{}},{"ancestorTitles":["TaskService","HistoryEntry"],"fullName":"TaskService HistoryEntry UT-TASK-03-03: timestamp ISO 8601 형식","status":"passed","title":"UT-TASK-03-03: timestamp ISO 8601 형식","duration":33.23389999999995,"failureMessages":[],"meta":{}}],"startTime":1765797582671,"endTime":1765797583059.234,"status":"passed","message":"","name":"C:/project/jjiban/tests/utils/wbs/taskService.test.ts"},{"assertionResults":[{"ancestorTitles":["IdValidator","validateId"],"fullName":"IdValidator validateId UT-ID-001: should return null for valid WP ID","status":"passed","title":"UT-ID-001: should return null for valid WP ID","duration":1.8410999999998694,"failureMessages":[],"meta":{}},{"ancestorTitles":["IdValidator","validateId"],"fullName":"IdValidator validateId UT-ID-002: should return null for valid ACT ID","status":"passed","title":"UT-ID-002: should return null for valid ACT ID","duration":0.23890000000005784,"failureMessages":[],"meta":{}},{"ancestorTitles":["IdValidator","validateId"],"fullName":"IdValidator validateId UT-ID-003: should return null for valid TSK ID (4-level)","status":"passed","title":"UT-ID-003: should return null for valid TSK ID (4-level)","duration":0.19059999999990396,"failureMessages":[],"meta":{}},{"ancestorTitles":["IdValidator","validateId"],"fullName":"IdValidator validateId UT-ID-004: should return null for valid TSK ID (3-level)","status":"passed","title":"UT-ID-004: should return null for valid TSK ID (3-level)","duration":0.4352000000001226,"failureMessages":[],"meta":{}},{"ancestorTitles":["IdValidator","validateId"],"fullName":"IdValidator validateId UT-ID-005: should return error for invalid WP ID (single digit)","status":"passed","title":"UT-ID-005: should return error for invalid WP ID (single digit)","duration":0.80600000000004,"failureMessages":[],"meta":{}},{"ancestorTitles":["IdValidator","validateId"],"fullName":"IdValidator validateId UT-ID-006: should return error for invalid WP ID (three digits)","status":"passed","title":"UT-ID-006: should return error for invalid WP ID (three digits)","duration":0.3382000000001426,"failureMessages":[],"meta":{}},{"ancestorTitles":["IdValidator","validateId"],"fullName":"IdValidator validateId UT-ID-007: should return error for invalid ACT ID format","status":"passed","title":"UT-ID-007: should return error for invalid ACT ID format","duration":0.29510000000004766,"failureMessages":[],"meta":{}},{"ancestorTitles":["IdValidator","validateId"],"fullName":"IdValidator validateId UT-ID-008: should return error for invalid TSK ID (two digits only)","status":"passed","title":"UT-ID-008: should return error for invalid TSK ID (two digits only)","duration":0.23119999999994434,"failureMessages":[],"meta":{}},{"ancestorTitles":["IdValidator","validateId"],"fullName":"IdValidator validateId UT-ID-009: should return error for empty ID","status":"passed","title":"UT-ID-009: should return error for empty ID","duration":0.4857999999999265,"failureMessages":[],"meta":{}},{"ancestorTitles":["IdValidator","validateId"],"fullName":"IdValidator validateId UT-ID-010: should return error for null-like ID","status":"passed","title":"UT-ID-010: should return error for null-like ID","duration":0.25270000000000437,"failureMessages":[],"meta":{}},{"ancestorTitles":["IdValidator","validateId"],"fullName":"IdValidator validateId UT-ID-011: should return error for mixed case ID","status":"passed","title":"UT-ID-011: should return error for mixed case ID","duration":0.203899999999976,"failureMessages":[],"meta":{}},{"ancestorTitles":["IdValidator","validateId"],"fullName":"IdValidator validateId UT-ID-012: should return error for ID with space","status":"passed","title":"UT-ID-012: should return error for ID with space","duration":0.18879999999990105,"failureMessages":[],"meta":{}},{"ancestorTitles":["IdValidator","validateId"],"fullName":"IdValidator validateId should validate Task ID with specific depth 3","status":"passed","title":"should validate Task ID with specific depth 3","duration":0.21010000000001128,"failureMessages":[],"meta":{}},{"ancestorTitles":["IdValidator","validateId"],"fullName":"IdValidator validateId should validate Task ID with specific depth 4","status":"passed","title":"should validate Task ID with specific depth 4","duration":0.3666000000000622,"failureMessages":[],"meta":{}},{"ancestorTitles":["AttributeValidator","validateAttributes"],"fullName":"AttributeValidator validateAttributes UT-ATTR-001: should return empty array when all required attributes exist","status":"passed","title":"UT-ATTR-001: should return empty array when all required attributes exist","duration":1.2786000000000968,"failureMessages":[],"meta":{}},{"ancestorTitles":["AttributeValidator","validateAttributes"],"fullName":"AttributeValidator validateAttributes UT-ATTR-002: should skip validation for WP node","status":"passed","title":"UT-ATTR-002: should skip validation for WP node","duration":0.25929999999993925,"failureMessages":[],"meta":{}},{"ancestorTitles":["AttributeValidator","validateAttributes"],"fullName":"AttributeValidator validateAttributes UT-ATTR-003: should return error when category is missing","status":"passed","title":"UT-ATTR-003: should return error when category is missing","duration":0.3368000000000393,"failureMessages":[],"meta":{}},{"ancestorTitles":["AttributeValidator","validateAttributes"],"fullName":"AttributeValidator validateAttributes UT-ATTR-004: should return error when status is missing","status":"passed","title":"UT-ATTR-004: should return error when status is missing","duration":0.31729999999993197,"failureMessages":[],"meta":{}},{"ancestorTitles":["AttributeValidator","validateAttributes"],"fullName":"AttributeValidator validateAttributes UT-ATTR-005: should return error when priority is missing","status":"passed","title":"UT-ATTR-005: should return error when priority is missing","duration":0.22229999999990468,"failureMessages":[],"meta":{}},{"ancestorTitles":["AttributeValidator","validateAttributes"],"fullName":"AttributeValidator validateAttributes UT-ATTR-006: should return 3 errors when all attributes are missing","status":"passed","title":"UT-ATTR-006: should return 3 errors when all attributes are missing","duration":0.2544000000000324,"failureMessages":[],"meta":{}},{"ancestorTitles":["AttributeValidator","validateAttributes"],"fullName":"AttributeValidator validateAttributes UT-ATTR-007: should return error for invalid category value","status":"passed","title":"UT-ATTR-007: should return error for invalid category value","duration":0.18190000000004147,"failureMessages":[],"meta":{}},{"ancestorTitles":["AttributeValidator","validateAttributes"],"fullName":"AttributeValidator validateAttributes UT-ATTR-008: should return error for invalid priority value","status":"passed","title":"UT-ATTR-008: should return error for invalid priority value","duration":0.16560000000004038,"failureMessages":[],"meta":{}},{"ancestorTitles":["AttributeValidator","validateAttributes"],"fullName":"AttributeValidator validateAttributes UT-ATTR-009: should treat empty string as missing","status":"passed","title":"UT-ATTR-009: should treat empty string as missing","duration":0.1611000000000331,"failureMessages":[],"meta":{}},{"ancestorTitles":["AttributeValidator","validateAttributes"],"fullName":"AttributeValidator validateAttributes UT-ATTR-010: should skip validation for ACT node","status":"passed","title":"UT-ATTR-010: should skip validation for ACT node","duration":0.24430000000006658,"failureMessages":[],"meta":{}},{"ancestorTitles":["StatusValidator","validateStatus"],"fullName":"StatusValidator validateStatus UT-STATUS-001: should return null for all valid status codes","status":"passed","title":"UT-STATUS-001: should return null for all valid status codes","duration":0.5199999999999818,"failureMessages":[],"meta":{}},{"ancestorTitles":["StatusValidator","validateStatus"],"fullName":"StatusValidator validateStatus UT-STATUS-002: should return error for invalid status codes","status":"passed","title":"UT-STATUS-002: should return error for invalid status codes","duration":0.3503000000000611,"failureMessages":[],"meta":{}},{"ancestorTitles":["StatusValidator","validateStatus"],"fullName":"StatusValidator validateStatus UT-STATUS-003: should return error for status without brackets","status":"passed","title":"UT-STATUS-003: should return error for status without brackets","duration":0.15049999999996544,"failureMessages":[],"meta":{}},{"ancestorTitles":["StatusValidator","validateStatus"],"fullName":"StatusValidator validateStatus UT-STATUS-004: should return error for status with extra space","status":"passed","title":"UT-STATUS-004: should return error for status with extra space","duration":0.13899999999989632,"failureMessages":[],"meta":{}},{"ancestorTitles":["StatusValidator","validateStatus"],"fullName":"StatusValidator validateStatus UT-STATUS-005: should return error for mixed case status","status":"passed","title":"UT-STATUS-005: should return error for mixed case status","duration":0.13840000000004693,"failureMessages":[],"meta":{}},{"ancestorTitles":["StatusValidator","validateStatus"],"fullName":"StatusValidator validateStatus UT-STATUS-006: should return error for empty status","status":"passed","title":"UT-STATUS-006: should return error for empty status","duration":0.1368999999999687,"failureMessages":[],"meta":{}},{"ancestorTitles":["StatusValidator","validateStatus"],"fullName":"StatusValidator validateStatus UT-STATUS-007: should return error for null/undefined","status":"passed","title":"UT-STATUS-007: should return error for null/undefined","duration":0.21040000000016335,"failureMessages":[],"meta":{}},{"ancestorTitles":["StatusValidator","isValidStatus"],"fullName":"StatusValidator isValidStatus should return true for valid status","status":"passed","title":"should return true for valid status","duration":0.16869999999994434,"failureMessages":[],"meta":{}},{"ancestorTitles":["StatusValidator","isValidStatus"],"fullName":"StatusValidator isValidStatus should return false for invalid status","status":"passed","title":"should return false for invalid status","duration":0.15809999999987667,"failureMessages":[],"meta":{}},{"ancestorTitles":["HierarchyValidator","validateHierarchy"],"fullName":"HierarchyValidator validateHierarchy UT-HIER-001: should return null for valid WP -> ACT relationship","status":"passed","title":"UT-HIER-001: should return null for valid WP -> ACT relationship","duration":0.261600000000044,"failureMessages":[],"meta":{}},{"ancestorTitles":["HierarchyValidator","validateHierarchy"],"fullName":"HierarchyValidator validateHierarchy UT-HIER-002: should return null for valid ACT -> TSK relationship (4-level)","status":"passed","title":"UT-HIER-002: should return null for valid ACT -> TSK relationship (4-level)","duration":0.12860000000000582,"failureMessages":[],"meta":{}},{"ancestorTitles":["HierarchyValidator","validateHierarchy"],"fullName":"HierarchyValidator validateHierarchy UT-HIER-003: should return null for valid WP -> TSK relationship (3-level)","status":"passed","title":"UT-HIER-003: should return null for valid WP -> TSK relationship (3-level)","duration":0.11059999999997672,"failureMessages":[],"meta":{}},{"ancestorTitles":["HierarchyValidator","validateHierarchy"],"fullName":"HierarchyValidator validateHierarchy UT-HIER-004: should return error for hierarchy mismatch (WP-ACT)","status":"passed","title":"UT-HIER-004: should return error for hierarchy mismatch (WP-ACT)","duration":0.18509999999992033,"failureMessages":[],"meta":{}},{"ancestorTitles":["HierarchyValidator","validateHierarchy"],"fullName":"HierarchyValidator validateHierarchy UT-HIER-005: should return error for hierarchy mismatch (ACT-TSK)","status":"passed","title":"UT-HIER-005: should return error for hierarchy mismatch (ACT-TSK)","duration":0.19529999999986103,"failureMessages":[],"meta":{}},{"ancestorTitles":["HierarchyValidator","validateHierarchy"],"fullName":"HierarchyValidator validateHierarchy UT-HIER-006: should return error for hierarchy mismatch (WP-TSK 3-level)","status":"passed","title":"UT-HIER-006: should return error for hierarchy mismatch (WP-TSK 3-level)","duration":0.18460000000004584,"failureMessages":[],"meta":{}},{"ancestorTitles":["HierarchyValidator","validateHierarchy"],"fullName":"HierarchyValidator validateHierarchy should return null for WP node without parent","status":"passed","title":"should return null for WP node without parent","duration":0.1254999999998745,"failureMessages":[],"meta":{}},{"ancestorTitles":["HierarchyValidator","validateHierarchy"],"fullName":"HierarchyValidator validateHierarchy should return error for Task/ACT without parent","status":"passed","title":"should return error for Task/ACT without parent","duration":0.25299999999992906,"failureMessages":[],"meta":{}},{"ancestorTitles":["HierarchyValidator","extractPrefix"],"fullName":"HierarchyValidator extractPrefix UT-HIER-007: should extract prefix from WP ID","status":"passed","title":"UT-HIER-007: should extract prefix from WP ID","duration":0.13879999999994652,"failureMessages":[],"meta":{}},{"ancestorTitles":["HierarchyValidator","extractPrefix"],"fullName":"HierarchyValidator extractPrefix UT-HIER-008: should extract prefix from ACT ID","status":"passed","title":"UT-HIER-008: should extract prefix from ACT ID","duration":0.13000000000010914,"failureMessages":[],"meta":{}},{"ancestorTitles":["HierarchyValidator","extractPrefix"],"fullName":"HierarchyValidator extractPrefix UT-HIER-009: should extract prefix from TSK ID (4-level)","status":"passed","title":"UT-HIER-009: should extract prefix from TSK ID (4-level)","duration":0.12989999999990687,"failureMessages":[],"meta":{}},{"ancestorTitles":["HierarchyValidator","extractPrefix"],"fullName":"HierarchyValidator extractPrefix UT-HIER-010: should extract prefix from TSK ID (3-level)","status":"passed","title":"UT-HIER-010: should extract prefix from TSK ID (3-level)","duration":0.12930000000005748,"failureMessages":[],"meta":{}},{"ancestorTitles":["HierarchyValidator","getExpectedPrefix"],"fullName":"HierarchyValidator getExpectedPrefix should return correct expected prefix from WP parent","status":"passed","title":"should return correct expected prefix from WP parent","duration":0.13789999999994507,"failureMessages":[],"meta":{}},{"ancestorTitles":["HierarchyValidator","getExpectedPrefix"],"fullName":"HierarchyValidator getExpectedPrefix should return correct expected prefix from ACT parent","status":"passed","title":"should return correct expected prefix from ACT parent","duration":0.12319999999999709,"failureMessages":[],"meta":{}},{"ancestorTitles":["DuplicateChecker","checkDuplicates"],"fullName":"DuplicateChecker checkDuplicates UT-DUP-001: should detect duplicate IDs (2 occurrences)","status":"passed","title":"UT-DUP-001: should detect duplicate IDs (2 occurrences)","duration":0.5216000000000349,"failureMessages":[],"meta":{}},{"ancestorTitles":["DuplicateChecker","checkDuplicates"],"fullName":"DuplicateChecker checkDuplicates UT-DUP-002: should return empty array when no duplicates","status":"passed","title":"UT-DUP-002: should return empty array when no duplicates","duration":0.25699999999983447,"failureMessages":[],"meta":{}},{"ancestorTitles":["DuplicateChecker","checkDuplicates"],"fullName":"DuplicateChecker checkDuplicates UT-DUP-003: should detect duplicate IDs (3+ occurrences)","status":"passed","title":"UT-DUP-003: should detect duplicate IDs (3+ occurrences)","duration":0.25499999999988177,"failureMessages":[],"meta":{}},{"ancestorTitles":["DuplicateChecker","checkDuplicates"],"fullName":"DuplicateChecker checkDuplicates UT-DUP-004: should detect multiple duplicate IDs","status":"passed","title":"UT-DUP-004: should detect multiple duplicate IDs","duration":0.29700000000002547,"failureMessages":[],"meta":{}},{"ancestorTitles":["DuplicateChecker","checkDuplicates"],"fullName":"DuplicateChecker checkDuplicates UT-DUP-005: should return empty array for empty tree","status":"passed","title":"UT-DUP-005: should return empty array for empty tree","duration":0.34399999999982356,"failureMessages":[],"meta":{}},{"ancestorTitles":["DuplicateChecker","checkDuplicates"],"fullName":"DuplicateChecker checkDuplicates UT-DUP-006: should detect duplicates in nested tree","status":"passed","title":"UT-DUP-006: should detect duplicates in nested tree","duration":0.3548000000000684,"failureMessages":[],"meta":{}},{"ancestorTitles":["DuplicateChecker","collectAllIds"],"fullName":"DuplicateChecker collectAllIds should collect all IDs from flat tree","status":"passed","title":"should collect all IDs from flat tree","duration":0.9185999999999694,"failureMessages":[],"meta":{}},{"ancestorTitles":["DuplicateChecker","collectAllIds"],"fullName":"DuplicateChecker collectAllIds should collect all IDs from nested tree","status":"passed","title":"should collect all IDs from nested tree","duration":0.23080000000004475,"failureMessages":[],"meta":{}},{"ancestorTitles":["WbsValidator Integration","validateWbs"],"fullName":"WbsValidator Integration validateWbs IT-VAL-001: should validate valid 4-level WBS tree","status":"passed","title":"IT-VAL-001: should validate valid 4-level WBS tree","duration":1.6041999999999916,"failureMessages":[],"meta":{}},{"ancestorTitles":["WbsValidator Integration","validateWbs"],"fullName":"WbsValidator Integration validateWbs IT-VAL-002: should validate valid 3-level WBS tree","status":"passed","title":"IT-VAL-002: should validate valid 3-level WBS tree","duration":0.33750000000009095,"failureMessages":[],"meta":{}},{"ancestorTitles":["WbsValidator Integration","validateWbs"],"fullName":"WbsValidator Integration validateWbs IT-VAL-003: should detect multiple error types","status":"passed","title":"IT-VAL-003: should detect multiple error types","duration":0.4213999999999487,"failureMessages":[],"meta":{}},{"ancestorTitles":["WbsValidator Integration","validateWbs"],"fullName":"WbsValidator Integration validateWbs IT-VAL-004: should detect duplicate and hierarchy errors","status":"passed","title":"IT-VAL-004: should detect duplicate and hierarchy errors","duration":0.4279999999998836,"failureMessages":[],"meta":{}},{"ancestorTitles":["WbsValidator Integration","validateWbs"],"fullName":"WbsValidator Integration validateWbs IT-VAL-005: should validate empty WBS tree as valid","status":"passed","title":"IT-VAL-005: should validate empty WBS tree as valid","duration":0.2881999999999607,"failureMessages":[],"meta":{}},{"ancestorTitles":["WbsValidator Integration","validateWbs"],"fullName":"WbsValidator Integration validateWbs IT-VAL-006: should validate single WP as valid","status":"passed","title":"IT-VAL-006: should validate single WP as valid","duration":0.2033000000001266,"failureMessages":[],"meta":{}},{"ancestorTitles":["WbsValidator Integration","validateWbs"],"fullName":"WbsValidator Integration validateWbs IT-VAL-007: should validate mixed structure (3+4 level)","status":"passed","title":"IT-VAL-007: should validate mixed structure (3+4 level)","duration":0.2437999999999647,"failureMessages":[],"meta":{}},{"ancestorTitles":["WbsValidator Integration","validateWbs"],"fullName":"WbsValidator Integration validateWbs should stop at first error when failFast is true","status":"passed","title":"should stop at first error when failFast is true","duration":0.27340000000003783,"failureMessages":[],"meta":{}},{"ancestorTitles":["WbsValidator Integration","validateWbs"],"fullName":"WbsValidator Integration validateWbs should include validatedAt timestamp","status":"passed","title":"should include validatedAt timestamp","duration":0.2857000000001335,"failureMessages":[],"meta":{}},{"ancestorTitles":["Edge Cases"],"fullName":"Edge Cases EDGE-001: should handle empty WBS tree","status":"passed","title":"EDGE-001: should handle empty WBS tree","duration":0.1507000000001426,"failureMessages":[],"meta":{}},{"ancestorTitles":["Edge Cases"],"fullName":"Edge Cases EDGE-004: should handle single WP only","status":"passed","title":"EDGE-004: should handle single WP only","duration":0.2278999999998632,"failureMessages":[],"meta":{}},{"ancestorTitles":["Edge Cases"],"fullName":"Edge Cases EDGE-006: should handle maximum ID values","status":"passed","title":"EDGE-006: should handle maximum ID values","duration":0.1272999999998774,"failureMessages":[],"meta":{}},{"ancestorTitles":["Edge Cases"],"fullName":"Edge Cases EDGE-008: should handle title with special characters","status":"passed","title":"EDGE-008: should handle title with special characters","duration":0.21280000000001564,"failureMessages":[],"meta":{}},{"ancestorTitles":["Edge Cases"],"fullName":"Edge Cases EDGE-009: should handle Unicode characters in title","status":"passed","title":"EDGE-009: should handle Unicode characters in title","duration":0.13599999999996726,"failureMessages":[],"meta":{}},{"ancestorTitles":["Edge Cases"],"fullName":"Edge Cases EDGE-010: should detect both ID and attribute errors","status":"passed","title":"EDGE-010: should detect both ID and attribute errors","duration":0.2621999999998934,"failureMessages":[],"meta":{}},{"ancestorTitles":["Performance"],"fullName":"Performance PERF-001: should validate 50 nodes under 10ms","status":"passed","title":"PERF-001: should validate 50 nodes under 10ms","duration":0.61850000000004,"failureMessages":[],"meta":{}}],"startTime":1765797586036,"endTime":1765797586060.6184,"status":"passed","message":"","name":"C:/project/jjiban/tests/utils/wbs/validator.test.ts"},{"assertionResults":[{"ancestorTitles":["WbsService","getWbsTree"],"fullName":"WbsService getWbsTree UT-WBS-01-01: 유효한 wbs.md (4단계) 파싱 성공","status":"passed","title":"UT-WBS-01-01: 유효한 wbs.md (4단계) 파싱 성공","duration":14.931299999999965,"failureMessages":[],"meta":{}},{"ancestorTitles":["WbsService","getWbsTree"],"fullName":"WbsService getWbsTree UT-WBS-01-03: 빈 wbs.md (메타데이터만) 파싱 성공","status":"passed","title":"UT-WBS-01-03: 빈 wbs.md (메타데이터만) 파싱 성공","duration":4.191299999999956,"failureMessages":[],"meta":{}},{"ancestorTitles":["WbsService","getWbsTree"],"fullName":"WbsService getWbsTree UT-WBS-01-04: wbs.md 없음 - PROJECT_NOT_FOUND 에러","status":"passed","title":"UT-WBS-01-04: wbs.md 없음 - PROJECT_NOT_FOUND 에러","duration":3.2444000000000415,"failureMessages":[],"meta":{}},{"ancestorTitles":["WbsService","saveWbsTree"],"fullName":"WbsService saveWbsTree UT-WBS-02-01: 유효한 WbsNode[] 저장 성공","status":"passed","title":"UT-WBS-02-01: 유효한 WbsNode[] 저장 성공","duration":7.675200000000132,"failureMessages":[],"meta":{}},{"ancestorTitles":["WbsService","saveWbsTree"],"fullName":"WbsService saveWbsTree UT-WBS-02-04: 유효성 검증 실패 - VALIDATION_ERROR","status":"passed","title":"UT-WBS-02-04: 유효성 검증 실패 - VALIDATION_ERROR","duration":1.8166000000001077,"failureMessages":[],"meta":{}},{"ancestorTitles":["WbsService","saveWbsTree"],"fullName":"WbsService saveWbsTree UT-WBS-03-01: updated 필드 자동 갱신","status":"passed","title":"UT-WBS-03-01: updated 필드 자동 갱신","duration":8.761400000000094,"failureMessages":[],"meta":{}}],"startTime":1765797585563,"endTime":1765797585603.7615,"status":"passed","message":"","name":"C:/project/jjiban/tests/utils/wbs/wbsService.test.ts"},{"assertionResults":[{"ancestorTitles":["DocumentService","getExistingDocuments"],"fullName":"DocumentService getExistingDocuments TC-011: returns .md files","status":"passed","title":"TC-011: returns .md files","duration":2.3186000000000604,"failureMessages":[],"meta":{}},{"ancestorTitles":["DocumentService","getExistingDocuments"],"fullName":"DocumentService getExistingDocuments TC-012: empty when folder not found","status":"passed","title":"TC-012: empty when folder not found","duration":1.0416000000000167,"failureMessages":[],"meta":{}},{"ancestorTitles":["DocumentService","getExpectedDocuments"],"fullName":"DocumentService getExpectedDocuments TC-013: returns workflow-based docs","status":"passed","title":"TC-013: returns workflow-based docs","duration":4.8746000000001,"failureMessages":[],"meta":{}},{"ancestorTitles":["DocumentService","getTaskDocuments"],"fullName":"DocumentService getTaskDocuments TC-014: merges existing and expected","status":"failed","title":"TC-014: merges existing and expected","duration":7.01969999999983,"failureMessages":["Error: Task를 찾을 수 없습니다: TSK-01-01-01\n    at createError (file:///C:/project/jjiban/node_modules/h3/dist/index.mjs:71:15)\n    at createStandardError (C:/project/jjiban/server/utils/errors/standardError.ts:30:10)\n    at createNotFoundError (C:/project/jjiban/server/utils/errors/standardError.ts:44:10)\n    at getTaskDocuments (C:/project/jjiban/server/utils/workflow/documentService.ts:206:11)\n    at C:/project/jjiban/tests/utils/workflow/documentService.test.ts:64:25\n    at file:///C:/project/jjiban/node_modules/@vitest/runner/dist/index.js:915:20"],"meta":{}},{"ancestorTitles":["DocumentService","getTaskDocuments"],"fullName":"DocumentService getTaskDocuments TC-015: classifies document types","status":"failed","title":"TC-015: classifies document types","duration":2.219699999999648,"failureMessages":["Error: Task를 찾을 수 없습니다: TSK-01-01-01\n    at createError (file:///C:/project/jjiban/node_modules/h3/dist/index.mjs:71:15)\n    at createStandardError (C:/project/jjiban/server/utils/errors/standardError.ts:30:10)\n    at createNotFoundError (C:/project/jjiban/server/utils/errors/standardError.ts:44:10)\n    at getTaskDocuments (C:/project/jjiban/server/utils/workflow/documentService.ts:206:11)\n    at C:/project/jjiban/tests/utils/workflow/documentService.test.ts:83:25\n    at file:///C:/project/jjiban/node_modules/@vitest/runner/dist/index.js:915:20"],"meta":{}}],"startTime":1765797580482,"endTime":1765797580500.2197,"status":"failed","message":"","name":"C:/project/jjiban/tests/utils/workflow/documentService.test.ts"},{"assertionResults":[{"ancestorTitles":["StateMapper","statusCodeToName"],"fullName":"StateMapper statusCodeToName converts \"bd\" to \"bd\" for development","status":"passed","title":"converts \"bd\" to \"bd\" for development","duration":2.7626000000000204,"failureMessages":[],"meta":{}},{"ancestorTitles":["StateMapper","statusCodeToName"],"fullName":"StateMapper statusCodeToName converts \"dd\" to \"dd\" for development","status":"passed","title":"converts \"dd\" to \"dd\" for development","duration":0.2746999999999389,"failureMessages":[],"meta":{}},{"ancestorTitles":["StateMapper","statusCodeToName"],"fullName":"StateMapper statusCodeToName converts \"im\" to \"im\" for development","status":"passed","title":"converts \"im\" to \"im\" for development","duration":0.21780000000012478,"failureMessages":[],"meta":{}},{"ancestorTitles":["StateMapper","statusCodeToName"],"fullName":"StateMapper statusCodeToName converts \"vf\" to \"vf\" for development","status":"passed","title":"converts \"vf\" to \"vf\" for development","duration":0.49929999999994834,"failureMessages":[],"meta":{}},{"ancestorTitles":["StateMapper","statusCodeToName"],"fullName":"StateMapper statusCodeToName converts \"xx\" to \"xx\" for development","status":"passed","title":"converts \"xx\" to \"xx\" for development","duration":0.34149999999999636,"failureMessages":[],"meta":{}},{"ancestorTitles":["StateMapper","statusCodeToName"],"fullName":"StateMapper statusCodeToName converts \"[ ]\" to \"todo\"","status":"passed","title":"converts \"[ ]\" to \"todo\"","duration":0.20289999999999964,"failureMessages":[],"meta":{}},{"ancestorTitles":["StateMapper","statusCodeToName"],"fullName":"StateMapper statusCodeToName converts empty string to \"todo\"","status":"passed","title":"converts empty string to \"todo\"","duration":0.15399999999999636,"failureMessages":[],"meta":{}},{"ancestorTitles":["StateMapper","statusCodeToName"],"fullName":"StateMapper statusCodeToName handles brackets in status code \"[bd]\"","status":"passed","title":"handles brackets in status code \"[bd]\"","duration":0.14740000000006148,"failureMessages":[],"meta":{}},{"ancestorTitles":["StateMapper","statusCodeToName"],"fullName":"StateMapper statusCodeToName converts \"an\" to \"an\" for defect category","status":"passed","title":"converts \"an\" to \"an\" for defect category","duration":0.5422000000000935,"failureMessages":[],"meta":{}},{"ancestorTitles":["StateMapper","statusCodeToName"],"fullName":"StateMapper statusCodeToName converts \"fx\" to \"fx\" for defect category","status":"passed","title":"converts \"fx\" to \"fx\" for defect category","duration":0.36230000000000473,"failureMessages":[],"meta":{}},{"ancestorTitles":["StateMapper","statusCodeToName"],"fullName":"StateMapper statusCodeToName returns null for invalid category","status":"passed","title":"returns null for invalid category","duration":0.20180000000004839,"failureMessages":[],"meta":{}},{"ancestorTitles":["StateMapper","statusCodeToName"],"fullName":"StateMapper statusCodeToName returns null for unknown status code","status":"passed","title":"returns null for unknown status code","duration":0.17470000000002983,"failureMessages":[],"meta":{}},{"ancestorTitles":["StateMapper","nameToStatusCode"],"fullName":"StateMapper nameToStatusCode converts \"bd\" to \"[bd]\" for development","status":"passed","title":"converts \"bd\" to \"[bd]\" for development","duration":0.23460000000000036,"failureMessages":[],"meta":{}},{"ancestorTitles":["StateMapper","nameToStatusCode"],"fullName":"StateMapper nameToStatusCode converts \"dd\" to \"[dd]\" for development","status":"passed","title":"converts \"dd\" to \"[dd]\" for development","duration":0.219899999999825,"failureMessages":[],"meta":{}},{"ancestorTitles":["StateMapper","nameToStatusCode"],"fullName":"StateMapper nameToStatusCode converts \"im\" to \"[im]\" for development","status":"passed","title":"converts \"im\" to \"[im]\" for development","duration":0.1430000000000291,"failureMessages":[],"meta":{}},{"ancestorTitles":["StateMapper","nameToStatusCode"],"fullName":"StateMapper nameToStatusCode converts \"vf\" to \"[vf]\" for development","status":"passed","title":"converts \"vf\" to \"[vf]\" for development","duration":0.13820000000009713,"failureMessages":[],"meta":{}},{"ancestorTitles":["StateMapper","nameToStatusCode"],"fullName":"StateMapper nameToStatusCode converts \"xx\" to \"[xx]\" for development","status":"passed","title":"converts \"xx\" to \"[xx]\" for development","duration":0.15390000000002146,"failureMessages":[],"meta":{}},{"ancestorTitles":["StateMapper","nameToStatusCode"],"fullName":"StateMapper nameToStatusCode converts \"todo\" to \"[ ]\"","status":"passed","title":"converts \"todo\" to \"[ ]\"","duration":0.13220000000001164,"failureMessages":[],"meta":{}},{"ancestorTitles":["StateMapper","nameToStatusCode"],"fullName":"StateMapper nameToStatusCode converts \"an\" to \"[an]\" for defect","status":"passed","title":"converts \"an\" to \"[an]\" for defect","duration":0.15579999999999927,"failureMessages":[],"meta":{}},{"ancestorTitles":["StateMapper","nameToStatusCode"],"fullName":"StateMapper nameToStatusCode converts \"fx\" to \"[fx]\" for defect","status":"passed","title":"converts \"fx\" to \"[fx]\" for defect","duration":0.15980000000013206,"failureMessages":[],"meta":{}},{"ancestorTitles":["StateMapper","nameToStatusCode"],"fullName":"StateMapper nameToStatusCode returns \"[ ]\" for invalid category","status":"passed","title":"returns \"[ ]\" for invalid category","duration":0.15000000000009095,"failureMessages":[],"meta":{}},{"ancestorTitles":["StateMapper","nameToStatusCode"],"fullName":"StateMapper nameToStatusCode returns \"[ ]\" for unknown state name","status":"passed","title":"returns \"[ ]\" for unknown state name","duration":0.15390000000002146,"failureMessages":[],"meta":{}},{"ancestorTitles":["StateMapper","getAllStateMappings"],"fullName":"StateMapper getAllStateMappings returns all state mappings for development","status":"passed","title":"returns all state mappings for development","duration":0.48270000000002256,"failureMessages":[],"meta":{}},{"ancestorTitles":["StateMapper","getAllStateMappings"],"fullName":"StateMapper getAllStateMappings returns all state mappings for defect","status":"passed","title":"returns all state mappings for defect","duration":0.3287000000000262,"failureMessages":[],"meta":{}},{"ancestorTitles":["StateMapper","getAllStateMappings"],"fullName":"StateMapper getAllStateMappings returns all state mappings for infrastructure","status":"passed","title":"returns all state mappings for infrastructure","duration":0.3807000000001608,"failureMessages":[],"meta":{}},{"ancestorTitles":["StateMapper","getAllStateMappings"],"fullName":"StateMapper getAllStateMappings returns empty object for invalid category","status":"passed","title":"returns empty object for invalid category","duration":0.774900000000116,"failureMessages":[],"meta":{}},{"ancestorTitles":["StateMapper","getAllStateMappings"],"fullName":"StateMapper getAllStateMappings all mappings include todo state","status":"passed","title":"all mappings include todo state","duration":0.24060000000008586,"failureMessages":[],"meta":{}},{"ancestorTitles":["StateMapper","round-trip conversions"],"fullName":"StateMapper round-trip conversions development: statusCode -> name -> statusCode","status":"passed","title":"development: statusCode -> name -> statusCode","duration":0.5670000000000073,"failureMessages":[],"meta":{}},{"ancestorTitles":["StateMapper","round-trip conversions"],"fullName":"StateMapper round-trip conversions defect: statusCode -> name -> statusCode","status":"passed","title":"defect: statusCode -> name -> statusCode","duration":0.49270000000001346,"failureMessages":[],"meta":{}},{"ancestorTitles":["StateMapper","round-trip conversions"],"fullName":"StateMapper round-trip conversions infrastructure: statusCode -> name -> statusCode","status":"passed","title":"infrastructure: statusCode -> name -> statusCode","duration":0.34550000000012915,"failureMessages":[],"meta":{}}],"startTime":1765797586695,"endTime":1765797586706.4927,"status":"passed","message":"","name":"C:/project/jjiban/tests/utils/workflow/stateMapper.test.ts"},{"assertionResults":[{"ancestorTitles":["StatusUtils","extractStatusCode"],"fullName":"StatusUtils extractStatusCode extracts code from \"[bd]\"","status":"passed","title":"extracts code from \"[bd]\"","duration":1.9234999999998763,"failureMessages":[],"meta":{}},{"ancestorTitles":["StatusUtils","extractStatusCode"],"fullName":"StatusUtils extractStatusCode extracts code from \"detail-design [dd]\"","status":"passed","title":"extracts code from \"detail-design [dd]\"","duration":0.28690000000005966,"failureMessages":[],"meta":{}},{"ancestorTitles":["StatusUtils","extractStatusCode"],"fullName":"StatusUtils extractStatusCode extracts code from \"[im]\"","status":"passed","title":"extracts code from \"[im]\"","duration":0.1995999999999185,"failureMessages":[],"meta":{}},{"ancestorTitles":["StatusUtils","extractStatusCode"],"fullName":"StatusUtils extractStatusCode extracts code from \"[ ]\"","status":"passed","title":"extracts code from \"[ ]\"","duration":0.4882000000000062,"failureMessages":[],"meta":{}},{"ancestorTitles":["StatusUtils","extractStatusCode"],"fullName":"StatusUtils extractStatusCode returns empty string for status without brackets","status":"passed","title":"returns empty string for status without brackets","duration":0.29349999999999454,"failureMessages":[],"meta":{}},{"ancestorTitles":["StatusUtils","extractStatusCode"],"fullName":"StatusUtils extractStatusCode returns empty string for undefined","status":"passed","title":"returns empty string for undefined","duration":0.20309999999994943,"failureMessages":[],"meta":{}},{"ancestorTitles":["StatusUtils","extractStatusCode"],"fullName":"StatusUtils extractStatusCode returns empty string for empty string","status":"passed","title":"returns empty string for empty string","duration":0.16589999999996508,"failureMessages":[],"meta":{}},{"ancestorTitles":["StatusUtils","extractStatusCode"],"fullName":"StatusUtils extractStatusCode handles code with spaces \"[  bd  ]\"","status":"passed","title":"handles code with spaces \"[  bd  ]\"","duration":0.16640000000006694,"failureMessages":[],"meta":{}},{"ancestorTitles":["StatusUtils","extractStatusCode"],"fullName":"StatusUtils extractStatusCode extracts multi-character code \"[vf]\"","status":"passed","title":"extracts multi-character code \"[vf]\"","duration":0.5129000000001724,"failureMessages":[],"meta":{}},{"ancestorTitles":["StatusUtils","extractStatusCode"],"fullName":"StatusUtils extractStatusCode extracts code from complex status string","status":"passed","title":"extracts code from complex status string","duration":0.23059999999986758,"failureMessages":[],"meta":{}},{"ancestorTitles":["StatusUtils","formatStatusCode"],"fullName":"StatusUtils formatStatusCode formats \"bd\" to \"[bd]\"","status":"passed","title":"formats \"bd\" to \"[bd]\"","duration":0.1698999999998705,"failureMessages":[],"meta":{}},{"ancestorTitles":["StatusUtils","formatStatusCode"],"fullName":"StatusUtils formatStatusCode formats \"dd\" to \"[dd]\"","status":"passed","title":"formats \"dd\" to \"[dd]\"","duration":0.13059999999995853,"failureMessages":[],"meta":{}},{"ancestorTitles":["StatusUtils","formatStatusCode"],"fullName":"StatusUtils formatStatusCode formats \"im\" to \"[im]\"","status":"passed","title":"formats \"im\" to \"[im]\"","duration":0.12639999999987594,"failureMessages":[],"meta":{}},{"ancestorTitles":["StatusUtils","formatStatusCode"],"fullName":"StatusUtils formatStatusCode formats empty string to \"[ ]\"","status":"passed","title":"formats empty string to \"[ ]\"","duration":0.12030000000004293,"failureMessages":[],"meta":{}},{"ancestorTitles":["StatusUtils","formatStatusCode"],"fullName":"StatusUtils formatStatusCode formats whitespace to \"[ ]\"","status":"passed","title":"formats whitespace to \"[ ]\"","duration":0.12339999999994689,"failureMessages":[],"meta":{}},{"ancestorTitles":["StatusUtils","formatStatusCode"],"fullName":"StatusUtils formatStatusCode trims whitespace before formatting","status":"passed","title":"trims whitespace before formatting","duration":0.12750000000005457,"failureMessages":[],"meta":{}},{"ancestorTitles":["StatusUtils","formatStatusCode"],"fullName":"StatusUtils formatStatusCode handles multi-character codes","status":"passed","title":"handles multi-character codes","duration":0.12959999999998217,"failureMessages":[],"meta":{}},{"ancestorTitles":["StatusUtils","formatStatusCode"],"fullName":"StatusUtils formatStatusCode handles long codes","status":"passed","title":"handles long codes","duration":0.11800000000016553,"failureMessages":[],"meta":{}},{"ancestorTitles":["StatusUtils","isTodoStatus"],"fullName":"StatusUtils isTodoStatus returns true for \"[ ]\"","status":"passed","title":"returns true for \"[ ]\"","duration":0.1693000000000211,"failureMessages":[],"meta":{}},{"ancestorTitles":["StatusUtils","isTodoStatus"],"fullName":"StatusUtils isTodoStatus returns true for undefined","status":"passed","title":"returns true for undefined","duration":0.11809999999991305,"failureMessages":[],"meta":{}},{"ancestorTitles":["StatusUtils","isTodoStatus"],"fullName":"StatusUtils isTodoStatus returns true for empty string","status":"passed","title":"returns true for empty string","duration":0.1150000000000091,"failureMessages":[],"meta":{}},{"ancestorTitles":["StatusUtils","isTodoStatus"],"fullName":"StatusUtils isTodoStatus returns true for status without brackets","status":"passed","title":"returns true for status without brackets","duration":0.13009999999985666,"failureMessages":[],"meta":{}},{"ancestorTitles":["StatusUtils","isTodoStatus"],"fullName":"StatusUtils isTodoStatus returns false for \"[bd]\"","status":"passed","title":"returns false for \"[bd]\"","duration":0.13979999999992287,"failureMessages":[],"meta":{}},{"ancestorTitles":["StatusUtils","isTodoStatus"],"fullName":"StatusUtils isTodoStatus returns false for \"detail-design [dd]\"","status":"passed","title":"returns false for \"detail-design [dd]\"","duration":0.12930000000005748,"failureMessages":[],"meta":{}},{"ancestorTitles":["StatusUtils","isTodoStatus"],"fullName":"StatusUtils isTodoStatus returns false for \"[im]\"","status":"passed","title":"returns false for \"[im]\"","duration":0.12149999999996908,"failureMessages":[],"meta":{}},{"ancestorTitles":["StatusUtils","isTodoStatus"],"fullName":"StatusUtils isTodoStatus returns false for \"[vf]\"","status":"passed","title":"returns false for \"[vf]\"","duration":0.11629999999991014,"failureMessages":[],"meta":{}},{"ancestorTitles":["StatusUtils","isTodoStatus"],"fullName":"StatusUtils isTodoStatus returns false for \"[xx]\"","status":"passed","title":"returns false for \"[xx]\"","duration":0.10999999999989996,"failureMessages":[],"meta":{}},{"ancestorTitles":["StatusUtils","isTodoStatus"],"fullName":"StatusUtils isTodoStatus returns true for whitespace-only brackets \"[   ]\"","status":"passed","title":"returns true for whitespace-only brackets \"[   ]\"","duration":0.10979999999995016,"failureMessages":[],"meta":{}},{"ancestorTitles":["StatusUtils","integration: extract and format"],"fullName":"StatusUtils integration: extract and format extract then format returns original for simple codes","status":"passed","title":"extract then format returns original for simple codes","duration":0.3507000000001881,"failureMessages":[],"meta":{}},{"ancestorTitles":["StatusUtils","integration: extract and format"],"fullName":"StatusUtils integration: extract and format extract from complex string and format","status":"passed","title":"extract from complex string and format","duration":0.11239999999997963,"failureMessages":[],"meta":{}},{"ancestorTitles":["StatusUtils","integration: extract and format"],"fullName":"StatusUtils integration: extract and format handles todo status round-trip","status":"passed","title":"handles todo status round-trip","duration":0.13350000000014006,"failureMessages":[],"meta":{}},{"ancestorTitles":["StatusUtils","edge cases"],"fullName":"StatusUtils edge cases handles multiple brackets (uses first match)","status":"passed","title":"handles multiple brackets (uses first match)","duration":0.13669999999979154,"failureMessages":[],"meta":{}},{"ancestorTitles":["StatusUtils","edge cases"],"fullName":"StatusUtils edge cases handles nested-like patterns","status":"passed","title":"handles nested-like patterns","duration":0.1326000000001386,"failureMessages":[],"meta":{}},{"ancestorTitles":["StatusUtils","edge cases"],"fullName":"StatusUtils edge cases handles special characters in code","status":"passed","title":"handles special characters in code","duration":0.12639999999987594,"failureMessages":[],"meta":{}},{"ancestorTitles":["StatusUtils","edge cases"],"fullName":"StatusUtils edge cases formatStatusCode handles already-bracketed input gracefully","status":"passed","title":"formatStatusCode handles already-bracketed input gracefully","duration":0.13959999999997308,"failureMessages":[],"meta":{}}],"startTime":1765797587084,"endTime":1765797587093.1396,"status":"passed","message":"","name":"C:/project/jjiban/tests/utils/workflow/statusUtils.test.ts"},{"assertionResults":[{"ancestorTitles":["TransitionService","validateTransition"],"fullName":"TransitionService validateTransition TC-001: valid development transition [ ] → [bd]","status":"failed","title":"TC-001: valid development transition [ ] → [bd]","duration":10.979100000000017,"failureMessages":["Error: Task를 찾을 수 없습니다: TSK-01-01-01\n    at createError (file:///C:/project/jjiban/node_modules/h3/dist/index.mjs:71:15)\n    at createStandardError (C:/project/jjiban/server/utils/errors/standardError.ts:30:10)\n    at createNotFoundError (C:/project/jjiban/server/utils/errors/standardError.ts:44:10)\n    at validateTransitionInternal (C:/project/jjiban/server/utils/workflow/transitionService.ts:123:11)\n    at validateTransition (C:/project/jjiban/server/utils/workflow/transitionService.ts:160:18)\n    at C:/project/jjiban/tests/utils/workflow/transitionService.test.ts:25:22\n    at file:///C:/project/jjiban/node_modules/@vitest/runner/dist/index.js:915:20"],"meta":{}},{"ancestorTitles":["TransitionService","validateTransition"],"fullName":"TransitionService validateTransition TC-002: invalid transition [vf] → [dd]","status":"passed","title":"TC-002: invalid transition [vf] → [dd]","duration":0.8470000000002074,"failureMessages":[],"meta":{}},{"ancestorTitles":["TransitionService","validateTransition"],"fullName":"TransitionService validateTransition TC-003: Task not found","status":"passed","title":"TC-003: Task not found","duration":3.329400000000078,"failureMessages":[],"meta":{}},{"ancestorTitles":["TransitionService","getAvailableCommands"],"fullName":"TransitionService getAvailableCommands TC-004-1: development [ ] → [start]","status":"failed","title":"TC-004-1: development [ ] → [start]","duration":2.50879999999961,"failureMessages":["Error: Task를 찾을 수 없습니다: TSK-01-01-01\n    at createError (file:///C:/project/jjiban/node_modules/h3/dist/index.mjs:71:15)\n    at createStandardError (C:/project/jjiban/server/utils/errors/standardError.ts:30:10)\n    at createNotFoundError (C:/project/jjiban/server/utils/errors/standardError.ts:44:10)\n    at getAvailableCommands (C:/project/jjiban/server/utils/workflow/transitionService.ts:262:11)\n    at C:/project/jjiban/tests/utils/workflow/transitionService.test.ts:52:24\n    at file:///C:/project/jjiban/node_modules/@vitest/runner/dist/index.js:915:20"],"meta":{}},{"ancestorTitles":["TransitionService","getAvailableCommands"],"fullName":"TransitionService getAvailableCommands TC-005-1: defect [ ] → [start]","status":"failed","title":"TC-005-1: defect [ ] → [start]","duration":1.721100000000206,"failureMessages":["Error: Task를 찾을 수 없습니다: TSK-01-01-02\n    at createError (file:///C:/project/jjiban/node_modules/h3/dist/index.mjs:71:15)\n    at createStandardError (C:/project/jjiban/server/utils/errors/standardError.ts:30:10)\n    at createNotFoundError (C:/project/jjiban/server/utils/errors/standardError.ts:44:10)\n    at getAvailableCommands (C:/project/jjiban/server/utils/workflow/transitionService.ts:262:11)\n    at C:/project/jjiban/tests/utils/workflow/transitionService.test.ts:61:24\n    at file:///C:/project/jjiban/node_modules/@vitest/runner/dist/index.js:915:20"],"meta":{}},{"ancestorTitles":["TransitionService","getAvailableCommands"],"fullName":"TransitionService getAvailableCommands TC-006-1: infrastructure [ ] → [start, skip]","status":"failed","title":"TC-006-1: infrastructure [ ] → [start, skip]","duration":1.9632000000001426,"failureMessages":["Error: Task를 찾을 수 없습니다: TSK-01-01-03\n    at createError (file:///C:/project/jjiban/node_modules/h3/dist/index.mjs:71:15)\n    at createStandardError (C:/project/jjiban/server/utils/errors/standardError.ts:30:10)\n    at createNotFoundError (C:/project/jjiban/server/utils/errors/standardError.ts:44:10)\n    at getAvailableCommands (C:/project/jjiban/server/utils/workflow/transitionService.ts:262:11)\n    at C:/project/jjiban/tests/utils/workflow/transitionService.test.ts:69:24\n    at file:///C:/project/jjiban/node_modules/@vitest/runner/dist/index.js:915:20"],"meta":{}},{"ancestorTitles":["TransitionService","executeTransition"],"fullName":"TransitionService executeTransition TC-007: success without document creation","status":"passed","title":"TC-007: success without document creation","duration":0.2219000000000051,"failureMessages":[],"meta":{}},{"ancestorTitles":["TransitionService","executeTransition"],"fullName":"TransitionService executeTransition TC-008: success with document creation","status":"passed","title":"TC-008: success with document creation","duration":1.2127000000000407,"failureMessages":[],"meta":{}},{"ancestorTitles":["TransitionService","executeTransition"],"fullName":"TransitionService executeTransition TC-009: fails on invalid transition","status":"passed","title":"TC-009: fails on invalid transition","duration":1.255500000000211,"failureMessages":[],"meta":{}}],"startTime":1765797580482,"endTime":1765797580507.2556,"status":"failed","message":"","name":"C:/project/jjiban/tests/utils/workflow/transitionService.test.ts"},{"assertionResults":[{"ancestorTitles":["WorkflowEngine","getWorkflowState"],"fullName":"WorkflowEngine getWorkflowState returns workflow state for development task","status":"failed","title":"returns workflow state for development task","duration":14.57910000000038,"failureMessages":["Error: Task를 찾을 수 없습니다: TSK-01-02-01\n    at createError (file:///C:/project/jjiban/node_modules/h3/dist/index.mjs:71:15)\n    at createStandardError (C:/project/jjiban/server/utils/errors/standardError.ts:30:10)\n    at createNotFoundError (C:/project/jjiban/server/utils/errors/standardError.ts:44:10)\n    at getWorkflowState (C:/project/jjiban/server/utils/workflow/workflowEngine.ts:57:11)\n    at C:/project/jjiban/tests/utils/workflow/workflowEngine.test.ts:24:21\n    at file:///C:/project/jjiban/node_modules/@vitest/runner/dist/index.js:915:20"],"meta":{}},{"ancestorTitles":["WorkflowEngine","getWorkflowState"],"fullName":"WorkflowEngine getWorkflowState returns workflow state for second development task","status":"failed","title":"returns workflow state for second development task","duration":2.2118000000000393,"failureMessages":["Error: Task를 찾을 수 없습니다: TSK-01-02-02\n    at createError (file:///C:/project/jjiban/node_modules/h3/dist/index.mjs:71:15)\n    at createStandardError (C:/project/jjiban/server/utils/errors/standardError.ts:30:10)\n    at createNotFoundError (C:/project/jjiban/server/utils/errors/standardError.ts:44:10)\n    at getWorkflowState (C:/project/jjiban/server/utils/workflow/workflowEngine.ts:57:11)\n    at C:/project/jjiban/tests/utils/workflow/workflowEngine.test.ts:39:21\n    at file:///C:/project/jjiban/node_modules/@vitest/runner/dist/index.js:915:20"],"meta":{}},{"ancestorTitles":["WorkflowEngine","getWorkflowState"],"fullName":"WorkflowEngine getWorkflowState returns workflow state for infrastructure task","status":"failed","title":"returns workflow state for infrastructure task","duration":1.8157000000001062,"failureMessages":["Error: Task를 찾을 수 없습니다: TSK-01-01-01\n    at createError (file:///C:/project/jjiban/node_modules/h3/dist/index.mjs:71:15)\n    at createStandardError (C:/project/jjiban/server/utils/errors/standardError.ts:30:10)\n    at createNotFoundError (C:/project/jjiban/server/utils/errors/standardError.ts:44:10)\n    at getWorkflowState (C:/project/jjiban/server/utils/workflow/workflowEngine.ts:57:11)\n    at C:/project/jjiban/tests/utils/workflow/workflowEngine.test.ts:48:21\n    at file:///C:/project/jjiban/node_modules/@vitest/runner/dist/index.js:915:20"],"meta":{}},{"ancestorTitles":["WorkflowEngine","getWorkflowState"],"fullName":"WorkflowEngine getWorkflowState throws TASK_NOT_FOUND for invalid task","status":"passed","title":"throws TASK_NOT_FOUND for invalid task","duration":3.281199999999899,"failureMessages":[],"meta":{}},{"ancestorTitles":["WorkflowEngine","getWorkflowState"],"fullName":"WorkflowEngine getWorkflowState includes available commands in workflow state","status":"failed","title":"includes available commands in workflow state","duration":2.5807999999997264,"failureMessages":["Error: Task를 찾을 수 없습니다: TSK-01-02-01\n    at createError (file:///C:/project/jjiban/node_modules/h3/dist/index.mjs:71:15)\n    at createStandardError (C:/project/jjiban/server/utils/errors/standardError.ts:30:10)\n    at createNotFoundError (C:/project/jjiban/server/utils/errors/standardError.ts:44:10)\n    at getWorkflowState (C:/project/jjiban/server/utils/workflow/workflowEngine.ts:57:11)\n    at C:/project/jjiban/tests/utils/workflow/workflowEngine.test.ts:63:21\n    at file:///C:/project/jjiban/node_modules/@vitest/runner/dist/index.js:915:20"],"meta":{}},{"ancestorTitles":["WorkflowEngine","getWorkflowState"],"fullName":"WorkflowEngine getWorkflowState workflow states array is not empty","status":"failed","title":"workflow states array is not empty","duration":1.69399999999996,"failureMessages":["Error: Task를 찾을 수 없습니다: TSK-01-02-01\n    at createError (file:///C:/project/jjiban/node_modules/h3/dist/index.mjs:71:15)\n    at createStandardError (C:/project/jjiban/server/utils/errors/standardError.ts:30:10)\n    at createNotFoundError (C:/project/jjiban/server/utils/errors/standardError.ts:44:10)\n    at getWorkflowState (C:/project/jjiban/server/utils/workflow/workflowEngine.ts:57:11)\n    at C:/project/jjiban/tests/utils/workflow/workflowEngine.test.ts:71:21\n    at file:///C:/project/jjiban/node_modules/@vitest/runner/dist/index.js:915:20"],"meta":{}},{"ancestorTitles":["WorkflowEngine","getWorkflowState"],"fullName":"WorkflowEngine getWorkflowState workflow transitions array is not empty","status":"failed","title":"workflow transitions array is not empty","duration":1.9202000000000226,"failureMessages":["Error: Task를 찾을 수 없습니다: TSK-01-02-01\n    at createError (file:///C:/project/jjiban/node_modules/h3/dist/index.mjs:71:15)\n    at createStandardError (C:/project/jjiban/server/utils/errors/standardError.ts:30:10)\n    at createNotFoundError (C:/project/jjiban/server/utils/errors/standardError.ts:44:10)\n    at getWorkflowState (C:/project/jjiban/server/utils/workflow/workflowEngine.ts:57:11)\n    at C:/project/jjiban/tests/utils/workflow/workflowEngine.test.ts:80:21\n    at file:///C:/project/jjiban/node_modules/@vitest/runner/dist/index.js:915:20"],"meta":{}},{"ancestorTitles":["WorkflowEngine","getWorkflowState"],"fullName":"WorkflowEngine getWorkflowState current state name is defined","status":"failed","title":"current state name is defined","duration":2.164600000000064,"failureMessages":["Error: Task를 찾을 수 없습니다: TSK-01-02-01\n    at createError (file:///C:/project/jjiban/node_modules/h3/dist/index.mjs:71:15)\n    at createStandardError (C:/project/jjiban/server/utils/errors/standardError.ts:30:10)\n    at createNotFoundError (C:/project/jjiban/server/utils/errors/standardError.ts:44:10)\n    at getWorkflowState (C:/project/jjiban/server/utils/workflow/workflowEngine.ts:57:11)\n    at C:/project/jjiban/tests/utils/workflow/workflowEngine.test.ts:87:21\n    at file:///C:/project/jjiban/node_modules/@vitest/runner/dist/index.js:915:20"],"meta":{}},{"ancestorTitles":["WorkflowEngine","getAvailableCommands"],"fullName":"WorkflowEngine getAvailableCommands returns commands for development task","status":"failed","title":"returns commands for development task","duration":2.4906999999998334,"failureMessages":["Error: Task를 찾을 수 없습니다: TSK-01-02-01\n    at createError (file:///C:/project/jjiban/node_modules/h3/dist/index.mjs:71:15)\n    at createStandardError (C:/project/jjiban/server/utils/errors/standardError.ts:30:10)\n    at createNotFoundError (C:/project/jjiban/server/utils/errors/standardError.ts:44:10)\n    at getAvailableCommands (C:/project/jjiban/server/utils/workflow/transitionService.ts:262:11)\n    at C:/project/jjiban/tests/utils/workflow/workflowEngine.test.ts:99:24\n    at file:///C:/project/jjiban/node_modules/@vitest/runner/dist/index.js:915:20"],"meta":{}},{"ancestorTitles":["WorkflowEngine","getAvailableCommands"],"fullName":"WorkflowEngine getAvailableCommands returns commands for second development task","status":"failed","title":"returns commands for second development task","duration":2.364599999999882,"failureMessages":["Error: Task를 찾을 수 없습니다: TSK-01-02-02\n    at createError (file:///C:/project/jjiban/node_modules/h3/dist/index.mjs:71:15)\n    at createStandardError (C:/project/jjiban/server/utils/errors/standardError.ts:30:10)\n    at createNotFoundError (C:/project/jjiban/server/utils/errors/standardError.ts:44:10)\n    at getAvailableCommands (C:/project/jjiban/server/utils/workflow/transitionService.ts:262:11)\n    at C:/project/jjiban/tests/utils/workflow/workflowEngine.test.ts:106:24\n    at file:///C:/project/jjiban/node_modules/@vitest/runner/dist/index.js:915:20"],"meta":{}},{"ancestorTitles":["WorkflowEngine","getAvailableCommands"],"fullName":"WorkflowEngine getAvailableCommands returns commands for infrastructure task","status":"failed","title":"returns commands for infrastructure task","duration":1.2629000000001724,"failureMessages":["Error: Task를 찾을 수 없습니다: TSK-01-01-01\n    at createError (file:///C:/project/jjiban/node_modules/h3/dist/index.mjs:71:15)\n    at createStandardError (C:/project/jjiban/server/utils/errors/standardError.ts:30:10)\n    at createNotFoundError (C:/project/jjiban/server/utils/errors/standardError.ts:44:10)\n    at getAvailableCommands (C:/project/jjiban/server/utils/workflow/transitionService.ts:262:11)\n    at C:/project/jjiban/tests/utils/workflow/workflowEngine.test.ts:113:24\n    at file:///C:/project/jjiban/node_modules/@vitest/runner/dist/index.js:915:20"],"meta":{}},{"ancestorTitles":["WorkflowEngine","getAvailableCommands"],"fullName":"WorkflowEngine getAvailableCommands throws error for invalid task","status":"passed","title":"throws error for invalid task","duration":1.1889999999998508,"failureMessages":[],"meta":{}},{"ancestorTitles":["WorkflowEngine","getAvailableCommands"],"fullName":"WorkflowEngine getAvailableCommands commands are strings","status":"failed","title":"commands are strings","duration":1.4549999999999272,"failureMessages":["Error: Task를 찾을 수 없습니다: TSK-01-02-01\n    at createError (file:///C:/project/jjiban/node_modules/h3/dist/index.mjs:71:15)\n    at createStandardError (C:/project/jjiban/server/utils/errors/standardError.ts:30:10)\n    at createNotFoundError (C:/project/jjiban/server/utils/errors/standardError.ts:44:10)\n    at getAvailableCommands (C:/project/jjiban/server/utils/workflow/transitionService.ts:262:11)\n    at C:/project/jjiban/tests/utils/workflow/workflowEngine.test.ts:126:24\n    at file:///C:/project/jjiban/node_modules/@vitest/runner/dist/index.js:915:20"],"meta":{}},{"ancestorTitles":["WorkflowEngine","executeCommand"],"fullName":"WorkflowEngine executeCommand returns transition result with required fields","status":"passed","title":"returns transition result with required fields","duration":1.5725999999999658,"failureMessages":[],"meta":{}},{"ancestorTitles":["WorkflowEngine","executeCommand"],"fullName":"WorkflowEngine executeCommand throws error for invalid command","status":"passed","title":"throws error for invalid command","duration":1.0114999999996144,"failureMessages":[],"meta":{}},{"ancestorTitles":["WorkflowEngine","executeCommand"],"fullName":"WorkflowEngine executeCommand throws error for invalid task","status":"passed","title":"throws error for invalid task","duration":1.7836999999999534,"failureMessages":[],"meta":{}},{"ancestorTitles":["WorkflowEngine","executeCommand"],"fullName":"WorkflowEngine executeCommand accepts optional comment parameter","status":"passed","title":"accepts optional comment parameter","duration":1.847700000000259,"failureMessages":[],"meta":{}},{"ancestorTitles":["WorkflowEngine","executeCommand"],"fullName":"WorkflowEngine executeCommand records history after execution","status":"passed","title":"records history after execution","duration":10.07699999999977,"failureMessages":[],"meta":{}},{"ancestorTitles":["WorkflowEngine","queryHistory"],"fullName":"WorkflowEngine queryHistory returns history result with items and totalCount","status":"failed","title":"returns history result with items and totalCount","duration":2.4964999999997417,"failureMessages":["Error: Task를 찾을 수 없습니다: TSK-01-02-01\n    at createError (file:///C:/project/jjiban/node_modules/h3/dist/index.mjs:71:15)\n    at createStandardError (C:/project/jjiban/server/utils/errors/standardError.ts:30:10)\n    at createNotFoundError (C:/project/jjiban/server/utils/errors/standardError.ts:44:10)\n    at queryHistory (C:/project/jjiban/server/utils/workflow/workflowEngine.ts:152:11)\n    at C:/project/jjiban/tests/utils/workflow/workflowEngine.test.ts:200:22\n    at file:///C:/project/jjiban/node_modules/@vitest/runner/dist/index.js:915:20"],"meta":{}},{"ancestorTitles":["WorkflowEngine","queryHistory"],"fullName":"WorkflowEngine queryHistory filters by action type","status":"failed","title":"filters by action type","duration":6.911399999999958,"failureMessages":["Error: Task를 찾을 수 없습니다: TSK-01-02-01\n    at createError (file:///C:/project/jjiban/node_modules/h3/dist/index.mjs:71:15)\n    at createStandardError (C:/project/jjiban/server/utils/errors/standardError.ts:30:10)\n    at createNotFoundError (C:/project/jjiban/server/utils/errors/standardError.ts:44:10)\n    at queryHistory (C:/project/jjiban/server/utils/workflow/workflowEngine.ts:152:11)\n    at C:/project/jjiban/tests/utils/workflow/workflowEngine.test.ts:211:22\n    at file:///C:/project/jjiban/node_modules/@vitest/runner/dist/index.js:915:20"],"meta":{}},{"ancestorTitles":["WorkflowEngine","queryHistory"],"fullName":"WorkflowEngine queryHistory applies limit correctly","status":"failed","title":"applies limit correctly","duration":1.3813000000000102,"failureMessages":["Error: Task를 찾을 수 없습니다: TSK-01-02-01\n    at createError (file:///C:/project/jjiban/node_modules/h3/dist/index.mjs:71:15)\n    at createStandardError (C:/project/jjiban/server/utils/errors/standardError.ts:30:10)\n    at createNotFoundError (C:/project/jjiban/server/utils/errors/standardError.ts:44:10)\n    at queryHistory (C:/project/jjiban/server/utils/workflow/workflowEngine.ts:152:11)\n    at C:/project/jjiban/tests/utils/workflow/workflowEngine.test.ts:222:22\n    at file:///C:/project/jjiban/node_modules/@vitest/runner/dist/index.js:915:20"],"meta":{}},{"ancestorTitles":["WorkflowEngine","queryHistory"],"fullName":"WorkflowEngine queryHistory applies offset correctly","status":"failed","title":"applies offset correctly","duration":1.2692000000001826,"failureMessages":["Error: Task를 찾을 수 없습니다: TSK-01-02-01\n    at createError (file:///C:/project/jjiban/node_modules/h3/dist/index.mjs:71:15)\n    at createStandardError (C:/project/jjiban/server/utils/errors/standardError.ts:30:10)\n    at createNotFoundError (C:/project/jjiban/server/utils/errors/standardError.ts:44:10)\n    at queryHistory (C:/project/jjiban/server/utils/workflow/workflowEngine.ts:152:11)\n    at C:/project/jjiban/tests/utils/workflow/workflowEngine.test.ts:228:26\n    at file:///C:/project/jjiban/node_modules/@vitest/runner/dist/index.js:915:20"],"meta":{}},{"ancestorTitles":["WorkflowEngine","queryHistory"],"fullName":"WorkflowEngine queryHistory combines limit and offset","status":"failed","title":"combines limit and offset","duration":1.1808000000000902,"failureMessages":["Error: Task를 찾을 수 없습니다: TSK-01-02-01\n    at createError (file:///C:/project/jjiban/node_modules/h3/dist/index.mjs:71:15)\n    at createStandardError (C:/project/jjiban/server/utils/errors/standardError.ts:30:10)\n    at createNotFoundError (C:/project/jjiban/server/utils/errors/standardError.ts:44:10)\n    at queryHistory (C:/project/jjiban/server/utils/workflow/workflowEngine.ts:152:11)\n    at C:/project/jjiban/tests/utils/workflow/workflowEngine.test.ts:237:22\n    at file:///C:/project/jjiban/node_modules/@vitest/runner/dist/index.js:915:20"],"meta":{}},{"ancestorTitles":["WorkflowEngine","queryHistory"],"fullName":"WorkflowEngine queryHistory returns empty array when no history exists","status":"failed","title":"returns empty array when no history exists","duration":1.0969999999997526,"failureMessages":["Error: Task를 찾을 수 없습니다: TSK-01-02-02\n    at createError (file:///C:/project/jjiban/node_modules/h3/dist/index.mjs:71:15)\n    at createStandardError (C:/project/jjiban/server/utils/errors/standardError.ts:30:10)\n    at createNotFoundError (C:/project/jjiban/server/utils/errors/standardError.ts:44:10)\n    at queryHistory (C:/project/jjiban/server/utils/workflow/workflowEngine.ts:152:11)\n    at C:/project/jjiban/tests/utils/workflow/workflowEngine.test.ts:247:22\n    at file:///C:/project/jjiban/node_modules/@vitest/runner/dist/index.js:915:20"],"meta":{}},{"ancestorTitles":["WorkflowEngine","queryHistory"],"fullName":"WorkflowEngine queryHistory throws error for invalid task","status":"passed","title":"throws error for invalid task","duration":1.3323999999997795,"failureMessages":[],"meta":{}},{"ancestorTitles":["WorkflowEngine","queryHistory"],"fullName":"WorkflowEngine queryHistory history items have required fields","status":"failed","title":"history items have required fields","duration":1.2865999999999076,"failureMessages":["Error: Task를 찾을 수 없습니다: TSK-01-02-01\n    at createError (file:///C:/project/jjiban/node_modules/h3/dist/index.mjs:71:15)\n    at createStandardError (C:/project/jjiban/server/utils/errors/standardError.ts:30:10)\n    at createNotFoundError (C:/project/jjiban/server/utils/errors/standardError.ts:44:10)\n    at queryHistory (C:/project/jjiban/server/utils/workflow/workflowEngine.ts:152:11)\n    at C:/project/jjiban/tests/utils/workflow/workflowEngine.test.ts:261:22\n    at file:///C:/project/jjiban/node_modules/@vitest/runner/dist/index.js:915:20"],"meta":{}},{"ancestorTitles":["WorkflowEngine","queryHistory"],"fullName":"WorkflowEngine queryHistory history items are sorted (newest first)","status":"failed","title":"history items are sorted (newest first)","duration":1.3277000000002772,"failureMessages":["Error: Task를 찾을 수 없습니다: TSK-01-02-01\n    at createError (file:///C:/project/jjiban/node_modules/h3/dist/index.mjs:71:15)\n    at createStandardError (C:/project/jjiban/server/utils/errors/standardError.ts:30:10)\n    at createNotFoundError (C:/project/jjiban/server/utils/errors/standardError.ts:44:10)\n    at queryHistory (C:/project/jjiban/server/utils/workflow/workflowEngine.ts:152:11)\n    at C:/project/jjiban/tests/utils/workflow/workflowEngine.test.ts:272:22\n    at file:///C:/project/jjiban/node_modules/@vitest/runner/dist/index.js:915:20"],"meta":{}},{"ancestorTitles":["WorkflowEngine","queryHistory"],"fullName":"WorkflowEngine queryHistory totalCount reflects unfiltered count","status":"failed","title":"totalCount reflects unfiltered count","duration":1.1724999999996726,"failureMessages":["Error: Task를 찾을 수 없습니다: TSK-01-02-01\n    at createError (file:///C:/project/jjiban/node_modules/h3/dist/index.mjs:71:15)\n    at createStandardError (C:/project/jjiban/server/utils/errors/standardError.ts:30:10)\n    at createNotFoundError (C:/project/jjiban/server/utils/errors/standardError.ts:44:10)\n    at queryHistory (C:/project/jjiban/server/utils/workflow/workflowEngine.ts:152:11)\n    at C:/project/jjiban/tests/utils/workflow/workflowEngine.test.ts:284:32\n    at file:///C:/project/jjiban/node_modules/@vitest/runner/dist/index.js:915:20"],"meta":{}},{"ancestorTitles":["WorkflowEngine","integration scenarios"],"fullName":"WorkflowEngine integration scenarios workflow state and available commands are consistent","status":"failed","title":"workflow state and available commands are consistent","duration":1.531800000000203,"failureMessages":["Error: Task를 찾을 수 없습니다: TSK-01-02-01\n    at createError (file:///C:/project/jjiban/node_modules/h3/dist/index.mjs:71:15)\n    at createStandardError (C:/project/jjiban/server/utils/errors/standardError.ts:30:10)\n    at createNotFoundError (C:/project/jjiban/server/utils/errors/standardError.ts:44:10)\n    at getWorkflowState (C:/project/jjiban/server/utils/workflow/workflowEngine.ts:57:11)\n    at C:/project/jjiban/tests/utils/workflow/workflowEngine.test.ts:293:21\n    at file:///C:/project/jjiban/node_modules/@vitest/runner/dist/index.js:915:20"],"meta":{}},{"ancestorTitles":["WorkflowEngine","integration scenarios"],"fullName":"WorkflowEngine integration scenarios executing command updates workflow state","status":"passed","title":"executing command updates workflow state","duration":1.8991000000000895,"failureMessages":[],"meta":{}},{"ancestorTitles":["WorkflowEngine","integration scenarios"],"fullName":"WorkflowEngine integration scenarios history records include command from executeCommand","status":"passed","title":"history records include command from executeCommand","duration":5.327200000000175,"failureMessages":[],"meta":{}},{"ancestorTitles":["WorkflowEngine","error handling"],"fullName":"WorkflowEngine error handling handles non-existent task gracefully","status":"passed","title":"handles non-existent task gracefully","duration":3.828599999999824,"failureMessages":[],"meta":{}},{"ancestorTitles":["WorkflowEngine","error handling"],"fullName":"WorkflowEngine error handling handles invalid command gracefully","status":"passed","title":"handles invalid command gracefully","duration":1.4384000000000015,"failureMessages":[],"meta":{}},{"ancestorTitles":["WorkflowEngine","error handling"],"fullName":"WorkflowEngine error handling getWorkflowState error includes task ID","status":"passed","title":"getWorkflowState error includes task ID","duration":1.0232999999998356,"failureMessages":[],"meta":{}}],"startTime":1765797580520,"endTime":1765797580612.0232,"status":"failed","message":"","name":"C:/project/jjiban/tests/utils/workflow/workflowEngine.test.ts"},{"assertionResults":[{"ancestorTitles":["CategoryTag"],"fullName":"CategoryTag should display correct tag for development","status":"passed","title":"should display correct tag for development","duration":44.951899999999796,"failureMessages":[],"meta":{}},{"ancestorTitles":["CategoryTag"],"fullName":"CategoryTag should display correct tag for defect","status":"passed","title":"should display correct tag for defect","duration":7.262900000000172,"failureMessages":[],"meta":{}},{"ancestorTitles":["CategoryTag"],"fullName":"CategoryTag should display correct tag for infrastructure","status":"passed","title":"should display correct tag for infrastructure","duration":5.824500000000171,"failureMessages":[],"meta":{}},{"ancestorTitles":["CategoryTag"],"fullName":"CategoryTag should have rounded attribute","status":"passed","title":"should have rounded attribute","duration":4.782799999999952,"failureMessages":[],"meta":{}},{"ancestorTitles":["CategoryTag"],"fullName":"CategoryTag should render icon and label together","status":"passed","title":"should render icon and label together","duration":4.657600000000002,"failureMessages":[],"meta":{}}],"startTime":1765797584981,"endTime":1765797585048.6577,"status":"passed","message":"","name":"C:/project/jjiban/tests/unit/components/wbs/CategoryTag.test.ts"},{"assertionResults":[{"ancestorTitles":["NodeIcon"],"fullName":"NodeIcon should display correct icon for project","status":"passed","title":"should display correct icon for project","duration":26.506500000000187,"failureMessages":[],"meta":{}},{"ancestorTitles":["NodeIcon"],"fullName":"NodeIcon should display correct icon for wp","status":"passed","title":"should display correct icon for wp","duration":3.973899999999958,"failureMessages":[],"meta":{}},{"ancestorTitles":["NodeIcon"],"fullName":"NodeIcon should display correct icon for act","status":"passed","title":"should display correct icon for act","duration":3.3378999999999905,"failureMessages":[],"meta":{}},{"ancestorTitles":["NodeIcon"],"fullName":"NodeIcon should display correct icon for task","status":"passed","title":"should display correct icon for task","duration":2.945600000000013,"failureMessages":[],"meta":{}},{"ancestorTitles":["NodeIcon"],"fullName":"NodeIcon should render with correct dimensions","status":"passed","title":"should render with correct dimensions","duration":3.080199999999877,"failureMessages":[],"meta":{}},{"ancestorTitles":["NodeIcon"],"fullName":"NodeIcon should have rounded rectangle shape","status":"passed","title":"should have rounded rectangle shape","duration":1.6467000000000098,"failureMessages":[],"meta":{}}],"startTime":1765797585151,"endTime":1765797585192.6467,"status":"passed","message":"","name":"C:/project/jjiban/tests/unit/components/wbs/NodeIcon.test.ts"},{"assertionResults":[{"ancestorTitles":["ProgressBar"],"fullName":"ProgressBar should apply correct color for 15% #ef4444","status":"passed","title":"should apply correct color for 15% #ef4444","duration":42.82770000000005,"failureMessages":[],"meta":{}},{"ancestorTitles":["ProgressBar"],"fullName":"ProgressBar should apply correct color for 50% #f59e0b","status":"passed","title":"should apply correct color for 50% #f59e0b","duration":8.134400000000142,"failureMessages":[],"meta":{}},{"ancestorTitles":["ProgressBar"],"fullName":"ProgressBar should apply correct color for 85% #22c55e","status":"passed","title":"should apply correct color for 85% #22c55e","duration":7.503600000000006,"failureMessages":[],"meta":{}},{"ancestorTitles":["ProgressBar"],"fullName":"ProgressBar should handle boundary value 0% #ef4444 correctly","status":"passed","title":"should handle boundary value 0% #ef4444 correctly","duration":4.6667999999999665,"failureMessages":[],"meta":{}},{"ancestorTitles":["ProgressBar"],"fullName":"ProgressBar should handle boundary value 30% #f59e0b correctly","status":"passed","title":"should handle boundary value 30% #f59e0b correctly","duration":4.286899999999832,"failureMessages":[],"meta":{}},{"ancestorTitles":["ProgressBar"],"fullName":"ProgressBar should handle boundary value 70% #22c55e correctly","status":"passed","title":"should handle boundary value 70% #22c55e correctly","duration":3.573699999999917,"failureMessages":[],"meta":{}},{"ancestorTitles":["ProgressBar"],"fullName":"ProgressBar should handle boundary value 100% #22c55e correctly","status":"passed","title":"should handle boundary value 100% #22c55e correctly","duration":4.42489999999998,"failureMessages":[],"meta":{}},{"ancestorTitles":["ProgressBar"],"fullName":"ProgressBar should show value by default","status":"passed","title":"should show value by default","duration":9.25649999999996,"failureMessages":[],"meta":{}},{"ancestorTitles":["ProgressBar"],"fullName":"ProgressBar should allow hiding value","status":"passed","title":"should allow hiding value","duration":6.6715999999998985,"failureMessages":[],"meta":{}}],"startTime":1765797584912,"endTime":1765797585003.6716,"status":"passed","message":"","name":"C:/project/jjiban/tests/unit/components/wbs/ProgressBar.test.ts"},{"assertionResults":[{"ancestorTitles":["StatusBadge"],"fullName":"StatusBadge should parse status code correctly","status":"passed","title":"should parse status code correctly","duration":39.85189999999989,"failureMessages":[],"meta":{}},{"ancestorTitles":["StatusBadge"],"fullName":"StatusBadge should parse \"detail-design [dd]\" to label \"Detail\" with severity \"info\"","status":"passed","title":"should parse \"detail-design [dd]\" to label \"Detail\" with severity \"info\"","duration":5.582400000000007,"failureMessages":[],"meta":{}},{"ancestorTitles":["StatusBadge"],"fullName":"StatusBadge should parse \"implement [im]\" to label \"Implement\" with severity \"warning\"","status":"passed","title":"should parse \"implement [im]\" to label \"Implement\" with severity \"warning\"","duration":4.606199999999944,"failureMessages":[],"meta":{}},{"ancestorTitles":["StatusBadge"],"fullName":"StatusBadge should parse \"verify [vf]\" to label \"Verify\" with severity \"success\"","status":"passed","title":"should parse \"verify [vf]\" to label \"Verify\" with severity \"success\"","duration":3.593900000000076,"failureMessages":[],"meta":{}},{"ancestorTitles":["StatusBadge"],"fullName":"StatusBadge should parse \"done [xx]\" to label \"Done\" with severity \"success\"","status":"passed","title":"should parse \"done [xx]\" to label \"Done\" with severity \"success\"","duration":3.912499999999909,"failureMessages":[],"meta":{}},{"ancestorTitles":["StatusBadge"],"fullName":"StatusBadge should parse \"todo [ ]\" to label \"Todo\" with severity \"secondary\"","status":"passed","title":"should parse \"todo [ ]\" to label \"Todo\" with severity \"secondary\"","duration":2.81880000000001,"failureMessages":[],"meta":{}},{"ancestorTitles":["StatusBadge"],"fullName":"StatusBadge should display original status if parsing fails","status":"passed","title":"should display original status if parsing fails","duration":2.97400000000016,"failureMessages":[],"meta":{}},{"ancestorTitles":["StatusBadge"],"fullName":"StatusBadge should have rounded and small size attributes","status":"passed","title":"should have rounded and small size attributes","duration":4.7266000000001895,"failureMessages":[],"meta":{}}],"startTime":1765797584817,"endTime":1765797584885.7266,"status":"passed","message":"","name":"C:/project/jjiban/tests/unit/components/wbs/StatusBadge.test.ts"},{"assertionResults":[{"ancestorTitles":["WbsTreeNode"],"fullName":"WbsTreeNode should render node recursively with children","status":"passed","title":"should render node recursively with children","duration":42.60759999999982,"failureMessages":[],"meta":{}},{"ancestorTitles":["WbsTreeNode"],"fullName":"WbsTreeNode should calculate indent width correctly for depth 0","status":"passed","title":"should calculate indent width correctly for depth 0","duration":4.272299999999859,"failureMessages":[],"meta":{}},{"ancestorTitles":["WbsTreeNode"],"fullName":"WbsTreeNode should calculate indent width correctly for depth 1","status":"passed","title":"should calculate indent width correctly for depth 1","duration":2.8693000000000666,"failureMessages":[],"meta":{}},{"ancestorTitles":["WbsTreeNode"],"fullName":"WbsTreeNode should calculate indent width correctly for depth 3","status":"passed","title":"should calculate indent width correctly for depth 3","duration":5.361400000000003,"failureMessages":[],"meta":{}},{"ancestorTitles":["WbsTreeNode"],"fullName":"WbsTreeNode should show expand button only if has children","status":"passed","title":"should show expand button only if has children","duration":10.8900000000001,"failureMessages":[],"meta":{}},{"ancestorTitles":["WbsTreeNode"],"fullName":"WbsTreeNode should apply selected class when node is selected","status":"passed","title":"should apply selected class when node is selected","duration":16.767000000000053,"failureMessages":[],"meta":{}},{"ancestorTitles":["WbsTreeNode"],"fullName":"WbsTreeNode should render node content with title","status":"passed","title":"should render node content with title","duration":5.667100000000119,"failureMessages":[],"meta":{}},{"ancestorTitles":["WbsTreeNode"],"fullName":"WbsTreeNode should render optional components conditionally","status":"passed","title":"should render optional components conditionally","duration":11.357299999999896,"failureMessages":[],"meta":{}}],"startTime":1765797584913,"endTime":1765797585013.3574,"status":"passed","message":"","name":"C:/project/jjiban/tests/unit/components/wbs/WbsTreeNode.test.ts"},{"assertionResults":[{"ancestorTitles":["TaskDocuments","getDocumentCardStyle method"],"fullName":"TaskDocuments getDocumentCardStyle method should return blue background for existing documents","status":"passed","title":"should return blue background for existing documents","duration":140.24800000000005,"failureMessages":[],"meta":{}},{"ancestorTitles":["TaskDocuments","getDocumentCardStyle method"],"fullName":"TaskDocuments getDocumentCardStyle method should return gray background with dashed border for expected documents","status":"passed","title":"should return gray background with dashed border for expected documents","duration":14.363200000000006,"failureMessages":[],"meta":{}},{"ancestorTitles":["TaskDocuments","handleOpenDocument method"],"fullName":"TaskDocuments handleOpenDocument method should emit open-document event when exists=true","status":"passed","title":"should emit open-document event when exists=true","duration":20.601899999999887,"failureMessages":[],"meta":{}},{"ancestorTitles":["TaskDocuments","handleOpenDocument method"],"fullName":"TaskDocuments handleOpenDocument method should NOT emit open-document event when exists=false","status":"passed","title":"should NOT emit open-document event when exists=false","duration":12.246999999999844,"failureMessages":[],"meta":{}},{"ancestorTitles":["TaskDocuments","Document Card Classes"],"fullName":"TaskDocuments Document Card Classes should add cursor-pointer and hover classes for existing documents","status":"passed","title":"should add cursor-pointer and hover classes for existing documents","duration":18.182800000000043,"failureMessages":[],"meta":{}},{"ancestorTitles":["TaskDocuments","Document Card Classes"],"fullName":"TaskDocuments Document Card Classes should add cursor-not-allowed for expected documents","status":"passed","title":"should add cursor-not-allowed for expected documents","duration":22.260400000000118,"failureMessages":[],"meta":{}},{"ancestorTitles":["TaskDocuments","Document Type Icons and Colors"],"fullName":"TaskDocuments Document Type Icons and Colors should return correct icon for design documents","status":"passed","title":"should return correct icon for design documents","duration":33.10719999999992,"failureMessages":[],"meta":{}},{"ancestorTitles":["TaskDocuments","Document Type Icons and Colors"],"fullName":"TaskDocuments Document Type Icons and Colors should return fallback icon for unknown type","status":"passed","title":"should return fallback icon for unknown type","duration":17.477300000000014,"failureMessages":[],"meta":{}},{"ancestorTitles":["TaskDocuments","File Size Formatting"],"fullName":"TaskDocuments File Size Formatting should format bytes correctly","status":"passed","title":"should format bytes correctly","duration":16.694300000000112,"failureMessages":[],"meta":{}},{"ancestorTitles":["TaskDocuments","Date Formatting"],"fullName":"TaskDocuments Date Formatting should format date string to Korean locale","status":"passed","title":"should format date string to Korean locale","duration":15.18360000000007,"failureMessages":[],"meta":{}},{"ancestorTitles":["TaskDocuments","Document Base Name Extraction"],"fullName":"TaskDocuments Document Base Name Extraction should remove file extension from filename","status":"passed","title":"should remove file extension from filename","duration":13.869200000000092,"failureMessages":[],"meta":{}},{"ancestorTitles":["TaskDocuments","Rendering"],"fullName":"TaskDocuments Rendering should render document cards with correct data-testid","status":"passed","title":"should render document cards with correct data-testid","duration":15.510299999999916,"failureMessages":[],"meta":{}},{"ancestorTitles":["TaskDocuments","Rendering"],"fullName":"TaskDocuments Rendering should display open button only for existing documents","status":"passed","title":"should display open button only for existing documents","duration":16.10349999999994,"failureMessages":[],"meta":{}},{"ancestorTitles":["TaskDocuments","Rendering"],"fullName":"TaskDocuments Rendering should display file size and updated date for existing documents","status":"passed","title":"should display file size and updated date for existing documents","duration":31.735400000000027,"failureMessages":[],"meta":{}},{"ancestorTitles":["TaskDocuments","Rendering"],"fullName":"TaskDocuments Rendering should display expected condition for expected documents","status":"passed","title":"should display expected condition for expected documents","duration":12.112499999999955,"failureMessages":[],"meta":{}},{"ancestorTitles":["TaskDocuments","Empty State"],"fullName":"TaskDocuments Empty State should display message when no documents exist","status":"passed","title":"should display message when no documents exist","duration":13.082000000000107,"failureMessages":[],"meta":{}},{"ancestorTitles":["TaskDocuments","Document Type Labels"],"fullName":"TaskDocuments Document Type Labels should return correct label for each document type","status":"passed","title":"should return correct label for each document type","duration":14.761400000000094,"failureMessages":[],"meta":{}}],"startTime":1765797583169,"endTime":1765797583598.7615,"status":"passed","message":"","name":"C:/project/jjiban/tests/unit/components/wbs/detail/TaskDocuments.test.ts"},{"assertionResults":[{"ancestorTitles":["TaskHistory","sortedHistory computed"],"fullName":"TaskHistory sortedHistory computed should sort history entries by timestamp descending (newest first)","status":"passed","title":"should sort history entries by timestamp descending (newest first)","duration":142.06320000000005,"failureMessages":[],"meta":{}},{"ancestorTitles":["TaskHistory","sortedHistory computed"],"fullName":"TaskHistory sortedHistory computed should not mutate original history array","status":"passed","title":"should not mutate original history array","duration":16.549499999999625,"failureMessages":[],"meta":{}},{"ancestorTitles":["TaskHistory","sortedHistory computed"],"fullName":"TaskHistory sortedHistory computed should handle empty history array","status":"passed","title":"should handle empty history array","duration":67.64180000000033,"failureMessages":[],"meta":{}},{"ancestorTitles":["TaskHistory","sortedHistory computed"],"fullName":"TaskHistory sortedHistory computed should handle single entry","status":"passed","title":"should handle single entry","duration":15.705200000000332,"failureMessages":[],"meta":{}},{"ancestorTitles":["TaskHistory","getEntryIcon method"],"fullName":"TaskHistory getEntryIcon method should return arrow-right icon for transition action","status":"passed","title":"should return arrow-right icon for transition action","duration":13.722400000000107,"failureMessages":[],"meta":{}},{"ancestorTitles":["TaskHistory","getEntryIcon method"],"fullName":"TaskHistory getEntryIcon method should return pencil icon for update action","status":"passed","title":"should return pencil icon for update action","duration":18.348199999999906,"failureMessages":[],"meta":{}},{"ancestorTitles":["TaskHistory","getEntryIcon method"],"fullName":"TaskHistory getEntryIcon method should return bolt icon for action type","status":"passed","title":"should return bolt icon for action type","duration":10.969900000000052,"failureMessages":[],"meta":{}},{"ancestorTitles":["TaskHistory","getEntryIcon method"],"fullName":"TaskHistory getEntryIcon method should return info-circle icon for unknown action","status":"passed","title":"should return info-circle icon for unknown action","duration":14.566899999999805,"failureMessages":[],"meta":{}},{"ancestorTitles":["TaskHistory","getEntryColor method"],"fullName":"TaskHistory getEntryColor method should return blue for transition","status":"passed","title":"should return blue for transition","duration":12.215900000000147,"failureMessages":[],"meta":{}},{"ancestorTitles":["TaskHistory","getEntryColor method"],"fullName":"TaskHistory getEntryColor method should return green for update","status":"passed","title":"should return green for update","duration":13.722400000000107,"failureMessages":[],"meta":{}},{"ancestorTitles":["TaskHistory","getEntryColor method"],"fullName":"TaskHistory getEntryColor method should return amber for action","status":"passed","title":"should return amber for action","duration":10.665500000000065,"failureMessages":[],"meta":{}},{"ancestorTitles":["TaskHistory","getEntryColor method"],"fullName":"TaskHistory getEntryColor method should return gray for unknown action","status":"passed","title":"should return gray for unknown action","duration":16.071699999999964,"failureMessages":[],"meta":{}},{"ancestorTitles":["TaskHistory","getEntryTitle method"],"fullName":"TaskHistory getEntryTitle method should return \"상태 전이\" for transition","status":"passed","title":"should return \"상태 전이\" for transition","duration":7.2815999999997985,"failureMessages":[],"meta":{}},{"ancestorTitles":["TaskHistory","getEntryTitle method"],"fullName":"TaskHistory getEntryTitle method should return \"정보 수정\" for update","status":"passed","title":"should return \"정보 수정\" for update","duration":8.070799999999963,"failureMessages":[],"meta":{}},{"ancestorTitles":["TaskHistory","getEntryTitle method"],"fullName":"TaskHistory getEntryTitle method should return \"액션 실행\" for action","status":"passed","title":"should return \"액션 실행\" for action","duration":8.695000000000164,"failureMessages":[],"meta":{}},{"ancestorTitles":["TaskHistory","getEntryTitle method"],"fullName":"TaskHistory getEntryTitle method should return action value for unknown action","status":"passed","title":"should return action value for unknown action","duration":13.14260000000013,"failureMessages":[],"meta":{}},{"ancestorTitles":["TaskHistory","formatTimestamp method"],"fullName":"TaskHistory formatTimestamp method should format timestamp to Korean locale string","status":"passed","title":"should format timestamp to Korean locale string","duration":12.980799999999817,"failureMessages":[],"meta":{}},{"ancestorTitles":["TaskHistory","formatTimestamp method"],"fullName":"TaskHistory formatTimestamp method should return consistent format for multiple timestamps","status":"passed","title":"should return consistent format for multiple timestamps","duration":22.721600000000308,"failureMessages":[],"meta":{}},{"ancestorTitles":["TaskHistory","Rendering"],"fullName":"TaskHistory Rendering should render timeline with correct data-testid","status":"passed","title":"should render timeline with correct data-testid","duration":14.59940000000006,"failureMessages":[],"meta":{}},{"ancestorTitles":["TaskHistory","Rendering"],"fullName":"TaskHistory Rendering should render history entries with correct data-testid","status":"passed","title":"should render history entries with correct data-testid","duration":16.197299999999814,"failureMessages":[],"meta":{}},{"ancestorTitles":["TaskHistory","Rendering"],"fullName":"TaskHistory Rendering should display transition information with previousStatus and newStatus","status":"passed","title":"should display transition information with previousStatus and newStatus","duration":13.074800000000323,"failureMessages":[],"meta":{}},{"ancestorTitles":["TaskHistory","Rendering"],"fullName":"TaskHistory Rendering should display command information when present","status":"passed","title":"should display command information when present","duration":9.927299999999832,"failureMessages":[],"meta":{}},{"ancestorTitles":["TaskHistory","Rendering"],"fullName":"TaskHistory Rendering should display document created information when present","status":"passed","title":"should display document created information when present","duration":10.05450000000019,"failureMessages":[],"meta":{}},{"ancestorTitles":["TaskHistory","Rendering"],"fullName":"TaskHistory Rendering should display comment when present","status":"passed","title":"should display comment when present","duration":49.85900000000038,"failureMessages":[],"meta":{}},{"ancestorTitles":["TaskHistory","Rendering"],"fullName":"TaskHistory Rendering should display user information when present","status":"passed","title":"should display user information when present","duration":9.066200000000208,"failureMessages":[],"meta":{}},{"ancestorTitles":["TaskHistory","Empty State"],"fullName":"TaskHistory Empty State should display message when no history exists","status":"passed","title":"should display message when no history exists","duration":9.69210000000021,"failureMessages":[],"meta":{}},{"ancestorTitles":["TaskHistory","Backward Compatibility"],"fullName":"TaskHistory Backward Compatibility should handle legacy history format with from/to fields","status":"passed","title":"should handle legacy history format with from/to fields","duration":8.750999999999749,"failureMessages":[],"meta":{}},{"ancestorTitles":["TaskHistory","Backward Compatibility"],"fullName":"TaskHistory Backward Compatibility should handle legacy user field","status":"passed","title":"should handle legacy user field","duration":9.340699999999742,"failureMessages":[],"meta":{}}],"startTime":1765797582602,"endTime":1765797583181.3408,"status":"passed","message":"","name":"C:/project/jjiban/tests/unit/components/wbs/detail/TaskHistory.test.ts"},{"assertionResults":[{"ancestorTitles":["TaskRequirements","toggleEdit functionality"],"fullName":"TaskRequirements toggleEdit functionality should activate editing mode when edit button clicked","status":"passed","title":"should activate editing mode when edit button clicked","duration":120.29889999999978,"failureMessages":[],"meta":{}},{"ancestorTitles":["TaskRequirements","toggleEdit functionality"],"fullName":"TaskRequirements toggleEdit functionality should copy requirements to localRequirements when editing starts","status":"passed","title":"should copy requirements to localRequirements when editing starts","duration":35.90219999999999,"failureMessages":[],"meta":{}},{"ancestorTitles":["TaskRequirements","toggleEdit functionality"],"fullName":"TaskRequirements toggleEdit functionality should emit update:requirements event on save","status":"passed","title":"should emit update:requirements event on save","duration":50.74330000000009,"failureMessages":[],"meta":{}},{"ancestorTitles":["TaskRequirements","toggleEdit functionality"],"fullName":"TaskRequirements toggleEdit functionality should exit editing mode on cancel without saving","status":"passed","title":"should exit editing mode on cancel without saving","duration":74.55650000000014,"failureMessages":[],"meta":{}},{"ancestorTitles":["TaskRequirements","addRequirement and removeRequirement"],"fullName":"TaskRequirements addRequirement and removeRequirement should add new requirement","status":"passed","title":"should add new requirement","duration":37.689200000000255,"failureMessages":[],"meta":{}},{"ancestorTitles":["TaskRequirements","addRequirement and removeRequirement"],"fullName":"TaskRequirements addRequirement and removeRequirement should remove requirement","status":"passed","title":"should remove requirement","duration":46.20550000000003,"failureMessages":[],"meta":{}},{"ancestorTitles":["TaskRequirements","validateRequirement - 500 character limit"],"fullName":"TaskRequirements validateRequirement - 500 character limit should accept requirements under 500 characters","status":"passed","title":"should accept requirements under 500 characters","duration":26.260099999999966,"failureMessages":[],"meta":{}},{"ancestorTitles":["TaskRequirements","validateRequirement - 500 character limit"],"fullName":"TaskRequirements validateRequirement - 500 character limit should reject requirements over 500 characters","status":"passed","title":"should reject requirements over 500 characters","duration":42.91200000000026,"failureMessages":[],"meta":{}},{"ancestorTitles":["TaskRequirements","validateRequirement - 500 character limit"],"fullName":"TaskRequirements validateRequirement - 500 character limit should prevent save when validation error exists","status":"passed","title":"should prevent save when validation error exists","duration":30.200000000000273,"failureMessages":[],"meta":{}},{"ancestorTitles":["TaskRequirements","validateRequirement - 500 character limit"],"fullName":"TaskRequirements validateRequirement - 500 character limit should display error message when validation fails","status":"passed","title":"should display error message when validation fails","duration":37.72830000000022,"failureMessages":[],"meta":{}},{"ancestorTitles":["TaskRequirements","PRD Reference Display"],"fullName":"TaskRequirements PRD Reference Display should display PRD reference when provided","status":"passed","title":"should display PRD reference when provided","duration":11.650000000000091,"failureMessages":[],"meta":{}},{"ancestorTitles":["TaskRequirements","PRD Reference Display"],"fullName":"TaskRequirements PRD Reference Display should not display PRD reference when not provided","status":"passed","title":"should not display PRD reference when not provided","duration":9.078700000000026,"failureMessages":[],"meta":{}},{"ancestorTitles":["TaskRequirements","Empty State"],"fullName":"TaskRequirements Empty State should display message when no requirements exist","status":"passed","title":"should display message when no requirements exist","duration":15.127200000000357,"failureMessages":[],"meta":{}},{"ancestorTitles":["TaskRequirements","Data Integrity"],"fullName":"TaskRequirements Data Integrity should filter out empty requirements on save","status":"passed","title":"should filter out empty requirements on save","duration":40.658200000000306,"failureMessages":[],"meta":{}}],"startTime":1765797582565,"endTime":1765797583146.6582,"status":"passed","message":"","name":"C:/project/jjiban/tests/unit/components/wbs/detail/TaskRequirements.test.ts"},{"assertionResults":[],"startTime":1765797577685,"endTime":1765797577685,"status":"failed","message":"Failed to resolve import \"~/types\" from \"app/components/wbs/detail/TaskWorkflow.vue\". Does the file exist?","name":"C:/project/jjiban/tests/unit/components/wbs/detail/TaskWorkflow.test.ts"},{"assertionResults":[{"ancestorTitles":["PUT /api/projects/:id/wbs/tasks/:taskId/test-result","UT-001: 정상 test-result 업데이트"],"fullName":"PUT /api/projects/:id/wbs/tasks/:taskId/test-result UT-001: 정상 test-result 업데이트 should update test-result successfully","status":"passed","title":"should update test-result successfully","duration":3244.7063,"failureMessages":[],"meta":{}},{"ancestorTitles":["PUT /api/projects/:id/wbs/tasks/:taskId/test-result","UT-002: 파라미터 검증 실패"],"fullName":"PUT /api/projects/:id/wbs/tasks/:taskId/test-result UT-002: 파라미터 검증 실패 should return 400 for invalid project ID","status":"failed","title":"should return 400 for invalid project ID","duration":339.1339000000007,"failureMessages":["AssertionError: expected 404 to be 400 // Object.is equality\n    at C:/project/jjiban/tests/api/projects/[id]/wbs/tasks/[taskId]/test-result.test.ts:119:31\n    at processTicksAndRejections (node:internal/process/task_queues:105:5)\n    at file:///C:/project/jjiban/node_modules/@vitest/runner/dist/index.js:915:20"],"meta":{}},{"ancestorTitles":["PUT /api/projects/:id/wbs/tasks/:taskId/test-result","UT-002: 파라미터 검증 실패"],"fullName":"PUT /api/projects/:id/wbs/tasks/:taskId/test-result UT-002: 파라미터 검증 실패 should return 400 for missing request body","status":"passed","title":"should return 400 for missing request body","duration":42.985899999999674,"failureMessages":[],"meta":{}},{"ancestorTitles":["PUT /api/projects/:id/wbs/tasks/:taskId/test-result","UT-002: 파라미터 검증 실패"],"fullName":"PUT /api/projects/:id/wbs/tasks/:taskId/test-result UT-002: 파라미터 검증 실패 should return 400 for missing testResult field","status":"passed","title":"should return 400 for missing testResult field","duration":35.238000000000284,"failureMessages":[],"meta":{}},{"ancestorTitles":["PUT /api/projects/:id/wbs/tasks/:taskId/test-result","UT-003: Task ID 형식 검증 (BR-001)"],"fullName":"PUT /api/projects/:id/wbs/tasks/:taskId/test-result UT-003: Task ID 형식 검증 (BR-001) should accept valid 3-level Task ID","status":"passed","title":"should accept valid 3-level Task ID","duration":30.506199999999808,"failureMessages":[],"meta":{}},{"ancestorTitles":["PUT /api/projects/:id/wbs/tasks/:taskId/test-result","UT-003: Task ID 형식 검증 (BR-001)"],"fullName":"PUT /api/projects/:id/wbs/tasks/:taskId/test-result UT-003: Task ID 형식 검증 (BR-001) should accept valid 4-level Task ID format","status":"passed","title":"should accept valid 4-level Task ID format","duration":35.456600000000435,"failureMessages":[],"meta":{}},{"ancestorTitles":["PUT /api/projects/:id/wbs/tasks/:taskId/test-result","UT-003: Task ID 형식 검증 (BR-001)"],"fullName":"PUT /api/projects/:id/wbs/tasks/:taskId/test-result UT-003: Task ID 형식 검증 (BR-001) should reject invalid Task ID format (insufficient digits)","status":"passed","title":"should reject invalid Task ID format (insufficient digits)","duration":29.666299999999865,"failureMessages":[],"meta":{}},{"ancestorTitles":["PUT /api/projects/:id/wbs/tasks/:taskId/test-result","UT-003: Task ID 형식 검증 (BR-001)"],"fullName":"PUT /api/projects/:id/wbs/tasks/:taskId/test-result UT-003: Task ID 형식 검증 (BR-001) should reject invalid Task ID format (wrong prefix)","status":"passed","title":"should reject invalid Task ID format (wrong prefix)","duration":25.8746000000001,"failureMessages":[],"meta":{}},{"ancestorTitles":["PUT /api/projects/:id/wbs/tasks/:taskId/test-result","UT-003: Task ID 형식 검증 (BR-001)"],"fullName":"PUT /api/projects/:id/wbs/tasks/:taskId/test-result UT-003: Task ID 형식 검증 (BR-001) should reject invalid Task ID format (insufficient segments)","status":"passed","title":"should reject invalid Task ID format (insufficient segments)","duration":27.989399999999478,"failureMessages":[],"meta":{}},{"ancestorTitles":["PUT /api/projects/:id/wbs/tasks/:taskId/test-result","UT-003: Task ID 형식 검증 (BR-001)"],"fullName":"PUT /api/projects/:id/wbs/tasks/:taskId/test-result UT-003: Task ID 형식 검증 (BR-001) should reject invalid Task ID format (non-numeric)","status":"passed","title":"should reject invalid Task ID format (non-numeric)","duration":33.0619999999999,"failureMessages":[],"meta":{}},{"ancestorTitles":["PUT /api/projects/:id/wbs/tasks/:taskId/test-result","UT-004: test-result 값 검증 (BR-002)"],"fullName":"PUT /api/projects/:id/wbs/tasks/:taskId/test-result UT-004: test-result 값 검증 (BR-002) should accept valid value: none","status":"passed","title":"should accept valid value: none","duration":26.955699999999524,"failureMessages":[],"meta":{}},{"ancestorTitles":["PUT /api/projects/:id/wbs/tasks/:taskId/test-result","UT-004: test-result 값 검증 (BR-002)"],"fullName":"PUT /api/projects/:id/wbs/tasks/:taskId/test-result UT-004: test-result 값 검증 (BR-002) should accept valid value: pass","status":"passed","title":"should accept valid value: pass","duration":24.29189999999926,"failureMessages":[],"meta":{}},{"ancestorTitles":["PUT /api/projects/:id/wbs/tasks/:taskId/test-result","UT-004: test-result 값 검증 (BR-002)"],"fullName":"PUT /api/projects/:id/wbs/tasks/:taskId/test-result UT-004: test-result 값 검증 (BR-002) should accept valid value: fail","status":"passed","title":"should accept valid value: fail","duration":25.730800000000272,"failureMessages":[],"meta":{}},{"ancestorTitles":["PUT /api/projects/:id/wbs/tasks/:taskId/test-result","UT-004: test-result 값 검증 (BR-002)"],"fullName":"PUT /api/projects/:id/wbs/tasks/:taskId/test-result UT-004: test-result 값 검증 (BR-002) should reject invalid value: passed (typo)","status":"passed","title":"should reject invalid value: passed (typo)","duration":20.754500000000007,"failureMessages":[],"meta":{}},{"ancestorTitles":["PUT /api/projects/:id/wbs/tasks/:taskId/test-result","UT-004: test-result 값 검증 (BR-002)"],"fullName":"PUT /api/projects/:id/wbs/tasks/:taskId/test-result UT-004: test-result 값 검증 (BR-002) should reject invalid value: success","status":"passed","title":"should reject invalid value: success","duration":24.851200000000063,"failureMessages":[],"meta":{}},{"ancestorTitles":["PUT /api/projects/:id/wbs/tasks/:taskId/test-result","UT-004: test-result 값 검증 (BR-002)"],"fullName":"PUT /api/projects/:id/wbs/tasks/:taskId/test-result UT-004: test-result 값 검증 (BR-002) should reject empty string","status":"passed","title":"should reject empty string","duration":29.70640000000003,"failureMessages":[],"meta":{}},{"ancestorTitles":["PUT /api/projects/:id/wbs/tasks/:taskId/test-result","UT-005: findTaskInTree 함수 (BR-003)"],"fullName":"PUT /api/projects/:id/wbs/tasks/:taskId/test-result UT-005: findTaskInTree 함수 (BR-003) should find Task in 3-level WBS","status":"passed","title":"should find Task in 3-level WBS","duration":22.987999999999374,"failureMessages":[],"meta":{}},{"ancestorTitles":["PUT /api/projects/:id/wbs/tasks/:taskId/test-result","UT-005: findTaskInTree 함수 (BR-003)"],"fullName":"PUT /api/projects/:id/wbs/tasks/:taskId/test-result UT-005: findTaskInTree 함수 (BR-003) should return 404 for non-existent Task","status":"passed","title":"should return 404 for non-existent Task","duration":31.81290000000081,"failureMessages":[],"meta":{}},{"ancestorTitles":["PUT /api/projects/:id/wbs/tasks/:taskId/test-result","UT-005: findTaskInTree 함수 (BR-003)"],"fullName":"PUT /api/projects/:id/wbs/tasks/:taskId/test-result UT-005: findTaskInTree 함수 (BR-003) should return 404 for empty WBS tree","status":"passed","title":"should return 404 for empty WBS tree","duration":28.14099999999962,"failureMessages":[],"meta":{}},{"ancestorTitles":["PUT /api/projects/:id/wbs/tasks/:taskId/test-result","UT-006: 백업 및 롤백 (BR-004)"],"fullName":"PUT /api/projects/:id/wbs/tasks/:taskId/test-result UT-006: 백업 및 롤백 (BR-004) should create backup file before update","status":"passed","title":"should create backup file before update","duration":18.82589999999982,"failureMessages":[],"meta":{}},{"ancestorTitles":["PUT /api/projects/:id/wbs/tasks/:taskId/test-result","UT-006: 백업 및 롤백 (BR-004)"],"fullName":"PUT /api/projects/:id/wbs/tasks/:taskId/test-result UT-006: 백업 및 롤백 (BR-004) should maintain idempotency when test-result is already the same","status":"passed","title":"should maintain idempotency when test-result is already the same","duration":46.6269999999995,"failureMessages":[],"meta":{}},{"ancestorTitles":["PUT /api/projects/:id/wbs/tasks/:taskId/test-result","UT-007: 대용량 WBS 성능 테스트 (H-03)"],"fullName":"PUT /api/projects/:id/wbs/tasks/:taskId/test-result UT-007: 대용량 WBS 성능 테스트 (H-03) should respond within 200ms for large WBS","status":"passed","title":"should respond within 200ms for large WBS","duration":36.35959999999977,"failureMessages":[],"meta":{}}],"startTime":1765797580054,"endTime":1765797584237.3596,"status":"failed","message":"","name":"C:/project/jjiban/tests/api/projects/[id]/wbs/tasks/[taskId]/test-result.test.ts"}]}