{"numTotalTestSuites":225,"numPassedTestSuites":174,"numFailedTestSuites":51,"numPendingTestSuites":0,"numTotalTests":592,"numPassedTests":513,"numFailedTests":79,"numPendingTests":0,"numTodoTests":0,"snapshot":{"added":0,"failure":false,"filesAdded":0,"filesRemoved":0,"filesRemovedList":[],"filesUnmatched":0,"filesUpdated":0,"matched":0,"total":0,"unchecked":0,"uncheckedKeysByFile":[],"unmatched":0,"updated":0,"didUpdate":false},"startTime":1765797577685,"success":false,"testResults":[{"assertionResults":[{"ancestorTitles":["E2E: WBS test-result Update","E2E-001: 전체 흐름 (파싱 → 업데이트 → 직렬화 → 저장)"],"fullName":"E2E: WBS test-result Update E2E-001: 전체 흐름 (파싱 → 업데이트 → 직렬화 → 저장) test-result 업데이트가 wbs.md에 정상 반영된다","status":"passed","title":"test-result 업데이트가 wbs.md에 정상 반영된다","duration":3159.5161,"failureMessages":[],"meta":{}},{"ancestorTitles":["E2E: WBS test-result Update","E2E-002: 유효한 Task ID와 test-result"],"fullName":"E2E: WBS test-result Update E2E-002: 유효한 Task ID와 test-result 유효한 Task ID와 test-result 값으로 업데이트 성공","status":"failed","title":"유효한 Task ID와 test-result 값으로 업데이트 성공","duration":329.09609999999975,"failureMessages":["AssertionError: expected '> version: 1.0\\n> depth: 3\\n> updated…' to match /TSK-01-01[\\s\\S]*?test-result: pass/\n    at C:/project/jjiban/tests/e2e/wbs-test-result-update.test.ts:147:26\n    at file:///C:/project/jjiban/node_modules/@vitest/runner/dist/index.js:915:20"],"meta":{}},{"ancestorTitles":["E2E: WBS test-result Update","E2E-003: 무효한 test-result 값"],"fullName":"E2E: WBS test-result Update E2E-003: 무효한 test-result 값 무효한 test-result 값으로 요청 시 400 에러","status":"passed","title":"무효한 test-result 값으로 요청 시 400 에러","duration":103.5015999999996,"failureMessages":[],"meta":{}},{"ancestorTitles":["E2E: WBS test-result Update","E2E-004: 존재하지 않는 Task"],"fullName":"E2E: WBS test-result Update E2E-004: 존재하지 않는 Task 존재하지 않는 Task ID 요청 시 404 에러","status":"passed","title":"존재하지 않는 Task ID 요청 시 404 에러","duration":67.27559999999994,"failureMessages":[],"meta":{}}],"startTime":1765797580138,"endTime":1765797583798.2756,"status":"failed","message":"","name":"C:/project/jjiban/tests/e2e/wbs-test-result-update.test.ts"},{"assertionResults":[{"ancestorTitles":["GET /api/tasks/:id/documents"],"fullName":"GET /api/tasks/:id/documents TC-024: GET /api/tasks/:id/documents - success","status":"failed","title":"TC-024: GET /api/tasks/:id/documents - success","duration":351.421399999992,"failureMessages":["FetchError: [GET] \"http://127.0.0.1:13361/api/tasks/TSK-01-01-01/documents\": <no response> Cross-Origin Request Blocked: The Same Origin Policy disallows reading the remote resource at \"http://127.0.0.1:13361/api/tasks/TSK-01-01-01/documents\".\n    at processTicksAndRejections (node:internal/process/task_queues:105:5)\n    at $fetchRaw2 (file:///C:/project/jjiban/node_modules/ofetch/dist/shared/ofetch.CWycOUEr.mjs:286:14)\n    at $fetch2 (file:///C:/project/jjiban/node_modules/ofetch/dist/shared/ofetch.CWycOUEr.mjs:332:15)\n    at C:/project/jjiban/tests/api/tasks/documents.test.ts:17:22\n    at file:///C:/project/jjiban/node_modules/@vitest/runner/dist/index.js:915:20"],"meta":{}},{"ancestorTitles":["GET /api/tasks/:id/documents"],"fullName":"GET /api/tasks/:id/documents TC-025: GET /api/tasks/:id/documents - Task not found","status":"failed","title":"TC-025: GET /api/tasks/:id/documents - Task not found","duration":134.74300000001676,"failureMessages":["AssertionError: expected undefined to be 404 // Object.is equality\n    at C:/project/jjiban/tests/api/tasks/documents.test.ts:37:32\n    at processTicksAndRejections (node:internal/process/task_queues:105:5)\n    at file:///C:/project/jjiban/node_modules/@vitest/runner/dist/index.js:915:20"],"meta":{}}],"startTime":1765797767678,"endTime":1765797768164.743,"status":"failed","message":"","name":"C:/project/jjiban/tests/api/tasks/documents.test.ts"},{"assertionResults":[{"ancestorTitles":["POST /api/tasks/:id/transition"],"fullName":"POST /api/tasks/:id/transition TC-020: POST /api/tasks/:id/transition - success","status":"passed","title":"TC-020: POST /api/tasks/:id/transition - success","duration":232.98089999999502,"failureMessages":[],"meta":{}},{"ancestorTitles":["POST /api/tasks/:id/transition"],"fullName":"POST /api/tasks/:id/transition TC-021: POST /api/tasks/:id/transition - missing command","status":"failed","title":"TC-021: POST /api/tasks/:id/transition - missing command","duration":65.48989999998594,"failureMessages":["AssertionError: expected undefined to be 400 // Object.is equality\n    at C:/project/jjiban/tests/api/tasks/transition.test.ts:42:32\n    at processTicksAndRejections (node:internal/process/task_queues:105:5)\n    at file:///C:/project/jjiban/node_modules/@vitest/runner/dist/index.js:915:20"],"meta":{}},{"ancestorTitles":["POST /api/tasks/:id/transition"],"fullName":"POST /api/tasks/:id/transition TC-022: POST /api/tasks/:id/transition - Task not found","status":"failed","title":"TC-022: POST /api/tasks/:id/transition - Task not found","duration":57.6080999999831,"failureMessages":["AssertionError: expected undefined to be 404 // Object.is equality\n    at C:/project/jjiban/tests/api/tasks/transition.test.ts:58:32\n    at processTicksAndRejections (node:internal/process/task_queues:105:5)\n    at file:///C:/project/jjiban/node_modules/@vitest/runner/dist/index.js:915:20"],"meta":{}},{"ancestorTitles":["POST /api/tasks/:id/transition"],"fullName":"POST /api/tasks/:id/transition TC-023: POST /api/tasks/:id/transition - invalid transition","status":"failed","title":"TC-023: POST /api/tasks/:id/transition - invalid transition","duration":56.54199999998673,"failureMessages":["TypeError: actual value must be number or bigint, received \"undefined\"\n    at assertTypes (file:///C:/project/jjiban/node_modules/@vitest/utils/dist/helpers.js:56:9)\n    at Proxy.<anonymous> (file:///C:/project/jjiban/node_modules/@vitest/expect/dist/index.js:1271:3)\n    at Proxy.<anonymous> (file:///C:/project/jjiban/node_modules/@vitest/expect/dist/index.js:1090:14)\n    at Proxy.methodWrapper (file:///C:/project/jjiban/node_modules/chai/index.js:1700:25)\n    at C:/project/jjiban/tests/api/tasks/transition.test.ts:73:32\n    at processTicksAndRejections (node:internal/process/task_queues:105:5)\n    at file:///C:/project/jjiban/node_modules/@vitest/runner/dist/index.js:915:20"],"meta":{}}],"startTime":1765797769104,"endTime":1765797769517.542,"status":"failed","message":"","name":"C:/project/jjiban/tests/api/tasks/transition.test.ts"},{"assertionResults":[{"ancestorTitles":["useKeyboardNav","handleKeyDown"],"fullName":"useKeyboardNav handleKeyDown should call handler for valid key","status":"passed","title":"should call handler for valid key","duration":10.705200000000104,"failureMessages":[],"meta":{}},{"ancestorTitles":["useKeyboardNav","handleKeyDown"],"fullName":"useKeyboardNav handleKeyDown should ignore invalid keys","status":"passed","title":"should ignore invalid keys","duration":1.4640999999999167,"failureMessages":[],"meta":{}},{"ancestorTitles":["useKeyboardNav","handleArrowDown"],"fullName":"useKeyboardNav handleArrowDown should move to next node","status":"passed","title":"should move to next node","duration":1.677900000000136,"failureMessages":[],"meta":{}},{"ancestorTitles":["useKeyboardNav","handleArrowDown"],"fullName":"useKeyboardNav handleArrowDown should stay at last node when at end","status":"passed","title":"should stay at last node when at end","duration":1.4603000000001884,"failureMessages":[],"meta":{}},{"ancestorTitles":["useKeyboardNav","handleArrowUp"],"fullName":"useKeyboardNav handleArrowUp should move to previous node","status":"passed","title":"should move to previous node","duration":1.233199999999897,"failureMessages":[],"meta":{}},{"ancestorTitles":["useKeyboardNav","handleArrowUp"],"fullName":"useKeyboardNav handleArrowUp should stay at first node when at beginning","status":"passed","title":"should stay at first node when at beginning","duration":1.2921000000001186,"failureMessages":[],"meta":{}},{"ancestorTitles":["useKeyboardNav","handleArrowRight"],"fullName":"useKeyboardNav handleArrowRight should expand collapsed node with children","status":"passed","title":"should expand collapsed node with children","duration":1.3580999999999221,"failureMessages":[],"meta":{}},{"ancestorTitles":["useKeyboardNav","handleArrowRight"],"fullName":"useKeyboardNav handleArrowRight should move to first child if already expanded","status":"passed","title":"should move to first child if already expanded","duration":0.7799999999999727,"failureMessages":[],"meta":{}},{"ancestorTitles":["useKeyboardNav","handleArrowRight"],"fullName":"useKeyboardNav handleArrowRight should do nothing on leaf node","status":"passed","title":"should do nothing on leaf node","duration":1.1130000000000564,"failureMessages":[],"meta":{}},{"ancestorTitles":["useKeyboardNav","handleArrowLeft"],"fullName":"useKeyboardNav handleArrowLeft should collapse expanded node with children","status":"passed","title":"should collapse expanded node with children","duration":1.0460000000000491,"failureMessages":[],"meta":{}},{"ancestorTitles":["useKeyboardNav","handleArrowLeft"],"fullName":"useKeyboardNav handleArrowLeft should move to parent if already collapsed","status":"passed","title":"should move to parent if already collapsed","duration":0.8541999999999916,"failureMessages":[],"meta":{}},{"ancestorTitles":["useKeyboardNav","handleEnter"],"fullName":"useKeyboardNav handleEnter should call onNodeSelect callback","status":"passed","title":"should call onNodeSelect callback","duration":1.9420999999999822,"failureMessages":[],"meta":{}},{"ancestorTitles":["useKeyboardNav","handleEnter"],"fullName":"useKeyboardNav handleEnter should not call callback if no node focused","status":"passed","title":"should not call callback if no node focused","duration":0.6982000000000426,"failureMessages":[],"meta":{}},{"ancestorTitles":["useKeyboardNav","handleSpace"],"fullName":"useKeyboardNav handleSpace should toggle node expansion","status":"passed","title":"should toggle node expansion","duration":0.8313000000000557,"failureMessages":[],"meta":{}},{"ancestorTitles":["useKeyboardNav","handleSpace"],"fullName":"useKeyboardNav handleSpace should not toggle node without children","status":"passed","title":"should not toggle node without children","duration":0.631900000000087,"failureMessages":[],"meta":{}},{"ancestorTitles":["useKeyboardNav","handleHome"],"fullName":"useKeyboardNav handleHome should move to first node","status":"passed","title":"should move to first node","duration":0.8265000000001237,"failureMessages":[],"meta":{}},{"ancestorTitles":["useKeyboardNav","handleEnd"],"fullName":"useKeyboardNav handleEnd should move to last node","status":"passed","title":"should move to last node","duration":0.6841999999999189,"failureMessages":[],"meta":{}},{"ancestorTitles":["useKeyboardNav","handleEscape"],"fullName":"useKeyboardNav handleEscape should handle Escape key","status":"passed","title":"should handle Escape key","duration":0.6842000000001462,"failureMessages":[],"meta":{}},{"ancestorTitles":["useKeyboardNav","flattenedNodes"],"fullName":"useKeyboardNav flattenedNodes should include only expanded nodes","status":"passed","title":"should include only expanded nodes","duration":0.7799999999999727,"failureMessages":[],"meta":{}},{"ancestorTitles":["useKeyboardNav","flattenedNodes"],"fullName":"useKeyboardNav flattenedNodes should exclude children of collapsed nodes","status":"passed","title":"should exclude children of collapsed nodes","duration":0.6723000000001775,"failureMessages":[],"meta":{}}],"startTime":1765797585881,"endTime":1765797585912.78,"status":"passed","message":"","name":"C:/project/jjiban/tests/unit/composables/useKeyboardNav.test.ts"},{"assertionResults":[{"ancestorTitles":["useTreeInteraction","toggleNode"],"fullName":"useTreeInteraction toggleNode should toggle node expansion state","status":"passed","title":"should toggle node expansion state","duration":8.04099999999994,"failureMessages":[],"meta":{}},{"ancestorTitles":["useTreeInteraction","toggleNode"],"fullName":"useTreeInteraction toggleNode should warn and return early if nodeId is invalid","status":"passed","title":"should warn and return early if nodeId is invalid","duration":5.02390000000014,"failureMessages":[],"meta":{}},{"ancestorTitles":["useTreeInteraction","toggleNode"],"fullName":"useTreeInteraction toggleNode should warn and return early if node does not exist","status":"passed","title":"should warn and return early if node does not exist","duration":1.7450999999998658,"failureMessages":[],"meta":{}},{"ancestorTitles":["useTreeInteraction","toggleNode"],"fullName":"useTreeInteraction toggleNode should not toggle node without children","status":"passed","title":"should not toggle node without children","duration":1.195399999999836,"failureMessages":[],"meta":{}},{"ancestorTitles":["useTreeInteraction","toggleNode"],"fullName":"useTreeInteraction toggleNode should call wbsStore.toggleExpand for valid node with children","status":"passed","title":"should call wbsStore.toggleExpand for valid node with children","duration":1.0899999999999181,"failureMessages":[],"meta":{}},{"ancestorTitles":["useTreeInteraction","selectNode"],"fullName":"useTreeInteraction selectNode should select node via selectionStore","status":"passed","title":"should select node via selectionStore","duration":1.312599999999975,"failureMessages":[],"meta":{}},{"ancestorTitles":["useTreeInteraction","selectNode"],"fullName":"useTreeInteraction selectNode should prevent duplicate selection","status":"passed","title":"should prevent duplicate selection","duration":1.088799999999992,"failureMessages":[],"meta":{}},{"ancestorTitles":["useTreeInteraction","selectNode"],"fullName":"useTreeInteraction selectNode should prevent race condition with isSelecting flag","status":"passed","title":"should prevent race condition with isSelecting flag","duration":122.24260000000004,"failureMessages":[],"meta":{}},{"ancestorTitles":["useTreeInteraction","selectNode"],"fullName":"useTreeInteraction selectNode should warn and return early if nodeId is invalid","status":"passed","title":"should warn and return early if nodeId is invalid","duration":3.7622999999998683,"failureMessages":[],"meta":{}},{"ancestorTitles":["useTreeInteraction","selectNode"],"fullName":"useTreeInteraction selectNode should handle selection error and clear selection","status":"passed","title":"should handle selection error and clear selection","duration":3.5131000000001222,"failureMessages":[],"meta":{}},{"ancestorTitles":["useTreeInteraction","selectNode"],"fullName":"useTreeInteraction selectNode should reset isSelecting flag after selection completes","status":"passed","title":"should reset isSelecting flag after selection completes","duration":0.695699999999988,"failureMessages":[],"meta":{}},{"ancestorTitles":["useTreeInteraction","selectNode"],"fullName":"useTreeInteraction selectNode should reset isSelecting flag after error","status":"passed","title":"should reset isSelecting flag after error","duration":9.784200000000055,"failureMessages":[],"meta":{}},{"ancestorTitles":["useTreeInteraction","expandAll"],"fullName":"useTreeInteraction expandAll should expand all nodes","status":"passed","title":"should expand all nodes","duration":1.3168000000000575,"failureMessages":[],"meta":{}},{"ancestorTitles":["useTreeInteraction","collapseAll"],"fullName":"useTreeInteraction collapseAll should collapse all nodes","status":"passed","title":"should collapse all nodes","duration":0.6942999999998847,"failureMessages":[],"meta":{}},{"ancestorTitles":["useTreeInteraction","isExpanded"],"fullName":"useTreeInteraction isExpanded should return true if node is expanded","status":"passed","title":"should return true if node is expanded","duration":0.7787999999998192,"failureMessages":[],"meta":{}},{"ancestorTitles":["useTreeInteraction","isSelected"],"fullName":"useTreeInteraction isSelected should return true if node is selected","status":"passed","title":"should return true if node is selected","duration":0.8926000000001295,"failureMessages":[],"meta":{}}],"startTime":1765797583887,"endTime":1765797584051.8926,"status":"passed","message":"","name":"C:/project/jjiban/tests/unit/composables/useTreeInteraction.test.ts"},{"assertionResults":[{"ancestorTitles":["useTreePersistence","saveExpandedState"],"fullName":"useTreePersistence saveExpandedState should save expanded state to localStorage","status":"passed","title":"should save expanded state to localStorage","duration":10.266399999999976,"failureMessages":[],"meta":{}},{"ancestorTitles":["useTreePersistence","saveExpandedState"],"fullName":"useTreePersistence saveExpandedState should save empty set as empty array","status":"passed","title":"should save empty set as empty array","duration":1.3674000000000888,"failureMessages":[],"meta":{}},{"ancestorTitles":["useTreePersistence","saveExpandedState"],"fullName":"useTreePersistence saveExpandedState should warn and skip save if size exceeds limit","status":"passed","title":"should warn and skip save if size exceeds limit","duration":36.44560000000001,"failureMessages":[],"meta":{}},{"ancestorTitles":["useTreePersistence","saveExpandedState"],"fullName":"useTreePersistence saveExpandedState should log debug message on successful save","status":"passed","title":"should log debug message on successful save","duration":2.7574999999999363,"failureMessages":[],"meta":{}},{"ancestorTitles":["useTreePersistence","restoreExpandedState"],"fullName":"useTreePersistence restoreExpandedState should restore expanded state from localStorage","status":"passed","title":"should restore expanded state from localStorage","duration":2.7350000000001273,"failureMessages":[],"meta":{}},{"ancestorTitles":["useTreePersistence","restoreExpandedState"],"fullName":"useTreePersistence restoreExpandedState should filter out invalid nodes during restoration","status":"passed","title":"should filter out invalid nodes during restoration","duration":1.5389000000000124,"failureMessages":[],"meta":{}},{"ancestorTitles":["useTreePersistence","restoreExpandedState"],"fullName":"useTreePersistence restoreExpandedState should log info and return if no saved state found","status":"passed","title":"should log info and return if no saved state found","duration":0.8990000000001146,"failureMessages":[],"meta":{}},{"ancestorTitles":["useTreePersistence","restoreExpandedState"],"fullName":"useTreePersistence restoreExpandedState should clear state if version mismatch","status":"passed","title":"should clear state if version mismatch","duration":1.0440000000000964,"failureMessages":[],"meta":{}},{"ancestorTitles":["useTreePersistence","restoreExpandedState"],"fullName":"useTreePersistence restoreExpandedState should handle JSON parse error and clear state","status":"passed","title":"should handle JSON parse error and clear state","duration":1.6276000000000295,"failureMessages":[],"meta":{}},{"ancestorTitles":["useTreePersistence","clearExpandedState"],"fullName":"useTreePersistence clearExpandedState should remove state from localStorage","status":"passed","title":"should remove state from localStorage","duration":0.8433999999999742,"failureMessages":[],"meta":{}},{"ancestorTitles":["useTreePersistence","clearExpandedState"],"fullName":"useTreePersistence clearExpandedState should log info on successful clear","status":"passed","title":"should log info on successful clear","duration":0.8987000000001899,"failureMessages":[],"meta":{}},{"ancestorTitles":["useTreePersistence","autoSave"],"fullName":"useTreePersistence autoSave should auto-save when expandedNodes changes","status":"passed","title":"should auto-save when expandedNodes changes","duration":423.8290000000002,"failureMessages":[],"meta":{}},{"ancestorTitles":["useTreePersistence","autoSave"],"fullName":"useTreePersistence autoSave should not auto-save when autoSave is false","status":"passed","title":"should not auto-save when autoSave is false","duration":417.5157000000004,"failureMessages":[],"meta":{}},{"ancestorTitles":["useTreePersistence","autoSave"],"fullName":"useTreePersistence autoSave should debounce multiple rapid changes","status":"passed","title":"should debounce multiple rapid changes","duration":422.89350000000013,"failureMessages":[],"meta":{}}],"startTime":1765797582481,"endTime":1765797583806.8936,"status":"passed","message":"","name":"C:/project/jjiban/tests/unit/composables/useTreePersistence.test.ts"},{"assertionResults":[{"ancestorTitles":["useWbsPage","TC-005: 에러 메시지 한글 변환"],"fullName":"useWbsPage TC-005: 에러 메시지 한글 변환 PROJECT_NOT_FOUND 에러 코드를 한글 메시지로 변환","status":"passed","title":"PROJECT_NOT_FOUND 에러 코드를 한글 메시지로 변환","duration":5.24310000000014,"failureMessages":[],"meta":{}},{"ancestorTitles":["useWbsPage","TC-005: 에러 메시지 한글 변환"],"fullName":"useWbsPage TC-005: 에러 메시지 한글 변환 WBS_NOT_FOUND 에러 코드를 한글 메시지로 변환","status":"passed","title":"WBS_NOT_FOUND 에러 코드를 한글 메시지로 변환","duration":0.7099000000000615,"failureMessages":[],"meta":{}},{"ancestorTitles":["useWbsPage","TC-005: 에러 메시지 한글 변환"],"fullName":"useWbsPage TC-005: 에러 메시지 한글 변환 FILE_READ_ERROR 에러 코드를 한글 메시지로 변환","status":"passed","title":"FILE_READ_ERROR 에러 코드를 한글 메시지로 변환","duration":0.5325000000000273,"failureMessages":[],"meta":{}},{"ancestorTitles":["useWbsPage","TC-005: 에러 메시지 한글 변환"],"fullName":"useWbsPage TC-005: 에러 메시지 한글 변환 NETWORK_ERROR 에러 코드를 한글 메시지로 변환","status":"passed","title":"NETWORK_ERROR 에러 코드를 한글 메시지로 변환","duration":0.7505999999998494,"failureMessages":[],"meta":{}},{"ancestorTitles":["useWbsPage","TC-005: 에러 메시지 한글 변환"],"fullName":"useWbsPage TC-005: 에러 메시지 한글 변환 알 수 없는 에러는 기본 메시지로 변환","status":"passed","title":"알 수 없는 에러는 기본 메시지로 변환","duration":0.44470000000001164,"failureMessages":[],"meta":{}},{"ancestorTitles":["useWbsPage","loadProjectAndWbs"],"fullName":"useWbsPage loadProjectAndWbs 프로젝트와 WBS를 순차적으로 로드","status":"passed","title":"프로젝트와 WBS를 순차적으로 로드","duration":1.4393999999999778,"failureMessages":[],"meta":{}},{"ancestorTitles":["useWbsPage","loadProjectAndWbs"],"fullName":"useWbsPage loadProjectAndWbs 프로젝트 로드 실패 시 WBS 로딩 중단","status":"passed","title":"프로젝트 로드 실패 시 WBS 로딩 중단","duration":2.2572000000000116,"failureMessages":[],"meta":{}},{"ancestorTitles":["useWbsPage","loadProjectAndWbs"],"fullName":"useWbsPage loadProjectAndWbs WBS 로드 실패 시 에러 처리","status":"passed","title":"WBS 로드 실패 시 에러 처리","duration":0.6580999999998767,"failureMessages":[],"meta":{}},{"ancestorTitles":["useWbsPage","showToast"],"fullName":"useWbsPage showToast Toast 메시지를 올바르게 표시","status":"passed","title":"Toast 메시지를 올바르게 표시","duration":0.8377000000000407,"failureMessages":[],"meta":{}},{"ancestorTitles":["useWbsPage","showToast"],"fullName":"useWbsPage showToast 기본 life 값은 3000ms","status":"passed","title":"기본 life 값은 3000ms","duration":0.5010999999999513,"failureMessages":[],"meta":{}},{"ancestorTitles":["useWbsPage","isRetryableError"],"fullName":"useWbsPage isRetryableError 재시도 가능한 에러 코드 확인","status":"passed","title":"재시도 가능한 에러 코드 확인","duration":0.2799999999999727,"failureMessages":[],"meta":{}},{"ancestorTitles":["useWbsPage","isRetryableError"],"fullName":"useWbsPage isRetryableError 재시도 불가능한 에러 코드 확인","status":"passed","title":"재시도 불가능한 에러 코드 확인","duration":0.2402999999999338,"failureMessages":[],"meta":{}}],"startTime":1765797586644,"endTime":1765797586659.2402,"status":"passed","message":"","name":"C:/project/jjiban/tests/unit/composables/useWbsPage.test.ts"},{"assertionResults":[{"ancestorTitles":["ProjectService","getProject"],"fullName":"ProjectService getProject UT-002: should return project with team","status":"failed","title":"UT-002: should return project with team","duration":5.6435999999998785,"failureMessages":["TypeError: __vite_ssr_import_0__.vi.mocked(...).mockResolvedValue is not a function\n    at C:/project/jjiban/tests/unit/services/projectService.test.ts:60:30\n    at file:///C:/project/jjiban/node_modules/@vitest/runner/dist/index.js:145:11\n    at file:///C:/project/jjiban/node_modules/@vitest/runner/dist/index.js:915:26\n    at file:///C:/project/jjiban/node_modules/@vitest/runner/dist/index.js:1240:20\n    at new Promise (<anonymous>)\n    at runWithTimeout (file:///C:/project/jjiban/node_modules/@vitest/runner/dist/index.js:1206:10)\n    at file:///C:/project/jjiban/node_modules/@vitest/runner/dist/index.js:1650:37\n    at Traces.$ (file:///C:/project/jjiban/node_modules/vitest/dist/chunks/traces.U4xDYhzZ.js:115:27)\n    at trace (file:///C:/project/jjiban/node_modules/vitest/dist/chunks/test.BT8LKgU9.js:239:21)\n    at runTest (file:///C:/project/jjiban/node_modules/@vitest/runner/dist/index.js:1650:12)"],"meta":{}},{"ancestorTitles":["ProjectService","getProject"],"fullName":"ProjectService getProject UT-010: should throw on non-existent project","status":"failed","title":"UT-010: should throw on non-existent project","duration":0.909099999999853,"failureMessages":["TypeError: __vite_ssr_import_0__.vi.mocked(...).mockRejectedValue is not a function\n    at C:/project/jjiban/tests/unit/services/projectService.test.ts:81:30\n    at file:///C:/project/jjiban/node_modules/@vitest/runner/dist/index.js:145:11\n    at file:///C:/project/jjiban/node_modules/@vitest/runner/dist/index.js:915:26\n    at file:///C:/project/jjiban/node_modules/@vitest/runner/dist/index.js:1240:20\n    at new Promise (<anonymous>)\n    at runWithTimeout (file:///C:/project/jjiban/node_modules/@vitest/runner/dist/index.js:1206:10)\n    at file:///C:/project/jjiban/node_modules/@vitest/runner/dist/index.js:1650:37\n    at Traces.$ (file:///C:/project/jjiban/node_modules/vitest/dist/chunks/traces.U4xDYhzZ.js:115:27)\n    at trace (file:///C:/project/jjiban/node_modules/vitest/dist/chunks/test.BT8LKgU9.js:239:21)\n    at runTest (file:///C:/project/jjiban/node_modules/@vitest/runner/dist/index.js:1650:12)"],"meta":{}},{"ancestorTitles":["ProjectService","getProject"],"fullName":"ProjectService getProject should throw on file read error","status":"failed","title":"should throw on file read error","duration":0.7187000000001262,"failureMessages":["TypeError: __vite_ssr_import_0__.vi.mocked(...).mockRejectedValue is not a function\n    at C:/project/jjiban/tests/unit/services/projectService.test.ts:89:30\n    at file:///C:/project/jjiban/node_modules/@vitest/runner/dist/index.js:145:11\n    at file:///C:/project/jjiban/node_modules/@vitest/runner/dist/index.js:915:26\n    at file:///C:/project/jjiban/node_modules/@vitest/runner/dist/index.js:1240:20\n    at new Promise (<anonymous>)\n    at runWithTimeout (file:///C:/project/jjiban/node_modules/@vitest/runner/dist/index.js:1206:10)\n    at file:///C:/project/jjiban/node_modules/@vitest/runner/dist/index.js:1650:37\n    at Traces.$ (file:///C:/project/jjiban/node_modules/vitest/dist/chunks/traces.U4xDYhzZ.js:115:27)\n    at trace (file:///C:/project/jjiban/node_modules/vitest/dist/chunks/test.BT8LKgU9.js:239:21)\n    at runTest (file:///C:/project/jjiban/node_modules/@vitest/runner/dist/index.js:1650:12)"],"meta":{}},{"ancestorTitles":["ProjectService","createProject"],"fullName":"ProjectService createProject UT-003: should create project with valid ID","status":"failed","title":"UT-003: should create project with valid ID","duration":0.6286000000000058,"failureMessages":["TypeError: __vite_ssr_import_0__.vi.mocked(...).mockResolvedValue is not a function\n    at C:/project/jjiban/tests/unit/services/projectService.test.ts:103:27\n    at file:///C:/project/jjiban/node_modules/@vitest/runner/dist/index.js:145:11\n    at file:///C:/project/jjiban/node_modules/@vitest/runner/dist/index.js:915:26\n    at file:///C:/project/jjiban/node_modules/@vitest/runner/dist/index.js:1240:20\n    at new Promise (<anonymous>)\n    at runWithTimeout (file:///C:/project/jjiban/node_modules/@vitest/runner/dist/index.js:1206:10)\n    at file:///C:/project/jjiban/node_modules/@vitest/runner/dist/index.js:1650:37\n    at Traces.$ (file:///C:/project/jjiban/node_modules/vitest/dist/chunks/traces.U4xDYhzZ.js:115:27)\n    at trace (file:///C:/project/jjiban/node_modules/vitest/dist/chunks/test.BT8LKgU9.js:239:21)\n    at runTest (file:///C:/project/jjiban/node_modules/@vitest/runner/dist/index.js:1650:12)"],"meta":{}},{"ancestorTitles":["ProjectService","createProject"],"fullName":"ProjectService createProject should create project with minimal fields","status":"failed","title":"should create project with minimal fields","duration":0.5026000000000295,"failureMessages":["TypeError: __vite_ssr_import_0__.vi.mocked(...).mockResolvedValue is not a function\n    at C:/project/jjiban/tests/unit/services/projectService.test.ts:133:27\n    at file:///C:/project/jjiban/node_modules/@vitest/runner/dist/index.js:145:11\n    at file:///C:/project/jjiban/node_modules/@vitest/runner/dist/index.js:915:26\n    at file:///C:/project/jjiban/node_modules/@vitest/runner/dist/index.js:1240:20\n    at new Promise (<anonymous>)\n    at runWithTimeout (file:///C:/project/jjiban/node_modules/@vitest/runner/dist/index.js:1206:10)\n    at file:///C:/project/jjiban/node_modules/@vitest/runner/dist/index.js:1650:37\n    at Traces.$ (file:///C:/project/jjiban/node_modules/vitest/dist/chunks/traces.U4xDYhzZ.js:115:27)\n    at trace (file:///C:/project/jjiban/node_modules/vitest/dist/chunks/test.BT8LKgU9.js:239:21)\n    at runTest (file:///C:/project/jjiban/node_modules/@vitest/runner/dist/index.js:1650:12)"],"meta":{}},{"ancestorTitles":["ProjectService","createProject"],"fullName":"ProjectService createProject should throw on file system error during creation","status":"failed","title":"should throw on file system error during creation","duration":0.5367999999998574,"failureMessages":["TypeError: __vite_ssr_import_0__.vi.mocked(...).mockRejectedValue is not a function\n    at C:/project/jjiban/tests/unit/services/projectService.test.ts:152:27\n    at file:///C:/project/jjiban/node_modules/@vitest/runner/dist/index.js:145:11\n    at file:///C:/project/jjiban/node_modules/@vitest/runner/dist/index.js:915:26\n    at file:///C:/project/jjiban/node_modules/@vitest/runner/dist/index.js:1240:20\n    at new Promise (<anonymous>)\n    at runWithTimeout (file:///C:/project/jjiban/node_modules/@vitest/runner/dist/index.js:1206:10)\n    at file:///C:/project/jjiban/node_modules/@vitest/runner/dist/index.js:1650:37\n    at Traces.$ (file:///C:/project/jjiban/node_modules/vitest/dist/chunks/traces.U4xDYhzZ.js:115:27)\n    at trace (file:///C:/project/jjiban/node_modules/vitest/dist/chunks/test.BT8LKgU9.js:239:21)\n    at runTest (file:///C:/project/jjiban/node_modules/@vitest/runner/dist/index.js:1650:12)"],"meta":{}},{"ancestorTitles":["ProjectService","updateProject"],"fullName":"ProjectService updateProject UT-005: should update project fields","status":"failed","title":"UT-005: should update project fields","duration":0.4882999999999811,"failureMessages":["TypeError: __vite_ssr_import_0__.vi.mocked(...).mockResolvedValue is not a function\n    at C:/project/jjiban/tests/unit/services/projectService.test.ts:182:30\n    at file:///C:/project/jjiban/node_modules/@vitest/runner/dist/index.js:145:11\n    at file:///C:/project/jjiban/node_modules/@vitest/runner/dist/index.js:915:26\n    at file:///C:/project/jjiban/node_modules/@vitest/runner/dist/index.js:1240:20\n    at new Promise (<anonymous>)\n    at runWithTimeout (file:///C:/project/jjiban/node_modules/@vitest/runner/dist/index.js:1206:10)\n    at file:///C:/project/jjiban/node_modules/@vitest/runner/dist/index.js:1650:37\n    at Traces.$ (file:///C:/project/jjiban/node_modules/vitest/dist/chunks/traces.U4xDYhzZ.js:115:27)\n    at trace (file:///C:/project/jjiban/node_modules/vitest/dist/chunks/test.BT8LKgU9.js:239:21)\n    at runTest (file:///C:/project/jjiban/node_modules/@vitest/runner/dist/index.js:1650:12)"],"meta":{}},{"ancestorTitles":["ProjectService","updateProject"],"fullName":"ProjectService updateProject UT-006: should throw on ID change attempt","status":"passed","title":"UT-006: should throw on ID change attempt","duration":7.497299999999996,"failureMessages":[],"meta":{}},{"ancestorTitles":["ProjectService","updateProject"],"fullName":"ProjectService updateProject should preserve unchanged fields","status":"failed","title":"should preserve unchanged fields","duration":0.8171999999999571,"failureMessages":["TypeError: __vite_ssr_import_0__.vi.mocked(...).mockResolvedValue is not a function\n    at C:/project/jjiban/tests/unit/services/projectService.test.ts:230:30\n    at file:///C:/project/jjiban/node_modules/@vitest/runner/dist/index.js:145:11\n    at file:///C:/project/jjiban/node_modules/@vitest/runner/dist/index.js:915:26\n    at file:///C:/project/jjiban/node_modules/@vitest/runner/dist/index.js:1240:20\n    at new Promise (<anonymous>)\n    at runWithTimeout (file:///C:/project/jjiban/node_modules/@vitest/runner/dist/index.js:1206:10)\n    at file:///C:/project/jjiban/node_modules/@vitest/runner/dist/index.js:1650:37\n    at Traces.$ (file:///C:/project/jjiban/node_modules/vitest/dist/chunks/traces.U4xDYhzZ.js:115:27)\n    at trace (file:///C:/project/jjiban/node_modules/vitest/dist/chunks/test.BT8LKgU9.js:239:21)\n    at runTest (file:///C:/project/jjiban/node_modules/@vitest/runner/dist/index.js:1650:12)"],"meta":{}},{"ancestorTitles":["ProjectService","updateProject"],"fullName":"ProjectService updateProject should throw on non-existent project","status":"failed","title":"should throw on non-existent project","duration":0.5217999999999847,"failureMessages":["TypeError: __vite_ssr_import_0__.vi.mocked(...).mockRejectedValue is not a function\n    at C:/project/jjiban/tests/unit/services/projectService.test.ts:246:30\n    at file:///C:/project/jjiban/node_modules/@vitest/runner/dist/index.js:145:11\n    at file:///C:/project/jjiban/node_modules/@vitest/runner/dist/index.js:915:26\n    at file:///C:/project/jjiban/node_modules/@vitest/runner/dist/index.js:1240:20\n    at new Promise (<anonymous>)\n    at runWithTimeout (file:///C:/project/jjiban/node_modules/@vitest/runner/dist/index.js:1206:10)\n    at file:///C:/project/jjiban/node_modules/@vitest/runner/dist/index.js:1650:37\n    at Traces.$ (file:///C:/project/jjiban/node_modules/vitest/dist/chunks/traces.U4xDYhzZ.js:115:27)\n    at trace (file:///C:/project/jjiban/node_modules/vitest/dist/chunks/test.BT8LKgU9.js:239:21)\n    at runTest (file:///C:/project/jjiban/node_modules/@vitest/runner/dist/index.js:1650:12)"],"meta":{}}],"startTime":1765797579623,"endTime":1765797579641.5217,"status":"failed","message":"","name":"C:/project/jjiban/tests/unit/services/projectService.test.ts"},{"assertionResults":[{"ancestorTitles":["ProjectsListService","getProjectsList"],"fullName":"ProjectsListService getProjectsList UT-001: should return project list with default config","status":"failed","title":"UT-001: should return project list with default config","duration":5.775700000000143,"failureMessages":["TypeError: __vite_ssr_import_0__.vi.mocked(...).mockResolvedValue is not a function\n    at C:/project/jjiban/tests/unit/services/projectsListService.test.ts:65:30\n    at file:///C:/project/jjiban/node_modules/@vitest/runner/dist/index.js:145:11\n    at file:///C:/project/jjiban/node_modules/@vitest/runner/dist/index.js:915:26\n    at file:///C:/project/jjiban/node_modules/@vitest/runner/dist/index.js:1240:20\n    at new Promise (<anonymous>)\n    at runWithTimeout (file:///C:/project/jjiban/node_modules/@vitest/runner/dist/index.js:1206:10)\n    at file:///C:/project/jjiban/node_modules/@vitest/runner/dist/index.js:1650:37\n    at Traces.$ (file:///C:/project/jjiban/node_modules/vitest/dist/chunks/traces.U4xDYhzZ.js:115:27)\n    at trace (file:///C:/project/jjiban/node_modules/vitest/dist/chunks/test.BT8LKgU9.js:239:21)\n    at runTest (file:///C:/project/jjiban/node_modules/@vitest/runner/dist/index.js:1650:12)"],"meta":{}},{"ancestorTitles":["ProjectsListService","getProjectsList"],"fullName":"ProjectsListService getProjectsList UT-001a: should return empty list when no projects.json exists","status":"failed","title":"UT-001a: should return empty list when no projects.json exists","duration":0.8171999999999571,"failureMessages":["TypeError: __vite_ssr_import_0__.vi.mocked(...).mockRejectedValue is not a function\n    at C:/project/jjiban/tests/unit/services/projectsListService.test.ts:82:30\n    at file:///C:/project/jjiban/node_modules/@vitest/runner/dist/index.js:145:11\n    at file:///C:/project/jjiban/node_modules/@vitest/runner/dist/index.js:915:26\n    at file:///C:/project/jjiban/node_modules/@vitest/runner/dist/index.js:1240:20\n    at new Promise (<anonymous>)\n    at runWithTimeout (file:///C:/project/jjiban/node_modules/@vitest/runner/dist/index.js:1206:10)\n    at file:///C:/project/jjiban/node_modules/@vitest/runner/dist/index.js:1650:37\n    at Traces.$ (file:///C:/project/jjiban/node_modules/vitest/dist/chunks/traces.U4xDYhzZ.js:115:27)\n    at trace (file:///C:/project/jjiban/node_modules/vitest/dist/chunks/test.BT8LKgU9.js:239:21)\n    at runTest (file:///C:/project/jjiban/node_modules/@vitest/runner/dist/index.js:1650:12)"],"meta":{}},{"ancestorTitles":["ProjectsListService","getProjectsList"],"fullName":"ProjectsListService getProjectsList UT-001b: should filter by status when statusFilter is provided","status":"failed","title":"UT-001b: should filter by status when statusFilter is provided","duration":0.6622999999999593,"failureMessages":["TypeError: __vite_ssr_import_0__.vi.mocked(...).mockResolvedValue is not a function\n    at C:/project/jjiban/tests/unit/services/projectsListService.test.ts:103:30\n    at file:///C:/project/jjiban/node_modules/@vitest/runner/dist/index.js:145:11\n    at file:///C:/project/jjiban/node_modules/@vitest/runner/dist/index.js:915:26\n    at file:///C:/project/jjiban/node_modules/@vitest/runner/dist/index.js:1240:20\n    at new Promise (<anonymous>)\n    at runWithTimeout (file:///C:/project/jjiban/node_modules/@vitest/runner/dist/index.js:1206:10)\n    at file:///C:/project/jjiban/node_modules/@vitest/runner/dist/index.js:1650:37\n    at Traces.$ (file:///C:/project/jjiban/node_modules/vitest/dist/chunks/traces.U4xDYhzZ.js:115:27)\n    at trace (file:///C:/project/jjiban/node_modules/vitest/dist/chunks/test.BT8LKgU9.js:239:21)\n    at runTest (file:///C:/project/jjiban/node_modules/@vitest/runner/dist/index.js:1650:12)"],"meta":{}},{"ancestorTitles":["ProjectsListService","isProjectIdDuplicate"],"fullName":"ProjectsListService isProjectIdDuplicate should return true for existing project ID","status":"failed","title":"should return true for existing project ID","duration":0.6125999999999294,"failureMessages":["TypeError: __vite_ssr_import_0__.vi.mocked(...).mockResolvedValue is not a function\n    at C:/project/jjiban/tests/unit/services/projectsListService.test.ts:122:30\n    at file:///C:/project/jjiban/node_modules/@vitest/runner/dist/index.js:145:11\n    at file:///C:/project/jjiban/node_modules/@vitest/runner/dist/index.js:915:26\n    at file:///C:/project/jjiban/node_modules/@vitest/runner/dist/index.js:1240:20\n    at new Promise (<anonymous>)\n    at runWithTimeout (file:///C:/project/jjiban/node_modules/@vitest/runner/dist/index.js:1206:10)\n    at file:///C:/project/jjiban/node_modules/@vitest/runner/dist/index.js:1650:37\n    at Traces.$ (file:///C:/project/jjiban/node_modules/vitest/dist/chunks/traces.U4xDYhzZ.js:115:27)\n    at trace (file:///C:/project/jjiban/node_modules/vitest/dist/chunks/test.BT8LKgU9.js:239:21)\n    at runTest (file:///C:/project/jjiban/node_modules/@vitest/runner/dist/index.js:1650:12)"],"meta":{}},{"ancestorTitles":["ProjectsListService","isProjectIdDuplicate"],"fullName":"ProjectsListService isProjectIdDuplicate should return false for non-existing project ID","status":"failed","title":"should return false for non-existing project ID","duration":0.5377000000003136,"failureMessages":["TypeError: __vite_ssr_import_0__.vi.mocked(...).mockResolvedValue is not a function\n    at C:/project/jjiban/tests/unit/services/projectsListService.test.ts:138:30\n    at file:///C:/project/jjiban/node_modules/@vitest/runner/dist/index.js:145:11\n    at file:///C:/project/jjiban/node_modules/@vitest/runner/dist/index.js:915:26\n    at file:///C:/project/jjiban/node_modules/@vitest/runner/dist/index.js:1240:20\n    at new Promise (<anonymous>)\n    at runWithTimeout (file:///C:/project/jjiban/node_modules/@vitest/runner/dist/index.js:1206:10)\n    at file:///C:/project/jjiban/node_modules/@vitest/runner/dist/index.js:1650:37\n    at Traces.$ (file:///C:/project/jjiban/node_modules/vitest/dist/chunks/traces.U4xDYhzZ.js:115:27)\n    at trace (file:///C:/project/jjiban/node_modules/vitest/dist/chunks/test.BT8LKgU9.js:239:21)\n    at runTest (file:///C:/project/jjiban/node_modules/@vitest/runner/dist/index.js:1650:12)"],"meta":{}},{"ancestorTitles":["ProjectsListService","addProjectToList"],"fullName":"ProjectsListService addProjectToList should add project to list successfully","status":"failed","title":"should add project to list successfully","duration":0.5032999999998538,"failureMessages":["TypeError: __vite_ssr_import_0__.vi.mocked(...).mockResolvedValue is not a function\n    at C:/project/jjiban/tests/unit/services/projectsListService.test.ts:156:30\n    at file:///C:/project/jjiban/node_modules/@vitest/runner/dist/index.js:145:11\n    at file:///C:/project/jjiban/node_modules/@vitest/runner/dist/index.js:915:26\n    at file:///C:/project/jjiban/node_modules/@vitest/runner/dist/index.js:1240:20\n    at new Promise (<anonymous>)\n    at runWithTimeout (file:///C:/project/jjiban/node_modules/@vitest/runner/dist/index.js:1206:10)\n    at file:///C:/project/jjiban/node_modules/@vitest/runner/dist/index.js:1650:37\n    at Traces.$ (file:///C:/project/jjiban/node_modules/vitest/dist/chunks/traces.U4xDYhzZ.js:115:27)\n    at trace (file:///C:/project/jjiban/node_modules/vitest/dist/chunks/test.BT8LKgU9.js:239:21)\n    at runTest (file:///C:/project/jjiban/node_modules/@vitest/runner/dist/index.js:1650:12)"],"meta":{}},{"ancestorTitles":["ProjectsListService","addProjectToList"],"fullName":"ProjectsListService addProjectToList should throw error on duplicate project ID","status":"failed","title":"should throw error on duplicate project ID","duration":0.44239999999990687,"failureMessages":["TypeError: __vite_ssr_import_0__.vi.mocked(...).mockResolvedValue is not a function\n    at C:/project/jjiban/tests/unit/services/projectsListService.test.ts:180:30\n    at file:///C:/project/jjiban/node_modules/@vitest/runner/dist/index.js:145:11\n    at file:///C:/project/jjiban/node_modules/@vitest/runner/dist/index.js:915:26\n    at file:///C:/project/jjiban/node_modules/@vitest/runner/dist/index.js:1240:20\n    at new Promise (<anonymous>)\n    at runWithTimeout (file:///C:/project/jjiban/node_modules/@vitest/runner/dist/index.js:1206:10)\n    at file:///C:/project/jjiban/node_modules/@vitest/runner/dist/index.js:1650:37\n    at Traces.$ (file:///C:/project/jjiban/node_modules/vitest/dist/chunks/traces.U4xDYhzZ.js:115:27)\n    at trace (file:///C:/project/jjiban/node_modules/vitest/dist/chunks/test.BT8LKgU9.js:239:21)\n    at runTest (file:///C:/project/jjiban/node_modules/@vitest/runner/dist/index.js:1650:12)"],"meta":{}},{"ancestorTitles":["ProjectsListService","setDefaultProject"],"fullName":"ProjectsListService setDefaultProject UT-009: should throw on invalid (non-existent) project ID","status":"failed","title":"UT-009: should throw on invalid (non-existent) project ID","duration":0.5015000000003056,"failureMessages":["TypeError: __vite_ssr_import_0__.vi.mocked(...).mockResolvedValue is not a function\n    at C:/project/jjiban/tests/unit/services/projectsListService.test.ts:208:30\n    at file:///C:/project/jjiban/node_modules/@vitest/runner/dist/index.js:145:11\n    at file:///C:/project/jjiban/node_modules/@vitest/runner/dist/index.js:915:26\n    at file:///C:/project/jjiban/node_modules/@vitest/runner/dist/index.js:1240:20\n    at new Promise (<anonymous>)\n    at runWithTimeout (file:///C:/project/jjiban/node_modules/@vitest/runner/dist/index.js:1206:10)\n    at file:///C:/project/jjiban/node_modules/@vitest/runner/dist/index.js:1650:37\n    at Traces.$ (file:///C:/project/jjiban/node_modules/vitest/dist/chunks/traces.U4xDYhzZ.js:115:27)\n    at trace (file:///C:/project/jjiban/node_modules/vitest/dist/chunks/test.BT8LKgU9.js:239:21)\n    at runTest (file:///C:/project/jjiban/node_modules/@vitest/runner/dist/index.js:1650:12)"],"meta":{}},{"ancestorTitles":["ProjectsListService","setDefaultProject"],"fullName":"ProjectsListService setDefaultProject should set default project successfully for valid ID","status":"failed","title":"should set default project successfully for valid ID","duration":0.8609000000001288,"failureMessages":["TypeError: __vite_ssr_import_0__.vi.mocked(...).mockResolvedValue is not a function\n    at C:/project/jjiban/tests/unit/services/projectsListService.test.ts:221:30\n    at file:///C:/project/jjiban/node_modules/@vitest/runner/dist/index.js:145:11\n    at file:///C:/project/jjiban/node_modules/@vitest/runner/dist/index.js:915:26\n    at file:///C:/project/jjiban/node_modules/@vitest/runner/dist/index.js:1240:20\n    at new Promise (<anonymous>)\n    at runWithTimeout (file:///C:/project/jjiban/node_modules/@vitest/runner/dist/index.js:1206:10)\n    at file:///C:/project/jjiban/node_modules/@vitest/runner/dist/index.js:1650:37\n    at Traces.$ (file:///C:/project/jjiban/node_modules/vitest/dist/chunks/traces.U4xDYhzZ.js:115:27)\n    at trace (file:///C:/project/jjiban/node_modules/vitest/dist/chunks/test.BT8LKgU9.js:239:21)\n    at runTest (file:///C:/project/jjiban/node_modules/@vitest/runner/dist/index.js:1650:12)"],"meta":{}},{"ancestorTitles":["ProjectsListService","setDefaultProject"],"fullName":"ProjectsListService setDefaultProject should allow setting default to null","status":"failed","title":"should allow setting default to null","duration":0.638300000000072,"failureMessages":["TypeError: __vite_ssr_import_0__.vi.mocked(...).mockResolvedValue is not a function\n    at C:/project/jjiban/tests/unit/services/projectsListService.test.ts:236:30\n    at file:///C:/project/jjiban/node_modules/@vitest/runner/dist/index.js:145:11\n    at file:///C:/project/jjiban/node_modules/@vitest/runner/dist/index.js:915:26\n    at file:///C:/project/jjiban/node_modules/@vitest/runner/dist/index.js:1240:20\n    at new Promise (<anonymous>)\n    at runWithTimeout (file:///C:/project/jjiban/node_modules/@vitest/runner/dist/index.js:1206:10)\n    at file:///C:/project/jjiban/node_modules/@vitest/runner/dist/index.js:1650:37\n    at Traces.$ (file:///C:/project/jjiban/node_modules/vitest/dist/chunks/traces.U4xDYhzZ.js:115:27)\n    at trace (file:///C:/project/jjiban/node_modules/vitest/dist/chunks/test.BT8LKgU9.js:239:21)\n    at runTest (file:///C:/project/jjiban/node_modules/@vitest/runner/dist/index.js:1650:12)"],"meta":{}}],"startTime":1765797580094,"endTime":1765797580105.6382,"status":"failed","message":"","name":"C:/project/jjiban/tests/unit/services/projectsListService.test.ts"},{"assertionResults":[{"ancestorTitles":["TeamService","getTeam"],"fullName":"TeamService getTeam UT-007: should return team members","status":"failed","title":"UT-007: should return team members","duration":6.245899999999892,"failureMessages":["TypeError: __vite_ssr_import_0__.vi.mocked(...).mockResolvedValue is not a function\n    at C:/project/jjiban/tests/unit/services/teamService.test.ts:70:30\n    at file:///C:/project/jjiban/node_modules/@vitest/runner/dist/index.js:145:11\n    at file:///C:/project/jjiban/node_modules/@vitest/runner/dist/index.js:915:26\n    at file:///C:/project/jjiban/node_modules/@vitest/runner/dist/index.js:1240:20\n    at new Promise (<anonymous>)\n    at runWithTimeout (file:///C:/project/jjiban/node_modules/@vitest/runner/dist/index.js:1206:10)\n    at file:///C:/project/jjiban/node_modules/@vitest/runner/dist/index.js:1650:37\n    at Traces.$ (file:///C:/project/jjiban/node_modules/vitest/dist/chunks/traces.U4xDYhzZ.js:115:27)\n    at trace (file:///C:/project/jjiban/node_modules/vitest/dist/chunks/test.BT8LKgU9.js:239:21)\n    at runTest (file:///C:/project/jjiban/node_modules/@vitest/runner/dist/index.js:1650:12)"],"meta":{}},{"ancestorTitles":["TeamService","getTeam"],"fullName":"TeamService getTeam should return empty array when team.json does not exist","status":"failed","title":"should return empty array when team.json does not exist","duration":0.8940999999999804,"failureMessages":["TypeError: __vite_ssr_import_0__.vi.mocked(...).mockRejectedValue is not a function\n    at C:/project/jjiban/tests/unit/services/teamService.test.ts:89:30\n    at file:///C:/project/jjiban/node_modules/@vitest/runner/dist/index.js:145:11\n    at file:///C:/project/jjiban/node_modules/@vitest/runner/dist/index.js:915:26\n    at file:///C:/project/jjiban/node_modules/@vitest/runner/dist/index.js:1240:20\n    at new Promise (<anonymous>)\n    at runWithTimeout (file:///C:/project/jjiban/node_modules/@vitest/runner/dist/index.js:1206:10)\n    at file:///C:/project/jjiban/node_modules/@vitest/runner/dist/index.js:1650:37\n    at Traces.$ (file:///C:/project/jjiban/node_modules/vitest/dist/chunks/traces.U4xDYhzZ.js:115:27)\n    at trace (file:///C:/project/jjiban/node_modules/vitest/dist/chunks/test.BT8LKgU9.js:239:21)\n    at runTest (file:///C:/project/jjiban/node_modules/@vitest/runner/dist/index.js:1650:12)"],"meta":{}},{"ancestorTitles":["TeamService","getTeam"],"fullName":"TeamService getTeam should throw on file read error (non-ENOENT)","status":"failed","title":"should throw on file read error (non-ENOENT)","duration":0.7037000000000262,"failureMessages":["TypeError: __vite_ssr_import_0__.vi.mocked(...).mockRejectedValue is not a function\n    at C:/project/jjiban/tests/unit/services/teamService.test.ts:100:30\n    at file:///C:/project/jjiban/node_modules/@vitest/runner/dist/index.js:145:11\n    at file:///C:/project/jjiban/node_modules/@vitest/runner/dist/index.js:915:26\n    at file:///C:/project/jjiban/node_modules/@vitest/runner/dist/index.js:1240:20\n    at new Promise (<anonymous>)\n    at runWithTimeout (file:///C:/project/jjiban/node_modules/@vitest/runner/dist/index.js:1206:10)\n    at file:///C:/project/jjiban/node_modules/@vitest/runner/dist/index.js:1650:37\n    at Traces.$ (file:///C:/project/jjiban/node_modules/vitest/dist/chunks/traces.U4xDYhzZ.js:115:27)\n    at trace (file:///C:/project/jjiban/node_modules/vitest/dist/chunks/test.BT8LKgU9.js:239:21)\n    at runTest (file:///C:/project/jjiban/node_modules/@vitest/runner/dist/index.js:1650:12)"],"meta":{}},{"ancestorTitles":["TeamService","updateTeam"],"fullName":"TeamService updateTeam UT-008: should throw on duplicate member ID","status":"passed","title":"UT-008: should throw on duplicate member ID","duration":3.495800000000145,"failureMessages":[],"meta":{}},{"ancestorTitles":["TeamService","updateTeam"],"fullName":"TeamService updateTeam should update team successfully with unique member IDs","status":"failed","title":"should update team successfully with unique member IDs","duration":0.7894000000001142,"failureMessages":["TypeError: __vite_ssr_import_0__.vi.mocked(...).mockResolvedValue is not a function\n    at C:/project/jjiban/tests/unit/services/teamService.test.ts:125:31\n    at file:///C:/project/jjiban/node_modules/@vitest/runner/dist/index.js:145:11\n    at file:///C:/project/jjiban/node_modules/@vitest/runner/dist/index.js:915:26\n    at file:///C:/project/jjiban/node_modules/@vitest/runner/dist/index.js:1240:20\n    at new Promise (<anonymous>)\n    at runWithTimeout (file:///C:/project/jjiban/node_modules/@vitest/runner/dist/index.js:1206:10)\n    at file:///C:/project/jjiban/node_modules/@vitest/runner/dist/index.js:1650:37\n    at Traces.$ (file:///C:/project/jjiban/node_modules/vitest/dist/chunks/traces.U4xDYhzZ.js:115:27)\n    at trace (file:///C:/project/jjiban/node_modules/vitest/dist/chunks/test.BT8LKgU9.js:239:21)\n    at runTest (file:///C:/project/jjiban/node_modules/@vitest/runner/dist/index.js:1650:12)"],"meta":{}},{"ancestorTitles":["TeamService","updateTeam"],"fullName":"TeamService updateTeam should handle empty team update","status":"failed","title":"should handle empty team update","duration":0.4729000000002088,"failureMessages":["TypeError: __vite_ssr_import_0__.vi.mocked(...).mockResolvedValue is not a function\n    at C:/project/jjiban/tests/unit/services/teamService.test.ts:142:31\n    at file:///C:/project/jjiban/node_modules/@vitest/runner/dist/index.js:145:11\n    at file:///C:/project/jjiban/node_modules/@vitest/runner/dist/index.js:915:26\n    at file:///C:/project/jjiban/node_modules/@vitest/runner/dist/index.js:1240:20\n    at new Promise (<anonymous>)\n    at runWithTimeout (file:///C:/project/jjiban/node_modules/@vitest/runner/dist/index.js:1206:10)\n    at file:///C:/project/jjiban/node_modules/@vitest/runner/dist/index.js:1650:37\n    at Traces.$ (file:///C:/project/jjiban/node_modules/vitest/dist/chunks/traces.U4xDYhzZ.js:115:27)\n    at trace (file:///C:/project/jjiban/node_modules/vitest/dist/chunks/test.BT8LKgU9.js:239:21)\n    at runTest (file:///C:/project/jjiban/node_modules/@vitest/runner/dist/index.js:1650:12)"],"meta":{}},{"ancestorTitles":["TeamService","updateTeam"],"fullName":"TeamService updateTeam should throw on file write error","status":"failed","title":"should throw on file write error","duration":0.47200000000020736,"failureMessages":["TypeError: __vite_ssr_import_0__.vi.mocked(...).mockRejectedValue is not a function\n    at C:/project/jjiban/tests/unit/services/teamService.test.ts:154:31\n    at file:///C:/project/jjiban/node_modules/@vitest/runner/dist/index.js:145:11\n    at file:///C:/project/jjiban/node_modules/@vitest/runner/dist/index.js:915:26\n    at file:///C:/project/jjiban/node_modules/@vitest/runner/dist/index.js:1240:20\n    at new Promise (<anonymous>)\n    at runWithTimeout (file:///C:/project/jjiban/node_modules/@vitest/runner/dist/index.js:1206:10)\n    at file:///C:/project/jjiban/node_modules/@vitest/runner/dist/index.js:1650:37\n    at Traces.$ (file:///C:/project/jjiban/node_modules/vitest/dist/chunks/traces.U4xDYhzZ.js:115:27)\n    at trace (file:///C:/project/jjiban/node_modules/vitest/dist/chunks/test.BT8LKgU9.js:239:21)\n    at runTest (file:///C:/project/jjiban/node_modules/@vitest/runner/dist/index.js:1650:12)"],"meta":{}},{"ancestorTitles":["TeamService","updateTeam"],"fullName":"TeamService updateTeam should preserve all member fields","status":"failed","title":"should preserve all member fields","duration":0.4149999999999636,"failureMessages":["TypeError: __vite_ssr_import_0__.vi.mocked(...).mockResolvedValue is not a function\n    at C:/project/jjiban/tests/unit/services/teamService.test.ts:166:31\n    at file:///C:/project/jjiban/node_modules/@vitest/runner/dist/index.js:145:11\n    at file:///C:/project/jjiban/node_modules/@vitest/runner/dist/index.js:915:26\n    at file:///C:/project/jjiban/node_modules/@vitest/runner/dist/index.js:1240:20\n    at new Promise (<anonymous>)\n    at runWithTimeout (file:///C:/project/jjiban/node_modules/@vitest/runner/dist/index.js:1206:10)\n    at file:///C:/project/jjiban/node_modules/@vitest/runner/dist/index.js:1650:37\n    at Traces.$ (file:///C:/project/jjiban/node_modules/vitest/dist/chunks/traces.U4xDYhzZ.js:115:27)\n    at trace (file:///C:/project/jjiban/node_modules/vitest/dist/chunks/test.BT8LKgU9.js:239:21)\n    at runTest (file:///C:/project/jjiban/node_modules/@vitest/runner/dist/index.js:1650:12)"],"meta":{}}],"startTime":1765797580181,"endTime":1765797580195.415,"status":"failed","message":"","name":"C:/project/jjiban/tests/unit/services/teamService.test.ts"},{"assertionResults":[{"ancestorTitles":["useWbsStore - UT-006: filteredTree getter 동작 확인"],"fullName":"useWbsStore - UT-006: filteredTree getter 동작 확인 검색어와 매칭되는 노드만 필터링하여 반환한다","status":"passed","title":"검색어와 매칭되는 노드만 필터링하여 반환한다","duration":6.9547000000000025,"failureMessages":[],"meta":{}},{"ancestorTitles":["useWbsStore - UT-006: filteredTree getter 동작 확인"],"fullName":"useWbsStore - UT-006: filteredTree getter 동작 확인 검색어가 없으면 원본 트리를 반환한다","status":"passed","title":"검색어가 없으면 원본 트리를 반환한다","duration":0.9970000000000709,"failureMessages":[],"meta":{}},{"ancestorTitles":["useWbsStore - UT-016: 유효하지 않은 projectId 처리"],"fullName":"useWbsStore - UT-016: 유효하지 않은 projectId 처리 유효하지 않은 projectId로 fetchWbs() 호출 시 에러가 설정된다","status":"passed","title":"유효하지 않은 projectId로 fetchWbs() 호출 시 에러가 설정된다","duration":1.6176000000000386,"failureMessages":[],"meta":{}},{"ancestorTitles":["useWbsStore - UT-017: 검색어 길이 제한 테스트"],"fullName":"useWbsStore - UT-017: 검색어 길이 제한 테스트 1글자 검색어도 정상적으로 필터링된다","status":"passed","title":"1글자 검색어도 정상적으로 필터링된다","duration":1.1467999999999847,"failureMessages":[],"meta":{}},{"ancestorTitles":["useWbsStore - UT-017: 검색어 길이 제한 테스트"],"fullName":"useWbsStore - UT-017: 검색어 길이 제한 테스트 매우 긴 검색어도 정상적으로 처리된다","status":"passed","title":"매우 긴 검색어도 정상적으로 처리된다","duration":0.812900000000127,"failureMessages":[],"meta":{}},{"ancestorTitles":["useWbsStore - UT-017: 검색어 길이 제한 테스트"],"fullName":"useWbsStore - UT-017: 검색어 길이 제한 테스트 특수문자 포함 검색어도 정상적으로 처리된다","status":"passed","title":"특수문자 포함 검색어도 정상적으로 처리된다","duration":0.723700000000008,"failureMessages":[],"meta":{}},{"ancestorTitles":["useWbsStore - UT-018: 빈 flatNodes 상태 테스트"],"fullName":"useWbsStore - UT-018: 빈 flatNodes 상태 테스트 flatNodes가 비어있을 때 wpCount는 0을 반환한다","status":"passed","title":"flatNodes가 비어있을 때 wpCount는 0을 반환한다","duration":0.7946999999999207,"failureMessages":[],"meta":{}},{"ancestorTitles":["useWbsStore - UT-018: 빈 flatNodes 상태 테스트"],"fullName":"useWbsStore - UT-018: 빈 flatNodes 상태 테스트 flatNodes가 비어있을 때 actCount는 0을 반환한다","status":"passed","title":"flatNodes가 비어있을 때 actCount는 0을 반환한다","duration":0.47119999999995343,"failureMessages":[],"meta":{}},{"ancestorTitles":["useWbsStore - UT-018: 빈 flatNodes 상태 테스트"],"fullName":"useWbsStore - UT-018: 빈 flatNodes 상태 테스트 flatNodes가 비어있을 때 tskCount는 0을 반환한다","status":"passed","title":"flatNodes가 비어있을 때 tskCount는 0을 반환한다","duration":0.766800000000103,"failureMessages":[],"meta":{}},{"ancestorTitles":["useWbsStore - UT-018: 빈 flatNodes 상태 테스트"],"fullName":"useWbsStore - UT-018: 빈 flatNodes 상태 테스트 flatNodes가 비어있을 때 overallProgress는 0을 반환한다","status":"passed","title":"flatNodes가 비어있을 때 overallProgress는 0을 반환한다","duration":0.58400000000006,"failureMessages":[],"meta":{}},{"ancestorTitles":["useWbsStore - UT-018: 빈 flatNodes 상태 테스트"],"fullName":"useWbsStore - UT-018: 빈 flatNodes 상태 테스트 Task가 없을 때 overallProgress는 0을 반환한다 (0으로 나누기 방지)","status":"passed","title":"Task가 없을 때 overallProgress는 0을 반환한다 (0으로 나누기 방지)","duration":0.5376999999998588,"failureMessages":[],"meta":{}},{"ancestorTitles":["useWbsStore - 카운트 계산 확인 (UT-010, UT-011)"],"fullName":"useWbsStore - 카운트 계산 확인 (UT-010, UT-011) WP, ACT, TSK 카운트를 정확히 계산한다","status":"passed","title":"WP, ACT, TSK 카운트를 정확히 계산한다","duration":0.6111000000000786,"failureMessages":[],"meta":{}},{"ancestorTitles":["useWbsStore - 카운트 계산 확인 (UT-010, UT-011)"],"fullName":"useWbsStore - 카운트 계산 확인 (UT-010, UT-011) 전체 진행률을 정확히 계산한다","status":"passed","title":"전체 진행률을 정확히 계산한다","duration":0.5504000000000815,"failureMessages":[],"meta":{}},{"ancestorTitles":["useWbsStore - expandAll / collapseAll 테스트"],"fullName":"useWbsStore - expandAll / collapseAll 테스트 expandAll() 호출 시 모든 노드가 확장된다","status":"passed","title":"expandAll() 호출 시 모든 노드가 확장된다","duration":1.203499999999849,"failureMessages":[],"meta":{}},{"ancestorTitles":["useWbsStore - expandAll / collapseAll 테스트"],"fullName":"useWbsStore - expandAll / collapseAll 테스트 collapseAll() 호출 시 모든 노드가 축소된다","status":"passed","title":"collapseAll() 호출 시 모든 노드가 축소된다","duration":0.5582999999999174,"failureMessages":[],"meta":{}}],"startTime":1765797586363,"endTime":1765797586382.5583,"status":"passed","message":"","name":"C:/project/jjiban/tests/unit/stores/wbs.store.test.ts"},{"assertionResults":[{"ancestorTitles":["Project Metadata Service - API Integration Tests","E2E-003: Project Creation Flow"],"fullName":"Project Metadata Service - API Integration Tests E2E-003: Project Creation Flow should create project with folder structure and files","status":"passed","title":"should create project with folder structure and files","duration":9.641900000000078,"failureMessages":[],"meta":{}},{"ancestorTitles":["Project Metadata Service - API Integration Tests","E2E-003: Project Creation Flow"],"fullName":"Project Metadata Service - API Integration Tests E2E-003: Project Creation Flow should reject duplicate project ID (409 Conflict)","status":"passed","title":"should reject duplicate project ID (409 Conflict)","duration":11.037499999999909,"failureMessages":[],"meta":{}},{"ancestorTitles":["Project Metadata Service - API Integration Tests","E2E-003: Project Creation Flow"],"fullName":"Project Metadata Service - API Integration Tests E2E-003: Project Creation Flow should reject invalid project ID format (400 Bad Request)","status":"passed","title":"should reject invalid project ID format (400 Bad Request)","duration":0.4541999999999007,"failureMessages":[],"meta":{}},{"ancestorTitles":["Project Metadata Service - API Integration Tests","E2E-001: Project List Retrieval"],"fullName":"Project Metadata Service - API Integration Tests E2E-001: Project List Retrieval should return project list with correct structure","status":"passed","title":"should return project list with correct structure","duration":1.6885999999999513,"failureMessages":[],"meta":{}},{"ancestorTitles":["Project Metadata Service - API Integration Tests","E2E-001: Project List Retrieval"],"fullName":"Project Metadata Service - API Integration Tests E2E-001: Project List Retrieval should support status filtering","status":"passed","title":"should support status filtering","duration":0.5894000000000688,"failureMessages":[],"meta":{}},{"ancestorTitles":["Project Metadata Service - API Integration Tests","E2E-002: Project Detail Retrieval"],"fullName":"Project Metadata Service - API Integration Tests E2E-002: Project Detail Retrieval should return project with team information","status":"passed","title":"should return project with team information","duration":1.8719999999998436,"failureMessages":[],"meta":{}},{"ancestorTitles":["Project Metadata Service - API Integration Tests","E2E-002: Project Detail Retrieval"],"fullName":"Project Metadata Service - API Integration Tests E2E-002: Project Detail Retrieval should throw 404 for non-existent project","status":"passed","title":"should throw 404 for non-existent project","duration":0.603099999999813,"failureMessages":[],"meta":{}},{"ancestorTitles":["Project Metadata Service - API Integration Tests","E2E-004: Project Update Flow"],"fullName":"Project Metadata Service - API Integration Tests E2E-004: Project Update Flow should update project fields successfully","status":"passed","title":"should update project fields successfully","duration":2.372000000000071,"failureMessages":[],"meta":{}},{"ancestorTitles":["Project Metadata Service - API Integration Tests","E2E-004: Project Update Flow"],"fullName":"Project Metadata Service - API Integration Tests E2E-004: Project Update Flow should reject ID change attempt (BR-002)","status":"passed","title":"should reject ID change attempt (BR-002)","duration":0.501700000000028,"failureMessages":[],"meta":{}},{"ancestorTitles":["Project Metadata Service - API Integration Tests","E2E-005: Team Management Flow"],"fullName":"Project Metadata Service - API Integration Tests E2E-005: Team Management Flow should add and update team members successfully","status":"passed","title":"should add and update team members successfully","duration":3.1773000000000593,"failureMessages":[],"meta":{}},{"ancestorTitles":["Project Metadata Service - API Integration Tests","E2E-005: Team Management Flow"],"fullName":"Project Metadata Service - API Integration Tests E2E-005: Team Management Flow should reject duplicate team member IDs (BR-003)","status":"passed","title":"should reject duplicate team member IDs (BR-003)","duration":0.46550000000002,"failureMessages":[],"meta":{}},{"ancestorTitles":["Project Metadata Service - API Integration Tests","E2E-005: Team Management Flow"],"fullName":"Project Metadata Service - API Integration Tests E2E-005: Team Management Flow should allow removing team members","status":"passed","title":"should allow removing team members","duration":1.7121999999999389,"failureMessages":[],"meta":{}},{"ancestorTitles":["Project Metadata Service - API Integration Tests","E2E-005: Team Management Flow"],"fullName":"Project Metadata Service - API Integration Tests E2E-005: Team Management Flow should allow clearing all team members","status":"passed","title":"should allow clearing all team members","duration":1.1375000000000455,"failureMessages":[],"meta":{}},{"ancestorTitles":["Project Metadata Service - API Integration Tests","Integration: Complete Project Lifecycle"],"fullName":"Project Metadata Service - API Integration Tests Integration: Complete Project Lifecycle should handle complete project lifecycle","status":"passed","title":"should handle complete project lifecycle","duration":7.24330000000009,"failureMessages":[],"meta":{}},{"ancestorTitles":["Project Metadata Service - API Integration Tests","Error Handling and Edge Cases"],"fullName":"Project Metadata Service - API Integration Tests Error Handling and Edge Cases should handle empty project list gracefully","status":"passed","title":"should handle empty project list gracefully","duration":1.269399999999905,"failureMessages":[],"meta":{}},{"ancestorTitles":["Project Metadata Service - API Integration Tests","Error Handling and Edge Cases"],"fullName":"Project Metadata Service - API Integration Tests Error Handling and Edge Cases should validate project ID format strictly","status":"passed","title":"should validate project ID format strictly","duration":1.9932000000001153,"failureMessages":[],"meta":{}},{"ancestorTitles":["Project Metadata Service - API Integration Tests","Error Handling and Edge Cases"],"fullName":"Project Metadata Service - API Integration Tests Error Handling and Edge Cases should accept valid project ID formats","status":"passed","title":"should accept valid project ID formats","duration":13.432299999999941,"failureMessages":[],"meta":{}}],"startTime":1765797583134,"endTime":1765797583195.4324,"status":"passed","message":"","name":"C:/project/jjiban/tests/utils/projects/api-integration.test.ts"},{"assertionResults":[{"ancestorTitles":["Project Services Integration"],"fullName":"Project Services Integration should create project with folder structure","status":"passed","title":"should create project with folder structure","duration":8.234100000000126,"failureMessages":[],"meta":{}},{"ancestorTitles":["Project Services Integration"],"fullName":"Project Services Integration should retrieve created project","status":"passed","title":"should retrieve created project","duration":1.7030999999999494,"failureMessages":[],"meta":{}},{"ancestorTitles":["Project Services Integration"],"fullName":"Project Services Integration should manage team members","status":"passed","title":"should manage team members","duration":3.0112000000001444,"failureMessages":[],"meta":{}},{"ancestorTitles":["Project Services Integration"],"fullName":"Project Services Integration should list all projects","status":"passed","title":"should list all projects","duration":1.447400000000016,"failureMessages":[],"meta":{}},{"ancestorTitles":["Project Services Integration"],"fullName":"Project Services Integration should reject duplicate team member IDs","status":"passed","title":"should reject duplicate team member IDs","duration":2.23700000000008,"failureMessages":[],"meta":{}},{"ancestorTitles":["Project Services Integration"],"fullName":"Project Services Integration should reject invalid project ID format","status":"passed","title":"should reject invalid project ID format","duration":0.3949000000000069,"failureMessages":[],"meta":{}}],"startTime":1765797585378,"endTime":1765797585395.395,"status":"passed","message":"","name":"C:/project/jjiban/tests/utils/projects/integration.test.ts"},{"assertionResults":[{"ancestorTitles":["ProjectPaths","getBasePath"],"fullName":"ProjectPaths getBasePath should return current working directory when JJIBAN_BASE_PATH is not set","status":"passed","title":"should return current working directory when JJIBAN_BASE_PATH is not set","duration":1.9303999999999633,"failureMessages":[],"meta":{}},{"ancestorTitles":["ProjectPaths","getBasePath"],"fullName":"ProjectPaths getBasePath should return normalized JJIBAN_BASE_PATH when set","status":"passed","title":"should return normalized JJIBAN_BASE_PATH when set","duration":0.8877999999999702,"failureMessages":[],"meta":{}},{"ancestorTitles":["ProjectPaths","getBasePath"],"fullName":"ProjectPaths getBasePath should reject path traversal attack (..)","status":"passed","title":"should reject path traversal attack (..)","duration":1.4329999999999927,"failureMessages":[],"meta":{}},{"ancestorTitles":["ProjectPaths","getProjectsBasePath"],"fullName":"ProjectPaths getProjectsBasePath should return .jjiban/projects path","status":"passed","title":"should return .jjiban/projects path","duration":0.46109999999998763,"failureMessages":[],"meta":{}},{"ancestorTitles":["ProjectPaths","getProjectDir"],"fullName":"ProjectPaths getProjectDir should return project directory path","status":"passed","title":"should return project directory path","duration":0.6343999999999141,"failureMessages":[],"meta":{}},{"ancestorTitles":["ProjectPaths","getProjectDir"],"fullName":"ProjectPaths getProjectDir should throw error for invalid project ID (uppercase)","status":"passed","title":"should throw error for invalid project ID (uppercase)","duration":2.4351999999998952,"failureMessages":[],"meta":{}},{"ancestorTitles":["ProjectPaths","getProjectDir"],"fullName":"ProjectPaths getProjectDir should throw error for invalid project ID (special characters)","status":"passed","title":"should throw error for invalid project ID (special characters)","duration":0.3863000000001193,"failureMessages":[],"meta":{}},{"ancestorTitles":["ProjectPaths","getProjectFilePath"],"fullName":"ProjectPaths getProjectFilePath should return project.json path","status":"passed","title":"should return project.json path","duration":0.5471999999999753,"failureMessages":[],"meta":{}},{"ancestorTitles":["ProjectPaths","getProjectFilePath"],"fullName":"ProjectPaths getProjectFilePath should return team.json path","status":"passed","title":"should return team.json path","duration":0.5601999999998952,"failureMessages":[],"meta":{}},{"ancestorTitles":["ProjectPaths","getProjectsListFilePath"],"fullName":"ProjectPaths getProjectsListFilePath should return projects.json path","status":"passed","title":"should return projects.json path","duration":0.40219999999999345,"failureMessages":[],"meta":{}},{"ancestorTitles":["ProjectPaths","validateProjectId"],"fullName":"ProjectPaths validateProjectId should accept valid project ID (lowercase, numbers, hyphens)","status":"passed","title":"should accept valid project ID (lowercase, numbers, hyphens)","duration":0.3348000000000866,"failureMessages":[],"meta":{}},{"ancestorTitles":["ProjectPaths","validateProjectId"],"fullName":"ProjectPaths validateProjectId should reject uppercase letters","status":"passed","title":"should reject uppercase letters","duration":0.35730000000012296,"failureMessages":[],"meta":{}},{"ancestorTitles":["ProjectPaths","validateProjectId"],"fullName":"ProjectPaths validateProjectId should reject special characters","status":"passed","title":"should reject special characters","duration":0.359000000000151,"failureMessages":[],"meta":{}},{"ancestorTitles":["ProjectPaths","validateProjectId"],"fullName":"ProjectPaths validateProjectId should reject path traversal (..)","status":"passed","title":"should reject path traversal (..)","duration":0.26779999999985193,"failureMessages":[],"meta":{}},{"ancestorTitles":["ProjectPaths","validateProjectId"],"fullName":"ProjectPaths validateProjectId should reject path with slashes","status":"passed","title":"should reject path with slashes","duration":0.31950000000006185,"failureMessages":[],"meta":{}}],"startTime":1765797586994,"endTime":1765797587006.3196,"status":"passed","message":"","name":"C:/project/jjiban/tests/utils/projects/paths.test.ts"},{"assertionResults":[{"ancestorTitles":["Settings API Handler","type validation"],"fullName":"Settings API Handler type validation AT-001: should accept columns type","status":"failed","title":"AT-001: should accept columns type","duration":4.744499999999789,"failureMessages":["TypeError: __vite_ssr_import_0__.vi.mocked(...).mockRejectedValue is not a function\n    at C:/project/jjiban/tests/utils/settings/api.test.ts:36:25\n    at file:///C:/project/jjiban/node_modules/@vitest/runner/dist/index.js:145:11\n    at file:///C:/project/jjiban/node_modules/@vitest/runner/dist/index.js:1240:20\n    at new Promise (<anonymous>)\n    at runWithTimeout (file:///C:/project/jjiban/node_modules/@vitest/runner/dist/index.js:1206:10)\n    at runHook (file:///C:/project/jjiban/node_modules/@vitest/runner/dist/index.js:1511:51)\n    at callSuiteHook (file:///C:/project/jjiban/node_modules/@vitest/runner/dist/index.js:1517:25)\n    at processTicksAndRejections (node:internal/process/task_queues:105:5)\n    at callSuiteHook (file:///C:/project/jjiban/node_modules/@vitest/runner/dist/index.js:1504:21)\n    at runTest (file:///C:/project/jjiban/node_modules/@vitest/runner/dist/index.js:1642:26)"],"meta":{}},{"ancestorTitles":["Settings API Handler","type validation"],"fullName":"Settings API Handler type validation AT-002: should accept categories type","status":"failed","title":"AT-002: should accept categories type","duration":0.6354000000001179,"failureMessages":["TypeError: __vite_ssr_import_0__.vi.mocked(...).mockRejectedValue is not a function\n    at C:/project/jjiban/tests/utils/settings/api.test.ts:36:25\n    at file:///C:/project/jjiban/node_modules/@vitest/runner/dist/index.js:145:11\n    at file:///C:/project/jjiban/node_modules/@vitest/runner/dist/index.js:1240:20\n    at new Promise (<anonymous>)\n    at runWithTimeout (file:///C:/project/jjiban/node_modules/@vitest/runner/dist/index.js:1206:10)\n    at runHook (file:///C:/project/jjiban/node_modules/@vitest/runner/dist/index.js:1511:51)\n    at callSuiteHook (file:///C:/project/jjiban/node_modules/@vitest/runner/dist/index.js:1517:25)\n    at processTicksAndRejections (node:internal/process/task_queues:105:5)\n    at callSuiteHook (file:///C:/project/jjiban/node_modules/@vitest/runner/dist/index.js:1504:21)\n    at runTest (file:///C:/project/jjiban/node_modules/@vitest/runner/dist/index.js:1642:26)"],"meta":{}},{"ancestorTitles":["Settings API Handler","type validation"],"fullName":"Settings API Handler type validation AT-003: should accept workflows type","status":"failed","title":"AT-003: should accept workflows type","duration":0.6015999999999622,"failureMessages":["TypeError: __vite_ssr_import_0__.vi.mocked(...).mockRejectedValue is not a function\n    at C:/project/jjiban/tests/utils/settings/api.test.ts:36:25\n    at file:///C:/project/jjiban/node_modules/@vitest/runner/dist/index.js:145:11\n    at file:///C:/project/jjiban/node_modules/@vitest/runner/dist/index.js:1240:20\n    at new Promise (<anonymous>)\n    at runWithTimeout (file:///C:/project/jjiban/node_modules/@vitest/runner/dist/index.js:1206:10)\n    at runHook (file:///C:/project/jjiban/node_modules/@vitest/runner/dist/index.js:1511:51)\n    at callSuiteHook (file:///C:/project/jjiban/node_modules/@vitest/runner/dist/index.js:1517:25)\n    at processTicksAndRejections (node:internal/process/task_queues:105:5)\n    at callSuiteHook (file:///C:/project/jjiban/node_modules/@vitest/runner/dist/index.js:1504:21)\n    at runTest (file:///C:/project/jjiban/node_modules/@vitest/runner/dist/index.js:1642:26)"],"meta":{}},{"ancestorTitles":["Settings API Handler","type validation"],"fullName":"Settings API Handler type validation AT-004: should accept actions type","status":"failed","title":"AT-004: should accept actions type","duration":0.43040000000019063,"failureMessages":["TypeError: __vite_ssr_import_0__.vi.mocked(...).mockRejectedValue is not a function\n    at C:/project/jjiban/tests/utils/settings/api.test.ts:36:25\n    at file:///C:/project/jjiban/node_modules/@vitest/runner/dist/index.js:145:11\n    at file:///C:/project/jjiban/node_modules/@vitest/runner/dist/index.js:1240:20\n    at new Promise (<anonymous>)\n    at runWithTimeout (file:///C:/project/jjiban/node_modules/@vitest/runner/dist/index.js:1206:10)\n    at runHook (file:///C:/project/jjiban/node_modules/@vitest/runner/dist/index.js:1511:51)\n    at callSuiteHook (file:///C:/project/jjiban/node_modules/@vitest/runner/dist/index.js:1517:25)\n    at processTicksAndRejections (node:internal/process/task_queues:105:5)\n    at callSuiteHook (file:///C:/project/jjiban/node_modules/@vitest/runner/dist/index.js:1504:21)\n    at runTest (file:///C:/project/jjiban/node_modules/@vitest/runner/dist/index.js:1642:26)"],"meta":{}},{"ancestorTitles":["Settings API Handler","type validation"],"fullName":"Settings API Handler type validation should reject invalid type","status":"failed","title":"should reject invalid type","duration":0.4274000000000342,"failureMessages":["TypeError: __vite_ssr_import_0__.vi.mocked(...).mockRejectedValue is not a function\n    at C:/project/jjiban/tests/utils/settings/api.test.ts:36:25\n    at file:///C:/project/jjiban/node_modules/@vitest/runner/dist/index.js:145:11\n    at file:///C:/project/jjiban/node_modules/@vitest/runner/dist/index.js:1240:20\n    at new Promise (<anonymous>)\n    at runWithTimeout (file:///C:/project/jjiban/node_modules/@vitest/runner/dist/index.js:1206:10)\n    at runHook (file:///C:/project/jjiban/node_modules/@vitest/runner/dist/index.js:1511:51)\n    at callSuiteHook (file:///C:/project/jjiban/node_modules/@vitest/runner/dist/index.js:1517:25)\n    at processTicksAndRejections (node:internal/process/task_queues:105:5)\n    at callSuiteHook (file:///C:/project/jjiban/node_modules/@vitest/runner/dist/index.js:1504:21)\n    at runTest (file:///C:/project/jjiban/node_modules/@vitest/runner/dist/index.js:1642:26)"],"meta":{}},{"ancestorTitles":["Settings API Handler","default settings structure"],"fullName":"Settings API Handler default settings structure should have correct columns structure","status":"failed","title":"should have correct columns structure","duration":0.39279999999985193,"failureMessages":["TypeError: __vite_ssr_import_0__.vi.mocked(...).mockRejectedValue is not a function\n    at C:/project/jjiban/tests/utils/settings/api.test.ts:36:25\n    at file:///C:/project/jjiban/node_modules/@vitest/runner/dist/index.js:145:11\n    at file:///C:/project/jjiban/node_modules/@vitest/runner/dist/index.js:1240:20\n    at new Promise (<anonymous>)\n    at runWithTimeout (file:///C:/project/jjiban/node_modules/@vitest/runner/dist/index.js:1206:10)\n    at runHook (file:///C:/project/jjiban/node_modules/@vitest/runner/dist/index.js:1511:51)\n    at callSuiteHook (file:///C:/project/jjiban/node_modules/@vitest/runner/dist/index.js:1517:25)\n    at processTicksAndRejections (node:internal/process/task_queues:105:5)\n    at callSuiteHook (file:///C:/project/jjiban/node_modules/@vitest/runner/dist/index.js:1504:21)\n    at runTest (file:///C:/project/jjiban/node_modules/@vitest/runner/dist/index.js:1642:26)"],"meta":{}},{"ancestorTitles":["Settings API Handler","default settings structure"],"fullName":"Settings API Handler default settings structure should have correct categories structure","status":"failed","title":"should have correct categories structure","duration":0.3251000000000204,"failureMessages":["TypeErro
[...]
d return pencil icon for update action","status":"passed","title":"should return pencil icon for update action","duration":18.348199999999906,"failureMessages":[],"meta":{}},{"ancestorTitles":["TaskHistory","getEntryIcon method"],"fullName":"TaskHistory getEntryIcon method should return bolt icon for action type","status":"passed","title":"should return bolt icon for action type","duration":10.969900000000052,"failureMessages":[],"meta":{}},{"ancestorTitles":["TaskHistory","getEntryIcon method"],"fullName":"TaskHistory getEntryIcon method should return info-circle icon for unknown action","status":"passed","title":"should return info-circle icon for unknown action","duration":14.566899999999805,"failureMessages":[],"meta":{}},{"ancestorTitles":["TaskHistory","getEntryColor method"],"fullName":"TaskHistory getEntryColor method should return blue for transition","status":"passed","title":"should return blue for transition","duration":12.215900000000147,"failureMessages":[],"meta":{}},{"ancestorTitles":["TaskHistory","getEntryColor method"],"fullName":"TaskHistory getEntryColor method should return green for update","status":"passed","title":"should return green for update","duration":13.722400000000107,"failureMessages":[],"meta":{}},{"ancestorTitles":["TaskHistory","getEntryColor method"],"fullName":"TaskHistory getEntryColor method should return amber for action","status":"passed","title":"should return amber for action","duration":10.665500000000065,"failureMessages":[],"meta":{}},{"ancestorTitles":["TaskHistory","getEntryColor method"],"fullName":"TaskHistory getEntryColor method should return gray for unknown action","status":"passed","title":"should return gray for unknown action","duration":16.071699999999964,"failureMessages":[],"meta":{}},{"ancestorTitles":["TaskHistory","getEntryTitle method"],"fullName":"TaskHistory getEntryTitle method should return \"상태 전이\" for transition","status":"passed","title":"should return \"상태 전이\" for transition","duration":7.2815999999997985,"failureMessages":[],"meta":{}},{"ancestorTitles":["TaskHistory","getEntryTitle method"],"fullName":"TaskHistory getEntryTitle method should return \"정보 수정\" for update","status":"passed","title":"should return \"정보 수정\" for update","duration":8.070799999999963,"failureMessages":[],"meta":{}},{"ancestorTitles":["TaskHistory","getEntryTitle method"],"fullName":"TaskHistory getEntryTitle method should return \"액션 실행\" for action","status":"passed","title":"should return \"액션 실행\" for action","duration":8.695000000000164,"failureMessages":[],"meta":{}},{"ancestorTitles":["TaskHistory","getEntryTitle method"],"fullName":"TaskHistory getEntryTitle method should return action value for unknown action","status":"passed","title":"should return action value for unknown action","duration":13.14260000000013,"failureMessages":[],"meta":{}},{"ancestorTitles":["TaskHistory","formatTimestamp method"],"fullName":"TaskHistory formatTimestamp method should format timestamp to Korean locale string","status":"passed","title":"should format timestamp to Korean locale string","duration":12.980799999999817,"failureMessages":[],"meta":{}},{"ancestorTitles":["TaskHistory","formatTimestamp method"],"fullName":"TaskHistory formatTimestamp method should return consistent format for multiple timestamps","status":"passed","title":"should return consistent format for multiple timestamps","duration":22.721600000000308,"failureMessages":[],"meta":{}},{"ancestorTitles":["TaskHistory","Rendering"],"fullName":"TaskHistory Rendering should render timeline with correct data-testid","status":"passed","title":"should render timeline with correct data-testid","duration":14.59940000000006,"failureMessages":[],"meta":{}},{"ancestorTitles":["TaskHistory","Rendering"],"fullName":"TaskHistory Rendering should render history entries with correct data-testid","status":"passed","title":"should render history entries with correct data-testid","duration":16.197299999999814,"failureMessages":[],"meta":{}},{"ancestorTitles":["TaskHistory","Rendering"],"fullName":"TaskHistory Rendering should display transition information with previousStatus and newStatus","status":"passed","title":"should display transition information with previousStatus and newStatus","duration":13.074800000000323,"failureMessages":[],"meta":{}},{"ancestorTitles":["TaskHistory","Rendering"],"fullName":"TaskHistory Rendering should display command information when present","status":"passed","title":"should display command information when present","duration":9.927299999999832,"failureMessages":[],"meta":{}},{"ancestorTitles":["TaskHistory","Rendering"],"fullName":"TaskHistory Rendering should display document created information when present","status":"passed","title":"should display document created information when present","duration":10.05450000000019,"failureMessages":[],"meta":{}},{"ancestorTitles":["TaskHistory","Rendering"],"fullName":"TaskHistory Rendering should display comment when present","status":"passed","title":"should display comment when present","duration":49.85900000000038,"failureMessages":[],"meta":{}},{"ancestorTitles":["TaskHistory","Rendering"],"fullName":"TaskHistory Rendering should display user information when present","status":"passed","title":"should display user information when present","duration":9.066200000000208,"failureMessages":[],"meta":{}},{"ancestorTitles":["TaskHistory","Empty State"],"fullName":"TaskHistory Empty State should display message when no history exists","status":"passed","title":"should display message when no history exists","duration":9.69210000000021,"failureMessages":[],"meta":{}},{"ancestorTitles":["TaskHistory","Backward Compatibility"],"fullName":"TaskHistory Backward Compatibility should handle legacy history format with from/to fields","status":"passed","title":"should handle legacy history format with from/to fields","duration":8.750999999999749,"failureMessages":[],"meta":{}},{"ancestorTitles":["TaskHistory","Backward Compatibility"],"fullName":"TaskHistory Backward Compatibility should handle legacy user field","status":"passed","title":"should handle legacy user field","duration":9.340699999999742,"failureMessages":[],"meta":{}}],"startTime":1765797582602,"endTime":1765797583181.3408,"status":"passed","message":"","name":"C:/project/jjiban/tests/unit/components/wbs/detail/TaskHistory.test.ts"},{"assertionResults":[{"ancestorTitles":["TaskRequirements","toggleEdit functionality"],"fullName":"TaskRequirements toggleEdit functionality should activate editing mode when edit button clicked","status":"passed","title":"should activate editing mode when edit button clicked","duration":120.29889999999978,"failureMessages":[],"meta":{}},{"ancestorTitles":["TaskRequirements","toggleEdit functionality"],"fullName":"TaskRequirements toggleEdit functionality should copy requirements to localRequirements when editing starts","status":"passed","title":"should copy requirements to localRequirements when editing starts","duration":35.90219999999999,"failureMessages":[],"meta":{}},{"ancestorTitles":["TaskRequirements","toggleEdit functionality"],"fullName":"TaskRequirements toggleEdit functionality should emit update:requirements event on save","status":"passed","title":"should emit update:requirements event on save","duration":50.74330000000009,"failureMessages":[],"meta":{}},{"ancestorTitles":["TaskRequirements","toggleEdit functionality"],"fullName":"TaskRequirements toggleEdit functionality should exit editing mode on cancel without saving","status":"passed","title":"should exit editing mode on cancel without saving","duration":74.55650000000014,"failureMessages":[],"meta":{}},{"ancestorTitles":["TaskRequirements","addRequirement and removeRequirement"],"fullName":"TaskRequirements addRequirement and removeRequirement should add new requirement","status":"passed","title":"should add new requirement","duration":37.689200000000255,"failureMessages":[],"meta":{}},{"ancestorTitles":["TaskRequirements","addRequirement and removeRequirement"],"fullName":"TaskRequirements addRequirement and removeRequirement should remove requirement","status":"passed","title":"should remove requirement","duration":46.20550000000003,"failureMessages":[],"meta":{}},{"ancestorTitles":["TaskRequirements","validateRequirement - 500 character limit"],"fullName":"TaskRequirements validateRequirement - 500 character limit should accept requirements under 500 characters","status":"passed","title":"should accept requirements under 500 characters","duration":26.260099999999966,"failureMessages":[],"meta":{}},{"ancestorTitles":["TaskRequirements","validateRequirement - 500 character limit"],"fullName":"TaskRequirements validateRequirement - 500 character limit should reject requirements over 500 characters","status":"passed","title":"should reject requirements over 500 characters","duration":42.91200000000026,"failureMessages":[],"meta":{}},{"ancestorTitles":["TaskRequirements","validateRequirement - 500 character limit"],"fullName":"TaskRequirements validateRequirement - 500 character limit should prevent save when validation error exists","status":"passed","title":"should prevent save when validation error exists","duration":30.200000000000273,"failureMessages":[],"meta":{}},{"ancestorTitles":["TaskRequirements","validateRequirement - 500 character limit"],"fullName":"TaskRequirements validateRequirement - 500 character limit should display error message when validation fails","status":"passed","title":"should display error message when validation fails","duration":37.72830000000022,"failureMessages":[],"meta":{}},{"ancestorTitles":["TaskRequirements","PRD Reference Display"],"fullName":"TaskRequirements PRD Reference Display should display PRD reference when provided","status":"passed","title":"should display PRD reference when provided","duration":11.650000000000091,"failureMessages":[],"meta":{}},{"ancestorTitles":["TaskRequirements","PRD Reference Display"],"fullName":"TaskRequirements PRD Reference Display should not display PRD reference when not provided","status":"passed","title":"should not display PRD reference when not provided","duration":9.078700000000026,"failureMessages":[],"meta":{}},{"ancestorTitles":["TaskRequirements","Empty State"],"fullName":"TaskRequirements Empty State should display message when no requirements exist","status":"passed","title":"should display message when no requirements exist","duration":15.127200000000357,"failureMessages":[],"meta":{}},{"ancestorTitles":["TaskRequirements","Data Integrity"],"fullName":"TaskRequirements Data Integrity should filter out empty requirements on save","status":"passed","title":"should filter out empty requirements on save","duration":40.658200000000306,"failureMessages":[],"meta":{}}],"startTime":1765797582565,"endTime":1765797583146.6582,"status":"passed","message":"","name":"C:/project/jjiban/tests/unit/components/wbs/detail/TaskRequirements.test.ts"},{"assertionResults":[],"startTime":1765797577685,"endTime":1765797577685,"status":"failed","message":"Failed to resolve import \"~/types\" from \"app/components/wbs/detail/TaskWorkflow.vue\". Does the file exist?","name":"C:/project/jjiban/tests/unit/components/wbs/detail/TaskWorkflow.test.ts"},{"assertionResults":[{"ancestorTitles":["PUT /api/projects/:id/wbs/tasks/:taskId/test-result","UT-001: 정상 test-result 업데이트"],"fullName":"PUT /api/projects/:id/wbs/tasks/:taskId/test-result UT-001: 정상 test-result 업데이트 should update test-result successfully","status":"passed","title":"should update test-result successfully","duration":3244.7063,"failureMessages":[],"meta":{}},{"ancestorTitles":["PUT /api/projects/:id/wbs/tasks/:taskId/test-result","UT-002: 파라미터 검증 실패"],"fullName":"PUT /api/projects/:id/wbs/tasks/:taskId/test-result UT-002: 파라미터 검증 실패 should return 400 for invalid project ID","status":"failed","title":"should return 400 for invalid project ID","duration":339.1339000000007,"failureMessages":["AssertionError: expected 404 to be 400 // Object.is equality\n    at C:/project/jjiban/tests/api/projects/[id]/wbs/tasks/[taskId]/test-result.test.ts:119:31\n    at processTicksAndRejections (node:internal/process/task_queues:105:5)\n    at file:///C:/project/jjiban/node_modules/@vitest/runner/dist/index.js:915:20"],"meta":{}},{"ancestorTitles":["PUT /api/projects/:id/wbs/tasks/:taskId/test-result","UT-002: 파라미터 검증 실패"],"fullName":"PUT /api/projects/:id/wbs/tasks/:taskId/test-result UT-002: 파라미터 검증 실패 should return 400 for missing request body","status":"passed","title":"should return 400 for missing request body","duration":42.985899999999674,"failureMessages":[],"meta":{}},{"ancestorTitles":["PUT /api/projects/:id/wbs/tasks/:taskId/test-result","UT-002: 파라미터 검증 실패"],"fullName":"PUT /api/projects/:id/wbs/tasks/:taskId/test-result UT-002: 파라미터 검증 실패 should return 400 for missing testResult field","status":"passed","title":"should return 400 for missing testResult field","duration":35.238000000000284,"failureMessages":[],"meta":{}},{"ancestorTitles":["PUT /api/projects/:id/wbs/tasks/:taskId/test-result","UT-003: Task ID 형식 검증 (BR-001)"],"fullName":"PUT /api/projects/:id/wbs/tasks/:taskId/test-result UT-003: Task ID 형식 검증 (BR-001) should accept valid 3-level Task ID","status":"passed","title":"should accept valid 3-level Task ID","duration":30.506199999999808,"failureMessages":[],"meta":{}},{"ancestorTitles":["PUT /api/projects/:id/wbs/tasks/:taskId/test-result","UT-003: Task ID 형식 검증 (BR-001)"],"fullName":"PUT /api/projects/:id/wbs/tasks/:taskId/test-result UT-003: Task ID 형식 검증 (BR-001) should accept valid 4-level Task ID format","status":"passed","title":"should accept valid 4-level Task ID format","duration":35.456600000000435,"failureMessages":[],"meta":{}},{"ancestorTitles":["PUT /api/projects/:id/wbs/tasks/:taskId/test-result","UT-003: Task ID 형식 검증 (BR-001)"],"fullName":"PUT /api/projects/:id/wbs/tasks/:taskId/test-result UT-003: Task ID 형식 검증 (BR-001) should reject invalid Task ID format (insufficient digits)","status":"passed","title":"should reject invalid Task ID format (insufficient digits)","duration":29.666299999999865,"failureMessages":[],"meta":{}},{"ancestorTitles":["PUT /api/projects/:id/wbs/tasks/:taskId/test-result","UT-003: Task ID 형식 검증 (BR-001)"],"fullName":"PUT /api/projects/:id/wbs/tasks/:taskId/test-result UT-003: Task ID 형식 검증 (BR-001) should reject invalid Task ID format (wrong prefix)","status":"passed","title":"should reject invalid Task ID format (wrong prefix)","duration":25.8746000000001,"failureMessages":[],"meta":{}},{"ancestorTitles":["PUT /api/projects/:id/wbs/tasks/:taskId/test-result","UT-003: Task ID 형식 검증 (BR-001)"],"fullName":"PUT /api/projects/:id/wbs/tasks/:taskId/test-result UT-003: Task ID 형식 검증 (BR-001) should reject invalid Task ID format (insufficient segments)","status":"passed","title":"should reject invalid Task ID format (insufficient segments)","duration":27.989399999999478,"failureMessages":[],"meta":{}},{"ancestorTitles":["PUT /api/projects/:id/wbs/tasks/:taskId/test-result","UT-003: Task ID 형식 검증 (BR-001)"],"fullName":"PUT /api/projects/:id/wbs/tasks/:taskId/test-result UT-003: Task ID 형식 검증 (BR-001) should reject invalid Task ID format (non-numeric)","status":"passed","title":"should reject invalid Task ID format (non-numeric)","duration":33.0619999999999,"failureMessages":[],"meta":{}},{"ancestorTitles":["PUT /api/projects/:id/wbs/tasks/:taskId/test-result","UT-004: test-result 값 검증 (BR-002)"],"fullName":"PUT /api/projects/:id/wbs/tasks/:taskId/test-result UT-004: test-result 값 검증 (BR-002) should accept valid value: none","status":"passed","title":"should accept valid value: none","duration":26.955699999999524,"failureMessages":[],"meta":{}},{"ancestorTitles":["PUT /api/projects/:id/wbs/tasks/:taskId/test-result","UT-004: test-result 값 검증 (BR-002)"],"fullName":"PUT /api/projects/:id/wbs/tasks/:taskId/test-result UT-004: test-result 값 검증 (BR-002) should accept valid value: pass","status":"passed","title":"should accept valid value: pass","duration":24.29189999999926,"failureMessages":[],"meta":{}},{"ancestorTitles":["PUT /api/projects/:id/wbs/tasks/:taskId/test-result","UT-004: test-result 값 검증 (BR-002)"],"fullName":"PUT /api/projects/:id/wbs/tasks/:taskId/test-result UT-004: test-result 값 검증 (BR-002) should accept valid value: fail","status":"passed","title":"should accept valid value: fail","duration":25.730800000000272,"failureMessages":[],"meta":{}},{"ancestorTitles":["PUT /api/projects/:id/wbs/tasks/:taskId/test-result","UT-004: test-result 값 검증 (BR-002)"],"fullName":"PUT /api/projects/:id/wbs/tasks/:taskId/test-result UT-004: test-result 값 검증 (BR-002) should reject invalid value: passed (typo)","status":"passed","title":"should reject invalid value: passed (typo)","duration":20.754500000000007,"failureMessages":[],"meta":{}},{"ancestorTitles":["PUT /api/projects/:id/wbs/tasks/:taskId/test-result","UT-004: test-result 값 검증 (BR-002)"],"fullName":"PUT /api/projects/:id/wbs/tasks/:taskId/test-result UT-004: test-result 값 검증 (BR-002) should reject invalid value: success","status":"passed","title":"should reject invalid value: success","duration":24.851200000000063,"failureMessages":[],"meta":{}},{"ancestorTitles":["PUT /api/projects/:id/wbs/tasks/:taskId/test-result","UT-004: test-result 값 검증 (BR-002)"],"fullName":"PUT /api/projects/:id/wbs/tasks/:taskId/test-result UT-004: test-result 값 검증 (BR-002) should reject empty string","status":"passed","title":"should reject empty string","duration":29.70640000000003,"failureMessages":[],"meta":{}},{"ancestorTitles":["PUT /api/projects/:id/wbs/tasks/:taskId/test-result","UT-005: findTaskInTree 함수 (BR-003)"],"fullName":"PUT /api/projects/:id/wbs/tasks/:taskId/test-result UT-005: findTaskInTree 함수 (BR-003) should find Task in 3-level WBS","status":"passed","title":"should find Task in 3-level WBS","duration":22.987999999999374,"failureMessages":[],"meta":{}},{"ancestorTitles":["PUT /api/projects/:id/wbs/tasks/:taskId/test-result","UT-005: findTaskInTree 함수 (BR-003)"],"fullName":"PUT /api/projects/:id/wbs/tasks/:taskId/test-result UT-005: findTaskInTree 함수 (BR-003) should return 404 for non-existent Task","status":"passed","title":"should return 404 for non-existent Task","duration":31.81290000000081,"failureMessages":[],"meta":{}},{"ancestorTitles":["PUT /api/projects/:id/wbs/tasks/:taskId/test-result","UT-005: findTaskInTree 함수 (BR-003)"],"fullName":"PUT /api/projects/:id/wbs/tasks/:taskId/test-result UT-005: findTaskInTree 함수 (BR-003) should return 404 for empty WBS tree","status":"passed","title":"should return 404 for empty WBS tree","duration":28.14099999999962,"failureMessages":[],"meta":{}},{"ancestorTitles":["PUT /api/projects/:id/wbs/tasks/:taskId/test-result","UT-006: 백업 및 롤백 (BR-004)"],"fullName":"PUT /api/projects/:id/wbs/tasks/:taskId/test-result UT-006: 백업 및 롤백 (BR-004) should create backup file before update","status":"passed","title":"should create backup file before update","duration":18.82589999999982,"failureMessages":[],"meta":{}},{"ancestorTitles":["PUT /api/projects/:id/wbs/tasks/:taskId/test-result","UT-006: 백업 및 롤백 (BR-004)"],"fullName":"PUT /api/projects/:id/wbs/tasks/:taskId/test-result UT-006: 백업 및 롤백 (BR-004) should maintain idempotency when test-result is already the same","status":"passed","title":"should maintain idempotency when test-result is already the same","duration":46.6269999999995,"failureMessages":[],"meta":{}},{"ancestorTitles":["PUT /api/projects/:id/wbs/tasks/:taskId/test-result","UT-007: 대용량 WBS 성능 테스트 (H-03)"],"fullName":"PUT /api/projects/:id/wbs/tasks/:taskId/test-result UT-007: 대용량 WBS 성능 테스트 (H-03) should respond within 200ms for large WBS","status":"passed","title":"should respond within 200ms for large WBS","duration":36.35959999999977,"failureMessages":[],"meta":{}}],"startTime":1765797580054,"endTime":1765797584237.3596,"status":"failed","message":"","name":"C:/project/jjiban/tests/api/projects/[id]/wbs/tasks/[taskId]/test-result.test.ts"}]}