{"C:\\project\\jjiban\\server\\utils\\file.ts": {"path":"C:\\project\\jjiban\\server\\utils\\file.ts","statementMap":{"0":{"start":{"line":10,"column":19},"end":{"line":10,"column":null}},"1":{"start":{"line":11,"column":2},"end":{"line":13,"column":null}},"2":{"start":{"line":12,"column":4},"end":{"line":12,"column":null}},"3":{"start":{"line":14,"column":2},"end":{"line":14,"column":null}},"4":{"start":{"line":17,"column":20},"end":{"line":17,"column":null}},"5":{"start":{"line":22,"column":4},"end":{"line":22,"column":null}},"6":{"start":{"line":23,"column":4},"end":{"line":23,"column":null}},"7":{"start":{"line":29,"column":4},"end":{"line":29,"column":null}},"8":{"start":{"line":30,"column":4},"end":{"line":30,"column":null}},"9":{"start":{"line":31,"column":4},"end":{"line":31,"column":null}},"10":{"start":{"line":37,"column":4},"end":{"line":37,"column":null}},"11":{"start":{"line":38,"column":4},"end":{"line":38,"column":null}},"12":{"start":{"line":39,"column":4},"end":{"line":39,"column":null}},"13":{"start":{"line":47,"column":2},"end":{"line":53,"column":null}},"14":{"start":{"line":48,"column":20},"end":{"line":48,"column":null}},"15":{"start":{"line":49,"column":4},"end":{"line":49,"column":null}},"16":{"start":{"line":51,"column":4},"end":{"line":51,"column":null}},"17":{"start":{"line":52,"column":4},"end":{"line":52,"column":null}},"18":{"start":{"line":60,"column":2},"end":{"line":67,"column":null}},"19":{"start":{"line":61,"column":4},"end":{"line":61,"column":null}},"20":{"start":{"line":62,"column":4},"end":{"line":62,"column":null}},"21":{"start":{"line":63,"column":4},"end":{"line":63,"column":null}},"22":{"start":{"line":65,"column":4},"end":{"line":65,"column":null}},"23":{"start":{"line":66,"column":4},"end":{"line":66,"column":null}},"24":{"start":{"line":74,"column":2},"end":{"line":79,"column":null}},"25":{"start":{"line":75,"column":4},"end":{"line":75,"column":null}},"26":{"start":{"line":77,"column":4},"end":{"line":77,"column":null}},"27":{"start":{"line":78,"column":4},"end":{"line":78,"column":null}},"28":{"start":{"line":86,"column":2},"end":{"line":93,"column":null}},"29":{"start":{"line":87,"column":4},"end":{"line":87,"column":null}},"30":{"start":{"line":88,"column":4},"end":{"line":88,"column":null}},"31":{"start":{"line":89,"column":4},"end":{"line":89,"column":null}},"32":{"start":{"line":91,"column":4},"end":{"line":91,"column":null}},"33":{"start":{"line":92,"column":4},"end":{"line":92,"column":null}},"34":{"start":{"line":100,"column":2},"end":{"line":105,"column":null}},"35":{"start":{"line":101,"column":4},"end":{"line":101,"column":null}},"36":{"start":{"line":102,"column":4},"end":{"line":102,"column":null}},"37":{"start":{"line":104,"column":4},"end":{"line":104,"column":null}},"38":{"start":{"line":112,"column":2},"end":{"line":117,"column":null}},"39":{"start":{"line":113,"column":17},"end":{"line":113,"column":null}},"40":{"start":{"line":114,"column":4},"end":{"line":114,"column":null}},"41":{"start":{"line":116,"column":4},"end":{"line":116,"column":null}},"42":{"start":{"line":124,"column":2},"end":{"line":130,"column":null}},"43":{"start":{"line":125,"column":4},"end":{"line":125,"column":null}},"44":{"start":{"line":126,"column":4},"end":{"line":126,"column":null}},"45":{"start":{"line":128,"column":4},"end":{"line":128,"column":null}},"46":{"start":{"line":129,"column":4},"end":{"line":129,"column":null}},"47":{"start":{"line":137,"column":2},"end":{"line":145,"column":null}},"48":{"start":{"line":138,"column":18},"end":{"line":138,"column":null}},"49":{"start":{"line":139,"column":4},"end":{"line":141,"column":null}},"50":{"start":{"line":140,"column":6},"end":{"line":140,"column":null}},"51":{"start":{"line":140,"column":31},"end":{"line":140,"column":52}},"52":{"start":{"line":142,"column":4},"end":{"line":142,"column":null}},"53":{"start":{"line":144,"column":4},"end":{"line":144,"column":null}},"54":{"start":{"line":152,"column":2},"end":{"line":157,"column":null}},"55":{"start":{"line":153,"column":18},"end":{"line":153,"column":null}},"56":{"start":{"line":154,"column":4},"end":{"line":154,"column":null}},"57":{"start":{"line":154,"column":32},"end":{"line":154,"column":50}},"58":{"start":{"line":154,"column":64},"end":{"line":154,"column":73}},"59":{"start":{"line":156,"column":4},"end":{"line":156,"column":null}},"60":{"start":{"line":164,"column":2},"end":{"line":164,"column":null}},"61":{"start":{"line":171,"column":2},"end":{"line":171,"column":null}},"62":{"start":{"line":178,"column":2},"end":{"line":178,"column":null}},"63":{"start":{"line":185,"column":2},"end":{"line":185,"column":null}},"64":{"start":{"line":192,"column":2},"end":{"line":192,"column":null}},"65":{"start":{"line":199,"column":2},"end":{"line":199,"column":null}},"66":{"start":{"line":206,"column":2},"end":{"line":206,"column":null}},"67":{"start":{"line":213,"column":2},"end":{"line":213,"column":null}},"68":{"start":{"line":220,"column":2},"end":{"line":220,"column":null}},"69":{"start":{"line":227,"column":2},"end":{"line":227,"column":null}},"70":{"start":{"line":234,"column":2},"end":{"line":234,"column":null}},"71":{"start":{"line":243,"column":28},"end":{"line":243,"column":null}},"72":{"start":{"line":244,"column":27},"end":{"line":244,"column":null}},"73":{"start":{"line":246,"column":22},"end":{"line":251,"column":null}},"74":{"start":{"line":253,"column":2},"end":{"line":263,"column":null}},"75":{"start":{"line":254,"column":4},"end":{"line":262,"column":null}},"76":{"start":{"line":255,"column":21},"end":{"line":255,"column":null}},"77":{"start":{"line":256,"column":6},"end":{"line":259,"column":null}},"78":{"start":{"line":257,"column":8},"end":{"line":257,"column":null}},"79":{"start":{"line":258,"column":8},"end":{"line":258,"column":null}},"80":{"start":{"line":261,"column":6},"end":{"line":261,"column":null}},"81":{"start":{"line":265,"column":2},"end":{"line":269,"column":null}},"82":{"start":{"line":278,"column":28},"end":{"line":278,"column":null}},"83":{"start":{"line":279,"column":27},"end":{"line":279,"column":null}},"84":{"start":{"line":281,"column":22},"end":{"line":281,"column":null}},"85":{"start":{"line":282,"column":8},"end":{"line":282,"column":null}},"86":{"start":{"line":284,"column":22},"end":{"line":284,"column":null}},"87":{"start":{"line":286,"column":2},"end":{"line":296,"column":null}},"88":{"start":{"line":287,"column":4},"end":{"line":295,"column":null}},"89":{"start":{"line":288,"column":21},"end":{"line":288,"column":null}},"90":{"start":{"line":289,"column":6},"end":{"line":292,"column":null}},"91":{"start":{"line":290,"column":8},"end":{"line":290,"column":null}},"92":{"start":{"line":291,"column":8},"end":{"line":291,"column":null}},"93":{"start":{"line":294,"column":6},"end":{"line":294,"column":null}},"94":{"start":{"line":298,"column":2},"end":{"line":302,"column":null}},"95":{"start":{"line":314,"column":2},"end":{"line":319,"column":null}}},"fnMap":{"0":{"name":"initJjibanRoot","decl":{"start":{"line":9,"column":9},"end":{"line":9,"column":34}},"loc":{"start":{"line":9,"column":34},"end":{"line":15,"column":null}},"line":9},"1":{"name":"(anonymous_1)","decl":{"start":{"line":21,"column":2},"end":{"line":21,"column":14}},"loc":{"start":{"line":21,"column":32},"end":{"line":24,"column":null}},"line":21},"2":{"name":"(anonymous_2)","decl":{"start":{"line":28,"column":2},"end":{"line":28,"column":14}},"loc":{"start":{"line":28,"column":47},"end":{"line":32,"column":null}},"line":28},"3":{"name":"(anonymous_3)","decl":{"start":{"line":36,"column":2},"end":{"line":36,"column":14}},"loc":{"start":{"line":36,"column":47},"end":{"line":40,"column":null}},"line":36},"4":{"name":"readJsonFile","decl":{"start":{"line":46,"column":22},"end":{"line":46,"column":38}},"loc":{"start":{"line":46,"column":71},"end":{"line":54,"column":null}},"line":46},"5":{"name":"writeJsonFile","decl":{"start":{"line":59,"column":22},"end":{"line":59,"column":39}},"loc":{"start":{"line":59,"column":80},"end":{"line":68,"column":null}},"line":59},"6":{"name":"readMarkdownFile","decl":{"start":{"line":73,"column":22},"end":{"line":73,"column":39}},"loc":{"start":{"line":73,"column":77},"end":{"line":80,"column":null}},"line":73},"7":{"name":"writeMarkdownFile","decl":{"start":{"line":85,"column":22},"end":{"line":85,"column":40}},"loc":{"start":{"line":85,"column":89},"end":{"line":94,"column":null}},"line":85},"8":{"name":"fileExists","decl":{"start":{"line":99,"column":22},"end":{"line":99,"column":33}},"loc":{"start":{"line":99,"column":65},"end":{"line":106,"column":null}},"line":99},"9":{"name":"dirExists","decl":{"start":{"line":111,"column":22},"end":{"line":111,"column":32}},"loc":{"start":{"line":111,"column":64},"end":{"line":118,"column":null}},"line":111},"10":{"name":"ensureDir","decl":{"start":{"line":123,"column":22},"end":{"line":123,"column":32}},"loc":{"start":{"line":123,"column":64},"end":{"line":131,"column":null}},"line":123},"11":{"name":"listFiles","decl":{"start":{"line":136,"column":22},"end":{"line":136,"column":32}},"loc":{"start":{"line":136,"column":88},"end":{"line":146,"column":null}},"line":136},"12":{"name":"(anonymous_12)","decl":{"start":{"line":140,"column":26},"end":{"line":140,"column":31}},"loc":{"start":{"line":140,"column":31},"end":{"line":140,"column":52}},"line":140},"13":{"name":"listDirs","decl":{"start":{"line":151,"column":22},"end":{"line":151,"column":31}},"loc":{"start":{"line":151,"column":67},"end":{"line":158,"column":null}},"line":151},"14":{"name":"(anonymous_14)","decl":{"start":{"line":154,"column":24},"end":{"line":154,"column":32}},"loc":{"start":{"line":154,"column":32},"end":{"line":154,"column":50}},"line":154},"15":{"name":"(anonymous_15)","decl":{"start":{"line":154,"column":56},"end":{"line":154,"column":64}},"loc":{"start":{"line":154,"column":64},"end":{"line":154,"column":73}},"line":154},"16":{"name":"getJjibanRoot","decl":{"start":{"line":163,"column":16},"end":{"line":163,"column":40}},"loc":{"start":{"line":163,"column":40},"end":{"line":165,"column":null}},"line":163},"17":{"name":"getSettingsPath","decl":{"start":{"line":170,"column":16},"end":{"line":170,"column":42}},"loc":{"start":{"line":170,"column":42},"end":{"line":172,"column":null}},"line":170},"18":{"name":"getProjectsPath","decl":{"start":{"line":177,"column":16},"end":{"line":177,"column":42}},"loc":{"start":{"line":177,"column":42},"end":{"line":179,"column":null}},"line":177},"19":{"name":"getProjectPath","decl":{"start":{"line":184,"column":16},"end":{"line":184,"column":31}},"loc":{"start":{"line":184,"column":58},"end":{"line":186,"column":null}},"line":184},"20":{"name":"getWbsPath","decl":{"start":{"line":191,"column":16},"end":{"line":191,"column":27}},"loc":{"start":{"line":191,"column":54},"end":{"line":193,"column":null}},"line":191},"21":{"name":"getProjectJsonPath","decl":{"start":{"line":198,"column":16},"end":{"line":198,"column":35}},"loc":{"start":{"line":198,"column":62},"end":{"line":200,"column":null}},"line":198},"22":{"name":"getTeamJsonPath","decl":{"start":{"line":205,"column":16},"end":{"line":205,"column":32}},"loc":{"start":{"line":205,"column":59},"end":{"line":207,"column":null}},"line":205},"23":{"name":"getTaskFolderPath","decl":{"start":{"line":212,"column":16},"end":{"line":212,"column":34}},"loc":{"start":{"line":212,"column":77},"end":{"line":214,"column":null}},"line":212},"24":{"name":"getTaskDocPath","decl":{"start":{"line":219,"column":16},"end":{"line":219,"column":31}},"loc":{"start":{"line":219,"column":91},"end":{"line":221,"column":null}},"line":219},"25":{"name":"getSettingFilePath","decl":{"start":{"line":226,"column":16},"end":{"line":226,"column":35}},"loc":{"start":{"line":226,"column":64},"end":{"line":228,"column":null}},"line":226},"26":{"name":"getTemplatesPath","decl":{"start":{"line":233,"column":16},"end":{"line":233,"column":43}},"loc":{"start":{"line":233,"column":43},"end":{"line":235,"column":null}},"line":233},"27":{"name":"ensureJjibanStructure","decl":{"start":{"line":242,"column":22},"end":{"line":242,"column":114}},"loc":{"start":{"line":242,"column":114},"end":{"line":270,"column":null}},"line":242},"28":{"name":"ensureProjectStructure","decl":{"start":{"line":277,"column":22},"end":{"line":277,"column":45}},"loc":{"start":{"line":277,"column":132},"end":{"line":303,"column":null}},"line":277},"29":{"name":"checkJjibanStructure","decl":{"start":{"line":308,"column":22},"end":{"line":308,"column":null}},"loc":{"start":{"line":313,"column":3},"end":{"line":320,"column":null}},"line":313}},"branchMap":{"0":{"loc":{"start":{"line":11,"column":2},"end":{"line":13,"column":null}},"type":"if","locations":[{"start":{"line":11,"column":2},"end":{"line":13,"column":null}},{"start":{},"end":{}}],"line":11},"1":{"loc":{"start":{"line":11,"column":6},"end":{"line":11,"column":40}},"type":"binary-expr","locations":[{"start":{"line":11,"column":6},"end":{"line":11,"column":18}},{"start":{"line":11,"column":6},"end":{"line":11,"column":40}}],"line":11},"2":{"loc":{"start":{"line":139,"column":4},"end":{"line":141,"column":null}},"type":"if","locations":[{"start":{"line":139,"column":4},"end":{"line":141,"column":null}},{"start":{},"end":{}}],"line":139},"3":{"loc":{"start":{"line":256,"column":6},"end":{"line":259,"column":null}},"type":"if","locations":[{"start":{"line":256,"column":6},"end":{"line":259,"column":null}},{"start":{},"end":{}}],"line":256},"4":{"loc":{"start":{"line":261,"column":29},"end":{"line":261,"column":85}},"type":"cond-expr","locations":[{"start":{"line":261,"column":54},"end":{"line":261,"column":70}},{"start":{"line":261,"column":70},"end":{"line":261,"column":85}}],"line":261},"5":{"loc":{"start":{"line":289,"column":6},"end":{"line":292,"column":null}},"type":"if","locations":[{"start":{"line":289,"column":6},"end":{"line":292,"column":null}},{"start":{},"end":{}}],"line":289},"6":{"loc":{"start":{"line":294,"column":29},"end":{"line":294,"column":85}},"type":"cond-expr","locations":[{"start":{"line":294,"column":54},"end":{"line":294,"column":70}},{"start":{"line":294,"column":70},"end":{"line":294,"column":85}}],"line":294}},"s":{"0":0,"1":0,"2":0,"3":0,"4":0,"5":0,"6":0,"7":0,"8":0,"9":0,"10":0,"11":0,"12":0,"13":0,"14":0,"15":0,"16":0,"17":0,"18":0,"19":0,"20":0,"21":0,"22":0,"23":0,"24":0,"25":0,"26":0,"27":0,"28":0,"29":0,"30":0,"31":0,"32":0,"33":0,"34":0,"35":0,"36":0,"37":0,"38":0,"39":0,"40":0,"41":0,"42":0,"43":0,"44":0,"45":0,"46":0,"47":0,"48":0,"49":0,"50":0,"51":0,"52":0,"53":0,"54":0,"55":0,"56":0,"57":0,"58":0,"59":0,"60":0,"61":0,"62":0,"63":0,"64":0,"65":0,"66":0,"67":0,"68":0,"69":0,"70":0,"71":0,"72":0,"73":0,"74":0,"75":0,"76":0,"77":0,"78":0,"79":0,"80":0,"81":0,"82":0,"83":0,"84":0,"85":0,"86":0,"87":0,"88":0,"89":0,"90":0,"91":0,"92":0,"93":0,"94":0,"95":0},"f":{"0":0,"1":0,"2":0,"3":0,"4":0,"5":0,"6":0,"7":0,"8":0,"9":0,"10":0,"11":0,"12":0,"13":0,"14":0,"15":0,"16":0,"17":0,"18":0,"19":0,"20":0,"21":0,"22":0,"23":0,"24":0,"25":0,"26":0,"27":0,"28":0,"29":0},"b":{"0":[0,0],"1":[0,0],"2":[0,0],"3":[0,0],"4":[0,0],"5":[0,0],"6":[0,0]},"meta":{"lastBranch":7,"lastFunction":30,"lastStatement":96,"seen":{"f:9:9:9:34":0,"s:10:19:10:Infinity":0,"b:11:2:13:Infinity:undefined:undefined:undefined:undefined":0,"s:11:2:13:Infinity":1,"b:11:6:11:18:11:6:11:40":1,"s:12:4:12:Infinity":2,"s:14:2:14:Infinity":3,"s:17:20:17:Infinity":4,"f:21:2:21:14":1,"s:22:4:22:Infinity":5,"s:23:4:23:Infinity":6,"f:28:2:28:14":2,"s:29:4:29:Infinity":7,"s:30:4:30:Infinity":8,"s:31:4:31:Infinity":9,"f:36:2:36:14":3,"s:37:4:37:Infinity":10,"s:38:4:38:Infinity":11,"s:39:4:39:Infinity":12,"f:46:22:46:38":4,"s:47:2:53:Infinity":13,"s:48:20:48:Infinity":14,"s:49:4:49:Infinity":15,"s:51:4:51:Infinity":16,"s:52:4:52:Infinity":17,"f:59:22:59:39":5,"s:60:2:67:Infinity":18,"s:61:4:61:Infinity":19,"s:62:4:62:Infinity":20,"s:63:4:63:Infinity":21,"s:65:4:65:Infinity":22,"s:66:4:66:Infinity":23,"f:73:22:73:39":6,"s:74:2:79:Infinity":24,"s:75:4:75:Infinity":25,"s:77:4:77:Infinity":26,"s:78:4:78:Infinity":27,"f:85:22:85:40":7,"s:86:2:93:Infinity":28,"s:87:4:87:Infinity":29,"s:88:4:88:Infinity":30,"s:89:4:89:Infinity":31,"s:91:4:91:Infinity":32,"s:92:4:92:Infinity":33,"f:99:22:99:33":8,"s:100:2:105:Infinity":34,"s:101:4:101:Infinity":35,"s:102:4:102:Infinity":36,"s:104:4:104:Infinity":37,"f:111:22:111:32":9,"s:112:2:117:Infinity":38,"s:113:17:113:Infinity":39,"s:114:4:114:Infinity":40,"s:116:4:116:Infinity":41,"f:123:22:123:32":10,"s:124:2:130:Infinity":42,"s:125:4:125:Infinity":43,"s:126:4:126:Infinity":44,"s:128:4:128:Infinity":45,"s:129:4:129:Infinity":46,"f:136:22:136:32":11,"s:137:2:145:Infinity":47,"s:138:18:138:Infinity":48,"b:139:4:141:Infinity:undefined:undefined:undefined:undefined":2,"s:139:4:141:Infinity":49,"s:140:6:140:Infinity":50,"f:140:26:140:31":12,"s:140:31:140:52":51,"s:142:4:142:Infinity":52,"s:144:4:144:Infinity":53,"f:151:22:151:31":13,"s:152:2:157:Infinity":54,"s:153:18:153:Infinity":55,"s:154:4:154:Infinity":56,"f:154:24:154:32":14,"s:154:32:154:50":57,"f:154:56:154:64":15,"s:154:64:154:73":58,"s:156:4:156:Infinity":59,"f:163:16:163:40":16,"s:164:2:164:Infinity":60,"f:170:16:170:42":17,"s:171:2:171:Infinity":61,"f:177:16:177:42":18,"s:178:2:178:Infinity":62,"f:184:16:184:31":19,"s:185:2:185:Infinity":63,"f:191:16:191:27":20,"s:192:2:192:Infinity":64,"f:198:16:198:35":21,"s:199:2:199:Infinity":65,"f:205:16:205:32":22,"s:206:2:206:Infinity":66,"f:212:16:212:34":23,"s:213:2:213:Infinity":67,"f:219:16:219:31":24,"s:220:2:220:Infinity":68,"f:226:16:226:35":25,"s:227:2:227:Infinity":69,"f:233:16:233:43":26,"s:234:2:234:Infinity":70,"f:242:22:242:114":27,"s:243:28:243:Infinity":71,"s:244:27:244:Infinity":72,"s:246:22:251:Infinity":73,"s:253:2:263:Infinity":74,"s:254:4:262:Infinity":75,"s:255:21:255:Infinity":76,"b:256:6:259:Infinity:undefined:undefined:undefined:undefined":3,"s:256:6:259:Infinity":77,"s:257:8:257:Infinity":78,"s:258:8:258:Infinity":79,"s:261:6:261:Infinity":80,"b:261:54:261:70:261:70:261:85":4,"s:265:2:269:Infinity":81,"f:277:22:277:45":28,"s:278:28:278:Infinity":82,"s:279:27:279:Infinity":83,"s:281:22:281:Infinity":84,"s:282:8:282:Infinity":85,"s:284:22:284:Infinity":86,"s:286:2:296:Infinity":87,"s:287:4:295:Infinity":88,"s:288:21:288:Infinity":89,"b:289:6:292:Infinity:undefined:undefined:undefined:undefined":5,"s:289:6:292:Infinity":90,"s:290:8:290:Infinity":91,"s:291:8:291:Infinity":92,"s:294:6:294:Infinity":93,"b:294:54:294:70:294:70:294:85":6,"s:298:2:302:Infinity":94,"f:308:22:308:Infinity":29,"s:314:2:319:Infinity":95}}}
,"C:\\project\\jjiban\\server\\utils\\index.ts": {"path":"C:\\project\\jjiban\\server\\utils\\index.ts","statementMap":{},"fnMap":{},"branchMap":{},"s":{},"f":{},"b":{},"meta":{"lastBranch":0,"lastFunction":0,"lastStatement":0,"seen":{}}}
,"C:\\project\\jjiban\\server\\utils\\errors\\standardError.ts": {"path":"C:\\project\\jjiban\\server\\utils\\errors\\standardError.ts","statementMap":{"0":{"start":{"line":30,"column":2},"end":{"line":37,"column":null}},"1":{"start":{"line":44,"column":2},"end":{"line":44,"column":null}},"2":{"start":{"line":51,"column":2},"end":{"line":51,"column":null}},"3":{"start":{"line":58,"column":2},"end":{"line":58,"column":null}},"4":{"start":{"line":65,"column":2},"end":{"line":65,"column":null}}},"fnMap":{"0":{"name":"createStandardError","decl":{"start":{"line":25,"column":16},"end":{"line":25,"column":null}},"loc":{"start":{"line":29,"column":2},"end":{"line":38,"column":null}},"line":29},"1":{"name":"createNotFoundError","decl":{"start":{"line":43,"column":16},"end":{"line":43,"column":36}},"loc":{"start":{"line":43,"column":53},"end":{"line":45,"column":null}},"line":43},"2":{"name":"createBadRequestError","decl":{"start":{"line":50,"column":16},"end":{"line":50,"column":38}},"loc":{"start":{"line":50,"column":78},"end":{"line":52,"column":null}},"line":50},"3":{"name":"createConflictError","decl":{"start":{"line":57,"column":16},"end":{"line":57,"column":36}},"loc":{"start":{"line":57,"column":76},"end":{"line":59,"column":null}},"line":57},"4":{"name":"createInternalError","decl":{"start":{"line":64,"column":16},"end":{"line":64,"column":36}},"loc":{"start":{"line":64,"column":76},"end":{"line":66,"column":null}},"line":64}},"branchMap":{},"s":{"0":19,"1":1,"2":17,"3":1,"4":0},"f":{"0":19,"1":1,"2":17,"3":1,"4":0},"b":{},"meta":{"lastBranch":0,"lastFunction":5,"lastStatement":5,"seen":{"f:25:16:25:Infinity":0,"s:30:2:37:Infinity":0,"f:43:16:43:36":1,"s:44:2:44:Infinity":1,"f:50:16:50:38":2,"s:51:2:51:Infinity":2,"f:57:16:57:36":3,"s:58:2:58:Infinity":3,"f:64:16:64:36":4,"s:65:2:65:Infinity":4}}}
,"C:\\project\\jjiban\\server\\utils\\projects\\paths.ts": {"path":"C:\\project\\jjiban\\server\\utils\\projects\\paths.ts","statementMap":{"0":{"start":{"line":23,"column":2},"end":{"line":48,"column":null}},"1":{"start":{"line":25,"column":20},"end":{"line":25,"column":null}},"2":{"start":{"line":26,"column":10},"end":{"line":26,"column":null}},"3":{"start":{"line":29,"column":4},"end":{"line":36,"column":null}},"4":{"start":{"line":35,"column":6},"end":{"line":35,"column":null}},"5":{"start":{"line":39,"column":4},"end":{"line":42,"column":null}},"6":{"start":{"line":44,"column":4},"end":{"line":44,"column":null}},"7":{"start":{"line":47,"column":4},"end":{"line":47,"column":null}},"8":{"start":{"line":59,"column":19},"end":{"line":59,"column":null}},"9":{"start":{"line":60,"column":14},"end":{"line":60,"column":null}},"10":{"start":{"line":62,"column":2},"end":{"line":64,"column":null}},"11":{"start":{"line":63,"column":4},"end":{"line":63,"column":null}},"12":{"start":{"line":67,"column":2},"end":{"line":70,"column":null}},"13":{"start":{"line":68,"column":4},"end":{"line":68,"column":null}},"14":{"start":{"line":69,"column":4},"end":{"line":69,"column":null}},"15":{"start":{"line":73,"column":8},"end":{"line":73,"column":null}},"16":{"start":{"line":76,"column":2},"end":{"line":79,"column":null}},"17":{"start":{"line":77,"column":4},"end":{"line":77,"column":null}},"18":{"start":{"line":78,"column":4},"end":{"line":78,"column":null}},"19":{"start":{"line":81,"column":2},"end":{"line":81,"column":null}},"20":{"start":{"line":89,"column":2},"end":{"line":89,"column":null}},"21":{"start":{"line":98,"column":2},"end":{"line":98,"column":null}},"22":{"start":{"line":99,"column":2},"end":{"line":99,"column":null}},"23":{"start":{"line":112,"column":2},"end":{"line":112,"column":null}},"24":{"start":{"line":120,"column":2},"end":{"line":120,"column":null}},"25":{"start":{"line":133,"column":2},"end":{"line":138,"column":null}},"26":{"start":{"line":134,"column":4},"end":{"line":137,"column":null}},"27":{"start":{"line":141,"column":8},"end":{"line":141,"column":null}},"28":{"start":{"line":142,"column":2},"end":{"line":147,"column":null}},"29":{"start":{"line":143,"column":4},"end":{"line":146,"column":null}}},"fnMap":{"0":{"name":"isPathSafe","decl":{"start":{"line":22,"column":9},"end":{"line":22,"column":20}},"loc":{"start":{"line":22,"column":43},"end":{"line":49,"column":null}},"line":22},"1":{"name":"getBasePath","decl":{"start":{"line":58,"column":16},"end":{"line":58,"column":38}},"loc":{"start":{"line":58,"column":38},"end":{"line":82,"column":null}},"line":58},"2":{"name":"getProjectsBasePath","decl":{"start":{"line":88,"column":16},"end":{"line":88,"column":46}},"loc":{"start":{"line":88,"column":46},"end":{"line":90,"column":null}},"line":88},"3":{"name":"getProjectDir","decl":{"start":{"line":97,"column":16},"end":{"line":97,"column":30}},"loc":{"start":{"line":97,"column":57},"end":{"line":100,"column":null}},"line":97},"4":{"name":"getProjectFilePath","decl":{"start":{"line":108,"column":16},"end":{"line":108,"column":null}},"loc":{"start":{"line":111,"column":10},"end":{"line":113,"column":null}},"line":111},"5":{"name":"getProjectsListFilePath","decl":{"start":{"line":119,"column":16},"end":{"line":119,"column":50}},"loc":{"start":{"line":119,"column":50},"end":{"line":121,"column":null}},"line":119},"6":{"name":"validateProjectId","decl":{"start":{"line":131,"column":16},"end":{"line":131,"column":34}},"loc":{"start":{"line":131,"column":52},"end":{"line":148,"column":null}},"line":131}},"branchMap":{"0":{"loc":{"start":{"line":29,"column":4},"end":{"line":36,"column":null}},"type":"if","locations":[{"start":{"line":29,"column":4},"end":{"line":36,"column":null}},{"start":{},"end":{}}],"line":29},"1":{"loc":{"start":{"line":30,"column":6},"end":{"line":33,"column":null}},"type":"binary-expr","locations":[{"start":{"line":30,"column":6},"end":{"line":30,"column":null}},{"start":{"line":31,"column":6},"end":{"line":31,"column":null}},{"start":{"line":32,"column":6},"end":{"line":32,"column":null}},{"start":{"line":33,"column":6},"end":{"line":33,"column":null}}],"line":30},"2":{"loc":{"start":{"line":39,"column":4},"end":{"line":42,"column":null}},"type":"if","locations":[{"start":{"line":39,"column":4},"end":{"line":42,"column":null}},{"start":{},"end":{}}],"line":39},"3":{"loc":{"start":{"line":39,"column":4},"end":{"line":40,"column":54}},"type":"binary-expr","locations":[{"start":{"line":39,"column":4},"end":{"line":39,"column":null}},{"start":{"line":39,"column":82},"end":{"line":40,"column":54}}],"line":39},"4":{"loc":{"start":{"line":62,"column":2},"end":{"line":64,"column":null}},"type":"if","locations":[{"start":{"line":62,"column":2},"end":{"line":64,"column":null}},{"start":{},"end":{}}],"line":62},"5":{"loc":{"start":{"line":67,"column":2},"end":{"line":70,"column":null}},"type":"if","locations":[{"start":{"line":67,"column":2},"end":{"line":70,"column":null}},{"start":{},"end":{}}],"line":67},"6":{"loc":{"start":{"line":76,"column":2},"end":{"line":79,"column":null}},"type":"if","locations":[{"start":{"line":76,"column":2},"end":{"line":79,"column":null}},{"start":{},"end":{}}],"line":76},"7":{"loc":{"start":{"line":133,"column":2},"end":{"line":138,"column":null}},"type":"if","locations":[{"start":{"line":133,"column":2},"end":{"line":138,"column":null}},{"start":{},"end":{}}],"line":133},"8":{"loc":{"start":{"line":142,"column":2},"end":{"line":147,"column":null}},"type":"if","locations":[{"start":{"line":142,"column":2},"end":{"line":147,"column":null}},{"start":{},"end":{}}],"line":142},"9":{"loc":{"start":{"line":142,"column":6},"end":{"line":142,"column":54}},"type":"binary-expr","locations":[{"start":{"line":142,"column":6},"end":{"line":142,"column":27}},{"start":{"line":142,"column":27},"end":{"line":142,"column":54}}],"line":142}},"s":{"0":83,"1":83,"2":83,"3":83,"4":1,"5":82,"6":82,"7":0,"8":89,"9":89,"10":89,"11":6,"12":83,"13":1,"14":1,"15":82,"16":82,"17":0,"18":0,"19":82,"20":63,"21":72,"22":72,"23":51,"24":23,"25":77,"26":14,"27":63,"28":63,"29":0},"f":{"0":83,"1":89,"2":63,"3":72,"4":51,"5":23,"6":77},"b":{"0":[1,82],"1":[83,82,82,82],"2":[0,82],"3":[82,82],"4":[6,83],"5":[1,82],"6":[0,82],"7":[14,63],"8":[0,63],"9":[63,63]},"meta":{"lastBranch":10,"lastFunction":7,"lastStatement":30,"seen":{"f:22:9:22:20":0,"s:23:2:48:Infinity":0,"s:25:20:25:Infinity":1,"s:26:10:26:Infinity":2,"b:29:4:36:Infinity:undefined:undefined:undefined:undefined":0,"s:29:4:36:Infinity":3,"b:30:6:30:Infinity:31:6:31:Infinity:32:6:32:Infinity:33:6:33:Infinity":1,"s:35:6:35:Infinity":4,"b:39:4:42:Infinity:undefined:undefined:undefined:undefined":2,"s:39:4:42:Infinity":5,"b:39:4:39:Infinity:39:82:40:54":3,"s:44:4:44:Infinity":6,"s:47:4:47:Infinity":7,"f:58:16:58:38":1,"s:59:19:59:Infinity":8,"s:60:14:60:Infinity":9,"b:62:2:64:Infinity:undefined:undefined:undefined:undefined":4,"s:62:2:64:Infinity":10,"s:63:4:63:Infinity":11,"b:67:2:70:Infinity:undefined:undefined:undefined:undefined":5,"s:67:2:70:Infinity":12,"s:68:4:68:Infinity":13,"s:69:4:69:Infinity":14,"s:73:8:73:Infinity":15,"b:76:2:79:Infinity:undefined:undefined:undefined:undefined":6,"s:76:2:79:Infinity":16,"s:77:4:77:Infinity":17,"s:78:4:78:Infinity":18,"s:81:2:81:Infinity":19,"f:88:16:88:46":2,"s:89:2:89:Infinity":20,"f:97:16:97:30":3,"s:98:2:98:Infinity":21,"s:99:2:99:Infinity":22,"f:108:16:108:Infinity":4,"s:112:2:112:Infinity":23,"f:119:16:119:50":5,"s:120:2:120:Infinity":24,"f:131:16:131:34":6,"b:133:2:138:Infinity:undefined:undefined:undefined:undefined":7,"s:133:2:138:Infinity":25,"s:134:4:137:Infinity":26,"s:141:8:141:Infinity":27,"b:142:2:147:Infinity:undefined:undefined:undefined:undefined":8,"s:142:2:147:Infinity":28,"b:142:6:142:27:142:27:142:54":9,"s:143:4:146:Infinity":29}}}
,"C:\\project\\jjiban\\server\\utils\\projects\\projectFacade.ts": {"path":"C:\\project\\jjiban\\server\\utils\\projects\\projectFacade.ts","statementMap":{"0":{"start":{"line":28,"column":2},"end":{"line":34,"column":null}},"1":{"start":{"line":29,"column":10},"end":{"line":29,"column":null}},"2":{"start":{"line":30,"column":4},"end":{"line":30,"column":null}},"3":{"start":{"line":31,"column":4},"end":{"line":31,"column":null}},"4":{"start":{"line":33,"column":4},"end":{"line":33,"column":null}},"5":{"start":{"line":48,"column":23},"end":{"line":48,"column":null}},"6":{"start":{"line":50,"column":2},"end":{"line":77,"column":null}},"7":{"start":{"line":52,"column":20},"end":{"line":52,"column":null}},"8":{"start":{"line":53,"column":4},"end":{"line":53,"column":null}},"9":{"start":{"line":56,"column":38},"end":{"line":63,"column":null}},"10":{"start":{"line":65,"column":4},"end":{"line":65,"column":null}},"11":{"start":{"line":68,"column":17},"end":{"line":68,"column":null}},"12":{"start":{"line":70,"column":4},"end":{"line":70,"column":null}},"13":{"start":{"line":73,"column":4},"end":{"line":75,"column":null}},"14":{"start":{"line":74,"column":6},"end":{"line":74,"column":null}},"15":{"start":{"line":76,"column":4},"end":{"line":76,"column":null}}},"fnMap":{"0":{"name":"rollbackProjectCreation","decl":{"start":{"line":27,"column":15},"end":{"line":27,"column":39}},"loc":{"start":{"line":27,"column":73},"end":{"line":35,"column":null}},"line":27},"1":{"name":"createProjectWithRegistration","decl":{"start":{"line":45,"column":22},"end":{"line":45,"column":null}},"loc":{"start":{"line":47,"column":26},"end":{"line":78,"column":null}},"line":47}},"branchMap":{"0":{"loc":{"start":{"line":61,"column":16},"end":{"line":61,"column":null}},"type":"binary-expr","locations":[{"start":{"line":61,"column":16},"end":{"line":61,"column":32}},{"start":{"line":61,"column":32},"end":{"line":61,"column":null}}],"line":61},"1":{"loc":{"start":{"line":73,"column":4},"end":{"line":75,"column":null}},"type":"if","locations":[{"start":{"line":73,"column":4},"end":{"line":75,"column":null}},{"start":{},"end":{}}],"line":73}},"s":{"0":1,"1":1,"2":1,"3":1,"4":0,"5":17,"6":17,"7":17,"8":9,"9":9,"10":17,"11":8,"12":8,"13":9,"14":1,"15":9},"f":{"0":1,"1":17},"b":{"0":[9,5],"1":[1,8]},"meta":{"lastBranch":2,"lastFunction":2,"lastStatement":16,"seen":{"f:27:15:27:39":0,"s:28:2:34:Infinity":0,"s:29:10:29:Infinity":1,"s:30:4:30:Infinity":2,"s:31:4:31:Infinity":3,"s:33:4:33:Infinity":4,"f:45:22:45:Infinity":1,"s:48:23:48:Infinity":5,"s:50:2:77:Infinity":6,"s:52:20:52:Infinity":7,"s:53:4:53:Infinity":8,"s:56:38:63:Infinity":9,"b:61:16:61:32:61:32:61:Infinity":0,"s:65:4:65:Infinity":10,"s:68:17:68:Infinity":11,"s:70:4:70:Infinity":12,"b:73:4:75:Infinity:undefined:undefined:undefined:undefined":1,"s:73:4:75:Infinity":13,"s:74:6:74:Infinity":14,"s:76:4:76:Infinity":15}}}
,"C:\\project\\jjiban\\server\\utils\\projects\\projectService.ts": {"path":"C:\\project\\jjiban\\server\\utils\\projects\\projectService.ts","statementMap":{"0":{"start":{"line":21,"column":8},"end":{"line":21,"column":null}},"1":{"start":{"line":23,"column":2},"end":{"line":32,"column":null}},"2":{"start":{"line":24,"column":20},"end":{"line":24,"column":null}},"3":{"start":{"line":25,"column":4},"end":{"line":25,"column":null}},"4":{"start":{"line":28,"column":4},"end":{"line":30,"column":null}},"5":{"start":{"line":29,"column":6},"end":{"line":29,"column":null}},"6":{"start":{"line":31,"column":4},"end":{"line":31,"column":null}},"7":{"start":{"line":40,"column":8},"end":{"line":40,"column":null}},"8":{"start":{"line":41,"column":8},"end":{"line":41,"column":null}},"9":{"start":{"line":43,"column":33},"end":{"line":53,"column":null}},"10":{"start":{"line":55,"column":2},"end":{"line":76,"column":null}},"11":{"start":{"line":57,"column":4},"end":{"line":57,"column":null}},"12":{"start":{"line":60,"column":4},"end":{"line":64,"column":null}},"13":{"start":{"line":67,"column":4},"end":{"line":71,"column":null}},"14":{"start":{"line":73,"column":4},"end":{"line":73,"column":null}},"15":{"start":{"line":75,"column":4},"end":{"line":75,"column":null}},"16":{"start":{"line":88,"column":2},"end":{"line":90,"column":null}},"17":{"start":{"line":89,"column":4},"end":{"line":89,"column":null}},"18":{"start":{"line":92,"column":18},"end":{"line":92,"column":null}},"19":{"start":{"line":94,"column":33},"end":{"line":99,"column":null}},"20":{"start":{"line":101,"column":2},"end":{"line":110,"column":null}},"21":{"start":{"line":102,"column":4},"end":{"line":106,"column":null}},"22":{"start":{"line":107,"column":4},"end":{"line":107,"column":null}},"23":{"start":{"line":109,"column":4},"end":{"line":109,"column":null}}},"fnMap":{"0":{"name":"getProject","decl":{"start":{"line":20,"column":22},"end":{"line":20,"column":33}},"loc":{"start":{"line":20,"column":76},"end":{"line":33,"column":null}},"line":20},"1":{"name":"createProject","decl":{"start":{"line":39,"column":22},"end":{"line":39,"column":36}},"loc":{"start":{"line":39,"column":83},"end":{"line":77,"column":null}},"line":39},"2":{"name":"updateProject","decl":{"start":{"line":83,"column":22},"end":{"line":83,"column":null}},"loc":{"start":{"line":86,"column":26},"end":{"line":111,"column":null}},"line":86}},"branchMap":{"0":{"loc":{"start":{"line":28,"column":4},"end":{"line":30,"column":null}},"type":"if","locations":[{"start":{"line":28,"column":4},"end":{"line":30,"column":null}},{"start":{},"end":{}}],"line":28},"1":{"loc":{"start":{"line":28,"column":8},"end":{"line":28,"column":90}},"type":"binary-expr","locations":[{"start":{"line":28,"column":8},"end":{"line":28,"column":17}},{"start":{"line":28,"column":17},"end":{"line":28,"column":46}},{"start":{"line":28,"column":46},"end":{"line":28,"column":65}},{"start":{"line":28,"column":65},"end":{"line":28,"column":90}}],"line":28},"2":{"loc":{"start":{"line":46,"column":17},"end":{"line":46,"column":null}},"type":"binary-expr","locations":[{"start":{"line":46,"column":17},"end":{"line":46,"column":36}},{"start":{"line":46,"column":36},"end":{"line":46,"column":null}}],"line":46},"3":{"loc":{"start":{"line":88,"column":2},"end":{"line":90,"column":null}},"type":"if","locations":[{"start":{"line":88,"column":2},"end":{"line":90,"column":null}},{"start":{},"end":{}}],"line":88},"4":{"loc":{"start":{"line":88,"column":6},"end":{"line":88,"column":43}},"type":"binary-expr","locations":[{"start":{"line":88,"column":6},"end":{"line":88,"column":21}},{"start":{"line":88,"column":21},"end":{"line":88,"column":43}}],"line":88}},"s":{"0":8,"1":8,"2":8,"3":7,"4":1,"5":1,"6":0,"7":17,"8":17,"9":17,"10":17,"11":17,"12":9,"13":9,"14":9,"15":0,"16":3,"17":1,"18":2,"19":2,"20":2,"21":2,"22":2,"23":0},"f":{"0":8,"1":17,"2":3},"b":{"0":[1,0],"1":[1,1,1,1],"2":[17,5],"3":[1,2],"4":[3,1]},"meta":{"lastBranch":5,"lastFunction":3,"lastStatement":24,"seen":{"f:20:22:20:33":0,"s:21:8:21:Infinity":0,"s:23:2:32:Infinity":1,"s:24:20:24:Infinity":2,"s:25:4:25:Infinity":3,"b:28:4:30:Infinity:undefined:undefined:undefined:undefined":0,"s:28:4:30:Infinity":4,"b:28:8:28:17:28:17:28:46:28:46:28:65:28:65:28:90":1,"s:29:6:29:Infinity":5,"s:31:4:31:Infinity":6,"f:39:22:39:36":1,"s:40:8:40:Infinity":7,"s:41:8:41:Infinity":8,"s:43:33:53:Infinity":9,"b:46:17:46:36:46:36:46:Infinity":2,"s:55:2:76:Infinity":10,"s:57:4:57:Infinity":11,"s:60:4:64:Infinity":12,"s:67:4:71:Infinity":13,"s:73:4:73:Infinity":14,"s:75:4:75:Infinity":15,"f:83:22:83:Infinity":2,"b:88:2:90:Infinity:undefined:undefined:undefined:undefined":3,"s:88:2:90:Infinity":16,"b:88:6:88:21:88:21:88:43":4,"s:89:4:89:Infinity":17,"s:92:18:92:Infinity":18,"s:94:33:99:Infinity":19,"s:101:2:110:Infinity":20,"s:102:4:106:Infinity":21,"s:107:4:107:Infinity":22,"s:109:4:109:Infinity":23}}}
,"C:\\project\\jjiban\\server\\utils\\projects\\projectsListService.ts": {"path":"C:\\project\\jjiban\\server\\utils\\projects\\projectsListService.ts","statementMap":{"0":{"start":{"line":17,"column":48},"end":{"line":21,"column":null}},"1":{"start":{"line":28,"column":8},"end":{"line":28,"column":null}},"2":{"start":{"line":30,"column":2},"end":{"line":51,"column":null}},"3":{"start":{"line":31,"column":20},"end":{"line":31,"column":null}},"4":{"start":{"line":32,"column":4},"end":{"line":32,"column":null}},"5":{"start":{"line":36,"column":4},"end":{"line":38,"column":null}},"6":{"start":{"line":37,"column":6},"end":{"line":37,"column":null}},"7":{"start":{"line":41,"column":4},"end":{"line":44,"column":null}},"8":{"start":{"line":42,"column":6},"end":{"line":42,"column":null}},"9":{"start":{"line":43,"column":6},"end":{"line":43,"column":null}},"10":{"start":{"line":47,"column":4},"end":{"line":50,"column":null}},"11":{"start":{"line":58,"column":8},"end":{"line":58,"column":null}},"12":{"start":{"line":60,"column":2},"end":{"line":67,"column":null}},"13":{"start":{"line":61,"column":4},"end":{"line":61,"column":null}},"14":{"start":{"line":63,"column":4},"end":{"line":66,"column":null}},"15":{"start":{"line":77,"column":17},"end":{"line":77,"column":null}},"16":{"start":{"line":79,"column":2},"end":{"line":84,"column":null}},"17":{"start":{"line":80,"column":4},"end":{"line":83,"column":null}},"18":{"start":{"line":82,"column":44},"end":{"line":82,"column":69}},"19":{"start":{"line":86,"column":2},"end":{"line":86,"column":null}},"20":{"start":{"line":95,"column":17},"end":{"line":95,"column":null}},"21":{"start":{"line":96,"column":2},"end":{"line":96,"column":null}},"22":{"start":{"line":96,"column":35},"end":{"line":96,"column":46}},"23":{"start":{"line":104,"column":17},"end":{"line":104,"column":null}},"24":{"start":{"line":107,"column":2},"end":{"line":112,"column":null}},"25":{"start":{"line":107,"column":32},"end":{"line":107,"column":51}},"26":{"start":{"line":108,"column":4},"end":{"line":111,"column":null}},"27":{"start":{"line":114,"column":2},"end":{"line":114,"column":null}},"28":{"start":{"line":115,"column":2},"end":{"line":115,"column":null}},"29":{"start":{"line":127,"column":17},"end":{"line":127,"column":null}},"30":{"start":{"line":129,"column":16},"end":{"line":129,"column":null}},"31":{"start":{"line":129,"column":47},"end":{"line":129,"column":58}},"32":{"start":{"line":130,"column":2},"end":{"line":133,"column":null}},"33":{"start":{"line":132,"column":4},"end":{"line":132,"column":null}},"34":{"start":{"line":135,"column":2},"end":{"line":135,"column":null}},"35":{"start":{"line":136,"column":2},"end":{"line":136,"column":null}},"36":{"start":{"line":145,"column":17},"end":{"line":145,"column":null}},"37":{"start":{"line":148,"column":2},"end":{"line":152,"column":null}},"38":{"start":{"line":149,"column":4},"end":{"line":149,"column":null}},"39":{"start":{"line":150,"column":4},"end":{"line":150,"column":null}},"40":{"start":{"line":151,"column":4},"end":{"line":151,"column":null}},"41":{"start":{"line":155,"column":17},"end":{"line":155,"column":null}},"42":{"start":{"line":155,"column":43},"end":{"line":155,"column":61}},"43":{"start":{"line":156,"column":2},"end":{"line":161,"column":null}},"44":{"start":{"line":157,"column":4},"end":{"line":160,"column":null}},"45":{"start":{"line":163,"column":2},"end":{"line":163,"column":null}},"46":{"start":{"line":164,"column":2},"end":{"line":164,"column":null}}},"fnMap":{"0":{"name":"loadProjectsList","decl":{"start":{"line":27,"column":15},"end":{"line":27,"column":59}},"loc":{"start":{"line":27,"column":59},"end":{"line":52,"column":null}},"line":27},"1":{"name":"saveProjectsList","decl":{"start":{"line":57,"column":15},"end":{"line":57,"column":32}},"loc":{"start":{"line":57,"column":71},"end":{"line":68,"column":null}},"line":57},"2":{"name":"getProjectsList","decl":{"start":{"line":74,"column":22},"end":{"line":74,"column":null}},"loc":{"start":{"line":76,"column":27},"end":{"line":87,"column":null}},"line":76},"3":{"name":"(anonymous_3)","decl":{"start":{"line":82,"column":39},"end":{"line":82,"column":44}},"loc":{"start":{"line":82,"column":44},"end":{"line":82,"column":69}},"line":82},"4":{"name":"isProjectIdDuplicate","decl":{"start":{"line":94,"column":22},"end":{"line":94,"column":43}},"loc":{"start":{"line":94,"column":73},"end":{"line":97,"column":null}},"line":94},"5":{"name":"(anonymous_5)","decl":{"start":{"line":96,"column":30},"end":{"line":96,"column":35}},"loc":{"start":{"line":96,"column":35},"end":{"line":96,"column":46}},"line":96},"6":{"name":"addProjectToList","decl":{"start":{"line":103,"column":22},"end":{"line":103,"column":39}},"loc":{"start":{"line":103,"column":80},"end":{"line":116,"column":null}},"line":103},"7":{"name":"(anonymous_7)","decl":{"start":{"line":107,"column":27},"end":{"line":107,"column":32}},"loc":{"start":{"line":107,"column":32},"end":{"line":107,"column":51}},"line":107},"8":{"name":"updateProjectInList","decl":{"start":{"line":123,"column":22},"end":{"line":123,"column":null}},"loc":{"start":{"line":126,"column":17},"end":{"line":137,"column":null}},"line":126},"9":{"name":"(anonymous_9)","decl":{"start":{"line":129,"column":42},"end":{"line":129,"column":47}},"loc":{"start":{"line":129,"column":47},"end":{"line":129,"column":58}},"line":129},"10":{"name":"setDefaultProject","decl":{"start":{"line":144,"column":22},"end":{"line":144,"column":40}},"loc":{"start":{"line":144,"column":81},"end":{"line":165,"column":null}},"line":144},"11":{"name":"(anonymous_11)","decl":{"start":{"line":155,"column":38},"end":{"line":155,"column":43}},"loc":{"start":{"line":155,"column":43},"end":{"line":155,"column":61}},"line":155}},"branchMap":{"0":{"loc":{"start":{"line":36,"column":4},"end":{"line":38,"column":null}},"type":"if","locations":[{"start":{"line":36,"column":4},"end":{"line":38,"column":null}},{"start":{},"end":{}}],"line":36},"1":{"loc":{"start":{"line":36,"column":8},"end":{"line":36,"column":90}},"type":"binary-expr","locations":[{"start":{"line":36,"column":8},"end":{"line":36,"column":17}},{"start":{"line":36,"column":17},"end":{"line":36,"column":46}},{"start":{"line":36,"column":46},"end":{"line":36,"column":65}},{"start":{"line":36,"column":65},"end":{"line":36,"column":90}}],"line":36},"2":{"loc":{"start":{"line":41,"column":4},"end":{"line":44,"column":null}},"type":"if","locations":[{"start":{"line":41,"column":4},"end":{"line":44,"column":null}},{"start":{},"end":{}}],"line":41},"3":{"loc":{"start":{"line":79,"column":2},"end":{"line":84,"column":null}},"type":"if","locations":[{"start":{"line":79,"column":2},"end":{"line":84,"column":null}},{"start":{},"end":{}}],"line":79},"4":{"loc":{"start":{"line":107,"column":2},"end":{"line":112,"column":null}},"type":"if","locations":[{"start":{"line":107,"column":2},"end":{"line":112,"column":null}},{"start":{},"end":{}}],"line":107},"5":{"loc":{"start":{"line":130,"column":2},"end":{"line":133,"column":null}},"type":"if","locations":[{"start":{"line":130,"column":2},"end":{"line":133,"column":null}},{"start":{},"end":{}}],"line":130},"6":{"loc":{"start":{"line":148,"column":2},"end":{"line":152,"column":null}},"type":"if","locations":[{"start":{"line":148,"column":2},"end":{"line":152,"column":null}},{"start":{},"end":{}}],"line":148},"7":{"loc":{"start":{"line":156,"column":2},"end":{"line":161,"column":null}},"type":"if","locations":[{"start":{"line":156,"column":2},"end":{"line":161,"column":null}},{"start":{},"end":{}}],"line":156}},"s":{"0":2,"1":14,"2":14,"3":14,"4":13,"5":1,"6":1,"7":0,"8":0,"9":0,"10":0,"11":8,"12":8,"13":8,"14":0,"15":5,"16":5,"17":1,"18":3,"19":4,"20":0,"21":0,"22":0,"23":9,"24":9,"25":12,"26":1,"27":8,"28":8,"29":0,"30":0,"31":0,"32":0,"33":0,"34":0,"35":0,"36":0,"37":0,"38":0,"39":0,"40":0,"41":0,"42":0,"43":0,"44":0,"45":0,"46":0},"f":{"0":14,"1":8,"2":5,"3":3,"4":0,"5":0,"6":9,"7":12,"8":0,"9":0,"10":0,"11":0},"b":{"0":[1,0],"1":[1,1,1,1],"2":[0,0],"3":[1,4],"4":[1,8],"5":[0,0],"6":[0,0],"7":[0,0]},"meta":{"lastBranch":8,"lastFunction":12,"lastStatement":47,"seen":{"s:17:48:21:Infinity":0,"f:27:15:27:59":0,"s:28:8:28:Infinity":1,"s:30:2:51:Infinity":2,"s:31:20:31:Infinity":3,"s:32:4:32:Infinity":4,"b:36:4:38:Infinity:undefined:undefined:undefined:undefined":0,"s:36:4:38:Infinity":5,"b:36:8:36:17:36:17:36:46:36:46:36:65:36:65:36:90":1,"s:37:6:37:Infinity":6,"b:41:4:44:Infinity:undefined:undefined:undefined:undefined":2,"s:41:4:44:Infinity":7,"s:42:6:42:Infinity":8,"s:43:6:43:Infinity":9,"s:47:4:50:Infinity":10,"f:57:15:57:32":1,"s:58:8:58:Infinity":11,"s:60:2:67:Infinity":12,"s:61:4:61:Infinity":13,"s:63:4:66:Infinity":14,"f:74:22:74:Infinity":2,"s:77:17:77:Infinity":15,"b:79:2:84:Infinity:undefined:undefined:undefined:undefined":3,"s:79:2:84:Infinity":16,"s:80:4:83:Infinity":17,"f:82:39:82:44":3,"s:82:44:82:69":18,"s:86:2:86:Infinity":19,"f:94:22:94:43":4,"s:95:17:95:Infinity":20,"s:96:2:96:Infinity":21,"f:96:30:96:35":5,"s:96:35:96:46":22,"f:103:22:103:39":6,"s:104:17:104:Infinity":23,"b:107:2:112:Infinity:undefined:undefined:undefined:undefined":4,"s:107:2:112:Infinity":24,"f:107:27:107:32":7,"s:107:32:107:51":25,"s:108:4:111:Infinity":26,"s:114:2:114:Infinity":27,"s:115:2:115:Infinity":28,"f:123:22:123:Infinity":8,"s:127:17:127:Infinity":29,"s:129:16:129:Infinity":30,"f:129:42:129:47":9,"s:129:47:129:58":31,"b:130:2:133:Infinity:undefined:undefined:undefined:undefined":5,"s:130:2:133:Infinity":32,"s:132:4:132:Infinity":33,"s:135:2:135:Infinity":34,"s:136:2:136:Infinity":35,"f:144:22:144:40":10,"s:145:17:145:Infinity":36,"b:148:2:152:Infinity:undefined:undefined:undefined:undefined":6,"s:148:2:152:Infinity":37,"s:149:4:149:Infinity":38,"s:150:4:150:Infinity":39,"s:151:4:151:Infinity":40,"s:155:17:155:Infinity":41,"f:155:38:155:43":11,"s:155:43:155:61":42,"b:156:2:161:Infinity:undefined:undefined:undefined:undefined":7,"s:156:2:161:Infinity":43,"s:157:4:160:Infinity":44,"s:163:2:163:Infinity":45,"s:164:2:164:Infinity":46}}}
,"C:\\project\\jjiban\\server\\utils\\projects\\teamService.ts": {"path":"C:\\project\\jjiban\\server\\utils\\projects\\teamService.ts","statementMap":{"0":{"start":{"line":17,"column":8},"end":{"line":17,"column":null}},"1":{"start":{"line":19,"column":2},"end":{"line":29,"column":null}},"2":{"start":{"line":20,"column":20},"end":{"line":20,"column":null}},"3":{"start":{"line":21,"column":19},"end":{"line":21,"column":null}},"4":{"start":{"line":22,"column":4},"end":{"line":22,"column":null}},"5":{"start":{"line":25,"column":4},"end":{"line":27,"column":null}},"6":{"start":{"line":26,"column":6},"end":{"line":26,"column":null}},"7":{"start":{"line":28,"column":4},"end":{"line":28,"column":null}},"8":{"start":{"line":41,"column":14},"end":{"line":41,"column":null}},"9":{"start":{"line":41,"column":31},"end":{"line":41,"column":35}},"10":{"start":{"line":42,"column":20},"end":{"line":42,"column":null}},"11":{"start":{"line":43,"column":2},"end":{"line":45,"column":null}},"12":{"start":{"line":44,"column":4},"end":{"line":44,"column":null}},"13":{"start":{"line":47,"column":29},"end":{"line":50,"column":null}},"14":{"start":{"line":52,"column":8},"end":{"line":52,"column":null}},"15":{"start":{"line":54,"column":2},"end":{"line":59,"column":null}},"16":{"start":{"line":55,"column":4},"end":{"line":55,"column":null}},"17":{"start":{"line":56,"column":4},"end":{"line":56,"column":null}},"18":{"start":{"line":58,"column":4},"end":{"line":58,"column":null}}},"fnMap":{"0":{"name":"getTeam","decl":{"start":{"line":16,"column":22},"end":{"line":16,"column":30}},"loc":{"start":{"line":16,"column":72},"end":{"line":30,"column":null}},"line":16},"1":{"name":"updateTeam","decl":{"start":{"line":36,"column":22},"end":{"line":36,"column":null}},"loc":{"start":{"line":39,"column":25},"end":{"line":60,"column":null}},"line":39},"2":{"name":"(anonymous_2)","decl":{"start":{"line":41,"column":26},"end":{"line":41,"column":31}},"loc":{"start":{"line":41,"column":31},"end":{"line":41,"column":35}},"line":41}},"branchMap":{"0":{"loc":{"start":{"line":25,"column":4},"end":{"line":27,"column":null}},"type":"if","locations":[{"start":{"line":25,"column":4},"end":{"line":27,"column":null}},{"start":{},"end":{}}],"line":25},"1":{"loc":{"start":{"line":43,"column":2},"end":{"line":45,"column":null}},"type":"if","locations":[{"start":{"line":43,"column":2},"end":{"line":45,"column":null}},{"start":{},"end":{}}],"line":43}},"s":{"0":15,"1":15,"2":15,"3":15,"4":15,"5":0,"6":0,"7":0,"8":8,"9":13,"10":8,"11":8,"12":2,"13":6,"14":6,"15":6,"16":6,"17":6,"18":0},"f":{"0":15,"1":8,"2":13},"b":{"0":[0,0],"1":[2,6]},"meta":{"lastBranch":2,"lastFunction":3,"lastStatement":19,"seen":{"f:16:22:16:30":0,"s:17:8:17:Infinity":0,"s:19:2:29:Infinity":1,"s:20:20:20:Infinity":2,"s:21:19:21:Infinity":3,"s:22:4:22:Infinity":4,"b:25:4:27:Infinity:undefined:undefined:undefined:undefined":0,"s:25:4:27:Infinity":5,"s:26:6:26:Infinity":6,"s:28:4:28:Infinity":7,"f:36:22:36:Infinity":1,"s:41:14:41:Infinity":8,"f:41:26:41:31":2,"s:41:31:41:35":9,"s:42:20:42:Infinity":10,"b:43:2:45:Infinity:undefined:undefined:undefined:undefined":1,"s:43:2:45:Infinity":11,"s:44:4:44:Infinity":12,"s:47:29:50:Infinity":13,"s:52:8:52:Infinity":14,"s:54:2:59:Infinity":15,"s:55:4:55:Infinity":16,"s:56:4:56:Infinity":17,"s:58:4:58:Infinity":18}}}
,"C:\\project\\jjiban\\server\\utils\\projects\\types.ts": {"path":"C:\\project\\jjiban\\server\\utils\\projects\\types.ts","statementMap":{},"fnMap":{},"branchMap":{},"s":{},"f":{},"b":{},"meta":{"lastBranch":0,"lastFunction":0,"lastStatement":0,"seen":{}}}
,"C:\\project\\jjiban\\server\\utils\\settings\\cache.ts": {"path":"C:\\project\\jjiban\\server\\utils\\settings\\cache.ts","statementMap":{"0":{"start":{"line":41,"column":24},"end":{"line":45,"column":null}},"1":{"start":{"line":51,"column":111},"end":{"line":56,"column":null}},"2":{"start":{"line":71,"column":8},"end":{"line":71,"column":null}},"3":{"start":{"line":72,"column":23},"end":{"line":72,"column":null}},"4":{"start":{"line":74,"column":2},"end":{"line":92,"column":null}},"5":{"start":{"line":75,"column":20},"end":{"line":75,"column":null}},"6":{"start":{"line":76,"column":4},"end":{"line":76,"column":null}},"7":{"start":{"line":79,"column":4},"end":{"line":81,"column":null}},"8":{"start":{"line":80,"column":6},"end":{"line":80,"column":null}},"9":{"start":{"line":84,"column":4},"end":{"line":87,"column":null}},"10":{"start":{"line":85,"column":6},"end":{"line":85,"column":null}},"11":{"start":{"line":86,"column":6},"end":{"line":86,"column":null}},"12":{"start":{"line":90,"column":4},"end":{"line":90,"column":null}},"13":{"start":{"line":91,"column":4},"end":{"line":91,"column":null}},"14":{"start":{"line":100,"column":52},"end":{"line":105,"column":null}},"15":{"start":{"line":107,"column":2},"end":{"line":112,"column":null}},"16":{"start":{"line":124,"column":2},"end":{"line":124,"column":null}},"17":{"start":{"line":132,"column":2},"end":{"line":136,"column":null}},"18":{"start":{"line":149,"column":2},"end":{"line":151,"column":null}},"19":{"start":{"line":150,"column":4},"end":{"line":150,"column":null}},"20":{"start":{"line":154,"column":19},"end":{"line":154,"column":null}},"21":{"start":{"line":157,"column":2},"end":{"line":161,"column":null}},"22":{"start":{"line":163,"column":2},"end":{"line":163,"column":null}},"23":{"start":{"line":171,"column":2},"end":{"line":171,"column":null}}},"fnMap":{"0":{"name":"loadFromFile","decl":{"start":{"line":70,"column":15},"end":{"line":70,"column":31}},"loc":{"start":{"line":70,"column":67},"end":{"line":93,"column":null}},"line":70},"1":{"name":"loadFromFiles","decl":{"start":{"line":99,"column":15},"end":{"line":99,"column":50}},"loc":{"start":{"line":99,"column":50},"end":{"line":113,"column":null}},"line":99},"2":{"name":"isCacheValid","decl":{"start":{"line":123,"column":16},"end":{"line":123,"column":40}},"loc":{"start":{"line":123,"column":40},"end":{"line":125,"column":null}},"line":123},"3":{"name":"refreshCache","decl":{"start":{"line":131,"column":16},"end":{"line":131,"column":37}},"loc":{"start":{"line":131,"column":37},"end":{"line":137,"column":null}},"line":131},"4":{"name":"loadSettings","decl":{"start":{"line":146,"column":22},"end":{"line":146,"column":56}},"loc":{"start":{"line":146,"column":56},"end":{"line":164,"column":null}},"line":146},"5":{"name":"getCacheLoadedAt","decl":{"start":{"line":170,"column":16},"end":{"line":170,"column":48}},"loc":{"start":{"line":170,"column":48},"end":{"line":172,"column":null}},"line":170}},"branchMap":{"0":{"loc":{"start":{"line":79,"column":4},"end":{"line":81,"column":null}},"type":"if","locations":[{"start":{"line":79,"column":4},"end":{"line":81,"column":null}},{"start":{},"end":{}}],"line":79},"1":{"loc":{"start":{"line":84,"column":4},"end":{"line":87,"column":null}},"type":"if","locations":[{"start":{"line":84,"column":4},"end":{"line":87,"column":null}},{"start":{},"end":{}}],"line":84},"2":{"loc":{"start":{"line":124,"column":9},"end":{"line":124,"column":null}},"type":"binary-expr","locations":[{"start":{"line":124,"column":9},"end":{"line":124,"column":27}},{"start":{"line":124,"column":27},"end":{"line":124,"column":null}}],"line":124},"3":{"loc":{"start":{"line":149,"column":2},"end":{"line":151,"column":null}},"type":"if","locations":[{"start":{"line":149,"column":2},"end":{"line":151,"column":null}},{"start":{},"end":{}}],"line":149},"4":{"loc":{"start":{"line":149,"column":6},"end":{"line":149,"column":49}},"type":"binary-expr","locations":[{"start":{"line":149,"column":6},"end":{"line":149,"column":24}},{"start":{"line":149,"column":24},"end":{"line":149,"column":49}}],"line":149}},"s":{"0":0,"1":0,"2":0,"3":0,"4":0,"5":0,"6":0,"7":0,"8":0,"9":0,"10":0,"11":0,"12":0,"13":0,"14":0,"15":0,"16":0,"17":0,"18":0,"19":0,"20":0,"21":0,"22":0,"23":0},"f":{"0":0,"1":0,"2":0,"3":0,"4":0,"5":0},"b":{"0":[0,0],"1":[0,0],"2":[0,0],"3":[0,0],"4":[0,0]},"meta":{"lastBranch":5,"lastFunction":6,"lastStatement":24,"seen":{"s:41:24:45:Infinity":0,"s:51:111:56:Infinity":1,"f:70:15:70:31":0,"s:71:8:71:Infinity":2,"s:72:23:72:Infinity":3,"s:74:2:92:Infinity":4,"s:75:20:75:Infinity":5,"s:76:4:76:Infinity":6,"b:79:4:81:Infinity:undefined:undefined:undefined:undefined":0,"s:79:4:81:Infinity":7,"s:80:6:80:Infinity":8,"b:84:4:87:Infinity:undefined:undefined:undefined:undefined":1,"s:84:4:87:Infinity":9,"s:85:6:85:Infinity":10,"s:86:6:86:Infinity":11,"s:90:4:90:Infinity":12,"s:91:4:91:Infinity":13,"f:99:15:99:50":1,"s:100:52:105:Infinity":14,"s:107:2:112:Infinity":15,"f:123:16:123:40":2,"s:124:2:124:Infinity":16,"b:124:9:124:27:124:27:124:Infinity":2,"f:131:16:131:37":3,"s:132:2:136:Infinity":17,"f:146:22:146:56":4,"b:149:2:151:Infinity:undefined:undefined:undefined:undefined":3,"s:149:2:151:Infinity":18,"b:149:6:149:24:149:24:149:49":4,"s:150:4:150:Infinity":19,"s:154:19:154:Infinity":20,"s:157:2:161:Infinity":21,"s:163:2:163:Infinity":22,"f:170:16:170:48":5,"s:171:2:171:Infinity":23}}}
,"C:\\project\\jjiban\\server\\utils\\settings\\defaults.ts": {"path":"C:\\project\\jjiban\\server\\utils\\settings\\defaults.ts","statementMap":{"0":{"start":{"line":27,"column":46},"end":{"line":79,"column":null}},"1":{"start":{"line":86,"column":52},"end":{"line":117,"column":null}},"2":{"start":{"line":124,"column":50},"end":{"line":250,"column":null}},"3":{"start":{"line":257,"column":46},"end":{"line":315,"column":null}},"4":{"start":{"line":324,"column":42},"end":{"line":329,"column":null}},"5":{"start":{"line":341,"column":2},"end":{"line":345,"column":null}},"6":{"start":{"line":342,"column":4},"end":{"line":342,"column":null}},"7":{"start":{"line":342,"column":39},"end":{"line":342,"column":null}},"8":{"start":{"line":343,"column":4},"end":{"line":343,"column":null}},"9":{"start":{"line":343,"column":47},"end":{"line":343,"column":null}},"10":{"start":{"line":344,"column":4},"end":{"line":344,"column":null}},"11":{"start":{"line":354,"column":19},"end":{"line":354,"column":null}},"12":{"start":{"line":354,"column":73},"end":{"line":354,"column":94}},"13":{"start":{"line":355,"column":2},"end":{"line":355,"column":null}},"14":{"start":{"line":355,"column":17},"end":{"line":355,"column":null}},"15":{"start":{"line":356,"column":2},"end":{"line":356,"column":null}},"16":{"start":{"line":356,"column":60},"end":{"line":356,"column":89}},"17":{"start":{"line":366,"column":19},"end":{"line":366,"column":null}},"18":{"start":{"line":366,"column":70},"end":{"line":366,"column":90}},"19":{"start":{"line":367,"column":2},"end":{"line":367,"column":null}},"20":{"start":{"line":367,"column":17},"end":{"line":367,"column":null}},"21":{"start":{"line":368,"column":2},"end":{"line":368,"column":null}},"22":{"start":{"line":368,"column":64},"end":{"line":368,"column":87}},"23":{"start":{"line":378,"column":2},"end":{"line":382,"column":null}},"24":{"start":{"line":380,"column":6},"end":{"line":381,"column":null}}},"fnMap":{"0":{"name":"findColumnByStatus","decl":{"start":{"line":340,"column":16},"end":{"line":340,"column":35}},"loc":{"start":{"line":340,"column":75},"end":{"line":346,"column":null}},"line":340},"1":{"name":"(anonymous_1)","decl":{"start":{"line":341,"column":38},"end":{"line":341,"column":39}},"loc":{"start":{"line":341,"column":55},"end":{"line":345,"column":3}},"line":341},"2":{"name":"findWorkflowByCategory","decl":{"start":{"line":353,"column":16},"end":{"line":353,"column":39}},"loc":{"start":{"line":353,"column":81},"end":{"line":357,"column":null}},"line":353},"3":{"name":"(anonymous_3)","decl":{"start":{"line":354,"column":54},"end":{"line":354,"column":55}},"loc":{"start":{"line":354,"column":73},"end":{"line":354,"column":94}},"line":354},"4":{"name":"(anonymous_4)","decl":{"start":{"line":356,"column":42},"end":{"line":356,"column":43}},"loc":{"start":{"line":356,"column":60},"end":{"line":356,"column":89}},"line":356},"5":{"name":"getAvailableTransitions","decl":{"start":{"line":365,"column":16},"end":{"line":365,"column":40}},"loc":{"start":{"line":365,"column":104},"end":{"line":369,"column":null}},"line":365},"6":{"name":"(anonymous_6)","decl":{"start":{"line":366,"column":52},"end":{"line":366,"column":53}},"loc":{"start":{"line":366,"column":70},"end":{"line":366,"column":90}},"line":366},"7":{"name":"(anonymous_7)","decl":{"start":{"line":368,"column":37},"end":{"line":368,"column":38}},"loc":{"start":{"line":368,"column":64},"end":{"line":368,"column":87}},"line":368},"8":{"name":"getAvailableActions","decl":{"start":{"line":377,"column":16},"end":{"line":377,"column":36}},"loc":{"start":{"line":377,"column":88},"end":{"line":383,"column":null}},"line":377},"9":{"name":"(anonymous_9)","decl":{"start":{"line":379,"column":4},"end":{"line":379,"column":5}},"loc":{"start":{"line":380,"column":6},"end":{"line":381,"column":null}},"line":380}},"branchMap":{"0":{"loc":{"start":{"line":342,"column":4},"end":{"line":342,"column":null}},"type":"if","locations":[{"start":{"line":342,"column":4},"end":{"line":342,"column":null}},{"start":{},"end":{}}],"line":342},"1":{"loc":{"start":{"line":343,"column":4},"end":{"line":343,"column":null}},"type":"if","locations":[{"start":{"line":343,"column":4},"end":{"line":343,"column":null}},{"start":{},"end":{}}],"line":343},"2":{"loc":{"start":{"line":355,"column":2},"end":{"line":355,"column":null}},"type":"if","locations":[{"start":{"line":355,"column":2},"end":{"line":355,"column":null}},{"start":{},"end":{}}],"line":355},"3":{"loc":{"start":{"line":367,"column":2},"end":{"line":367,"column":null}},"type":"if","locations":[{"start":{"line":367,"column":2},"end":{"line":367,"column":null}},{"start":{},"end":{}}],"line":367},"4":{"loc":{"start":{"line":380,"column":6},"end":{"line":381,"column":null}},"type":"binary-expr","locations":[{"start":{"line":380,"column":6},"end":{"line":380,"column":null}},{"start":{"line":381,"column":6},"end":{"line":381,"column":null}}],"line":380}},"s":{"0":0,"1":0,"2":0,"3":0,"4":0,"5":0,"6":0,"7":0,"8":0,"9":0,"10":0,"11":0,"12":0,"13":0,"14":0,"15":0,"16":0,"17":0,"18":0,"19":0,"20":0,"21":0,"22":0,"23":0,"24":0},"f":{"0":0,"1":0,"2":0,"3":0,"4":0,"5":0,"6":0,"7":0,"8":0,"9":0},"b":{"0":[0,0],"1":[0,0],"2":[0,0],"3":[0,0],"4":[0,0]},"meta":{"lastBranch":5,"lastFunction":10,"lastStatement":25,"seen":{"s:27:46:79:Infinity":0,"s:86:52:117:Infinity":1,"s:124:50:250:Infinity":2,"s:257:46:315:Infinity":3,"s:324:42:329:Infinity":4,"f:340:16:340:35":0,"s:341:2:345:Infinity":5,"f:341:38:341:39":1,"b:342:4:342:Infinity:undefined:undefined:undefined:undefined":0,"s:342:4:342:Infinity":6,"s:342:39:342:Infinity":7,"b:343:4:343:Infinity:undefined:undefined:undefined:undefined":1,"s:343:4:343:Infinity":8,"s:343:47:343:Infinity":9,"s:344:4:344:Infinity":10,"f:353:16:353:39":2,"s:354:19:354:Infinity":11,"f:354:54:354:55":3,"s:354:73:354:94":12,"b:355:2:355:Infinity:undefined:undefined:undefined:undefined":2,"s:355:2:355:Infinity":13,"s:355:17:355:Infinity":14,"s:356:2:356:Infinity":15,"f:356:42:356:43":4,"s:356:60:356:89":16,"f:365:16:365:40":5,"s:366:19:366:Infinity":17,"f:366:52:366:53":6,"s:366:70:366:90":18,"b:367:2:367:Infinity:undefined:undefined:undefined:undefined":3,"s:367:2:367:Infinity":19,"s:367:17:367:Infinity":20,"s:368:2:368:Infinity":21,"f:368:37:368:38":7,"s:368:64:368:87":22,"f:377:16:377:36":8,"s:378:2:382:Infinity":23,"f:379:4:379:5":9,"s:380:6:381:Infinity":24,"b:380:6:380:Infinity:381:6:381:Infinity":4}}}
,"C:\\project\\jjiban\\server\\utils\\settings\\index.ts": {"path":"C:\\project\\jjiban\\server\\utils\\settings\\index.ts","statementMap":{"0":{"start":{"line":38,"column":2},"end":{"line":38,"column":null}},"1":{"start":{"line":46,"column":19},"end":{"line":46,"column":null}},"2":{"start":{"line":47,"column":2},"end":{"line":47,"column":null}},"3":{"start":{"line":55,"column":19},"end":{"line":55,"column":null}},"4":{"start":{"line":56,"column":2},"end":{"line":56,"column":null}},"5":{"start":{"line":64,"column":19},"end":{"line":64,"column":null}},"6":{"start":{"line":65,"column":2},"end":{"line":65,"column":null}},"7":{"start":{"line":73,"column":19},"end":{"line":73,"column":null}},"8":{"start":{"line":74,"column":2},"end":{"line":74,"column":null}},"9":{"start":{"line":85,"column":19},"end":{"line":85,"column":null}},"10":{"start":{"line":86,"column":2},"end":{"line":86,"column":null}},"11":{"start":{"line":97,"column":2},"end":{"line":97,"column":null}}},"fnMap":{"0":{"name":"loadSettings","decl":{"start":{"line":37,"column":22},"end":{"line":37,"column":56}},"loc":{"start":{"line":37,"column":56},"end":{"line":39,"column":null}},"line":37},"1":{"name":"getColumns","decl":{"start":{"line":45,"column":22},"end":{"line":45,"column":59}},"loc":{"start":{"line":45,"column":59},"end":{"line":48,"column":null}},"line":45},"2":{"name":"getCategories","decl":{"start":{"line":54,"column":22},"end":{"line":54,"column":65}},"loc":{"start":{"line":54,"column":65},"end":{"line":57,"column":null}},"line":54},"3":{"name":"getWorkflows","decl":{"start":{"line":63,"column":22},"end":{"line":63,"column":63}},"loc":{"start":{"line":63,"column":63},"end":{"line":66,"column":null}},"line":63},"4":{"name":"getActions","decl":{"start":{"line":72,"column":22},"end":{"line":72,"column":59}},"loc":{"start":{"line":72,"column":59},"end":{"line":75,"column":null}},"line":72},"5":{"name":"getSettingsByType","decl":{"start":{"line":82,"column":22},"end":{"line":82,"column":null}},"loc":{"start":{"line":84,"column":79},"end":{"line":87,"column":null}},"line":84},"6":{"name":"isValidSettingsType","decl":{"start":{"line":96,"column":16},"end":{"line":96,"column":36}},"loc":{"start":{"line":96,"column":76},"end":{"line":98,"column":null}},"line":96}},"branchMap":{},"s":{"0":0,"1":0,"2":0,"3":0,"4":0,"5":0,"6":0,"7":0,"8":0,"9":0,"10":0,"11":0},"f":{"0":0,"1":0,"2":0,"3":0,"4":0,"5":0,"6":0},"b":{},"meta":{"lastBranch":0,"lastFunction":7,"lastStatement":12,"seen":{"f:37:22:37:56":0,"s:38:2:38:Infinity":0,"f:45:22:45:59":1,"s:46:19:46:Infinity":1,"s:47:2:47:Infinity":2,"f:54:22:54:65":2,"s:55:19:55:Infinity":3,"s:56:2:56:Infinity":4,"f:63:22:63:63":3,"s:64:19:64:Infinity":5,"s:65:2:65:Infinity":6,"f:72:22:72:59":4,"s:73:19:73:Infinity":7,"s:74:2:74:Infinity":8,"f:82:22:82:Infinity":5,"s:85:19:85:Infinity":9,"s:86:2:86:Infinity":10,"f:96:16:96:36":6,"s:97:2:97:Infinity":11}}}
,"C:\\project\\jjiban\\server\\utils\\settings\\paths.ts": {"path":"C:\\project\\jjiban\\server\\utils\\settings\\paths.ts","statementMap":{"0":{"start":{"line":20,"column":19},"end":{"line":20,"column":null}},"1":{"start":{"line":21,"column":14},"end":{"line":21,"column":null}},"2":{"start":{"line":24,"column":2},"end":{"line":26,"column":null}},"3":{"start":{"line":25,"column":4},"end":{"line":25,"column":null}},"4":{"start":{"line":29,"column":8},"end":{"line":29,"column":null}},"5":{"start":{"line":33,"column":2},"end":{"line":36,"column":null}},"6":{"start":{"line":34,"column":4},"end":{"line":34,"column":null}},"7":{"start":{"line":35,"column":4},"end":{"line":35,"column":null}},"8":{"start":{"line":38,"column":2},"end":{"line":38,"column":null}},"9":{"start":{"line":46,"column":2},"end":{"line":46,"column":null}},"10":{"start":{"line":55,"column":2},"end":{"line":55,"column":null}}},"fnMap":{"0":{"name":"getSettingsBasePath","decl":{"start":{"line":19,"column":16},"end":{"line":19,"column":46}},"loc":{"start":{"line":19,"column":46},"end":{"line":39,"column":null}},"line":19},"1":{"name":"getSettingsDir","decl":{"start":{"line":45,"column":16},"end":{"line":45,"column":41}},"loc":{"start":{"line":45,"column":41},"end":{"line":47,"column":null}},"line":45},"2":{"name":"getSettingsFilePath","decl":{"start":{"line":54,"column":16},"end":{"line":54,"column":36}},"loc":{"start":{"line":54,"column":68},"end":{"line":56,"column":null}},"line":54}},"branchMap":{"0":{"loc":{"start":{"line":24,"column":2},"end":{"line":26,"column":null}},"type":"if","locations":[{"start":{"line":24,"column":2},"end":{"line":26,"column":null}},{"start":{},"end":{}}],"line":24},"1":{"loc":{"start":{"line":33,"column":2},"end":{"line":36,"column":null}},"type":"if","locations":[{"start":{"line":33,"column":2},"end":{"line":36,"column":null}},{"start":{},"end":{}}],"line":33}},"s":{"0":0,"1":0,"2":0,"3":0,"4":0,"5":0,"6":0,"7":0,"8":0,"9":0,"10":0},"f":{"0":0,"1":0,"2":0},"b":{"0":[0,0],"1":[0,0]},"meta":{"lastBranch":2,"lastFunction":3,"lastStatement":11,"seen":{"f:19:16:19:46":0,"s:20:19:20:Infinity":0,"s:21:14:21:Infinity":1,"b:24:2:26:Infinity:undefined:undefined:undefined:undefined":0,"s:24:2:26:Infinity":2,"s:25:4:25:Infinity":3,"s:29:8:29:Infinity":4,"b:33:2:36:Infinity:undefined:undefined:undefined:undefined":1,"s:33:2:36:Infinity":5,"s:34:4:34:Infinity":6,"s:35:4:35:Infinity":7,"s:38:2:38:Infinity":8,"f:45:16:45:41":1,"s:46:2:46:Infinity":9,"f:54:16:54:36":2,"s:55:2:55:Infinity":10}}}
,"C:\\project\\jjiban\\server\\utils\\validators\\projectValidators.ts": {"path":"C:\\project\\jjiban\\server\\utils\\validators\\projectValidators.ts","statementMap":{"0":{"start":{"line":14,"column":24},"end":{"line":18,"column":null}},"1":{"start":{"line":23,"column":35},"end":{"line":32,"column":null}},"2":{"start":{"line":28,"column":21},"end":{"line":28,"column":null}},"3":{"start":{"line":38,"column":35},"end":{"line":50,"column":null}},"4":{"start":{"line":40,"column":21},"end":{"line":40,"column":null}},"5":{"start":{"line":46,"column":21},"end":{"line":46,"column":null}},"6":{"start":{"line":55,"column":25},"end":{"line":62,"column":null}},"7":{"start":{"line":67,"column":32},"end":{"line":69,"column":null}}},"fnMap":{"0":{"name":"(anonymous_0)","decl":{"start":{"line":28,"column":14},"end":{"line":28,"column":21}},"loc":{"start":{"line":28,"column":21},"end":{"line":28,"column":null}},"line":28},"1":{"name":"(anonymous_1)","decl":{"start":{"line":40,"column":14},"end":{"line":40,"column":21}},"loc":{"start":{"line":40,"column":21},"end":{"line":40,"column":null}},"line":40},"2":{"name":"(anonymous_2)","decl":{"start":{"line":46,"column":14},"end":{"line":46,"column":21}},"loc":{"start":{"line":46,"column":21},"end":{"line":46,"column":null}},"line":46}},"branchMap":{},"s":{"0":0,"1":0,"2":0,"3":0,"4":0,"5":0,"6":0,"7":0},"f":{"0":0,"1":0,"2":0},"b":{},"meta":{"lastBranch":0,"lastFunction":3,"lastStatement":8,"seen":{"s:14:24:18:Infinity":0,"s:23:35:32:Infinity":1,"f:28:14:28:21":0,"s:28:21:28:Infinity":2,"s:38:35:50:Infinity":3,"f:40:14:40:21":1,"s:40:21:40:Infinity":4,"f:46:14:46:21":2,"s:46:21:46:Infinity":5,"s:55:25:62:Infinity":6,"s:67:32:69:Infinity":7}}}
,"C:\\project\\jjiban\\server\\utils\\wbs\\index.ts": {"path":"C:\\project\\jjiban\\server\\utils\\wbs\\index.ts","statementMap":{},"fnMap":{},"branchMap":{},"s":{},"f":{},"b":{},"meta":{"lastBranch":0,"lastFunction":0,"lastStatement":0,"seen":{}}}
,"C:\\project\\jjiban\\server\\utils\\wbs\\serializer.ts": {"path":"C:\\project\\jjiban\\server\\utils\\wbs\\serializer.ts","statementMap":{"0":{"start":{"line":7,"column":28},"end":{"line":7,"column":null}},"1":{"start":{"line":8,"column":23},"end":{"line":8,"column":null}},"2":{"start":{"line":9,"column":25},"end":{"line":9,"column":null}},"3":{"start":{"line":17,"column":18},"end":{"line":17,"column":null}},"4":{"start":{"line":20,"column":4},"end":{"line":41,"column":null}},"5":{"start":{"line":22,"column":6},"end":{"line":24,"column":null}},"6":{"start":{"line":23,"column":8},"end":{"line":23,"column":null}},"7":{"start":{"line":25,"column":6},"end":{"line":25,"column":null}},"8":{"start":{"line":28,"column":6},"end":{"line":30,"column":null}},"9":{"start":{"line":29,"column":8},"end":{"line":29,"column":null}},"10":{"start":{"line":32,"column":6},"end":{"line":34,"column":null}},"11":{"start":{"line":33,"column":8},"end":{"line":33,"column":null}},"12":{"start":{"line":36,"column":6},"end":{"line":40,"column":null}},"13":{"start":{"line":37,"column":8},"end":{"line":39,"column":null}},"14":{"start":{"line":38,"column":10},"end":{"line":38,"column":null}},"15":{"start":{"line":42,"column":4},"end":{"line":42,"column":null}},"16":{"start":{"line":45,"column":2},"end":{"line":45,"column":null}},"17":{"start":{"line":56,"column":14},"end":{"line":56,"column":null}},"18":{"start":{"line":57,"column":2},"end":{"line":67,"column":null}},"19":{"start":{"line":59,"column":4},"end":{"line":61,"column":null}},"20":{"start":{"line":60,"column":6},"end":{"line":60,"column":null}},"21":{"start":{"line":62,"column":4},"end":{"line":62,"column":null}},"22":{"start":{"line":63,"column":4},"end":{"line":63,"column":null}},"23":{"start":{"line":64,"column":4},"end":{"line":66,"column":null}},"24":{"start":{"line":65,"column":6},"end":{"line":65,"column":null}},"25":{"start":{"line":68,"column":2},"end":{"line":68,"column":null}},"26":{"start":{"line":76,"column":2},"end":{"line":76,"column":null}},"27":{"start":{"line":76,"column":14},"end":{"line":76,"column":null}},"28":{"start":{"line":79,"column":18},"end":{"line":79,"column":null}},"29":{"start":{"line":82,"column":2},"end":{"line":84,"column":null}},"30":{"start":{"line":83,"column":4},"end":{"line":83,"column":null}},"31":{"start":{"line":86,"column":2},"end":{"line":86,"column":null}},"32":{"start":{"line":97,"column":2},"end":{"line":99,"column":null}},"33":{"start":{"line":98,"column":4},"end":{"line":98,"column":null}},"34":{"start":{"line":102,"column":2},"end":{"line":104,"column":null}},"35":{"start":{"line":103,"column":4},"end":{"line":103,"column":null}},"36":{"start":{"line":105,"column":2},"end":{"line":105,"column":null}},"37":{"start":{"line":107,"column":26},"end":{"line":107,"column":null}},"38":{"start":{"line":110,"column":24},"end":{"line":113,"column":null}},"39":{"start":{"line":116,"column":8},"end":{"line":116,"column":null}},"40":{"start":{"line":117,"column":2},"end":{"line":117,"column":null}},"41":{"start":{"line":120,"column":8},"end":{"line":120,"column":null}},"42":{"start":{"line":121,"column":2},"end":{"line":123,"column":null}},"43":{"start":{"line":122,"column":4},"end":{"line":122,"column":null}},"44":{"start":{"line":126,"column":2},"end":{"line":126,"column":null}},"45":{"start":{"line":129,"column":2},"end":{"line":138,"column":null}},"46":{"start":{"line":130,"column":4},"end":{"line":130,"column":null}},"47":{"start":{"line":132,"column":4},"end":{"line":135,"column":null}},"48":{"start":{"line":133,"column":26},"end":{"line":133,"column":null}},"49":{"start":{"line":134,"column":6},"end":{"line":134,"column":null}},"50":{"start":{"line":137,"column":4},"end":{"line":137,"column":null}},"51":{"start":{"line":141,"column":2},"end":{"line":141,"column":null}},"52":{"start":{"line":143,"column":2},"end":{"line":143,"column":null}},"53":{"start":{"line":159,"column":2},"end":{"line":163,"column":null}},"54":{"start":{"line":161,"column":10},"end":{"line":161,"column":null}},"55":{"start":{"line":162,"column":4},"end":{"line":162,"column":null}},"56":{"start":{"line":166,"column":20},"end":{"line":166,"column":null}},"57":{"start":{"line":167,"column":2},"end":{"line":169,"column":null}},"58":{"start":{"line":168,"column":4},"end":{"line":168,"column":null}},"59":{"start":{"line":172,"column":19},"end":{"line":172,"column":null}},"60":{"start":{"line":175,"column":37},"end":{"line":180,"column":null}},"61":{"start":{"line":182,"column":26},"end":{"line":182,"column":null}},"62":{"start":{"line":185,"column":20},"end":{"line":185,"column":null}},"63":{"start":{"line":186,"column":2},"end":{"line":243,"column":null}},"64":{"start":{"line":187,"column":10},"end":{"line":187,"column":null}},"65":{"start":{"line":188,"column":4},"end":{"line":188,"column":null}},"66":{"start":{"line":189,"column":4},"end":{"line":189,"column":null}},"67":{"start":{"line":192,"column":10},"end":{"line":192,"column":null}},"68":{"start":{"line":193,"column":4},"end":{"line":193,"column":null}},"69":{"start":{"line":194,"column":4},"end":{"line":194,"column":null}},"70":{"start":{"line":195,"column":4},"end":{"line":195,"column":null}},"71":{"start":{"line":196,"column":4},"end":{"line":196,"column":null}},"72":{"start":{"line":199,"column":4},"end":{"line":217,"column":null}},"73":{"start":{"line":200,"column":6},"end":{"line":216,"column":null}},"74":{"start":{"line":200,"column":19},"end":{"line":200,"column":22}},"75":{"start":{"line":201,"column":22},"end":{"line":201,"column":null}},"76":{"start":{"line":204,"column":8},"end":{"line":207,"column":null}},"77":{"start":{"line":205,"column":10},"end":{"line":205,"column":null}},"78":{"start":{"line":206,"column":10},"end":{"line":206,"column":null}},"79":{"start":{"line":209,"column":8},"end":{"line":209,"column":null}},"80":{"start":{"line":210,"column":28},"end":{"line":210,"column":null}},"81":{"start":{"line":211,"column":8},"end":{"line":211,"column":null}},"82":{"start":{"line":213,"column":8},"end":{"line":215,"column":null}},"83":{"start":{"line":214,"column":10},"end":{"line":214,"column":null}},"84":{"start":{"line":220,"column":10},"end":{"line":220,"column":null}},"85":{"start":{"line":221,"column":4},"end":{"line":221,"column":null}},"86":{"start":{"line":222,"column":4},"end":{"line":222,"column":null}},"87":{"start":{"line":223,"column":4},"end":{"line":223,"column":null}},"88":{"start":{"line":224,"column":4},"end":{"line":224,"column":null}},"89":{"start":{"line":226,"column":4},"end":{"line":242,"column":null}},"90":{"start":{"line":226,"column":17},"end":{"line":226,"column":20}},"91":{"start":{"line":227,"column":19},"end":{"line":227,"column":null}},"92":{"start":{"line":230,"column":6},"end":{"line":233,"column":null}},"93":{"start":{"line":231,"column":8},"end":{"line":231,"column":null}},"94":{"start":{"line":232,"column":8},"end":{"line":232,"column":null}},"95":{"start":{"line":235,"column":6},"end":{"line":235,"column":null}},"96":{"start":{"line":236,"column":25},"end":{"line":236,"column":null}},"97":{"start":{"line":237,"column":6},"end":{"line":237,"column":null}},"98":{"start":{"line":239,"column":6},"end":{"line":241,"column":null}},"99":{"start":{"line":240,"column":8},"end":{"line":240,"column":null}},"100":{"start":{"line":246,"column":15},"end":{"line":246,"column":null}},"101":{"start":{"line":249,"column":2},"end":{"line":249,"column":null}},"102":{"start":{"line":250,"column":2},"end":{"line":250,"column":null}},"103":{"start":{"line":252,"column":2},"end":{"line":252,"column":null}}},"fnMap":{"0":{"name":"calculateMaxDepth","decl":{"start":{"line":16,"column":16},"end":{"line":16,"column":34}},"loc":{"start":{"line":16,"column":60},"end":{"line":46,"column":null}},"line":16},"1":{"name":"hasActOrDeepTask","decl":{"start":{"line":19,"column":11},"end":{"line":19,"column":28}},"loc":{"start":{"line":19,"column":58},"end":{"line":43,"column":null}},"line":19},"2":{"name":"countNodes","decl":{"start":{"line":55,"column":9},"end":{"line":55,"column":20}},"loc":{"start":{"line":55,"column":80},"end":{"line":69,"column":null}},"line":55},"3":{"name":"sanitizeTitle","decl":{"start":{"line":75,"column":9},"end":{"line":75,"column":23}},"loc":{"start":{"line":75,"column":46},"end":{"line":87,"column":null}},"line":75},"4":{"name":"serializeNode","decl":{"start":{"line":95,"column":9},"end":{"line":95,"column":23}},"loc":{"start":{"line":95,"column":74},"end":{"line":144,"column":null}},"line":95},"5":{"name":"serializeWbs","decl":{"start":{"line":153,"column":16},"end":{"line":153,"column":null}},"loc":{"start":{"line":157,"column":10},"end":{"line":253,"column":null}},"line":157}},"branchMap":{"0":{"loc":{"start":{"line":22,"column":6},"end":{"line":24,"column":null}},"type":"if","locations":[{"start":{"line":22,"column":6},"end":{"line":24,"column":null}},{"start":{},"end":{}}],"line":22},"1":{"loc":{"start":{"line":28,"column":6},"end":{"line":30,"column":null}},"type":"if","locations":[{"start":{"line":28,"column":6},"end":{"line":30,"column":null}},{"start":{},"end":{}}],"line":28},"2":{"loc":{"start":{"line":32,"column":6},"end":{"line":34,"column":null}},"type":"if","locations":[{"start":{"line":32,"column":6},"end":{"line":34,"column":null}},{"start":{},"end":{}}],"line":32},"3":{"loc":{"start":{"line":32,"column":10},"end":{"line":32,"column":69}},"type":"binary-expr","locations":[{"start":{"line":32,"column":10},"end":{"line":32,"column":34}},{"start":{"line":32,"column":34},"end":{"line":32,"column":69}}],"line":32},"4":{"loc":{"start":{"line":36,"column":6},"end":{"line":40,"column":null}},"type":"if","locations":[{"start":{"line":36,"column":6},"end":{"line":40,"column":null}},{"start":{},"end":{}}],"line":36},"5":{"loc":{"start":{"line":36,"column":10},"end":{"line":36,"column":53}},"type":"binary-expr","locations":[{"start":{"line":36,"column":10},"end":{"line":36,"column":27}},{"start":{"line":36,"column":27},"end":{"line":36,"column":53}}],"line":36},"6":{"loc":{"start":{"line":37,"column":8},"end":{"line":39,"column":null}},"type":"if","locations":[{"start":{"line":37,"column":8},"end":{"line":39,"column":null}},{"start":{},"end":{}}],"line":37},"7":{"loc":{"start":{"line":45,"column":9},"end":{"line":45,"column":null}},"type":"cond-expr","locations":[{"start":{"line":45,"column":35},"end":{"line":45,"column":39}},{"start":{"line":45,"column":39},"end":{"line":45,"column":null}}],"line":45},"8":{"loc":{"start":{"line":55,"column":38},"end":{"line":55,"column":80}},"type":"default-arg","locations":[{"start":{"line":55,"column":61},"end":{"line":55,"column":80}}],"line":55},"9":{"loc":{"start":{"line":59,"column":4},"end":{"line":61,"column":null}},"type":"if","locations":[{"start":{"line":59,"column":4},"end":{"line":61,"column":null}},{"start":{},"end":{}}],"line":59},"10":{"loc":{"start":{"line":64,"column":4},"end":{"line":66,"column":null}},"type":"if","locations":[{"start":{"line":64,"column":4},"end":{"line":
[...]
],"line":69},"5":{"loc":{"start":{"line":90,"column":2},"end":{"line":92,"column":null}},"type":"if","locations":[{"start":{"line":90,"column":2},"end":{"line":92,"column":null}},{"start":{},"end":{}}],"line":90},"6":{"loc":{"start":{"line":122,"column":2},"end":{"line":124,"column":null}},"type":"if","locations":[{"start":{"line":122,"column":2},"end":{"line":124,"column":null}},{"start":{},"end":{}}],"line":122},"7":{"loc":{"start":{"line":133,"column":2},"end":{"line":138,"column":null}},"type":"if","locations":[{"start":{"line":133,"column":2},"end":{"line":138,"column":null}},{"start":{},"end":{}}],"line":133},"8":{"loc":{"start":{"line":159,"column":2},"end":{"line":164,"column":null}},"type":"if","locations":[{"start":{"line":159,"column":2},"end":{"line":164,"column":null}},{"start":{},"end":{}}],"line":159},"9":{"loc":{"start":{"line":162,"column":6},"end":{"line":162,"column":null}},"type":"binary-expr","locations":[{"start":{"line":162,"column":6},"end":{"line":162,"column":28}},{"start":{"line":162,"column":28},"end":{"line":162,"column":null}}],"line":162},"10":{"loc":{"start":{"line":168,"column":2},"end":{"line":170,"column":null}},"type":"if","locations":[{"start":{"line":168,"column":2},"end":{"line":170,"column":null}},{"start":{},"end":{}}],"line":168},"11":{"loc":{"start":{"line":178,"column":2},"end":{"line":183,"column":null}},"type":"if","locations":[{"start":{"line":178,"column":2},"end":{"line":183,"column":null}},{"start":{},"end":{}}],"line":178},"12":{"loc":{"start":{"line":191,"column":6},"end":{"line":195,"column":null}},"type":"if","locations":[{"start":{"line":191,"column":6},"end":{"line":195,"column":null}},{"start":{},"end":{}}],"line":191},"13":{"loc":{"start":{"line":191,"column":10},"end":{"line":191,"column":54}},"type":"binary-expr","locations":[{"start":{"line":191,"column":10},"end":{"line":191,"column":32}},{"start":{"line":191,"column":32},"end":{"line":191,"column":54}}],"line":191},"14":{"loc":{"start":{"line":196,"column":6},"end":{"line":200,"column":null}},"type":"if","locations":[{"start":{"line":196,"column":6},"end":{"line":200,"column":null}},{"start":{},"end":{}}],"line":196},"15":{"loc":{"start":{"line":196,"column":10},"end":{"line":196,"column":53}},"type":"binary-expr","locations":[{"start":{"line":196,"column":10},"end":{"line":196,"column":27}},{"start":{"line":196,"column":27},"end":{"line":196,"column":53}}],"line":196},"16":{"loc":{"start":{"line":197,"column":8},"end":{"line":199,"column":null}},"type":"if","locations":[{"start":{"line":197,"column":8},"end":{"line":199,"column":null}},{"start":{},"end":{}}],"line":197},"17":{"loc":{"start":{"line":206,"column":2},"end":{"line":208,"column":null}},"type":"if","locations":[{"start":{"line":206,"column":2},"end":{"line":208,"column":null}},{"start":{},"end":{}}],"line":206},"18":{"loc":{"start":{"line":216,"column":25},"end":{"line":216,"column":81}},"type":"cond-expr","locations":[{"start":{"line":216,"column":50},"end":{"line":216,"column":66}},{"start":{"line":216,"column":66},"end":{"line":216,"column":81}}],"line":216},"19":{"loc":{"start":{"line":222,"column":2},"end":{"line":227,"column":null}},"type":"if","locations":[{"start":{"line":222,"column":2},"end":{"line":227,"column":null}},{"start":{},"end":{}}],"line":222},"20":{"loc":{"start":{"line":224,"column":4},"end":{"line":226,"column":null}},"type":"if","locations":[{"start":{"line":224,"column":4},"end":{"line":226,"column":null}},{"start":{},"end":{}}],"line":224},"21":{"loc":{"start":{"line":250,"column":2},"end":{"line":252,"column":null}},"type":"if","locations":[{"start":{"line":250,"column":2},"end":{"line":252,"column":null}},{"start":{},"end":{}}],"line":250},"22":{"loc":{"start":{"line":264,"column":2},"end":{"line":266,"column":null}},"type":"if","locations":[{"start":{"line":264,"column":2},"end":{"line":266,"column":null}},{"start":{},"end":{}}],"line":264}},"s":{"0":0,"1":0,"2":0,"3":0,"4":0,"5":0,"6":0,"7":0,"8":0,"9":0,"10":0,"11":0,"12":0,"13":0,"14":0,"15":0,"16":0,"17":0,"18":0,"19":0,"20":0,"21":0,"22":0,"23":0,"24":0,"25":0,"26":0,"27":0,"28":0,"29":0,"30":0,"31":0,"32":0,"33":0,"34":0,"35":0,"36":0,"37":0,"38":0,"39":0,"40":0,"41":0,"42":0,"43":0,"44":0,"45":0,"46":0,"47":0,"48":0,"49":0,"50":0,"51":0,"52":0,"53":0,"54":0,"55":0,"56":0,"57":0,"58":0,"59":0,"60":0,"61":0,"62":0,"63":0,"64":0,"65":0,"66":0,"67":0,"68":0,"69":0,"70":0,"71":0,"72":0,"73":0,"74":0,"75":0,"76":0},"f":{"0":0,"1":0,"2":0,"3":0,"4":0,"5":0,"6":0,"7":0,"8":0,"9":0,"10":0,"11":0},"b":{"0":[0,0],"1":[0,0],"2":[0,0],"3":[0,0],"4":[0,0],"5":[0,0],"6":[0,0],"7":[0,0],"8":[0,0],"9":[0,0],"10":[0,0],"11":[0,0],"12":[0,0],"13":[0,0],"14":[0,0],"15":[0,0],"16":[0,0],"17":[0,0],"18":[0,0],"19":[0,0],"20":[0,0],"21":[0,0],"22":[0,0]},"meta":{"lastBranch":23,"lastFunction":12,"lastStatement":77,"seen":{"f:35:9:35:27":0,"b:36:2:36:Infinity:undefined:undefined:undefined:undefined":0,"s:36:2:36:Infinity":0,"s:36:15:36:Infinity":1,"s:37:16:37:Infinity":2,"s:38:2:38:Infinity":3,"b:38:17:38:28:38:28:38:Infinity":1,"f:48:15:48:Infinity":1,"s:53:20:53:Infinity":4,"s:56:27:58:Infinity":5,"f:57:4:57:5":2,"s:57:12:57:Infinity":6,"b:60:2:62:Infinity:undefined:undefined:undefined:undefined":2,"s:60:2:62:Infinity":7,"s:61:4:61:Infinity":8,"s:65:21:67:Infinity":9,"f:66:4:66:5":3,"s:66:11:66:Infinity":10,"b:66:11:66:39:66:39:66:Infinity":3,"s:69:2:69:Infinity":11,"b:69:9:69:23:69:23:69:Infinity":4,"f:79:15:79:Infinity":4,"s:84:8:84:Infinity":12,"s:85:2:85:Infinity":13,"s:87:8:87:Infinity":14,"b:90:2:92:Infinity:undefined:undefined:undefined:undefined":5,"s:90:2:92:Infinity":15,"s:91:4:91:Infinity":16,"s:95:25:98:Infinity":17,"s:107:2:107:Infinity":18,"f:116:22:116:Infinity":5,"s:121:21:121:Infinity":19,"b:122:2:124:Infinity:undefined:undefined:undefined:undefined":6,"s:122:2:124:Infinity":20,"s:123:4:123:Infinity":21,"s:126:19:126:Infinity":22,"s:127:24:127:Infinity":23,"s:128:19:128:Infinity":24,"s:131:21:131:Infinity":25,"b:133:2:138:Infinity:undefined:undefined:undefined:undefined":7,"s:133:2:138:Infinity":26,"s:134:4:137:Infinity":27,"s:140:2:140:Infinity":28,"f:150:22:150:Infinity":6,"s:155:8:155:Infinity":29,"s:158:21:158:Infinity":30,"b:159:2:164:Infinity:undefined:undefined:undefined:undefined":8,"s:159:2:164:Infinity":31,"s:160:4:163:Infinity":32,"b:162:6:162:28:162:28:162:Infinity":9,"s:167:21:167:Infinity":33,"b:168:2:170:Infinity:undefined:undefined:undefined:undefined":10,"s:168:2:170:Infinity":34,"s:169:4:169:Infinity":35,"s:172:30:172:Infinity":36,"s:173:24:173:Infinity":37,"s:174:19:174:Infinity":38,"s:177:21:177:Infinity":39,"b:178:2:183:Infinity:undefined:undefined:undefined:undefined":11,"s:178:2:183:Infinity":40,"s:179:4:182:Infinity":41,"s:186:29:186:Infinity":42,"f:189:11:189:28":7,"s:190:4:201:Infinity":43,"b:191:6:195:Infinity:undefined:undefined:undefined:undefined":12,"s:191:6:195:Infinity":44,"b:191:10:191:32:191:32:191:54":13,"s:193:8:193:Infinity":45,"s:194:8:194:Infinity":46,"b:196:6:200:Infinity:undefined:undefined:undefined:undefined":14,"s:196:6:200:Infinity":47,"b:196:10:196:27:196:27:196:53":15,"b:197:8:199:Infinity:undefined:undefined:undefined:undefined":16,"s:197:8:199:Infinity":48,"s:198:10:198:Infinity":49,"s:202:4:202:Infinity":50,"s:205:18:205:Infinity":51,"b:206:2:208:Infinity:undefined:undefined:undefined:undefined":17,"s:206:2:208:Infinity":52,"s:207:4:207:Infinity":53,"s:211:2:218:Infinity":54,"s:212:4:212:Infinity":55,"s:214:4:217:Infinity":56,"b:216:50:216:66:216:66:216:81":18,"b:222:2:227:Infinity:undefined:undefined:undefined:undefined":19,"s:222:2:227:Infinity":57,"s:223:20:223:Infinity":58,"b:224:4:226:Infinity:undefined:undefined:undefined:undefined":20,"s:224:4:226:Infinity":59,"s:225:6:225:Infinity":60,"s:229:2:237:Infinity":61,"f:245:22:245:Infinity":8,"s:249:21:249:Infinity":62,"b:250:2:252:Infinity:undefined:undefined:undefined:undefined":21,"s:250:2:252:Infinity":63,"s:251:4:251:Infinity":64,"s:254:19:254:Infinity":65,"s:255:24:255:Infinity":66,"s:256:19:256:Infinity":67,"s:259:20:259:Infinity":68,"s:260:27:262:Infinity":69,"f:261:4:261:5":9,"s:261:12:261:Infinity":70,"b:264:2:266:Infinity:undefined:undefined:undefined:undefined":22,"s:264:2:266:Infinity":71,"s:265:4:265:Infinity":72,"s:269:19:271:Infinity":73,"f:270:12:270:13":10,"s:270:19:270:43":74,"f:271:9:271:10":11,"s:271:16:271:25":75,"s:273:2:273:Infinity":76}}}
,"C:\\project\\jjiban\\server\\utils\\workflow\\workflowEngine.ts": {"path":"C:\\project\\jjiban\\server\\utils\\workflow\\workflowEngine.ts","statementMap":{"0":{"start":{"line":33,"column":21},"end":{"line":33,"column":null}},"1":{"start":{"line":55,"column":21},"end":{"line":55,"column":null}},"2":{"start":{"line":56,"column":2},"end":{"line":58,"column":null}},"3":{"start":{"line":57,"column":4},"end":{"line":57,"column":null}},"4":{"start":{"line":60,"column":19},"end":{"line":60,"column":null}},"5":{"start":{"line":61,"column":19},"end":{"line":61,"column":null}},"6":{"start":{"line":64,"column":26},"end":{"line":64,"column":null}},"7":{"start":{"line":65,"column":23},"end":{"line":65,"column":null}},"8":{"start":{"line":68,"column":28},"end":{"line":68,"column":null}},"9":{"start":{"line":71,"column":20},"end":{"line":71,"column":null}},"10":{"start":{"line":72,"column":19},"end":{"line":72,"column":null}},"11":{"start":{"line":72,"column":52},"end":{"line":72,"column":70}},"12":{"start":{"line":74,"column":2},"end":{"line":79,"column":null}},"13":{"start":{"line":75,"column":4},"end":{"line":78,"column":null}},"14":{"start":{"line":82,"column":28},"end":{"line":82,"column":null}},"15":{"start":{"line":84,"column":2},"end":{"line":96,"column":null}},"16":{"start":{"line":109,"column":2},"end":{"line":109,"column":null}},"17":{"start":{"line":127,"column":17},"end":{"line":127,"column":null}},"18":{"start":{"line":130,"column":2},"end":{"line":139,"column":null}},"19":{"start":{"line":141,"column":2},"end":{"line":141,"column":null}},"20":{"start":{"line":161,"column":21},"end":{"line":161,"column":null}},"21":{"start":{"line":162,"column":2},"end":{"line":164,"column":null}},"22":{"start":{"line":163,"column":4},"end":{"line":163,"column":null}},"23":{"start":{"line":166,"column":24},"end":{"line":166,"column":null}},"24":{"start":{"line":167,"column":8},"end":{"line":167,"column":null}},"25":{"start":{"line":170,"column":19},"end":{"line":170,"column":null}},"26":{"start":{"line":173,"column":17},"end":{"line":173,"column":null}},"27":{"start":{"line":175,"column":2},"end":{"line":177,"column":null}},"28":{"start":{"line":176,"column":4},"end":{"line":176,"column":null}},"29":{"start":{"line":176,"column":38},"end":{"line":176,"column":64}},"30":{"start":{"line":180,"column":21},"end":{"line":180,"column":null}},"31":{"start":{"line":183,"column":17},"end":{"line":183,"column":null}},"32":{"start":{"line":184,"column":16},"end":{"line":184,"column":null}},"33":{"start":{"line":186,"column":2},"end":{"line":189,"column":null}},"34":{"start":{"line":203,"column":21},"end":{"line":203,"column":null}},"35":{"start":{"line":204,"column":2},"end":{"line":207,"column":null}},"36":{"start":{"line":205,"column":4},"end":{"line":205,"column":null}},"37":{"start":{"line":206,"column":4},"end":{"line":206,"column":null}},"38":{"start":{"line":209,"column":24},"end":{"line":209,"column":null}},"39":{"start":{"line":210,"column":18},"end":{"line":210,"column":null}},"40":{"start":{"line":213,"column":23},"end":{"line":213,"column":null}},"41":{"start":{"line":214,"column":2},"end":{"line":216,"column":null}},"42":{"start":{"line":215,"column":4},"end":{"line":215,"column":null}},"43":{"start":{"line":219,"column":8},"end":{"line":238,"column":null}},"44":{"start":{"line":220,"column":10},"end":{"line":220,"column":null}},"45":{"start":{"line":221,"column":4},"end":{"line":221,"column":null}},"46":{"start":{"line":223,"column":10},"end":{"line":223,"column":null}},"47":{"start":{"line":226,"column":21},"end":{"line":226,"column":null}},"48":{"start":{"line":229,"column":4},"end":{"line":229,"column":null}},"49":{"start":{"line":232,"column":4},"end":{"line":234,"column":null}},"50":{"start":{"line":233,"column":6},"end":{"line":233,"column":null}},"51":{"start":{"line":237,"column":4},"end":{"line":237,"column":null}},"52":{"start":{"line":241,"column":2},"end":{"line":241,"column":null}},"53":{"start":{"line":243,"column":2},"end":{"line":248,"column":null}},"54":{"start":{"line":244,"column":4},"end":{"line":244,"column":null}},"55":{"start":{"line":247,"column":4},"end":{"line":247,"column":null}}},"fnMap":{"0":{"name":"getWorkflowState","decl":{"start":{"line":51,"column":22},"end":{"line":51,"column":null}},"loc":{"start":{"line":53,"column":26},"end":{"line":97,"column":null}},"line":53},"1":{"name":"(anonymous_1)","decl":{"start":{"line":72,"column":44},"end":{"line":72,"column":45}},"loc":{"start":{"line":72,"column":52},"end":{"line":72,"column":70}},"line":72},"2":{"name":"getAvailableCommands","decl":{"start":{"line":106,"column":22},"end":{"line":106,"column":null}},"loc":{"start":{"line":108,"column":21},"end":{"line":110,"column":null}},"line":108},"3":{"name":"executeCommand","decl":{"start":{"line":121,"column":22},"end":{"line":121,"column":null}},"loc":{"start":{"line":125,"column":29},"end":{"line":142,"column":null}},"line":125},"4":{"name":"queryHistory","decl":{"start":{"line":152,"column":22},"end":{"line":152,"column":null}},"loc":{"start":{"line":159,"column":31},"end":{"line":190,"column":null}},"line":159},"5":{"name":"(anonymous_5)","decl":{"start":{"line":176,"column":31},"end":{"line":176,"column":32}},"loc":{"start":{"line":176,"column":38},"end":{"line":176,"column":64}},"line":176},"6":{"name":"recordHistory","decl":{"start":{"line":199,"column":15},"end":{"line":199,"column":null}},"loc":{"start":{"line":202,"column":17},"end":{"line":249,"column":null}},"line":202},"7":{"name":"(anonymous_7)","decl":{"start":{"line":219,"column":21},"end":{"line":219,"column":33}},"loc":{"start":{"line":219,"column":33},"end":{"line":238,"column":5}},"line":219}},"branchMap":{"0":{"loc":{"start":{"line":56,"column":2},"end":{"line":58,"column":null}},"type":"if","locations":[{"start":{"line":56,"column":2},"end":{"line":58,"column":null}},{"start":{},"end":{}}],"line":56},"1":{"loc":{"start":{"line":65,"column":23},"end":{"line":65,"column":null}},"type":"cond-expr","locations":[{"start":{"line":65,"column":41},"end":{"line":65,"column":62}},{"start":{"line":65,"column":62},"end":{"line":65,"column":null}}],"line":65},"2":{"loc":{"start":{"line":68,"column":28},"end":{"line":68,"column":null}},"type":"binary-expr","locations":[{"start":{"line":68,"column":28},"end":{"line":68,"column":79}},{"start":{"line":68,"column":79},"end":{"line":68,"column":null}}],"line":68},"3":{"loc":{"start":{"line":74,"column":2},"end":{"line":79,"column":null}},"type":"if","locations":[{"start":{"line":74,"column":2},"end":{"line":79,"column":null}},{"start":{},"end":{}}],"line":74},"4":{"loc":{"start":{"line":162,"column":2},"end":{"line":164,"column":null}},"type":"if","locations":[{"start":{"line":162,"column":2},"end":{"line":164,"column":null}},{"start":{},"end":{}}],"line":162},"5":{"loc":{"start":{"line":170,"column":19},"end":{"line":170,"column":null}},"type":"binary-expr","locations":[{"start":{"line":170,"column":19},"end":{"line":170,"column":74}},{"start":{"line":170,"column":74},"end":{"line":170,"column":null}}],"line":170},"6":{"loc":{"start":{"line":175,"column":2},"end":{"line":177,"column":null}},"type":"if","locations":[{"start":{"line":175,"column":2},"end":{"line":177,"column":null}},{"start":{},"end":{}}],"line":175},"7":{"loc":{"start":{"line":183,"column":17},"end":{"line":183,"column":null}},"type":"binary-expr","locations":[{"start":{"line":183,"column":17},"end":{"line":183,"column":35}},{"start":{"line":183,"column":35},"end":{"line":183,"column":null}}],"line":183},"8":{"loc":{"start":{"line":184,"column":16},"end":{"line":184,"column":null}},"type":"binary-expr","locations":[{"start":{"line":184,"column":16},"end":{"line":184,"column":33}},{"start":{"line":184,"column":33},"end":{"line":184,"column":null}}],"line":184},"9":{"loc":{"start":{"line":204,"column":2},"end":{"line":207,"column":null}},"type":"if","locations":[{"start":{"line":204,"column":2},"end":{"line":207,"column":null}},{"start":{},"end":{}}],"line":204},"10":{"loc":{"start":{"line":214,"column":2},"end":{"line":216,"column":null}},"type":"if","locations":[{"start":{"line":214,"column":2},"end":{"line":216,"column":null}},{"start":{},"end":{}}],"line":214},"11":{"loc":{"start":{"line":226,"column":21},"end":{"line":226,"column":null}},"type":"binary-expr","locations":[{"start":{"line":226,"column":21},"end":{"line":226,"column":76}},{"start":{"line":226,"column":76},"end":{"line":226,"column":null}}],"line":226},"12":{"loc":{"start":{"line":232,"column":4},"end":{"line":234,"column":null}},"type":"if","locations":[{"start":{"line":232,"column":4},"end":{"line":234,"column":null}},{"start":{},"end":{}}],"line":232}},"s":{"0":0,"1":0,"2":0,"3":0,"4":0,"5":0,"6":0,"7":0,"8":0,"9":0,"10":0,"11":0,"12":0,"13":0,"14":0,"15":0,"16":0,"17":0,"18":0,"19":0,"20":0,"21":0,"22":0,"23":0,"24":0,"25":0,"26":0,"27":0,"28":0,"29":0,"30":0,"31":0,"32":0,"33":0,"34":0,"35":0,"36":0,"37":0,"38":0,"39":0,"40":0,"41":0,"42":0,"43":0,"44":0,"45":0,"46":0,"47":0,"48":0,"49":0,"50":0,"51":0,"52":0,"53":0,"54":0,"55":0},"f":{"0":0,"1":0,"2":0,"3":0,"4":0,"5":0,"6":0,"7":0},"b":{"0":[0,0],"1":[0,0],"2":[0,0],"3":[0,0],"4":[0,0],"5":[0,0],"6":[0,0],"7":[0,0],"8":[0,0],"9":[0,0],"10":[0,0],"11":[0,0],"12":[0,0]},"meta":{"lastBranch":13,"lastFunction":8,"lastStatement":56,"seen":{"s:33:21:33:Infinity":0,"f:51:22:51:Infinity":0,"s:55:21:55:Infinity":1,"b:56:2:58:Infinity:undefined:undefined:undefined:undefined":0,"s:56:2:58:Infinity":2,"s:57:4:57:Infinity":3,"s:60:19:60:Infinity":4,"s:61:19:61:Infinity":5,"s:64:26:64:Infinity":6,"s:65:23:65:Infinity":7,"b:65:41:65:62:65:62:65:Infinity":1,"s:68:28:68:Infinity":8,"b:68:28:68:79:68:79:68:Infinity":2,"s:71:20:71:Infinity":9,"s:72:19:72:Infinity":10,"f:72:44:72:45":1,"s:72:52:72:70":11,"b:74:2:79:Infinity:undefined:undefined:undefined:undefined":3,"s:74:2:79:Infinity":12,"s:75:4:78:Infinity":13,"s:82:28:82:Infinity":14,"s:84:2:96:Infinity":15,"f:106:22:106:Infinity":2,"s:109:2:109:Infinity":16,"f:121:22:121:Infinity":3,"s:127:17:127:Infinity":17,"s:130:2:139:Infinity":18,"s:141:2:141:Infinity":19,"f:152:22:152:Infinity":4,"s:161:21:161:Infinity":20,"b:162:2:164:Infinity:undefined:undefined:undefined:undefined":4,"s:162:2:164:Infinity":21,"s:163:4:163:Infinity":22,"s:166:24:166:Infinity":23,"s:167:8:167:Infinity":24,"s:170:19:170:Infinity":25,"b:170:19:170:74:170:74:170:Infinity":5,"s:173:17:173:Infinity":26,"b:175:2:177:Infinity:undefined:undefined:undefined:undefined":6,"s:175:2:177:Infinity":27,"s:176:4:176:Infinity":28,"f:176:31:176:32":5,"s:176:38:176:64":29,"s:180:21:180:Infinity":30,"s:183:17:183:Infinity":31,"b:183:17:183:35:183:35:183:Infinity":7,"s:184:16:184:Infinity":32,"b:184:16:184:33:184:33:184:Infinity":8,"s:186:2:189:Infinity":33,"f:199:15:199:Infinity":6,"s:203:21:203:Infinity":34,"b:204:2:207:Infinity:undefined:undefined:undefined:undefined":9,"s:204:2:207:Infinity":35,"s:205:4:205:Infinity":36,"s:206:4:206:Infinity":37,"s:209:24:209:Infinity":38,"s:210:18:210:Infinity":39,"s:213:23:213:Infinity":40,"b:214:2:216:Infinity:undefined:undefined:undefined:undefined":10,"s:214:2:216:Infinity":41,"s:215:4:215:Infinity":42,"s:219:8:238:Infinity":43,"f:219:21:219:33":7,"s:220:10:220:Infinity":44,"s:221:4:221:Infinity":45,"s:223:10:223:Infinity":46,"s:226:21:226:Infinity":47,"b:226:21:226:76:226:76:226:Infinity":11,"s:229:4:229:Infinity":48,"b:232:4:234:Infinity:undefined:undefined:undefined:undefined":12,"s:232:4:234:Infinity":49,"s:233:6:233:Infinity":50,"s:237:4:237:Infinity":51,"s:241:2:241:Infinity":52,"s:243:2:248:Infinity":53,"s:244:4:244:Infinity":54,"s:247:4:247:Infinity":55}}}
}
